[0.016s] Invoking command in '/home/DATA/DogRobot/ros2_ws/build/custom_interfaces': CMAKE_PREFIX_PATH=${CMAKE_PREFIX_PATH}:/opt/ros/jazzy DEBUGINFOD_URLS=https://debuginfod.ubuntu.com /usr/bin/cmake --build /home/DATA/DogRobot/ros2_ws/build/custom_interfaces -- -j8 -l8
[0.059s] -- Found ament_cmake: 2.5.2 (/opt/ros/jazzy/share/ament_cmake/cmake)
[0.086s] -- Found Python3: /usr/bin/python3 (found version "3.12.3") found components: Interpreter 
[0.178s] -- Found rosidl_default_generators: 1.6.0 (/opt/ros/jazzy/share/rosidl_default_generators/cmake)
[0.182s] -- Using all available rosidl_typesupport_c: rosidl_typesupport_fastrtps_c;rosidl_typesupport_introspection_c
[0.227s] -- Using all available rosidl_typesupport_cpp: rosidl_typesupport_fastrtps_cpp;rosidl_typesupport_introspection_cpp
[0.269s] -- Found rosidl_adapter: 4.6.4 (/opt/ros/jazzy/share/rosidl_adapter/cmake)
[0.590s] -- Found ament_cmake_ros: 0.12.0 (/opt/ros/jazzy/share/ament_cmake_ros/cmake)
[0.694s] -- Using all available rosidl_typesupport_c: rosidl_typesupport_fastrtps_c;rosidl_typesupport_introspection_c
[0.811s] -- Using all available rosidl_typesupport_cpp: rosidl_typesupport_fastrtps_cpp;rosidl_typesupport_introspection_cpp
[0.812s] -- Found python_cmake_module: 0.11.1 (/opt/ros/jazzy/share/python_cmake_module/cmake)
[1.147s] -- Found Python3: /usr/bin/python3 (found version "3.12.3") found components: Interpreter Development NumPy Development.Module Development.Embed 
[1.159s] -- Found ament_lint_auto: 0.17.1 (/opt/ros/jazzy/share/ament_lint_auto/cmake)
[1.176s] -- Added test 'lint_cmake' to check CMake code style
[1.177s] -- Added test 'xmllint' to check XML markup files
[1.180s] -- Configuring done (1.1s)
[1.231s] -- Generating done (0.0s)
[1.234s] -- Build files have been written to: /home/DATA/DogRobot/ros2_ws/build/custom_interfaces
[1.267s] [  2%] [34m[1mGenerating type hashes for ROS interfaces[0m
[1.280s] [  2%] Built target ament_cmake_python_copy_custom_interfaces
[1.503s] [  2%] Built target custom_interfaces__rosidl_generator_type_description
[1.512s] running egg_info
[1.513s] [  4%] [34m[1mGenerating C code for ROS interfaces[0m
[1.524s] [  6%] [34m[1mGenerating C++ code for ROS interfaces[0m
[1.536s] writing custom_interfaces.egg-info/PKG-INFO
[1.536s] writing dependency_links to custom_interfaces.egg-info/dependency_links.txt
[1.536s] writing top-level names to custom_interfaces.egg-info/top_level.txt
[1.604s] reading manifest file 'custom_interfaces.egg-info/SOURCES.txt'
[1.605s] writing manifest file 'custom_interfaces.egg-info/SOURCES.txt'
[1.637s] [  6%] Built target ament_cmake_python_build_custom_interfaces_egg
[1.865s] [  6%] Built target custom_interfaces__cpp
[1.931s] [  9%] [32mBuilding C object CMakeFiles/custom_interfaces__rosidl_generator_c.dir/rosidl_generator_c/custom_interfaces/srv/detail/add_two_ints__type_support.c.o[0m
[1.932s] [ 13%] [32mBuilding C object CMakeFiles/custom_interfaces__rosidl_generator_c.dir/rosidl_generator_c/custom_interfaces/srv/detail/add_two_ints__description.c.o[0m
[1.932s] [ 13%] [32mBuilding C object CMakeFiles/custom_interfaces__rosidl_generator_c.dir/rosidl_generator_c/custom_interfaces/srv/detail/add_two_ints__functions.c.o[0m
[1.933s] [ 15%] [32mBuilding C object CMakeFiles/custom_interfaces__rosidl_generator_c.dir/rosidl_generator_c/custom_interfaces/msg/detail/ca_nmessage__description.c.o[0m
[1.933s] [ 18%] [32mBuilding C object CMakeFiles/custom_interfaces__rosidl_generator_c.dir/rosidl_generator_c/custom_interfaces/msg/detail/ca_nmessage__type_support.c.o[0m
[1.933s] [ 20%] [32mBuilding C object CMakeFiles/custom_interfaces__rosidl_generator_c.dir/rosidl_generator_c/custom_interfaces/msg/detail/ca_nmessage__functions.c.o[0m
[2.083s] [ 22%] [32m[1mLinking C shared library libcustom_interfaces__rosidl_generator_c.so[0m
[2.126s] [ 22%] Built target custom_interfaces__rosidl_generator_c
[2.136s] [ 25%] [34m[1mGenerating C++ type support for eProsima Fast-RTPS[0m
[2.136s] [ 27%] [34m[1mGenerating C++ introspection for ROS interfaces[0m
[2.139s] [ 31%] [34m[1mGenerating C++ type support dispatch for ROS interfaces[0m
[2.139s] [ 31%] [34m[1mGenerating C type support for eProsima Fast-RTPS[0m
[2.140s] [ 36%] [34m[1mGenerating C introspection for ROS interfaces[0m
[2.140s] [ 36%] [34m[1mGenerating C type support dispatch for ROS interfaces[0m
[2.473s] [ 40%] [32mBuilding C object CMakeFiles/custom_interfaces__rosidl_typesupport_introspection_c.dir/rosidl_typesupport_introspection_c/custom_interfaces/srv/detail/add_two_ints__type_support.c.o[0m
[2.473s] [ 40%] [32mBuilding C object CMakeFiles/custom_interfaces__rosidl_typesupport_introspection_c.dir/rosidl_typesupport_introspection_c/custom_interfaces/msg/detail/ca_nmessage__type_support.c.o[0m
[2.553s] [ 43%] [32m[1mLinking C shared library libcustom_interfaces__rosidl_typesupport_introspection_c.so[0m
[2.591s] [ 43%] Built target custom_interfaces__rosidl_typesupport_introspection_c
[2.597s] [ 45%] [32mBuilding CXX object CMakeFiles/custom_interfaces__rosidl_typesupport_fastrtps_c.dir/rosidl_typesupport_fastrtps_c/custom_interfaces/srv/detail/add_two_ints__type_support_c.cpp.o[0m
[2.597s] [ 47%] [32mBuilding CXX object CMakeFiles/custom_interfaces__rosidl_typesupport_fastrtps_c.dir/rosidl_typesupport_fastrtps_c/custom_interfaces/msg/detail/ca_nmessage__type_support_c.cpp.o[0m
[2.624s] [ 52%] [32mBuilding CXX object CMakeFiles/custom_interfaces__rosidl_typesupport_c.dir/rosidl_typesupport_c/custom_interfaces/msg/ca_nmessage__type_support.cpp.o[0m
[2.624s] [ 52%] [32mBuilding CXX object CMakeFiles/custom_interfaces__rosidl_typesupport_c.dir/rosidl_typesupport_c/custom_interfaces/srv/add_two_ints__type_support.cpp.o[0m
[2.636s] [ 56%] [32mBuilding CXX object CMakeFiles/custom_interfaces__rosidl_typesupport_cpp.dir/rosidl_typesupport_cpp/custom_interfaces/srv/add_two_ints__type_support.cpp.o[0m
[2.637s] [ 56%] [32mBuilding CXX object CMakeFiles/custom_interfaces__rosidl_typesupport_cpp.dir/rosidl_typesupport_cpp/custom_interfaces/msg/ca_nmessage__type_support.cpp.o[0m
[2.717s] [ 59%] [32mBuilding CXX object CMakeFiles/custom_interfaces__rosidl_typesupport_introspection_cpp.dir/rosidl_typesupport_introspection_cpp/custom_interfaces/srv/detail/add_two_ints__type_support.cpp.o[0m
[2.736s] [ 63%] [32mBuilding CXX object CMakeFiles/custom_interfaces__rosidl_typesupport_introspection_cpp.dir/rosidl_typesupport_introspection_cpp/custom_interfaces/msg/detail/ca_nmessage__type_support.cpp.o[0m
[2.736s] [ 63%] [32m[1mLinking CXX shared library libcustom_interfaces__rosidl_typesupport_c.so[0m
[2.801s] [ 63%] Built target custom_interfaces__rosidl_typesupport_c
[2.826s] [ 68%] [32mBuilding CXX object CMakeFiles/custom_interfaces__rosidl_typesupport_fastrtps_cpp.dir/rosidl_typesupport_fastrtps_cpp/custom_interfaces/srv/detail/dds_fastrtps/add_two_ints__type_support.cpp.o[0m
[2.827s] [ 68%] [32mBuilding CXX object CMakeFiles/custom_interfaces__rosidl_typesupport_fastrtps_cpp.dir/rosidl_typesupport_fastrtps_cpp/custom_interfaces/msg/detail/dds_fastrtps/ca_nmessage__type_support.cpp.o[0m
[3.483s] [ 70%] [32m[1mLinking CXX shared library libcustom_interfaces__rosidl_typesupport_cpp.so[0m
[3.590s] [ 70%] Built target custom_interfaces__rosidl_typesupport_cpp
[3.675s] [ 72%] [32m[1mLinking CXX shared library libcustom_interfaces__rosidl_typesupport_introspection_cpp.so[0m
[3.737s] [ 75%] [32m[1mLinking CXX shared library libcustom_interfaces__rosidl_typesupport_fastrtps_c.so[0m
[3.777s] [ 75%] Built target custom_interfaces__rosidl_typesupport_introspection_cpp
[3.831s] [ 75%] Built target custom_interfaces__rosidl_typesupport_fastrtps_c
[3.967s] [ 77%] [32m[1mLinking CXX shared library libcustom_interfaces__rosidl_typesupport_fastrtps_cpp.so[0m
[4.041s] [ 77%] Built target custom_interfaces__rosidl_typesupport_fastrtps_cpp
[4.061s] [ 77%] Built target custom_interfaces
[4.080s] [ 79%] [34m[1mGenerating Python code for ROS interfaces[0m
[4.542s] [ 79%] Built target custom_interfaces__py
[4.569s] [ 84%] [32mBuilding C object CMakeFiles/custom_interfaces__rosidl_generator_py.dir/rosidl_generator_py/custom_interfaces/msg/_ca_nmessage_s.c.o[0m
[4.569s] [ 84%] [32mBuilding C object CMakeFiles/custom_interfaces__rosidl_generator_py.dir/rosidl_generator_py/custom_interfaces/srv/_add_two_ints_s.c.o[0m
[4.783s] [ 86%] [32m[1mLinking C shared library libcustom_interfaces__rosidl_generator_py.so[0m
[4.823s] [ 86%] Built target custom_interfaces__rosidl_generator_py
[4.846s] [ 93%] [32mBuilding C object CMakeFiles/custom_interfaces_s__rosidl_typesupport_fastrtps_c.dir/rosidl_generator_py/custom_interfaces/_custom_interfaces_s.ep.rosidl_typesupport_fastrtps_c.c.o[0m
[4.846s] [ 93%] [32mBuilding C object CMakeFiles/custom_interfaces_s__rosidl_typesupport_c.dir/rosidl_generator_py/custom_interfaces/_custom_interfaces_s.ep.rosidl_typesupport_c.c.o[0m
[4.846s] [ 93%] [32mBuilding C object CMakeFiles/custom_interfaces_s__rosidl_typesupport_introspection_c.dir/rosidl_generator_py/custom_interfaces/_custom_interfaces_s.ep.rosidl_typesupport_introspection_c.c.o[0m
[4.964s] [ 97%] [32m[1mLinking C shared module rosidl_generator_py/custom_interfaces/custom_interfaces_s__rosidl_typesupport_introspection_c.so[0m
[4.964s] [ 97%] [32m[1mLinking C shared module rosidl_generator_py/custom_interfaces/custom_interfaces_s__rosidl_typesupport_c.so[0m
[4.966s] [100%] [32m[1mLinking C shared module rosidl_generator_py/custom_interfaces/custom_interfaces_s__rosidl_typesupport_fastrtps_c.so[0m
[4.994s] [100%] Built target custom_interfaces_s__rosidl_typesupport_c
[4.995s] [100%] Built target custom_interfaces_s__rosidl_typesupport_fastrtps_c
[4.995s] [100%] Built target custom_interfaces_s__rosidl_typesupport_introspection_c
[5.006s] Invoked command in '/home/DATA/DogRobot/ros2_ws/build/custom_interfaces' returned '0': CMAKE_PREFIX_PATH=${CMAKE_PREFIX_PATH}:/opt/ros/jazzy DEBUGINFOD_URLS=https://debuginfod.ubuntu.com /usr/bin/cmake --build /home/DATA/DogRobot/ros2_ws/build/custom_interfaces -- -j8 -l8
[5.079s] Invoking command in '/home/DATA/DogRobot/ros2_ws/build/custom_interfaces': CMAKE_PREFIX_PATH=${CMAKE_PREFIX_PATH}:/opt/ros/jazzy DEBUGINFOD_URLS=https://debuginfod.ubuntu.com /usr/bin/cmake --install /home/DATA/DogRobot/ros2_ws/build/custom_interfaces
[5.086s] -- Install configuration: ""
[5.086s] -- Up-to-date: /home/DATA/DogRobot/ros2_ws/install/custom_interfaces/share/ament_index/resource_index/rosidl_interfaces/custom_interfaces
[5.087s] -- Installing: /home/DATA/DogRobot/ros2_ws/install/custom_interfaces/share/custom_interfaces/srv/AddTwoInts.json
[5.087s] -- Installing: /home/DATA/DogRobot/ros2_ws/install/custom_interfaces/share/custom_interfaces/msg/CANmessage.json
[5.087s] -- Up-to-date: /home/DATA/DogRobot/ros2_ws/install/custom_interfaces/include/custom_interfaces/custom_interfaces
[5.087s] -- Up-to-date: /home/DATA/DogRobot/ros2_ws/install/custom_interfaces/include/custom_interfaces/custom_interfaces/srv
[5.087s] -- Installing: /home/DATA/DogRobot/ros2_ws/install/custom_interfaces/include/custom_interfaces/custom_interfaces/srv/add_two_ints.h
[5.087s] -- Up-to-date: /home/DATA/DogRobot/ros2_ws/install/custom_interfaces/include/custom_interfaces/custom_interfaces/srv/detail
[5.087s] -- Installing: /home/DATA/DogRobot/ros2_ws/install/custom_interfaces/include/custom_interfaces/custom_interfaces/srv/detail/add_two_ints__type_support.c
[5.087s] -- Installing: /home/DATA/DogRobot/ros2_ws/install/custom_interfaces/include/custom_interfaces/custom_interfaces/srv/detail/add_two_ints__functions.h
[5.087s] -- Installing: /home/DATA/DogRobot/ros2_ws/install/custom_interfaces/include/custom_interfaces/custom_interfaces/srv/detail/add_two_ints__struct.h
[5.087s] -- Installing: /home/DATA/DogRobot/ros2_ws/install/custom_interfaces/include/custom_interfaces/custom_interfaces/srv/detail/add_two_ints__functions.c
[5.087s] -- Installing: /home/DATA/DogRobot/ros2_ws/install/custom_interfaces/include/custom_interfaces/custom_interfaces/srv/detail/add_two_ints__type_support.h
[5.088s] -- Installing: /home/DATA/DogRobot/ros2_ws/install/custom_interfaces/include/custom_interfaces/custom_interfaces/srv/detail/add_two_ints__description.c
[5.088s] -- Up-to-date: /home/DATA/DogRobot/ros2_ws/install/custom_interfaces/include/custom_interfaces/custom_interfaces/msg
[5.088s] -- Up-to-date: /home/DATA/DogRobot/ros2_ws/install/custom_interfaces/include/custom_interfaces/custom_interfaces/msg/rosidl_generator_c__visibility_control.h
[5.088s] -- Installing: /home/DATA/DogRobot/ros2_ws/install/custom_interfaces/include/custom_interfaces/custom_interfaces/msg/ca_nmessage.h
[5.088s] -- Up-to-date: /home/DATA/DogRobot/ros2_ws/install/custom_interfaces/include/custom_interfaces/custom_interfaces/msg/detail
[5.088s] -- Installing: /home/DATA/DogRobot/ros2_ws/install/custom_interfaces/include/custom_interfaces/custom_interfaces/msg/detail/ca_nmessage__functions.h
[5.088s] -- Installing: /home/DATA/DogRobot/ros2_ws/install/custom_interfaces/include/custom_interfaces/custom_interfaces/msg/detail/ca_nmessage__struct.h
[5.088s] -- Installing: /home/DATA/DogRobot/ros2_ws/install/custom_interfaces/include/custom_interfaces/custom_interfaces/msg/detail/ca_nmessage__type_support.c
[5.088s] -- Installing: /home/DATA/DogRobot/ros2_ws/install/custom_interfaces/include/custom_interfaces/custom_interfaces/msg/detail/ca_nmessage__type_support.h
[5.088s] -- Installing: /home/DATA/DogRobot/ros2_ws/install/custom_interfaces/include/custom_interfaces/custom_interfaces/msg/detail/ca_nmessage__description.c
[5.088s] -- Installing: /home/DATA/DogRobot/ros2_ws/install/custom_interfaces/include/custom_interfaces/custom_interfaces/msg/detail/ca_nmessage__functions.c
[5.088s] -- Up-to-date: /home/DATA/DogRobot/ros2_ws/install/custom_interfaces/share/custom_interfaces/environment/library_path.sh
[5.089s] -- Up-to-date: /home/DATA/DogRobot/ros2_ws/install/custom_interfaces/share/custom_interfaces/environment/library_path.dsv
[5.090s] -- Installing: /home/DATA/DogRobot/ros2_ws/install/custom_interfaces/lib/libcustom_interfaces__rosidl_generator_c.so
[5.090s] -- Set non-toolchain portion of runtime path of "/home/DATA/DogRobot/ros2_ws/install/custom_interfaces/lib/libcustom_interfaces__rosidl_generator_c.so" to ""
[5.090s] -- Up-to-date: /home/DATA/DogRobot/ros2_ws/install/custom_interfaces/include/custom_interfaces/custom_interfaces
[5.090s] -- Up-to-date: /home/DATA/DogRobot/ros2_ws/install/custom_interfaces/include/custom_interfaces/custom_interfaces/srv
[5.090s] -- Up-to-date: /home/DATA/DogRobot/ros2_ws/install/custom_interfaces/include/custom_interfaces/custom_interfaces/srv/detail
[5.090s] -- Installing: /home/DATA/DogRobot/ros2_ws/install/custom_interfaces/include/custom_interfaces/custom_interfaces/srv/detail/add_two_ints__rosidl_typesupport_fastrtps_c.h
[5.090s] -- Up-to-date: /home/DATA/DogRobot/ros2_ws/install/custom_interfaces/include/custom_interfaces/custom_interfaces/msg
[5.090s] -- Up-to-date: /home/DATA/DogRobot/ros2_ws/install/custom_interfaces/include/custom_interfaces/custom_interfaces/msg/rosidl_typesupport_fastrtps_c__visibility_control.h
[5.091s] -- Up-to-date: /home/DATA/DogRobot/ros2_ws/install/custom_interfaces/include/custom_interfaces/custom_interfaces/msg/detail
[5.091s] -- Installing: /home/DATA/DogRobot/ros2_ws/install/custom_interfaces/include/custom_interfaces/custom_interfaces/msg/detail/ca_nmessage__rosidl_typesupport_fastrtps_c.h
[5.091s] -- Installing: /home/DATA/DogRobot/ros2_ws/install/custom_interfaces/lib/libcustom_interfaces__rosidl_typesupport_fastrtps_c.so
[5.091s] -- Set non-toolchain portion of runtime path of "/home/DATA/DogRobot/ros2_ws/install/custom_interfaces/lib/libcustom_interfaces__rosidl_typesupport_fastrtps_c.so" to ""
[5.091s] -- Up-to-date: /home/DATA/DogRobot/ros2_ws/install/custom_interfaces/include/custom_interfaces/custom_interfaces
[5.091s] -- Up-to-date: /home/DATA/DogRobot/ros2_ws/install/custom_interfaces/include/custom_interfaces/custom_interfaces/srv
[5.092s] -- Up-to-date: /home/DATA/DogRobot/ros2_ws/install/custom_interfaces/include/custom_interfaces/custom_interfaces/srv/detail
[5.092s] -- Installing: /home/DATA/DogRobot/ros2_ws/install/custom_interfaces/include/custom_interfaces/custom_interfaces/srv/detail/add_two_ints__type_support.c
[5.092s] -- Installing: /home/DATA/DogRobot/ros2_ws/install/custom_interfaces/include/custom_interfaces/custom_interfaces/srv/detail/add_two_ints__rosidl_typesupport_introspection_c.h
[5.092s] -- Up-to-date: /home/DATA/DogRobot/ros2_ws/install/custom_interfaces/include/custom_interfaces/custom_interfaces/msg
[5.092s] -- Up-to-date: /home/DATA/DogRobot/ros2_ws/install/custom_interfaces/include/custom_interfaces/custom_interfaces/msg/rosidl_typesupport_introspection_c__visibility_control.h
[5.092s] -- Up-to-date: /home/DATA/DogRobot/ros2_ws/install/custom_interfaces/include/custom_interfaces/custom_interfaces/msg/detail
[5.092s] -- Installing: /home/DATA/DogRobot/ros2_ws/install/custom_interfaces/include/custom_interfaces/custom_interfaces/msg/detail/ca_nmessage__rosidl_typesupport_introspection_c.h
[5.092s] -- Installing: /home/DATA/DogRobot/ros2_ws/install/custom_interfaces/include/custom_interfaces/custom_interfaces/msg/detail/ca_nmessage__type_support.c
[5.093s] -- Installing: /home/DATA/DogRobot/ros2_ws/install/custom_interfaces/lib/libcustom_interfaces__rosidl_typesupport_introspection_c.so
[5.093s] -- Set non-toolchain portion of runtime path of "/home/DATA/DogRobot/ros2_ws/install/custom_interfaces/lib/libcustom_interfaces__rosidl_typesupport_introspection_c.so" to ""
[5.094s] -- Installing: /home/DATA/DogRobot/ros2_ws/install/custom_interfaces/lib/libcustom_interfaces__rosidl_typesupport_c.so
[5.094s] -- Set non-toolchain portion of runtime path of "/home/DATA/DogRobot/ros2_ws/install/custom_interfaces/lib/libcustom_interfaces__rosidl_typesupport_c.so" to ""
[5.094s] -- Up-to-date: /home/DATA/DogRobot/ros2_ws/install/custom_interfaces/include/custom_interfaces/custom_interfaces
[5.094s] -- Up-to-date: /home/DATA/DogRobot/ros2_ws/install/custom_interfaces/include/custom_interfaces/custom_interfaces/srv
[5.094s] -- Up-to-date: /home/DATA/DogRobot/ros2_ws/install/custom_interfaces/include/custom_interfaces/custom_interfaces/srv/detail
[5.094s] -- Installing: /home/DATA/DogRobot/ros2_ws/install/custom_interfaces/include/custom_interfaces/custom_interfaces/srv/detail/add_two_ints__type_support.hpp
[5.094s] -- Installing: /home/DATA/DogRobot/ros2_ws/install/custom_interfaces/include/custom_interfaces/custom_interfaces/srv/detail/add_two_ints__struct.hpp
[5.094s] -- Installing: /home/DATA/DogRobot/ros2_ws/install/custom_interfaces/include/custom_interfaces/custom_interfaces/srv/detail/add_two_ints__traits.hpp
[5.094s] -- Installing: /home/DATA/DogRobot/ros2_ws/install/custom_interfaces/include/custom_interfaces/custom_interfaces/srv/detail/add_two_ints__builder.hpp
[5.095s] -- Installing: /home/DATA/DogRobot/ros2_ws/install/custom_interfaces/include/custom_interfaces/custom_interfaces/srv/add_two_ints.hpp
[5.095s] -- Up-to-date: /home/DATA/DogRobot/ros2_ws/install/custom_interfaces/include/custom_interfaces/custom_interfaces/msg
[5.095s] -- Installing: /home/DATA/DogRobot/ros2_ws/install/custom_interfaces/include/custom_interfaces/custom_interfaces/msg/rosidl_generator_cpp__visibility_control.hpp
[5.095s] -- Installing: /home/DATA/DogRobot/ros2_ws/install/custom_interfaces/include/custom_interfaces/custom_interfaces/msg/ca_nmessage.hpp
[5.095s] -- Up-to-date: /home/DATA/DogRobot/ros2_ws/install/custom_interfaces/include/custom_interfaces/custom_interfaces/msg/detail
[5.095s] -- Installing: /home/DATA/DogRobot/ros2_ws/install/custom_interfaces/include/custom_interfaces/custom_interfaces/msg/detail/ca_nmessage__builder.hpp
[5.095s] -- Installing: /home/DATA/DogRobot/ros2_ws/install/custom_interfaces/include/custom_interfaces/custom_interfaces/msg/detail/ca_nmessage__traits.hpp
[5.095s] -- Installing: /home/DATA/DogRobot/ros2_ws/install/custom_interfaces/include/custom_interfaces/custom_interfaces/msg/detail/ca_nmessage__type_support.hpp
[5.095s] -- Installing: /home/DATA/DogRobot/ros2_ws/install/custom_interfaces/include/custom_interfaces/custom_interfaces/msg/detail/ca_nmessage__struct.hpp
[5.095s] -- Up-to-date: /home/DATA/DogRobot/ros2_ws/install/custom_interfaces/include/custom_interfaces/custom_interfaces
[5.095s] -- Up-to-date: /home/DATA/DogRobot/ros2_ws/install/custom_interfaces/include/custom_interfaces/custom_interfaces/srv
[5.096s] -- Up-to-date: /home/DATA/DogRobot/ros2_ws/install/custom_interfaces/include/custom_interfaces/custom_interfaces/srv/detail
[5.096s] -- Installing: /home/DATA/DogRobot/ros2_ws/install/custom_interfaces/include/custom_interfaces/custom_interfaces/srv/detail/add_two_ints__rosidl_typesupport_fastrtps_cpp.hpp
[5.096s] -- Up-to-date: /home/DATA/DogRobot/ros2_ws/install/custom_interfaces/include/custom_interfaces/custom_interfaces/srv/detail/dds_fastrtps
[5.096s] -- Up-to-date: /home/DATA/DogRobot/ros2_ws/install/custom_interfaces/include/custom_interfaces/custom_interfaces/msg
[5.096s] -- Up-to-date: /home/DATA/DogRobot/ros2_ws/install/custom_interfaces/include/custom_interfaces/custom_interfaces/msg/rosidl_typesupport_fastrtps_cpp__visibility_control.h
[5.096s] -- Up-to-date: /home/DATA/DogRobot/ros2_ws/install/custom_interfaces/include/custom_interfaces/custom_interfaces/msg/detail
[5.096s] -- Installing: /home/DATA/DogRobot/ros2_ws/install/custom_interfaces/include/custom_interfaces/custom_interfaces/msg/detail/ca_nmessage__rosidl_typesupport_fastrtps_cpp.hpp
[5.096s] -- Up-to-date: /home/DATA/DogRobot/ros2_ws/install/custom_interfaces/include/custom_interfaces/custom_interfaces/msg/detail/dds_fastrtps
[5.096s] -- Installing: /home/DATA/DogRobot/ros2_ws/install/custom_interfaces/lib/libcustom_interfaces__rosidl_typesupport_fastrtps_cpp.so
[5.097s] -- Set non-toolchain portion of runtime path of "/home/DATA/DogRobot/ros2_ws/install/custom_interfaces/lib/libcustom_interfaces__rosidl_typesupport_fastrtps_cpp.so" to ""
[5.097s] -- Up-to-date: /home/DATA/DogRobot/ros2_ws/install/custom_interfaces/include/custom_interfaces/custom_interfaces
[5.097s] -- Up-to-date: /home/DATA/DogRobot/ros2_ws/install/custom_interfaces/include/custom_interfaces/custom_interfaces/srv
[5.097s] -- Up-to-date: /home/DATA/DogRobot/ros2_ws/install/custom_interfaces/include/custom_interfaces/custom_interfaces/srv/detail
[5.097s] -- Installing: /home/DATA/DogRobot/ros2_ws/install/custom_interfaces/include/custom_interfaces/custom_interfaces/srv/detail/add_two_ints__type_support.cpp
[5.097s] -- Installing: /home/DATA/DogRobot/ros2_ws/install/custom_interfaces/include/custom_interfaces/custom_interfaces/srv/detail/add_two_ints__rosidl_typesupport_introspection_cpp.hpp
[5.097s] -- Up-to-date: /home/DATA/DogRobot/ros2_ws/install/custom_interfaces/include/custom_interfaces/custom_interfaces/msg
[5.097s] -- Up-to-date: /home/DATA/DogRobot/ros2_ws/install/custom_interfaces/include/custom_interfaces/custom_interfaces/msg/detail
[5.097s] -- Installing: /home/DATA/DogRobot/ros2_ws/install/custom_interfaces/include/custom_interfaces/custom_interfaces/msg/detail/ca_nmessage__rosidl_typesupport_introspection_cpp.hpp
[5.097s] -- Installing: /home/DATA/DogRobot/ros2_ws/install/custom_interfaces/include/custom_interfaces/custom_interfaces/msg/detail/ca_nmessage__type_support.cpp
[5.098s] -- Installing: /home/DATA/DogRobot/ros2_ws/install/custom_interfaces/lib/libcustom_interfaces__rosidl_typesupport_introspection_cpp.so
[5.098s] -- Set non-toolchain portion of runtime path of "/home/DATA/DogRobot/ros2_ws/install/custom_interfaces/lib/libcustom_interfaces__rosidl_typesupport_introspection_cpp.so" to ""
[5.099s] -- Installing: /home/DATA/DogRobot/ros2_ws/install/custom_interfaces/lib/libcustom_interfaces__rosidl_typesupport_cpp.so
[5.099s] -- Set non-toolchain portion of runtime path of "/home/DATA/DogRobot/ros2_ws/install/custom_interfaces/lib/libcustom_interfaces__rosidl_typesupport_cpp.so" to ""
[5.099s] -- Up-to-date: /home/DATA/DogRobot/ros2_ws/install/custom_interfaces/share/custom_interfaces/environment/pythonpath.sh
[5.100s] -- Up-to-date: /home/DATA/DogRobot/ros2_ws/install/custom_interfaces/share/custom_interfaces/environment/pythonpath.dsv
[5.100s] -- Up-to-date: /home/DATA/DogRobot/ros2_ws/install/custom_interfaces/lib/python3.12/site-packages/custom_interfaces-0.0.0-py3.12.egg-info
[5.100s] -- Installing: /home/DATA/DogRobot/ros2_ws/install/custom_interfaces/lib/python3.12/site-packages/custom_interfaces-0.0.0-py3.12.egg-info/dependency_links.txt
[5.100s] -- Installing: /home/DATA/DogRobot/ros2_ws/install/custom_interfaces/lib/python3.12/site-packages/custom_interfaces-0.0.0-py3.12.egg-info/SOURCES.txt
[5.100s] -- Installing: /home/DATA/DogRobot/ros2_ws/install/custom_interfaces/lib/python3.12/site-packages/custom_interfaces-0.0.0-py3.12.egg-info/PKG-INFO
[5.100s] -- Installing: /home/DATA/DogRobot/ros2_ws/install/custom_interfaces/lib/python3.12/site-packages/custom_interfaces-0.0.0-py3.12.egg-info/top_level.txt
[5.100s] -- Up-to-date: /home/DATA/DogRobot/ros2_ws/install/custom_interfaces/lib/python3.12/site-packages/custom_interfaces
[5.100s] -- Installing: /home/DATA/DogRobot/ros2_ws/install/custom_interfaces/lib/python3.12/site-packages/custom_interfaces/custom_interfaces_s__rosidl_typesupport_fastrtps_c.so
[5.100s] -- Up-to-date: /home/DATA/DogRobot/ros2_ws/install/custom_interfaces/lib/python3.12/site-packages/custom_interfaces/srv
[5.100s] -- Installing: /home/DATA/DogRobot/ros2_ws/install/custom_interfaces/lib/python3.12/site-packages/custom_interfaces/srv/__init__.py
[5.100s] -- Installing: /home/DATA/DogRobot/ros2_ws/install/custom_interfaces/lib/python3.12/site-packages/custom_interfaces/srv/_add_two_ints.py
[5.100s] -- Installing: /home/DATA/DogRobot/ros2_ws/install/custom_interfaces/lib/python3.12/site-packages/custom_interfaces/srv/_add_two_ints_s.c
[5.101s] -- Up-to-date: /home/DATA/DogRobot/ros2_ws/install/custom_interfaces/lib/python3.12/site-packages/custom_interfaces/msg
[5.101s] -- Installing: /home/DATA/DogRobot/ros2_ws/install/custom_interfaces/lib/python3.12/site-packages/custom_interfaces/msg/_ca_nmessage_s.c
[5.101s] -- Installing: /home/DATA/DogRobot/ros2_ws/install/custom_interfaces/lib/python3.12/site-packages/custom_interfaces/msg/__init__.py
[5.101s] -- Installing: /home/DATA/DogRobot/ros2_ws/install/custom_interfaces/lib/python3.12/site-packages/custom_interfaces/msg/_ca_nmessage.py
[5.101s] -- Installing: /home/DATA/DogRobot/ros2_ws/install/custom_interfaces/lib/python3.12/site-packages/custom_interfaces/_custom_interfaces_s.ep.rosidl_typesupport_c.c
[5.101s] -- Installing: /home/DATA/DogRobot/ros2_ws/install/custom_interfaces/lib/python3.12/site-packages/custom_interfaces/__init__.py
[5.101s] -- Installing: /home/DATA/DogRobot/ros2_ws/install/custom_interfaces/lib/python3.12/site-packages/custom_interfaces/custom_interfaces_s__rosidl_typesupport_c.so
[5.101s] -- Installing: /home/DATA/DogRobot/ros2_ws/install/custom_interfaces/lib/python3.12/site-packages/custom_interfaces/_custom_interfaces_s.ep.rosidl_typesupport_fastrtps_c.c
[5.101s] -- Installing: /home/DATA/DogRobot/ros2_ws/install/custom_interfaces/lib/python3.12/site-packages/custom_interfaces/_custom_interfaces_s.ep.rosidl_typesupport_introspection_c.c
[5.101s] -- Installing: /home/DATA/DogRobot/ros2_ws/install/custom_interfaces/lib/python3.12/site-packages/custom_interfaces/custom_interfaces_s__rosidl_typesupport_introspection_c.so
[5.144s] Listing '/home/DATA/DogRobot/ros2_ws/install/custom_interfaces/lib/python3.12/site-packages/custom_interfaces'...
[5.144s] Compiling '/home/DATA/DogRobot/ros2_ws/install/custom_interfaces/lib/python3.12/site-packages/custom_interfaces/__init__.py'...
[5.144s] Listing '/home/DATA/DogRobot/ros2_ws/install/custom_interfaces/lib/python3.12/site-packages/custom_interfaces/msg'...
[5.144s] Compiling '/home/DATA/DogRobot/ros2_ws/install/custom_interfaces/lib/python3.12/site-packages/custom_interfaces/msg/__init__.py'...
[5.144s] Compiling '/home/DATA/DogRobot/ros2_ws/install/custom_interfaces/lib/python3.12/site-packages/custom_interfaces/msg/_ca_nmessage.py'...
[5.144s] Listing '/home/DATA/DogRobot/ros2_ws/install/custom_interfaces/lib/python3.12/site-packages/custom_interfaces/srv'...
[5.144s] Compiling '/home/DATA/DogRobot/ros2_ws/install/custom_interfaces/lib/python3.12/site-packages/custom_interfaces/srv/__init__.py'...
[5.144s] Compiling '/home/DATA/DogRobot/ros2_ws/install/custom_interfaces/lib/python3.12/site-packages/custom_interfaces/srv/_add_two_ints.py'...
[5.150s] -- Installing: /home/DATA/DogRobot/ros2_ws/install/custom_interfaces/lib/python3.12/site-packages/custom_interfaces/custom_interfaces_s__rosidl_typesupport_fastrtps_c.so
[5.150s] -- Set non-toolchain portion of runtime path of "/home/DATA/DogRobot/ros2_ws/install/custom_interfaces/lib/python3.12/site-packages/custom_interfaces/custom_interfaces_s__rosidl_typesupport_fastrtps_c.so" to ""
[5.150s] -- Installing: /home/DATA/DogRobot/ros2_ws/install/custom_interfaces/lib/python3.12/site-packages/custom_interfaces/custom_interfaces_s__rosidl_typesupport_introspection_c.so
[5.150s] -- Set non-toolchain portion of runtime path of "/home/DATA/DogRobot/ros2_ws/install/custom_interfaces/lib/python3.12/site-packages/custom_interfaces/custom_interfaces_s__rosidl_typesupport_introspection_c.so" to ""
[5.150s] -- Installing: /home/DATA/DogRobot/ros2_ws/install/custom_interfaces/lib/python3.12/site-packages/custom_interfaces/custom_interfaces_s__rosidl_typesupport_c.so
[5.151s] -- Set non-toolchain portion of runtime path of "/home/DATA/DogRobot/ros2_ws/install/custom_interfaces/lib/python3.12/site-packages/custom_interfaces/custom_interfaces_s__rosidl_typesupport_c.so" to ""
[5.151s] -- Installing: /home/DATA/DogRobot/ros2_ws/install/custom_interfaces/lib/libcustom_interfaces__rosidl_generator_py.so
[5.152s] -- Set non-toolchain portion of runtime path of "/home/DATA/DogRobot/ros2_ws/install/custom_interfaces/lib/libcustom_interfaces__rosidl_generator_py.so" to ""
[5.152s] -- Up-to-date: /home/DATA/DogRobot/ros2_ws/install/custom_interfaces/share/custom_interfaces/srv/AddTwoInts.idl
[5.152s] -- Installing: /home/DATA/DogRobot/ros2_ws/install/custom_interfaces/share/custom_interfaces/msg/CANmessage.idl
[5.152s] -- Up-to-date: /home/DATA/DogRobot/ros2_ws/install/custom_interfaces/share/custom_interfaces/srv/AddTwoInts.srv
[5.152s] -- Installing: /home/DATA/DogRobot/ros2_ws/install/custom_interfaces/share/custom_interfaces/msg/CANmessage.msg
[5.152s] -- Up-to-date: /home/DATA/DogRobot/ros2_ws/install/custom_interfaces/share/ament_index/resource_index/package_run_dependencies/custom_interfaces
[5.152s] -- Installing: /home/DATA/DogRobot/ros2_ws/install/custom_interfaces/share/ament_index/resource_index/parent_prefix_path/custom_interfaces
[5.152s] -- Up-to-date: /home/DATA/DogRobot/ros2_ws/install/custom_interfaces/share/custom_interfaces/environment/ament_prefix_path.sh
[5.152s] -- Up-to-date: /home/DATA/DogRobot/ros2_ws/install/custom_interfaces/share/custom_interfaces/environment/ament_prefix_path.dsv
[5.152s] -- Up-to-date: /home/DATA/DogRobot/ros2_ws/install/custom_interfaces/share/custom_interfaces/environment/path.sh
[5.153s] -- Up-to-date: /home/DATA/DogRobot/ros2_ws/install/custom_interfaces/share/custom_interfaces/environment/path.dsv
[5.153s] -- Up-to-date: /home/DATA/DogRobot/ros2_ws/install/custom_interfaces/share/custom_interfaces/local_setup.bash
[5.153s] -- Up-to-date: /home/DATA/DogRobot/ros2_ws/install/custom_interfaces/share/custom_interfaces/local_setup.sh
[5.153s] -- Up-to-date: /home/DATA/DogRobot/ros2_ws/install/custom_interfaces/share/custom_interfaces/local_setup.zsh
[5.153s] -- Up-to-date: /home/DATA/DogRobot/ros2_ws/install/custom_interfaces/share/custom_interfaces/local_setup.dsv
[5.153s] -- Installing: /home/DATA/DogRobot/ros2_ws/install/custom_interfaces/share/custom_interfaces/package.dsv
[5.153s] -- Up-to-date: /home/DATA/DogRobot/ros2_ws/install/custom_interfaces/share/ament_index/resource_index/packages/custom_interfaces
[5.153s] -- Up-to-date: /home/DATA/DogRobot/ros2_ws/install/custom_interfaces/share/custom_interfaces/cmake/export_custom_interfaces__rosidl_generator_cExport.cmake
[5.153s] -- Up-to-date: /home/DATA/DogRobot/ros2_ws/install/custom_interfaces/share/custom_interfaces/cmake/export_custom_interfaces__rosidl_generator_cExport-noconfig.cmake
[5.153s] -- Up-to-date: /home/DATA/DogRobot/ros2_ws/install/custom_interfaces/share/custom_interfaces/cmake/export_custom_interfaces__rosidl_typesupport_fastrtps_cExport.cmake
[5.153s] -- Up-to-date: /home/DATA/DogRobot/ros2_ws/install/custom_interfaces/share/custom_interfaces/cmake/export_custom_interfaces__rosidl_typesupport_fastrtps_cExport-noconfig.cmake
[5.154s] -- Up-to-date: /home/DATA/DogRobot/ros2_ws/install/custom_interfaces/share/custom_interfaces/cmake/custom_interfaces__rosidl_typesupport_introspection_cExport.cmake
[5.154s] -- Up-to-date: /home/DATA/DogRobot/ros2_ws/install/custom_interfaces/share/custom_interfaces/cmake/custom_interfaces__rosidl_typesupport_introspection_cExport-noconfig.cmake
[5.154s] -- Up-to-date: /home/DATA/DogRobot/ros2_ws/install/custom_interfaces/share/custom_interfaces/cmake/custom_interfaces__rosidl_typesupport_cExport.cmake
[5.154s] -- Up-to-date: /home/DATA/DogRobot/ros2_ws/install/custom_interfaces/share/custom_interfaces/cmake/custom_interfaces__rosidl_typesupport_cExport-noconfig.cmake
[5.154s] -- Up-to-date: /home/DATA/DogRobot/ros2_ws/install/custom_interfaces/share/custom_interfaces/cmake/export_custom_interfaces__rosidl_generator_cppExport.cmake
[5.155s] -- Up-to-date: /home/DATA/DogRobot/ros2_ws/install/custom_interfaces/share/custom_interfaces/cmake/export_custom_interfaces__rosidl_typesupport_fastrtps_cppExport.cmake
[5.155s] -- Up-to-date: /home/DATA/DogRobot/ros2_ws/install/custom_interfaces/share/custom_interfaces/cmake/export_custom_interfaces__rosidl_typesupport_fastrtps_cppExport-noconfig.cmake
[5.155s] -- Up-to-date: /home/DATA/DogRobot/ros2_ws/install/custom_interfaces/share/custom_interfaces/cmake/custom_interfaces__rosidl_typesupport_introspection_cppExport.cmake
[5.155s] -- Up-to-date: /home/DATA/DogRobot/ros2_ws/install/custom_interfaces/share/custom_interfaces/cmake/custom_interfaces__rosidl_typesupport_introspection_cppExport-noconfig.cmake
[5.155s] -- Up-to-date: /home/DATA/DogRobot/ros2_ws/install/custom_interfaces/share/custom_interfaces/cmake/custom_interfaces__rosidl_typesupport_cppExport.cmake
[5.155s] -- Up-to-date: /home/DATA/DogRobot/ros2_ws/install/custom_interfaces/share/custom_interfaces/cmake/custom_interfaces__rosidl_typesupport_cppExport-noconfig.cmake
[5.155s] -- Up-to-date: /home/DATA/DogRobot/ros2_ws/install/custom_interfaces/share/custom_interfaces/cmake/export_custom_interfaces__rosidl_generator_pyExport.cmake
[5.155s] -- Up-to-date: /home/DATA/DogRobot/ros2_ws/install/custom_interfaces/share/custom_interfaces/cmake/export_custom_interfaces__rosidl_generator_pyExport-noconfig.cmake
[5.156s] -- Up-to-date: /home/DATA/DogRobot/ros2_ws/install/custom_interfaces/share/custom_interfaces/cmake/rosidl_cmake-extras.cmake
[5.156s] -- Up-to-date: /home/DATA/DogRobot/ros2_ws/install/custom_interfaces/share/custom_interfaces/cmake/ament_cmake_export_dependencies-extras.cmake
[5.156s] -- Up-to-date: /home/DATA/DogRobot/ros2_ws/install/custom_interfaces/share/custom_interfaces/cmake/ament_cmake_export_include_directories-extras.cmake
[5.156s] -- Up-to-date: /home/DATA/DogRobot/ros2_ws/install/custom_interfaces/share/custom_interfaces/cmake/ament_cmake_export_libraries-extras.cmake
[5.156s] -- Up-to-date: /home/DATA/DogRobot/ros2_ws/install/custom_interfaces/share/custom_interfaces/cmake/ament_cmake_export_targets-extras.cmake
[5.156s] -- Up-to-date: /home/DATA/DogRobot/ros2_ws/install/custom_interfaces/share/custom_interfaces/cmake/rosidl_cmake_export_typesupport_targets-extras.cmake
[5.156s] -- Up-to-date: /home/DATA/DogRobot/ros2_ws/install/custom_interfaces/share/custom_interfaces/cmake/rosidl_cmake_export_typesupport_libraries-extras.cmake
[5.156s] -- Up-to-date: /home/DATA/DogRobot/ros2_ws/install/custom_interfaces/share/custom_interfaces/cmake/custom_interfacesConfig.cmake
[5.156s] -- Up-to-date: /home/DATA/DogRobot/ros2_ws/install/custom_interfaces/share/custom_interfaces/cmake/custom_interfacesConfig-version.cmake
[5.156s] -- Up-to-date: /home/DATA/DogRobot/ros2_ws/install/custom_interfaces/share/custom_interfaces/package.xml
[5.158s] Invoked command in '/home/DATA/DogRobot/ros2_ws/build/custom_interfaces' returned '0': CMAKE_PREFIX_PATH=${CMAKE_PREFIX_PATH}:/opt/ros/jazzy DEBUGINFOD_URLS=https://debuginfod.ubuntu.com /usr/bin/cmake --install /home/DATA/DogRobot/ros2_ws/build/custom_interfaces
