/usr/bin/ld: CMakeFiles/consumer.dir/src/readIMU.c.o: warning: relocation against `sReg' in read-only section `.text'
/usr/bin/ld: CMakeFiles/consumer.dir/src/readIMU.c.o: in function `main':
readIMU.c:(.text+0x55): undefined reference to `serial_open'
/usr/bin/ld: readIMU.c:(.text+0xc8): undefined reference to `WitInit'
/usr/bin/ld: readIMU.c:(.text+0xd7): undefined reference to `WitRegisterCallBack'
/usr/bin/ld: readIMU.c:(.text+0x109): undefined reference to `WitSerialDataIn'
/usr/bin/ld: readIMU.c:(.text+0x122): undefined reference to `serial_read_data'
/usr/bin/ld: readIMU.c:(.text+0x164): undefined reference to `sReg'
/usr/bin/ld: readIMU.c:(.text+0x1aa): undefined reference to `sReg'
/usr/bin/ld: readIMU.c:(.text+0x1f0): undefined reference to `sReg'
/usr/bin/ld: readIMU.c:(.text+0x38b): undefined reference to `sReg'
/usr/bin/ld: readIMU.c:(.text+0x395): undefined reference to `sReg'
/usr/bin/ld: CMakeFiles/consumer.dir/src/readIMU.c.o:readIMU.c:(.text+0x39f): more undefined references to `sReg' follow
/usr/bin/ld: CMakeFiles/consumer.dir/src/readIMU.c.o: in function `AutoScanSensor':
readIMU.c:(.text+0x4f0): undefined reference to `serial_close'
/usr/bin/ld: readIMU.c:(.text+0x534): undefined reference to `serial_open'
/usr/bin/ld: readIMU.c:(.text+0x557): undefined reference to `WitReadReg'
/usr/bin/ld: readIMU.c:(.text+0x571): undefined reference to `WitSerialDataIn'
/usr/bin/ld: readIMU.c:(.text+0x58a): undefined reference to `serial_read_data'
/usr/bin/ld: warning: creating DT_TEXTREL in a PIE
collect2: error: ld returned 1 exit status
gmake[2]: *** [CMakeFiles/consumer.dir/build.make:97: consumer] Error 1
gmake[1]: *** [CMakeFiles/Makefile2:193: CMakeFiles/consumer.dir/all] Error 2
gmake: *** [Makefile:146: all] Error 2
