[5.298s] Invoking command in '/home/DATA/DogRobot/ros2_ws/src/gamepad_node': DEBUGINFOD_URLS=https://debuginfod.ubuntu.com PYTHONPATH=/home/DATA/DogRobot/ros2_ws/build/gamepad_node/prefix_override:/usr/lib/python3/dist-packages/colcon_core/task/python/colcon_distutils_commands:/home/DATA/DogRobot/ros2_ws/install/gamepad_node/lib/python3.12/site-packages:${PYTHONPATH} /usr/bin/python3 -W ignore:setup.py install is deprecated setup.py egg_info --egg-base ../../build/gamepad_node build --build-base /home/DATA/DogRobot/ros2_ws/build/gamepad_node/build install --record /home/DATA/DogRobot/ros2_ws/build/gamepad_node/install.log --single-version-externally-managed install_data
[6.547s] running egg_info
[6.620s] writing ../../build/gamepad_node/gamepad_node.egg-info/PKG-INFO
[6.621s] writing dependency_links to ../../build/gamepad_node/gamepad_node.egg-info/dependency_links.txt
[6.622s] writing entry points to ../../build/gamepad_node/gamepad_node.egg-info/entry_points.txt
[6.622s] writing requirements to ../../build/gamepad_node/gamepad_node.egg-info/requires.txt
[6.622s] writing top-level names to ../../build/gamepad_node/gamepad_node.egg-info/top_level.txt
[6.800s] reading manifest file '../../build/gamepad_node/gamepad_node.egg-info/SOURCES.txt'
[6.802s] writing manifest file '../../build/gamepad_node/gamepad_node.egg-info/SOURCES.txt'
[6.804s] running build
[6.804s] running build_py
[6.805s] running install
[6.824s] running install_lib
[6.921s] running install_data
[6.922s] running install_egg_info
[7.029s] removing '/home/DATA/DogRobot/ros2_ws/install/gamepad_node/lib/python3.12/site-packages/gamepad_node-0.0.0-py3.12.egg-info' (and everything under it)
[7.031s] Copying ../../build/gamepad_node/gamepad_node.egg-info to /home/DATA/DogRobot/ros2_ws/install/gamepad_node/lib/python3.12/site-packages/gamepad_node-0.0.0-py3.12.egg-info
[7.034s] running install_scripts
[7.582s] Installing joy script to /home/DATA/DogRobot/ros2_ws/install/gamepad_node/lib/gamepad_node
[7.602s] writing list of installed files to '/home/DATA/DogRobot/ros2_ws/build/gamepad_node/install.log'
[7.847s] Invoked command in '/home/DATA/DogRobot/ros2_ws/src/gamepad_node' returned '0': DEBUGINFOD_URLS=https://debuginfod.ubuntu.com PYTHONPATH=/home/DATA/DogRobot/ros2_ws/build/gamepad_node/prefix_override:/usr/lib/python3/dist-packages/colcon_core/task/python/colcon_distutils_commands:/home/DATA/DogRobot/ros2_ws/install/gamepad_node/lib/python3.12/site-packages:${PYTHONPATH} /usr/bin/python3 -W ignore:setup.py install is deprecated setup.py egg_info --egg-base ../../build/gamepad_node build --build-base /home/DATA/DogRobot/ros2_ws/build/gamepad_node/build install --record /home/DATA/DogRobot/ros2_ws/build/gamepad_node/install.log --single-version-externally-managed install_data
