[0.036s] Invoking command in '/home/DATA/DogRobot/ros2_ws/build/custom_interfaces': CMAKE_PREFIX_PATH=${CMAKE_PREFIX_PATH}:/home/DATA/DogRobot/ros2_ws/install/my_launch_package:/home/DATA/DogRobot/ros2_ws/install/gamepad_node:/home/DATA/DogRobot/ros2_ws/install/add_integers:/home/DATA/DogRobot/ros2_ws/install/controller:/home/DATA/DogRobot/ros2_ws/install/can_node:/opt/ros/jazzy DEBUGINFOD_URLS=https://debuginfod.ubuntu.com /usr/bin/cmake --build /home/DATA/DogRobot/ros2_ws/build/custom_interfaces -- -j8 -l8
[0.882s] -- Found ament_cmake: 2.5.2 (/opt/ros/jazzy/share/ament_cmake/cmake)
[0.882s] -- Found Python3: /usr/bin/python3 (found version "3.12.3") found components: Interpreter 
[0.882s] -- Found rosidl_default_generators: 1.6.0 (/opt/ros/jazzy/share/rosidl_default_generators/cmake)
[0.882s] -- Using all available rosidl_typesupport_c: rosidl_typesupport_fastrtps_c;rosidl_typesupport_introspection_c
[0.882s] -- Using all available rosidl_typesupport_cpp: rosidl_typesupport_fastrtps_cpp;rosidl_typesupport_introspection_cpp
[0.882s] -- Found rosidl_adapter: 4.6.4 (/opt/ros/jazzy/share/rosidl_adapter/cmake)
[0.883s] -- Found ament_cmake_ros: 0.12.0 (/opt/ros/jazzy/share/ament_cmake_ros/cmake)
[0.883s] -- Using all available rosidl_typesupport_c: rosidl_typesupport_fastrtps_c;rosidl_typesupport_introspection_c
[0.883s] -- Using all available rosidl_typesupport_cpp: rosidl_typesupport_fastrtps_cpp;rosidl_typesupport_introspection_cpp
[0.883s] -- Found python_cmake_module: 0.11.1 (/opt/ros/jazzy/share/python_cmake_module/cmake)
[1.237s] -- Found Python3: /usr/bin/python3 (found version "3.12.3") found components: Interpreter Development NumPy Development.Module Development.Embed 
[1.250s] -- Found ament_lint_auto: 0.17.1 (/opt/ros/jazzy/share/ament_lint_auto/cmake)
[1.267s] -- Added test 'lint_cmake' to check CMake code style
[1.268s] -- Added test 'xmllint' to check XML markup files
[1.271s] -- Configuring done (1.2s)
[1.320s] -- Generating done (0.0s)
[1.323s] -- Build files have been written to: /home/DATA/DogRobot/ros2_ws/build/custom_interfaces
[1.356s] [  2%] Built target custom_interfaces__rosidl_generator_type_description
[1.366s] [  2%] Built target ament_cmake_python_copy_custom_interfaces
[1.376s] [  5%] Built target custom_interfaces__cpp
[1.382s] [ 14%] [32mBuilding C object CMakeFiles/custom_interfaces__rosidl_generator_c.dir/rosidl_generator_c/custom_interfaces/srv/detail/add_two_ints__description.c.o[0m
[1.382s] [ 14%] [32mBuilding C object CMakeFiles/custom_interfaces__rosidl_generator_c.dir/rosidl_generator_c/custom_interfaces/srv/detail/add_two_ints__functions.c.o[0m
[1.383s] [ 14%] [32mBuilding C object CMakeFiles/custom_interfaces__rosidl_generator_c.dir/rosidl_generator_c/custom_interfaces/srv/detail/add_two_ints__type_support.c.o[0m
[1.533s] [ 17%] [32m[1mLinking C shared library libcustom_interfaces__rosidl_generator_c.so[0m
[1.576s] [ 20%] Built target custom_interfaces__rosidl_generator_c
[1.606s] [ 23%] [32mBuilding CXX object CMakeFiles/custom_interfaces__rosidl_typesupport_fastrtps_cpp.dir/rosidl_typesupport_fastrtps_cpp/custom_interfaces/srv/detail/dds_fastrtps/add_two_ints__type_support.cpp.o[0m
[1.606s] [ 29%] [32mBuilding CXX object CMakeFiles/custom_interfaces__rosidl_typesupport_fastrtps_c.dir/rosidl_typesupport_fastrtps_c/custom_interfaces/srv/detail/add_two_ints__type_support_c.cpp.o[0m
[1.607s] [ 29%] [32mBuilding C object CMakeFiles/custom_interfaces__rosidl_typesupport_introspection_c.dir/rosidl_typesupport_introspection_c/custom_interfaces/srv/detail/add_two_ints__type_support.c.o[0m
[1.609s] [ 32%] [32mBuilding CXX object CMakeFiles/custom_interfaces__rosidl_typesupport_c.dir/rosidl_typesupport_c/custom_interfaces/srv/add_two_ints__type_support.cpp.o[0m
[1.609s] [ 35%] [32mBuilding CXX object CMakeFiles/custom_interfaces__rosidl_typesupport_introspection_cpp.dir/rosidl_typesupport_introspection_cpp/custom_interfaces/srv/detail/add_two_ints__type_support.cpp.o[0m
[1.614s] [ 38%] [32mBuilding CXX object CMakeFiles/custom_interfaces__rosidl_typesupport_cpp.dir/rosidl_typesupport_cpp/custom_interfaces/srv/add_two_ints__type_support.cpp.o[0m
[1.655s] running egg_info
[1.668s] [ 41%] [32m[1mLinking C shared library libcustom_interfaces__rosidl_typesupport_introspection_c.so[0m
[1.687s] writing custom_interfaces.egg-info/PKG-INFO
[1.688s] writing dependency_links to custom_interfaces.egg-info/dependency_links.txt
[1.688s] writing top-level names to custom_interfaces.egg-info/top_level.txt
[1.713s] [ 44%] Built target custom_interfaces__rosidl_typesupport_introspection_c
[1.745s] [ 47%] [32m[1mLinking CXX shared library libcustom_interfaces__rosidl_typesupport_c.so[0m
[1.803s] [ 50%] Built target custom_interfaces__rosidl_typesupport_c
[1.808s] reading manifest file 'custom_interfaces.egg-info/SOURCES.txt'
[1.809s] writing manifest file 'custom_interfaces.egg-info/SOURCES.txt'
[1.873s] [ 50%] Built target ament_cmake_python_build_custom_interfaces_egg
[2.250s] [ 52%] [32m[1mLinking CXX shared library libcustom_interfaces__rosidl_typesupport_cpp.so[0m
[2.327s] [ 55%] [32m[1mLinking CXX shared library libcustom_interfaces__rosidl_typesupport_introspection_cpp.so[0m
[2.357s] [ 58%] Built target custom_interfaces__rosidl_typesupport_cpp
[2.418s] [ 61%] [32m[1mLinking CXX shared library libcustom_interfaces__rosidl_typesupport_fastrtps_c.so[0m
[2.433s] [ 64%] Built target custom_interfaces__rosidl_typesupport_introspection_cpp
[2.472s] [ 67%] Built target custom_interfaces__rosidl_typesupport_fastrtps_c
[2.557s] [ 70%] [32m[1mLinking CXX shared library libcustom_interfaces__rosidl_typesupport_fastrtps_cpp.so[0m
[2.642s] [ 73%] Built target custom_interfaces__rosidl_typesupport_fastrtps_cpp
[2.662s] [ 73%] Built target custom_interfaces
[2.683s] [ 76%] Built target custom_interfaces__py
[2.710s] [ 79%] [32mBuilding C object CMakeFiles/custom_interfaces__rosidl_generator_py.dir/rosidl_generator_py/custom_interfaces/srv/_add_two_ints_s.c.o[0m
[2.890s] [ 82%] [32m[1mLinking C shared library libcustom_interfaces__rosidl_generator_py.so[0m
[2.934s] [ 82%] Built target custom_interfaces__rosidl_generator_py
[2.956s] [ 88%] [32mBuilding C object CMakeFiles/custom_interfaces_s__rosidl_typesupport_introspection_c.dir/rosidl_generator_py/custom_interfaces/_custom_interfaces_s.ep.rosidl_typesupport_introspection_c.c.o[0m
[2.956s] [ 88%] [32mBuilding C object CMakeFiles/custom_interfaces_s__rosidl_typesupport_fastrtps_c.dir/rosidl_generator_py/custom_interfaces/_custom_interfaces_s.ep.rosidl_typesupport_fastrtps_c.c.o[0m
[2.958s] [ 91%] [32mBuilding C object CMakeFiles/custom_interfaces_s__rosidl_typesupport_c.dir/rosidl_generator_py/custom_interfaces/_custom_interfaces_s.ep.rosidl_typesupport_c.c.o[0m
[3.075s] [ 97%] [32m[1mLinking C shared module rosidl_generator_py/custom_interfaces/custom_interfaces_s__rosidl_typesupport_c.so[0m
[3.075s] [ 97%] [32m[1mLinking C shared module rosidl_generator_py/custom_interfaces/custom_interfaces_s__rosidl_typesupport_introspection_c.so[0m
[3.075s] [100%] [32m[1mLinking C shared module rosidl_generator_py/custom_interfaces/custom_interfaces_s__rosidl_typesupport_fastrtps_c.so[0m
[3.106s] [100%] Built target custom_interfaces_s__rosidl_typesupport_fastrtps_c
[3.106s] [100%] Built target custom_interfaces_s__rosidl_typesupport_introspection_c
[3.107s] [100%] Built target custom_interfaces_s__rosidl_typesupport_c
