-- Found ament_cmake: 2.5.2 (/opt/ros/jazzy/share/ament_cmake/cmake)
-- Found rclcpp: 28.1.5 (/opt/ros/jazzy/share/rclcpp/cmake)
-- Found rosidl_generator_c: 4.6.4 (/opt/ros/jazzy/share/rosidl_generator_c/cmake)
-- Found rosidl_generator_cpp: 4.6.4 (/opt/ros/jazzy/share/rosidl_generator_cpp/cmake)
-- Using all available rosidl_typesupport_c: rosidl_typesupport_fastrtps_c;rosidl_typesupport_introspection_c
-- Using all available rosidl_typesupport_cpp: rosidl_typesupport_fastrtps_cpp;rosidl_typesupport_introspection_cpp
-- Found rmw_implementation_cmake: 7.3.1 (/opt/ros/jazzy/share/rmw_implementation_cmake/cmake)
-- Found rmw_fastrtps_cpp: 8.4.1 (/opt/ros/jazzy/share/rmw_fastrtps_cpp/cmake)
-- Using RMW implementation 'rmw_fastrtps_cpp' as default
-- Found wit_pkg: 0.0.0 (/home/DATA/DogRobot/ros2_ws/install/wit_pkg/share/wit_pkg/cmake)
-- Configuring done (0.6s)
-- Generating done (0.0s)
-- Build files have been written to: /home/DATA/DogRobot/ros2_ws/build/wit_pkg
[ 50%] [32mBuilding C object CMakeFiles/serial.dir/src/serial.c.o[0m
[01m[K/home/DATA/DogRobot/ros2_ws/src/wit_pkg/src/serial.c:[m[K In function ‘[01m[Kserial_open[m[K’:
[01m[K/home/DATA/DogRobot/ros2_ws/src/wit_pkg/src/serial.c:7:15:[m[K [01;35m[Kwarning: [m[Kpointer targets in passing argument 1 of ‘[01m[Kopen[m[K’ differ in signedness [[01;35m[K]8;;https://gcc.gnu.org/onlinedocs/gcc/Warning-Options.html#index-Wpointer-sign-Wpointer-sign]8;;[m[K]
    7 |     fd = open([01;35m[Kdev[m[K, O_RDWR|O_NOCTTY);
      |               [01;35m[K^~~[m[K
      |               [01;35m[K|[m[K
      |               [01;35m[Kunsigned char *[m[K
In file included from [01m[K/home/DATA/DogRobot/ros2_ws/src/wit_pkg/include/wit_pkg/serial.h:9[m[K,
                 from [01m[K/home/DATA/DogRobot/ros2_ws/src/wit_pkg/src/serial.c:1[m[K:
[01m[K/usr/include/fcntl.h:209:30:[m[K [01;36m[Knote: [m[Kexpected ‘[01m[Kconst char *[m[K’ but argument is of type ‘[01m[Kunsigned char *[m[K’
  209 | extern int open ([01;36m[Kconst char *__file[m[K, int __oflag, ...) __nonnull ((1));
      |                  [01;36m[K~~~~~~~~~~~~^~~~~~[m[K
[100%] [32m[1mLinking C static library libserial.a[0m
[100%] Built target serial
-- Install configuration: ""
-- Installing: /home/DATA/DogRobot/ros2_ws/install/wit_pkg/share/wit_pkg/environment/library_path.sh
-- Installing: /home/DATA/DogRobot/ros2_ws/install/wit_pkg/share/wit_pkg/environment/library_path.dsv
[31mCMake Error at cmake_install.cmake:54 (file):
  file INSTALL cannot find
  "/home/DATA/DogRobot/ros2_ws/src/wit_pkg/include/serial": No such file or
  directory.

[0m
