[1.258s] Invoking command in '/home/DATA/DogRobot/ros2_ws/src/can_node': DEBUGINFOD_URLS=https://debuginfod.ubuntu.com PYTHONPATH=/home/DATA/DogRobot/ros2_ws/build/can_node/prefix_override:/usr/lib/python3/dist-packages/colcon_core/task/python/colcon_distutils_commands:/home/DATA/DogRobot/ros2_ws/install/can_node/lib/python3.12/site-packages:${PYTHONPATH} /usr/bin/python3 -W ignore:setup.py install is deprecated setup.py egg_info --egg-base ../../build/can_node build --build-base /home/DATA/DogRobot/ros2_ws/build/can_node/build install --record /home/DATA/DogRobot/ros2_ws/build/can_node/install.log --single-version-externally-managed install_data
[1.564s] running egg_info
[1.586s] writing ../../build/can_node/can_node.egg-info/PKG-INFO
[1.586s] writing dependency_links to ../../build/can_node/can_node.egg-info/dependency_links.txt
[1.587s] writing entry points to ../../build/can_node/can_node.egg-info/entry_points.txt
[1.587s] writing requirements to ../../build/can_node/can_node.egg-info/requires.txt
[1.587s] writing top-level names to ../../build/can_node/can_node.egg-info/top_level.txt
[1.633s] reading manifest file '../../build/can_node/can_node.egg-info/SOURCES.txt'
[1.634s] writing manifest file '../../build/can_node/can_node.egg-info/SOURCES.txt'
[1.634s] running build
[1.634s] running build_py
[1.635s] running install
[1.642s] running install_lib
[1.666s] running install_data
[1.667s] running install_egg_info
[1.691s] removing '/home/DATA/DogRobot/ros2_ws/install/can_node/lib/python3.12/site-packages/can_node-0.0.0-py3.12.egg-info' (and everything under it)
[1.691s] Copying ../../build/can_node/can_node.egg-info to /home/DATA/DogRobot/ros2_ws/install/can_node/lib/python3.12/site-packages/can_node-0.0.0-py3.12.egg-info
[1.692s] running install_scripts
[1.840s] Installing listener script to /home/DATA/DogRobot/ros2_ws/install/can_node/lib/can_node
[1.841s] Installing talker script to /home/DATA/DogRobot/ros2_ws/install/can_node/lib/can_node
[1.841s] writing list of installed files to '/home/DATA/DogRobot/ros2_ws/build/can_node/install.log'
[1.896s] Invoked command in '/home/DATA/DogRobot/ros2_ws/src/can_node' returned '0': DEBUGINFOD_URLS=https://debuginfod.ubuntu.com PYTHONPATH=/home/DATA/DogRobot/ros2_ws/build/can_node/prefix_override:/usr/lib/python3/dist-packages/colcon_core/task/python/colcon_distutils_commands:/home/DATA/DogRobot/ros2_ws/install/can_node/lib/python3.12/site-packages:${PYTHONPATH} /usr/bin/python3 -W ignore:setup.py install is deprecated setup.py egg_info --egg-base ../../build/can_node build --build-base /home/DATA/DogRobot/ros2_ws/build/can_node/build install --record /home/DATA/DogRobot/ros2_ws/build/can_node/install.log --single-version-externally-managed install_data
