[4.194s] Invoking command in '/home/DATA/DogRobot/ros2_ws/src/add_integers': DEBUGINFOD_URLS=https://debuginfod.ubuntu.com PYTHONPATH=/home/DATA/DogRobot/ros2_ws/build/add_integers/prefix_override:/usr/lib/python3/dist-packages/colcon_core/task/python/colcon_distutils_commands:/home/DATA/DogRobot/ros2_ws/install/add_integers/lib/python3.12/site-packages:/home/DATA/DogRobot/ros2_ws/install/custom_interfaces/lib/python3.12/site-packages:/home/DATA/DogRobot/ros2_ws/install/gamepad_node/lib/python3.12/site-packages:/home/DATA/DogRobot/ros2_ws/install/controller/lib/python3.12/site-packages:/home/DATA/DogRobot/ros2_ws/install/can_node/lib/python3.12/site-packages:/opt/ros/jazzy/lib/python3.12/site-packages /usr/bin/python3 -W ignore:setup.py install is deprecated setup.py egg_info --egg-base ../../build/add_integers build --build-base /home/DATA/DogRobot/ros2_ws/build/add_integers/build install --record /home/DATA/DogRobot/ros2_ws/build/add_integers/install.log --single-version-externally-managed install_data
[5.666s] running egg_info
[5.671s] creating ../../build/add_integers/add_integers.egg-info
[5.756s] writing ../../build/add_integers/add_integers.egg-info/PKG-INFO
[5.760s] writing dependency_links to ../../build/add_integers/add_integers.egg-info/dependency_links.txt
[5.765s] writing entry points to ../../build/add_integers/add_integers.egg-info/entry_points.txt
[5.768s] writing requirements to ../../build/add_integers/add_integers.egg-info/requires.txt
[5.769s] writing top-level names to ../../build/add_integers/add_integers.egg-info/top_level.txt
[5.770s] writing manifest file '../../build/add_integers/add_integers.egg-info/SOURCES.txt'
[6.021s] reading manifest file '../../build/add_integers/add_integers.egg-info/SOURCES.txt'
[6.026s] writing manifest file '../../build/add_integers/add_integers.egg-info/SOURCES.txt'
[6.026s] running build
[6.026s] running build_py
[6.026s] creating /home/DATA/DogRobot/ros2_ws/build/add_integers/build
[6.027s] creating /home/DATA/DogRobot/ros2_ws/build/add_integers/build/lib
[6.027s] creating /home/DATA/DogRobot/ros2_ws/build/add_integers/build/lib/add_integers
[6.029s] copying add_integers/service_node.py -> /home/DATA/DogRobot/ros2_ws/build/add_integers/build/lib/add_integers
[6.030s] copying add_integers/__init__.py -> /home/DATA/DogRobot/ros2_ws/build/add_integers/build/lib/add_integers
[6.030s] copying add_integers/client_node.py -> /home/DATA/DogRobot/ros2_ws/build/add_integers/build/lib/add_integers
[6.030s] running install
[6.058s] running install_lib
[6.182s] creating /home/DATA/DogRobot/ros2_ws/install/add_integers/lib/python3.12/site-packages/add_integers
[6.185s] copying /home/DATA/DogRobot/ros2_ws/build/add_integers/build/lib/add_integers/service_node.py -> /home/DATA/DogRobot/ros2_ws/install/add_integers/lib/python3.12/site-packages/add_integers
[6.185s] copying /home/DATA/DogRobot/ros2_ws/build/add_integers/build/lib/add_integers/__init__.py -> /home/DATA/DogRobot/ros2_ws/install/add_integers/lib/python3.12/site-packages/add_integers
[6.189s] copying /home/DATA/DogRobot/ros2_ws/build/add_integers/build/lib/add_integers/client_node.py -> /home/DATA/DogRobot/ros2_ws/install/add_integers/lib/python3.12/site-packages/add_integers
[6.190s] byte-compiling /home/DATA/DogRobot/ros2_ws/install/add_integers/lib/python3.12/site-packages/add_integers/service_node.py to service_node.cpython-312.pyc
[6.196s] byte-compiling /home/DATA/DogRobot/ros2_ws/install/add_integers/lib/python3.12/site-packages/add_integers/__init__.py to __init__.cpython-312.pyc
[6.200s] byte-compiling /home/DATA/DogRobot/ros2_ws/install/add_integers/lib/python3.12/site-packages/add_integers/client_node.py to client_node.cpython-312.pyc
[6.200s] running install_data
[6.201s] creating /home/DATA/DogRobot/ros2_ws/install/add_integers/share/ament_index
[6.201s] creating /home/DATA/DogRobot/ros2_ws/install/add_integers/share/ament_index/resource_index
[6.203s] creating /home/DATA/DogRobot/ros2_ws/install/add_integers/share/ament_index/resource_index/packages
[6.204s] copying resource/add_integers -> /home/DATA/DogRobot/ros2_ws/install/add_integers/share/ament_index/resource_index/packages
[6.204s] copying package.xml -> /home/DATA/DogRobot/ros2_ws/install/add_integers/share/add_integers
[6.204s] running install_egg_info
[6.357s] Copying ../../build/add_integers/add_integers.egg-info to /home/DATA/DogRobot/ros2_ws/install/add_integers/lib/python3.12/site-packages/add_integers-0.0.0-py3.12.egg-info
[6.367s] running install_scripts
[7.218s] Installing addition_client script to /home/DATA/DogRobot/ros2_ws/install/add_integers/lib/add_integers
[7.219s] Installing addition_service script to /home/DATA/DogRobot/ros2_ws/install/add_integers/lib/add_integers
[7.225s] writing list of installed files to '/home/DATA/DogRobot/ros2_ws/build/add_integers/install.log'
[7.579s] Invoked command in '/home/DATA/DogRobot/ros2_ws/src/add_integers' returned '0': DEBUGINFOD_URLS=https://debuginfod.ubuntu.com PYTHONPATH=/home/DATA/DogRobot/ros2_ws/build/add_integers/prefix_override:/usr/lib/python3/dist-packages/colcon_core/task/python/colcon_distutils_commands:/home/DATA/DogRobot/ros2_ws/install/add_integers/lib/python3.12/site-packages:/home/DATA/DogRobot/ros2_ws/install/custom_interfaces/lib/python3.12/site-packages:/home/DATA/DogRobot/ros2_ws/install/gamepad_node/lib/python3.12/site-packages:/home/DATA/DogRobot/ros2_ws/install/controller/lib/python3.12/site-packages:/home/DATA/DogRobot/ros2_ws/install/can_node/lib/python3.12/site-packages:/opt/ros/jazzy/lib/python3.12/site-packages /usr/bin/python3 -W ignore:setup.py install is deprecated setup.py egg_info --egg-base ../../build/add_integers build --build-base /home/DATA/DogRobot/ros2_ws/build/add_integers/build install --record /home/DATA/DogRobot/ros2_ws/build/add_integers/install.log --single-version-externally-managed install_data
