[0.010s] Invoking command in '/home/DATA/DogRobot/ros2_ws/build/wit_pkg': CMAKE_PREFIX_PATH=${CMAKE_PREFIX_PATH}:/home/DATA/DogRobot/ros2_ws/install/my_launch_package:/home/DATA/DogRobot/ros2_ws/install/gamepad_node:/home/DATA/DogRobot/ros2_ws/install/controller:/home/DATA/DogRobot/ros2_ws/install/can_node:/home/DATA/DogRobot/ros2_ws/install/add_integers:/opt/ros/jazzy DEBUGINFOD_URLS=https://debuginfod.ubuntu.com /usr/bin/cmake --build /home/DATA/DogRobot/ros2_ws/build/wit_pkg -- -j8 -l8
[0.036s] -- Found ament_cmake: 2.5.2 (/opt/ros/jazzy/share/ament_cmake/cmake)
[0.248s] -- Found rclcpp: 28.1.5 (/opt/ros/jazzy/share/rclcpp/cmake)
[0.274s] -- Found rosidl_generator_c: 4.6.4 (/opt/ros/jazzy/share/rosidl_generator_c/cmake)
[0.284s] -- Found rosidl_generator_cpp: 4.6.4 (/opt/ros/jazzy/share/rosidl_generator_cpp/cmake)
[0.296s] -- Using all available rosidl_typesupport_c: rosidl_typesupport_fastrtps_c;rosidl_typesupport_introspection_c
[0.310s] -- Using all available rosidl_typesupport_cpp: rosidl_typesupport_fastrtps_cpp;rosidl_typesupport_introspection_cpp
[0.375s] -- Found rmw_implementation_cmake: 7.3.1 (/opt/ros/jazzy/share/rmw_implementation_cmake/cmake)
[0.376s] -- Found rmw_fastrtps_cpp: 8.4.1 (/opt/ros/jazzy/share/rmw_fastrtps_cpp/cmake)
[0.442s] -- Using RMW implementation 'rmw_fastrtps_cpp' as default
[0.521s] -- Found wit_pkg: 0.0.0 (/home/DATA/DogRobot/ros2_ws/install/wit_pkg/share/wit_pkg/cmake)
[0.616s] -- Configuring done (0.6s)
[0.625s] -- Generating done (0.0s)
[0.627s] -- Build files have been written to: /home/DATA/DogRobot/ros2_ws/build/wit_pkg
[0.664s] [ 66%] Built target serial
[0.664s] [ 66%] Built target wit_c_sdk
[0.665s] [ 83%] [32m[1mLinking C executable consumer[0m
[0.686s] /usr/bin/ld: CMakeFiles/consumer.dir/src/readIMU.c.o: warning: relocation against `sReg' in read-only section `.text'
[0.688s] /usr/bin/ld: CMakeFiles/consumer.dir/src/readIMU.c.o: in function `main':
[0.688s] readIMU.c:(.text+0x55): undefined reference to `serial_open'
[0.688s] /usr/bin/ld: readIMU.c:(.text+0xc8): undefined reference to `WitInit'
[0.688s] /usr/bin/ld: readIMU.c:(.text+0xd7): undefined reference to `WitRegisterCallBack'
[0.688s] /usr/bin/ld: readIMU.c:(.text+0x109): undefined reference to `WitSerialDataIn'
[0.688s] /usr/bin/ld: readIMU.c:(.text+0x122): undefined reference to `serial_read_data'
[0.688s] /usr/bin/ld: readIMU.c:(.text+0x164): undefined reference to `sReg'
[0.689s] /usr/bin/ld: readIMU.c:(.text+0x1aa): undefined reference to `sReg'
[0.689s] /usr/bin/ld: readIMU.c:(.text+0x1f0): undefined reference to `sReg'
[0.689s] /usr/bin/ld: readIMU.c:(.text+0x38b): undefined reference to `sReg'
[0.689s] /usr/bin/ld: readIMU.c:(.text+0x395): undefined reference to `sReg'
[0.689s] /usr/bin/ld: CMakeFiles/consumer.dir/src/readIMU.c.o:readIMU.c:(.text+0x39f): more undefined references to `sReg' follow
[0.689s] /usr/bin/ld: CMakeFiles/consumer.dir/src/readIMU.c.o: in function `AutoScanSensor':
[0.689s] readIMU.c:(.text+0x4f0): undefined reference to `serial_close'
[0.689s] /usr/bin/ld: readIMU.c:(.text+0x534): undefined reference to `serial_open'
[0.689s] /usr/bin/ld: readIMU.c:(.text+0x557): undefined reference to `WitReadReg'
[0.689s] /usr/bin/ld: readIMU.c:(.text+0x571): undefined reference to `WitSerialDataIn'
[0.689s] /usr/bin/ld: readIMU.c:(.text+0x58a): undefined reference to `serial_read_data'
[0.689s] /usr/bin/ld: warning: creating DT_TEXTREL in a PIE
[0.689s] collect2: error: ld returned 1 exit status
[0.691s] gmake[2]: *** [CMakeFiles/consumer.dir/build.make:97: consumer] Error 1
[0.691s] gmake[1]: *** [CMakeFiles/Makefile2:193: CMakeFiles/consumer.dir/all] Error 2
[0.691s] gmake: *** [Makefile:146: all] Error 2
[0.693s] Invoked command in '/home/DATA/DogRobot/ros2_ws/build/wit_pkg' returned '2': CMAKE_PREFIX_PATH=${CMAKE_PREFIX_PATH}:/home/DATA/DogRobot/ros2_ws/install/my_launch_package:/home/DATA/DogRobot/ros2_ws/install/gamepad_node:/home/DATA/DogRobot/ros2_ws/install/controller:/home/DATA/DogRobot/ros2_ws/install/can_node:/home/DATA/DogRobot/ros2_ws/install/add_integers:/opt/ros/jazzy DEBUGINFOD_URLS=https://debuginfod.ubuntu.com /usr/bin/cmake --build /home/DATA/DogRobot/ros2_ws/build/wit_pkg -- -j8 -l8
