running egg_info
writing ../../build/controller/controller.egg-info/PKG-INFO
writing dependency_links to ../../build/controller/controller.egg-info/dependency_links.txt
writing entry points to ../../build/controller/controller.egg-info/entry_points.txt
writing requirements to ../../build/controller/controller.egg-info/requires.txt
writing top-level names to ../../build/controller/controller.egg-info/top_level.txt
reading manifest file '../../build/controller/controller.egg-info/SOURCES.txt'
writing manifest file '../../build/controller/controller.egg-info/SOURCES.txt'
running build
running build_py
copying controller/joy.py -> /home/vuong/Project/ROS2/ros2_ws/build/controller/build/lib/controller
copying controller/can_controller.py -> /home/vuong/Project/ROS2/ros2_ws/build/controller/build/lib/controller
copying controller/gamepad.py -> /home/vuong/Project/ROS2/ros2_ws/build/controller/build/lib/controller
copying controller/subcriber.py -> /home/vuong/Project/ROS2/ros2_ws/build/controller/build/lib/controller
copying controller/test.py -> /home/vuong/Project/ROS2/ros2_ws/build/controller/build/lib/controller
running install
running install_lib
copying /home/vuong/Project/ROS2/ros2_ws/build/controller/build/lib/controller/joy.py -> /home/vuong/Project/ROS2/ros2_ws/install/controller/lib/python3.12/site-packages/controller
copying /home/vuong/Project/ROS2/ros2_ws/build/controller/build/lib/controller/can_controller.py -> /home/vuong/Project/ROS2/ros2_ws/install/controller/lib/python3.12/site-packages/controller
copying /home/vuong/Project/ROS2/ros2_ws/build/controller/build/lib/controller/gamepad.py -> /home/vuong/Project/ROS2/ros2_ws/install/controller/lib/python3.12/site-packages/controller
copying /home/vuong/Project/ROS2/ros2_ws/build/controller/build/lib/controller/subcriber.py -> /home/vuong/Project/ROS2/ros2_ws/install/controller/lib/python3.12/site-packages/controller
copying /home/vuong/Project/ROS2/ros2_ws/build/controller/build/lib/controller/test.py -> /home/vuong/Project/ROS2/ros2_ws/install/controller/lib/python3.12/site-packages/controller
byte-compiling /home/vuong/Project/ROS2/ros2_ws/install/controller/lib/python3.12/site-packages/controller/joy.py to joy.cpython-312.pyc
byte-compiling /home/vuong/Project/ROS2/ros2_ws/install/controller/lib/python3.12/site-packages/controller/can_controller.py to can_controller.cpython-312.pyc
byte-compiling /home/vuong/Project/ROS2/ros2_ws/install/controller/lib/python3.12/site-packages/controller/gamepad.py to gamepad.cpython-312.pyc
byte-compiling /home/vuong/Project/ROS2/ros2_ws/install/controller/lib/python3.12/site-packages/controller/subcriber.py to subcriber.cpython-312.pyc
byte-compiling /home/vuong/Project/ROS2/ros2_ws/install/controller/lib/python3.12/site-packages/controller/test.py to test.cpython-312.pyc
running install_data
running install_egg_info
removing '/home/vuong/Project/ROS2/ros2_ws/install/controller/lib/python3.12/site-packages/controller-0.0.0-py3.12.egg-info' (and everything under it)
Copying ../../build/controller/controller.egg-info to /home/vuong/Project/ROS2/ros2_ws/install/controller/lib/python3.12/site-packages/controller-0.0.0-py3.12.egg-info
running install_scripts
Installing listener script to /home/vuong/Project/ROS2/ros2_ws/install/controller/lib/controller
Installing talker script to /home/vuong/Project/ROS2/ros2_ws/install/controller/lib/controller
writing list of installed files to '/home/vuong/Project/ROS2/ros2_ws/build/controller/install.log'
