[1.723s] Invoking command in '/home/vuong/Project/ROS2/ros2_ws/src/controller': DEBUGINFOD_URLS=https://debuginfod.ubuntu.com PYTHONPATH=/home/vuong/Project/ROS2/ros2_ws/build/controller/prefix_override:/usr/lib/python3/dist-packages/colcon_core/task/python/colcon_distutils_commands:/home/vuong/Project/ROS2/ros2_ws/install/controller/lib/python3.12/site-packages:${PYTHONPATH} /usr/bin/python3 -W ignore:setup.py install is deprecated setup.py egg_info --egg-base ../../build/controller build --build-base /home/vuong/Project/ROS2/ros2_ws/build/controller/build install --record /home/vuong/Project/ROS2/ros2_ws/build/controller/install.log --single-version-externally-managed install_data
[2.288s] running egg_info
[2.328s] writing ../../build/controller/controller.egg-info/PKG-INFO
[2.328s] writing dependency_links to ../../build/controller/controller.egg-info/dependency_links.txt
[2.328s] writing entry points to ../../build/controller/controller.egg-info/entry_points.txt
[2.329s] writing requirements to ../../build/controller/controller.egg-info/requires.txt
[2.329s] writing top-level names to ../../build/controller/controller.egg-info/top_level.txt
[2.410s] reading manifest file '../../build/controller/controller.egg-info/SOURCES.txt'
[2.412s] writing manifest file '../../build/controller/controller.egg-info/SOURCES.txt'
[2.412s] running build
[2.412s] running build_py
[2.412s] copying controller/joy.py -> /home/vuong/Project/ROS2/ros2_ws/build/controller/build/lib/controller
[2.412s] copying controller/can_controller.py -> /home/vuong/Project/ROS2/ros2_ws/build/controller/build/lib/controller
[2.413s] copying controller/gamepad.py -> /home/vuong/Project/ROS2/ros2_ws/build/controller/build/lib/controller
[2.414s] copying controller/subcriber.py -> /home/vuong/Project/ROS2/ros2_ws/build/controller/build/lib/controller
[2.414s] copying controller/test.py -> /home/vuong/Project/ROS2/ros2_ws/build/controller/build/lib/controller
[2.414s] running install
[2.421s] running install_lib
[2.447s] copying /home/vuong/Project/ROS2/ros2_ws/build/controller/build/lib/controller/joy.py -> /home/vuong/Project/ROS2/ros2_ws/install/controller/lib/python3.12/site-packages/controller
[2.448s] copying /home/vuong/Project/ROS2/ros2_ws/build/controller/build/lib/controller/can_controller.py -> /home/vuong/Project/ROS2/ros2_ws/install/controller/lib/python3.12/site-packages/controller
[2.448s] copying /home/vuong/Project/ROS2/ros2_ws/build/controller/build/lib/controller/gamepad.py -> /home/vuong/Project/ROS2/ros2_ws/install/controller/lib/python3.12/site-packages/controller
[2.448s] copying /home/vuong/Project/ROS2/ros2_ws/build/controller/build/lib/controller/subcriber.py -> /home/vuong/Project/ROS2/ros2_ws/install/controller/lib/python3.12/site-packages/controller
[2.448s] copying /home/vuong/Project/ROS2/ros2_ws/build/controller/build/lib/controller/test.py -> /home/vuong/Project/ROS2/ros2_ws/install/controller/lib/python3.12/site-packages/controller
[2.451s] byte-compiling /home/vuong/Project/ROS2/ros2_ws/install/controller/lib/python3.12/site-packages/controller/joy.py to joy.cpython-312.pyc
[2.452s] byte-compiling /home/vuong/Project/ROS2/ros2_ws/install/controller/lib/python3.12/site-packages/controller/can_controller.py to can_controller.cpython-312.pyc
[2.453s] byte-compiling /home/vuong/Project/ROS2/ros2_ws/install/controller/lib/python3.12/site-packages/controller/gamepad.py to gamepad.cpython-312.pyc
[2.453s] byte-compiling /home/vuong/Project/ROS2/ros2_ws/install/controller/lib/python3.12/site-packages/controller/subcriber.py to subcriber.cpython-312.pyc
[2.454s] byte-compiling /home/vuong/Project/ROS2/ros2_ws/install/controller/lib/python3.12/site-packages/controller/test.py to test.cpython-312.pyc
[2.455s] running install_data
[2.455s] running install_egg_info
[2.486s] removing '/home/vuong/Project/ROS2/ros2_ws/install/controller/lib/python3.12/site-packages/controller-0.0.0-py3.12.egg-info' (and everything under it)
[2.488s] Copying ../../build/controller/controller.egg-info to /home/vuong/Project/ROS2/ros2_ws/install/controller/lib/python3.12/site-packages/controller-0.0.0-py3.12.egg-info
[2.491s] running install_scripts
[2.771s] Installing listener script to /home/vuong/Project/ROS2/ros2_ws/install/controller/lib/controller
[2.771s] Installing talker script to /home/vuong/Project/ROS2/ros2_ws/install/controller/lib/controller
[2.771s] writing list of installed files to '/home/vuong/Project/ROS2/ros2_ws/build/controller/install.log'
[2.834s] Invoked command in '/home/vuong/Project/ROS2/ros2_ws/src/controller' returned '0': DEBUGINFOD_URLS=https://debuginfod.ubuntu.com PYTHONPATH=/home/vuong/Project/ROS2/ros2_ws/build/controller/prefix_override:/usr/lib/python3/dist-packages/colcon_core/task/python/colcon_distutils_commands:/home/vuong/Project/ROS2/ros2_ws/install/controller/lib/python3.12/site-packages:${PYTHONPATH} /usr/bin/python3 -W ignore:setup.py install is deprecated setup.py egg_info --egg-base ../../build/controller build --build-base /home/vuong/Project/ROS2/ros2_ws/build/controller/build install --record /home/vuong/Project/ROS2/ros2_ws/build/controller/install.log --single-version-externally-managed install_data
