[1.298s] Invoking command in '/home/DATA/DogRobot/ros2_ws/src/can_node': DEBUGINFOD_URLS=https://debuginfod.ubuntu.com PYTHONPATH=/home/DATA/DogRobot/ros2_ws/build/can_node/prefix_override:/usr/lib/python3/dist-packages/colcon_core/task/python/colcon_distutils_commands:/home/DATA/DogRobot/ros2_ws/install/can_node/lib/python3.12/site-packages:/home/DATA/DogRobot/ros2_ws/install/custom_interfaces/lib/python3.12/site-packages:/home/DATA/DogRobot/ros2_ws/install/my_launch_package/lib/python3.12/site-packages:/home/DATA/DogRobot/ros2_ws/install/gamepad_node/lib/python3.12/site-packages:/home/DATA/DogRobot/ros2_ws/install/controller/lib/python3.12/site-packages:/home/DATA/DogRobot/ros2_ws/install/can_node/lib/python3.12/site-packages:/home/DATA/DogRobot/ros2_ws/install/add_integers/lib/python3.12/site-packages:/opt/ros/jazzy/lib/python3.12/site-packages /usr/bin/python3 -W ignore:setup.py install is deprecated setup.py egg_info --egg-base ../../build/can_node build --build-base /home/DATA/DogRobot/ros2_ws/build/can_node/build install --record /home/DATA/DogRobot/ros2_ws/build/can_node/install.log --single-version-externally-managed install_data
[1.821s] running egg_info
[1.857s] writing ../../build/can_node/can_node.egg-info/PKG-INFO
[1.858s] writing dependency_links to ../../build/can_node/can_node.egg-info/dependency_links.txt
[1.858s] writing entry points to ../../build/can_node/can_node.egg-info/entry_points.txt
[1.859s] writing requirements to ../../build/can_node/can_node.egg-info/requires.txt
[1.860s] writing top-level names to ../../build/can_node/can_node.egg-info/top_level.txt
[1.952s] reading manifest file '../../build/can_node/can_node.egg-info/SOURCES.txt'
[1.953s] writing manifest file '../../build/can_node/can_node.egg-info/SOURCES.txt'
[1.954s] running build
[1.954s] running build_py
[1.954s] copying can_node/canController.py -> /home/DATA/DogRobot/ros2_ws/build/can_node/build/lib/can_node
[1.955s] running install
[1.971s] running install_lib
[2.013s] copying /home/DATA/DogRobot/ros2_ws/build/can_node/build/lib/can_node/canController.py -> /home/DATA/DogRobot/ros2_ws/install/can_node/lib/python3.12/site-packages/can_node
[2.016s] byte-compiling /home/DATA/DogRobot/ros2_ws/install/can_node/lib/python3.12/site-packages/can_node/canController.py to canController.cpython-312.pyc
[2.020s] running install_data
[2.021s] running install_egg_info
[2.086s] removing '/home/DATA/DogRobot/ros2_ws/install/can_node/lib/python3.12/site-packages/can_node-0.0.0-py3.12.egg-info' (and everything under it)
[2.090s] Copying ../../build/can_node/can_node.egg-info to /home/DATA/DogRobot/ros2_ws/install/can_node/lib/python3.12/site-packages/can_node-0.0.0-py3.12.egg-info
[2.092s] running install_scripts
[2.337s] Installing can script to /home/DATA/DogRobot/ros2_ws/install/can_node/lib/can_node
[2.337s] Installing listener script to /home/DATA/DogRobot/ros2_ws/install/can_node/lib/can_node
[2.337s] Installing talker script to /home/DATA/DogRobot/ros2_ws/install/can_node/lib/can_node
[2.341s] writing list of installed files to '/home/DATA/DogRobot/ros2_ws/build/can_node/install.log'
[2.455s] Invoked command in '/home/DATA/DogRobot/ros2_ws/src/can_node' returned '0': DEBUGINFOD_URLS=https://debuginfod.ubuntu.com PYTHONPATH=/home/DATA/DogRobot/ros2_ws/build/can_node/prefix_override:/usr/lib/python3/dist-packages/colcon_core/task/python/colcon_distutils_commands:/home/DATA/DogRobot/ros2_ws/install/can_node/lib/python3.12/site-packages:/home/DATA/DogRobot/ros2_ws/install/custom_interfaces/lib/python3.12/site-packages:/home/DATA/DogRobot/ros2_ws/install/my_launch_package/lib/python3.12/site-packages:/home/DATA/DogRobot/ros2_ws/install/gamepad_node/lib/python3.12/site-packages:/home/DATA/DogRobot/ros2_ws/install/controller/lib/python3.12/site-packages:/home/DATA/DogRobot/ros2_ws/install/can_node/lib/python3.12/site-packages:/home/DATA/DogRobot/ros2_ws/install/add_integers/lib/python3.12/site-packages:/opt/ros/jazzy/lib/python3.12/site-packages /usr/bin/python3 -W ignore:setup.py install is deprecated setup.py egg_info --egg-base ../../build/can_node build --build-base /home/DATA/DogRobot/ros2_ws/build/can_node/build install --record /home/DATA/DogRobot/ros2_ws/build/can_node/install.log --single-version-externally-managed install_data
