[0.178s] DEBUG:colcon:Command line arguments: ['/usr/bin/colcon', 'build']
[0.178s] DEBUG:colcon:Parsed command line arguments: Namespace(log_base=None, log_level=None, verb_name='build', build_base='build', install_base='install', merge_install=False, symlink_install=False, test_result_base=None, continue_on_error=False, executor='parallel', parallel_workers=8, event_handlers=None, ignore_user_meta=False, metas=['./colcon.meta'], base_paths=['.'], packages_ignore=None, packages_ignore_regex=None, paths=None, packages_up_to=None, packages_up_to_regex=None, packages_above=None, packages_above_and_dependencies=None, packages_above_depth=None, packages_select_by_dep=None, packages_skip_by_dep=None, packages_skip_up_to=None, packages_select_build_failed=False, packages_skip_build_finished=False, packages_select_test_failures=False, packages_skip_test_passed=False, packages_select=None, packages_skip=None, packages_select_regex=None, packages_skip_regex=None, packages_start=None, packages_end=None, allow_overriding=[], cmake_args=None, cmake_target=None, cmake_target_skip_unavailable=False, cmake_clean_cache=False, cmake_clean_first=False, cmake_force_configure=False, ament_cmake_args=None, catkin_cmake_args=None, catkin_skip_building_tests=False, mixin_files=None, mixin=None, verb_parser=<colcon_mixin.mixin.mixin_argument.MixinArgumentDecorator object at 0x7fcb99877920>, verb_extension=<colcon_core.verb.build.BuildVerb object at 0x7fcb9999dbe0>, main=<bound method BuildVerb.main of <colcon_core.verb.build.BuildVerb object at 0x7fcb9999dbe0>>, mixin_verb=('build',))
[0.238s] Level 1:colcon.colcon_core.package_discovery:discover_packages(colcon_meta) check parameters
[0.238s] Level 1:colcon.colcon_core.package_discovery:discover_packages(recursive) check parameters
[0.238s] Level 1:colcon.colcon_core.package_discovery:discover_packages(ignore) check parameters
[0.238s] Level 1:colcon.colcon_core.package_discovery:discover_packages(path) check parameters
[0.238s] Level 1:colcon.colcon_core.package_discovery:discover_packages(colcon_meta) discover
[0.238s] Level 1:colcon.colcon_core.package_discovery:discover_packages(recursive) discover
[0.238s] INFO:colcon.colcon_core.package_discovery:Crawling recursively for packages in '/home/DATA/DogRobot/ros2_ws'
[0.238s] Level 1:colcon.colcon_core.package_identification:_identify(.) by extensions ['ignore', 'ignore_ament_install']
[0.239s] Level 1:colcon.colcon_core.package_identification:_identify(.) by extension 'ignore'
[0.239s] Level 1:colcon.colcon_core.package_identification:_identify(.) by extension 'ignore_ament_install'
[0.239s] Level 1:colcon.colcon_core.package_identification:_identify(.) by extensions ['colcon_pkg']
[0.239s] Level 1:colcon.colcon_core.package_identification:_identify(.) by extension 'colcon_pkg'
[0.239s] Level 1:colcon.colcon_core.package_identification:_identify(.) by extensions ['colcon_meta']
[0.239s] Level 1:colcon.colcon_core.package_identification:_identify(.) by extension 'colcon_meta'
[0.239s] Level 1:colcon.colcon_core.package_identification:_identify(.) by extensions ['ros']
[0.239s] Level 1:colcon.colcon_core.package_identification:_identify(.) by extension 'ros'
[0.269s] Level 1:colcon.colcon_core.package_identification:_identify(.) by extensions ['cmake', 'python']
[0.269s] Level 1:colcon.colcon_core.package_identification:_identify(.) by extension 'cmake'
[0.269s] Level 1:colcon.colcon_core.package_identification:_identify(.) by extension 'python'
[0.269s] Level 1:colcon.colcon_core.package_identification:_identify(.) by extensions ['python_setup_py']
[0.269s] Level 1:colcon.colcon_core.package_identification:_identify(.) by extension 'python_setup_py'
[0.270s] Level 1:colcon.colcon_core.package_identification:_identify(build) by extensions ['ignore', 'ignore_ament_install']
[0.270s] Level 1:colcon.colcon_core.package_identification:_identify(build) by extension 'ignore'
[0.270s] Level 1:colcon.colcon_core.package_identification:_identify(build) ignored
[0.270s] Level 1:colcon.colcon_core.package_identification:_identify(install) by extensions ['ignore', 'ignore_ament_install']
[0.270s] Level 1:colcon.colcon_core.package_identification:_identify(install) by extension 'ignore'
[0.270s] Level 1:colcon.colcon_core.package_identification:_identify(install) ignored
[0.270s] Level 1:colcon.colcon_core.package_identification:_identify(log) by extensions ['ignore', 'ignore_ament_install']
[0.270s] Level 1:colcon.colcon_core.package_identification:_identify(log) by extension 'ignore'
[0.270s] Level 1:colcon.colcon_core.package_identification:_identify(log) ignored
[0.270s] Level 1:colcon.colcon_core.package_identification:_identify(src) by extensions ['ignore', 'ignore_ament_install']
[0.270s] Level 1:colcon.colcon_core.package_identification:_identify(src) by extension 'ignore'
[0.270s] Level 1:colcon.colcon_core.package_identification:_identify(src) by extension 'ignore_ament_install'
[0.271s] Level 1:colcon.colcon_core.package_identification:_identify(src) by extensions ['colcon_pkg']
[0.271s] Level 1:colcon.colcon_core.package_identification:_identify(src) by extension 'colcon_pkg'
[0.271s] Level 1:colcon.colcon_core.package_identification:_identify(src) by extensions ['colcon_meta']
[0.271s] Level 1:colcon.colcon_core.package_identification:_identify(src) by extension 'colcon_meta'
[0.271s] Level 1:colcon.colcon_core.package_identification:_identify(src) by extensions ['ros']
[0.271s] Level 1:colcon.colcon_core.package_identification:_identify(src) by extension 'ros'
[0.271s] Level 1:colcon.colcon_core.package_identification:_identify(src) by extensions ['cmake', 'python']
[0.271s] Level 1:colcon.colcon_core.package_identification:_identify(src) by extension 'cmake'
[0.271s] Level 1:colcon.colcon_core.package_identification:_identify(src) by extension 'python'
[0.271s] Level 1:colcon.colcon_core.package_identification:_identify(src) by extensions ['python_setup_py']
[0.271s] Level 1:colcon.colcon_core.package_identification:_identify(src) by extension 'python_setup_py'
[0.271s] Level 1:colcon.colcon_core.package_identification:_identify(src/add_integers) by extensions ['ignore', 'ignore_ament_install']
[0.271s] Level 1:colcon.colcon_core.package_identification:_identify(src/add_integers) by extension 'ignore'
[0.271s] Level 1:colcon.colcon_core.package_identification:_identify(src/add_integers) by extension 'ignore_ament_install'
[0.271s] Level 1:colcon.colcon_core.package_identification:_identify(src/add_integers) by extensions ['colcon_pkg']
[0.271s] Level 1:colcon.colcon_core.package_identification:_identify(src/add_integers) by extension 'colcon_pkg'
[0.271s] Level 1:colcon.colcon_core.package_identification:_identify(src/add_integers) by extensions ['colcon_meta']
[0.271s] Level 1:colcon.colcon_core.package_identification:_identify(src/add_integers) by extension 'colcon_meta'
[0.271s] Level 1:colcon.colcon_core.package_identification:_identify(src/add_integers) by extensions ['ros']
[0.271s] Level 1:colcon.colcon_core.package_identification:_identify(src/add_integers) by extension 'ros'
[0.275s] DEBUG:colcon.colcon_core.package_identification:Package 'src/add_integers' with type 'ros.ament_python' and name 'add_integers'
[0.275s] Level 1:colcon.colcon_core.package_identification:_identify(src/can_node) by extensions ['ignore', 'ignore_ament_install']
[0.275s] Level 1:colcon.colcon_core.package_identification:_identify(src/can_node) by extension 'ignore'
[0.275s] Level 1:colcon.colcon_core.package_identification:_identify(src/can_node) by extension 'ignore_ament_install'
[0.275s] Level 1:colcon.colcon_core.package_identification:_identify(src/can_node) by extensions ['colcon_pkg']
[0.275s] Level 1:colcon.colcon_core.package_identification:_identify(src/can_node) by extension 'colcon_pkg'
[0.275s] Level 1:colcon.colcon_core.package_identification:_identify(src/can_node) by extensions ['colcon_meta']
[0.275s] Level 1:colcon.colcon_core.package_identification:_identify(src/can_node) by extension 'colcon_meta'
[0.275s] Level 1:colcon.colcon_core.package_identification:_identify(src/can_node) by extensions ['ros']
[0.275s] Level 1:colcon.colcon_core.package_identification:_identify(src/can_node) by extension 'ros'
[0.276s] DEBUG:colcon.colcon_core.package_identification:Package 'src/can_node' with type 'ros.ament_python' and name 'can_node'
[0.276s] Level 1:colcon.colcon_core.package_identification:_identify(src/controller) by extensions ['ignore', 'ignore_ament_install']
[0.276s] Level 1:colcon.colcon_core.package_identification:_identify(src/controller) by extension 'ignore'
[0.276s] Level 1:colcon.colcon_core.package_identification:_identify(src/controller) by extension 'ignore_ament_install'
[0.277s] Level 1:colcon.colcon_core.package_identification:_identify(src/controller) by extensions ['colcon_pkg']
[0.277s] Level 1:colcon.colcon_core.package_identification:_identify(src/controller) by extension 'colcon_pkg'
[0.277s] Level 1:colcon.colcon_core.package_identification:_identify(src/controller) by extensions ['colcon_meta']
[0.277s] Level 1:colcon.colcon_core.package_identification:_identify(src/controller) by extension 'colcon_meta'
[0.277s] Level 1:colcon.colcon_core.package_identification:_identify(src/controller) by extensions ['ros']
[0.277s] Level 1:colcon.colcon_core.package_identification:_identify(src/controller) by extension 'ros'
[0.278s] DEBUG:colcon.colcon_core.package_identification:Package 'src/controller' with type 'ros.ament_python' and name 'controller'
[0.278s] Level 1:colcon.colcon_core.package_identification:_identify(src/custom_interfaces) by extensions ['ignore', 'ignore_ament_install']
[0.278s] Level 1:colcon.colcon_core.package_identification:_identify(src/custom_interfaces) by extension 'ignore'
[0.278s] Level 1:colcon.colcon_core.package_identification:_identify(src/custom_interfaces) by extension 'ignore_ament_install'
[0.278s] Level 1:colcon.colcon_core.package_identification:_identify(src/custom_interfaces) by extensions ['colcon_pkg']
[0.278s] Level 1:colcon.colcon_core.package_identification:_identify(src/custom_interfaces) by extension 'colcon_pkg'
[0.278s] Level 1:colcon.colcon_core.package_identification:_identify(src/custom_interfaces) by extensions ['colcon_meta']
[0.278s] Level 1:colcon.colcon_core.package_identification:_identify(src/custom_interfaces) by extension 'colcon_meta'
[0.278s] Level 1:colcon.colcon_core.package_identification:_identify(src/custom_interfaces) by extensions ['ros']
[0.278s] Level 1:colcon.colcon_core.package_identification:_identify(src/custom_interfaces) by extension 'ros'
[0.279s] DEBUG:colcon.colcon_core.package_identification:Package 'src/custom_interfaces' with type 'ros.ament_cmake' and name 'custom_interfaces'
[0.279s] Level 1:colcon.colcon_core.package_identification:_identify(src/gamepad_node) by extensions ['ignore', 'ignore_ament_install']
[0.279s] Level 1:colcon.colcon_core.package_identification:_identify(src/gamepad_node) by extension 'ignore'
[0.279s] Level 1:colcon.colcon_core.package_identification:_identify(src/gamepad_node) by extension 'ignore_ament_install'
[0.279s] Level 1:colcon.colcon_core.package_identification:_identify(src/gamepad_node) by extensions ['colcon_pkg']
[0.279s] Level 1:colcon.colcon_core.package_identification:_identify(src/gamepad_node) by extension 'colcon_pkg'
[0.279s] Level 1:colcon.colcon_core.package_identification:_identify(src/gamepad_node) by extensions ['colcon_meta']
[0.279s] Level 1:colcon.colcon_core.package_identification:_identify(src/gamepad_node) by extension 'colcon_meta'
[0.279s] Level 1:colcon.colcon_core.package_identification:_identify(src/gamepad_node) by extensions ['ros']
[0.280s] Level 1:colcon.colcon_core.package_identification:_identify(src/gamepad_node) by extension 'ros'
[0.281s] DEBUG:colcon.colcon_core.package_identification:Package 'src/gamepad_node' with type 'ros.ament_python' and name 'gamepad_node'
[0.281s] Level 1:colcon.colcon_core.package_identification:_identify(src/my_launch_package) by extensions ['ignore', 'ignore_ament_install']
[0.281s] Level 1:colcon.colcon_core.package_identification:_identify(src/my_launch_package) by extension 'ignore'
[0.281s] Level 1:colcon.colcon_core.package_identification:_identify(src/my_launch_package) by extension 'ignore_ament_install'
[0.281s] Level 1:colcon.colcon_core.package_identification:_identify(src/my_launch_package) by extensions ['colcon_pkg']
[0.281s] Level 1:colcon.colcon_core.package_identification:_identify(src/my_launch_package) by extension 'colcon_pkg'
[0.281s] Level 1:colcon.colcon_core.package_identification:_identify(src/my_launch_package) by extensions ['colcon_meta']
[0.281s] Level 1:colcon.colcon_core.package_identification:_identify(src/my_launch_package) by extension 'colcon_meta'
[0.281s] Level 1:colcon.colcon_core.package_identification:_identify(src/my_launch_package) by extensions ['ros']
[0.281s] Level 1:colcon.colcon_core.package_identification:_identify(src/my_launch_package) by extension 'ros'
[0.282s] DEBUG:colcon.colcon_core.package_identification:Package 'src/my_launch_package' with type 'ros.ament_python' and name 'my_launch_package'
[0.282s] Level 1:colcon.colcon_core.package_identification:_identify(src/simulation) by extensions ['ignore', 'ignore_ament_install']
[0.282s] Level 1:colcon.colcon_core.package_identification:_identify(src/simulation) by extension 'ignore'
[0.282s] Level 1:colcon.colcon_core.package_identification:_identify(src/simulation) by extension 'ignore_ament_install'
[0.282s] Level 1:colcon.colcon_core.package_identification:_identify(src/simulation) by extensions ['colcon_pkg']
[0.282s] Level 1:colcon.colcon_core.package_identification:_identify(src/simulation) by extension 'colcon_pkg'
[0.282s] Level 1:colcon.colcon_core.package_identification:_identify(src/simulation) by extensions ['colcon_meta']
[0.282s] Level 1:colcon.colcon_core.package_identification:_identify(src/simulation) by extension 'colcon_meta'
[0.282s] Level 1:colcon.colcon_core.package_identification:_identify(src/simulation) by extensions ['ros']
[0.283s] Level 1:colcon.colcon_core.package_identification:_identify(src/simulation) by extension 'ros'
[0.283s] DEBUG:colcon.colcon_core.package_identification:Package 'src/simulation' with type 'ros.ament_cmake' and name 'simulation'
[0.283s] Level 1:colcon.colcon_core.package_identification:_identify(src/simulation_control) by extensions ['ignore', 'ignore_ament_install']
[0.283s] Level 1:colcon.colcon_core.package_identification:_identify(src/simulation_control) by extension 'ignore'
[0.283s] Level 1:colcon.colcon_core.package_identification:_identify(src/simulation_control) by extension 'ignore_ament_install'
[0.283s] Level 1:colcon.colcon_core.package_identification:_identify(src/simulation_control) by extensions ['colcon_pkg']
[0.283s] Level 1:colcon.colcon_core.package_identification:_identify(src/simulation_control) by extension 'colcon_pkg'
[0.283s] Level 1:colcon.colcon_core.package_identification:_identify(src/simulation_control) by extensions ['colcon_meta']
[0.284s] Level 1:colcon.colcon_core.package_identification:_identify(src/simulation_control) by extension 'colcon_meta'
[0.284s] Level 1:colcon.colcon_core.package_identification:_identify(src/simulation_control) by extensions ['ros']
[0.284s] Level 1:colcon.colcon_core.package_identification:_identify(src/simulation_control) by extension 'ros'
[0.284s] DEBUG:colcon.colcon_core.package_identification:Package 'src/simulation_control' with type 'ros.ament_python' and name 'control'
[0.284s] Level 1:colcon.colcon_core.package_identification:_identify(src/wit_pkg) by extensions ['ignore', 'ignore_ament_install']
[0.284s] Level 1:colcon.colcon_core.package_identification:_identify(src/wit_pkg) by extension 'ignore'
[0.285s] Level 1:colcon.colcon_core.package_identification:_identify(src/wit_pkg) by extension 'ignore_ament_install'
[0.285s] Level 1:colcon.colcon_core.package_identification:_identify(src/wit_pkg) by extensions ['colcon_pkg']
[0.285s] Level 1:colcon.colcon_core.package_identification:_identify(src/wit_pkg) by extension 'colcon_pkg'
[0.285s] Level 1:colcon.colcon_core.package_identification:_identify(src/wit_pkg) by extensions ['colcon_meta']
[0.285s] Level 1:colcon.colcon_core.package_identification:_identify(src/wit_pkg) by extension 'colcon_meta'
[0.285s] Level 1:colcon.colcon_core.package_identification:_identify(src/wit_pkg) by extensions ['ros']
[0.285s] Level 1:colcon.colcon_core.package_identification:_identify(src/wit_pkg) by extension 'ros'
[0.286s] DEBUG:colcon.colcon_core.package_identification:Package 'src/wit_pkg' with type 'ros.ament_cmake' and name 'wit_pkg'
[0.286s] Level 1:colcon.colcon_core.package_discovery:discover_packages(recursive) using defaults
[0.286s] Level 1:colcon.colcon_core.package_discovery:discover_packages(ignore) discover
[0.286s] Level 1:colcon.colcon_core.package_discovery:discover_packages(ignore) using defaults
[0.286s] Level 1:colcon.colcon_core.package_discovery:discover_packages(path) discover
[0.286s] Level 1:colcon.colcon_core.package_discovery:discover_packages(path) using defaults
[0.315s] Level 1:colcon.colcon_core.package_discovery:discover_packages(prefix_path) check parameters
[0.315s] Level 1:colcon.colcon_core.package_discovery:discover_packages(prefix_path) discover
[0.320s] DEBUG:colcon.colcon_installed_package_information.package_discovery:Found 415 installed packages in /opt/ros/jazzy
[0.322s] Level 1:colcon.colcon_core.package_discovery:discover_packages(prefix_path) using defaults
[0.382s] Level 5:colcon.colcon_core.verb:set package 'custom_interfaces' build argument 'cmake_args' from command line to 'None'
[0.382s] Level 5:colcon.colcon_core.verb:set package 'custom_interfaces' build argument 'cmake_target' from command line to 'None'
[0.382s] Level 5:colcon.colcon_core.verb:set package 'custom_interfaces' build argument 'cmake_target_skip_unavailable' from command line to 'False'
[0.382s] Level 5:colcon.colcon_core.verb:set package 'custom_interfaces' build argument 'cmake_clean_cache' from command line to 'False'
[0.382s] Level 5:colcon.colcon_core.verb:set package 'custom_interfaces' build argument 'cmake_clean_first' from command line to 'False'
[0.382s] Level 5:colcon.colcon_core.verb:set package 'custom_interfaces' build argument 'cmake_force_configure' from command line to 'False'
[0.382s] Level 5:colcon.colcon_core.verb:set package 'custom_interfaces' build argument 'ament_cmake_args' from command line to 'None'
[0.382s] Level 5:colcon.colcon_core.verb:set package 'custom_interfaces' build argument 'catkin_cmake_args' from command line to 'None'
[0.382s] Level 5:colcon.colcon_core.verb:set package 'custom_interfaces' build argument 'catkin_skip_building_tests' from command line to 'False'
[0.382s] DEBUG:colcon.colcon_core.verb:Building package 'custom_interfaces' with the following arguments: {'ament_cmake_args': None, 'build_base': '/home/DATA/DogRobot/ros2_ws/build/custom_interfaces', 'catkin_cmake_args': None, 'catkin_skip_building_tests': False, 'cmake_args': None, 'cmake_clean_cache': False, 'cmake_clean_first': False, 'cmake_force_configure': False, 'cmake_target': None, 'cmake_target_skip_unavailable': False, 'install_base': '/home/DATA/DogRobot/ros2_ws/install/custom_interfaces', 'merge_install': False, 'path': '/home/DATA/DogRobot/ros2_ws/src/custom_interfaces', 'symlink_install': False, 'test_result_base': None}
[0.382s] Level 5:colcon.colcon_core.verb:set package 'my_launch_package' build argument 'cmake_args' from command line to 'None'
[0.382s] Level 5:colcon.colcon_core.verb:set package 'my_launch_package' build argument 'cmake_target' from command line to 'None'
[0.382s] Level 5:colcon.colcon_core.verb:set package 'my_launch_package' build argument 'cmake_target_skip_unavailable' from command line to 'False'
[0.382s] Level 5:colcon.colcon_core.verb:set package 'my_launch_package' build argument 'cmake_clean_cache' from command line to 'False'
[0.383s] Level 5:colcon.colcon_core.verb:set package 'my_launch_package' build argument 'cmake_clean_first' from command line to 'False'
[0.383s] Level 5:colcon.colcon_core.verb:set package 'my_launch_package' build argument 'cmake_force_configure' from command line to 'False'
[0.383s] Level 5:colcon.colcon_core.verb:set package 'my_launch_package' build argument 'ament_cmake_args' from command line to 'None'
[0.383s] Level 5:colcon.colcon_core.verb:set package 'my_launch_package' build argument 'catkin_cmake_args' from command line to 'None'
[0.383s] Level 5:colcon.colcon_core.verb:set package 'my_launch_package' build argument 'catkin_skip_building_tests' from command line to 'False'
[0.383s] DEBUG:colcon.colcon_core.verb:Building package 'my_launch_package' with the following arguments: {'ament_cmake_args': None, 'build_base': '/home/DATA/DogRobot/ros2_ws/build/my_launch_package', 'catkin_cmake_args': None, 'catkin_skip_building_tests': False, 'cmake_args': None, 'cmake_clean_cache': False, 'cmake_clean_first': False, 'cmake_force_configure': False, 'cmake_target': None, 'cmake_target_skip_unavailable': False, 'install_base': '/home/DATA/DogRobot/ros2_ws/install/my_launch_package', 'merge_install': False, 'path': '/home/DATA/DogRobot/ros2_ws/src/my_launch_package', 'symlink_install': False, 'test_result_base': None}
[0.383s] Level 5:colcon.colcon_core.verb:set package 'simulation' build argument 'cmake_args' from command line to 'None'
[0.383s] Level 5:colcon.colcon_core.verb:set package 'simulation' build argument 'cmake_target' from command line to 'None'
[0.383s] Level 5:colcon.colcon_core.verb:set package 'simulation' build argument 'cmake_target_skip_unavailable' from command line to 'False'
[0.383s] Level 5:colcon.colcon_core.verb:set package 'simulation' build argument 'cmake_clean_cache' from command line to 'False'
[0.383s] Level 5:colcon.colcon_core.verb:set package 'simulation' build argument 'cmake_clean_first' from command line to 'False'
[0.383s] Level 5:colcon.colcon_core.verb:set package 'simulation' build argument 'cmake_force_configure' from command line to 'False'
[0.383s] Level 5:colcon.colcon_core.verb:set package 'simulation' build argument 'ament_cmake_args' from command line to 'None'
[0.383s] Level 5:colcon.colcon_core.verb:set package 'simulation' build argument 'catkin_cmake_args' from command line to 'None'
[0.383s] Level 5:colcon.colcon_core.verb:set package 'simulation' build argument 'catkin_skip_building_tests' from command line to 'False'
[0.383s] DEBUG:colcon.colcon_core.verb:Building package 'simulation' with the following arguments: {'ament_cmake_args': None, 'build_base': '/home/DATA/DogRobot/ros2_ws/build/simulation', 'catkin_cmake_args': None, 'catkin_skip_building_tests': False, 'cmake_args': None, 'cmake_clean_cache': False, 'cmake_clean_first': False, 'cmake_force_configure': False, 'cmake_target': None, 'cmake_target_skip_unavailable': False, 'install_base': '/home/DATA/DogRobot/ros2_ws/install/simulation', 'merge_install': False, 'path': '/home/DATA/DogRobot/ros2_ws/src/simulation', 'symlink_install': False, 'test_result_base': None}
[0.383s] Level 5:colcon.colcon_core.verb:set package 'add_integers' build argument 'cmake_args' from command line to 'None'
[0.383s] Level 5:colcon.colcon_core.verb:set package 'add_integers' build argument 'cmake_target' from command line to 'None'
[0.383s] Level 5:colcon.colcon_core.verb:set package 'add_integers' build argument 'cmake_target_skip_unavailable' from command line to 'False'
[0.383s] Level 5:colcon.colcon_core.verb:set package 'add_integers' build argument 'cmake_clean_cache' from command line to 'False'
[0.383s] Level 5:colcon.colcon_core.verb:set package 'add_integers' build argument 'cmake_clean_first' from command line to 'False'
[0.383s] Level 5:colcon.colcon_core.verb:set package 'add_integers' build argument 'cmake_force_configure' from command line to 'False'
[0.384s] Level 5:colcon.colcon_core.verb:set package 'add_integers' build argument 'ament_cmake_args' from command line to 'None'
[0.384s] Level 5:colcon.colcon_core.verb:set package 'add_integers' build argument 'catkin_cmake_args' from command line to 'None'
[0.384s] Level 5:colcon.colcon_core.verb:set package 'add_integers' build argument 'catkin_skip_building_tests' from command line to 'False'
[0.384s] DEBUG:colcon.colcon_core.verb:Building package 'add_integers' with the following arguments: {'ament_cmake_args': None, 'build_base': '/home/DATA/DogRobot/ros2_ws/build/add_integers', 'catkin_cmake_args': None, 'catkin_skip_building_tests': False, 'cmake_args': None, 'cmake_clean_cache': False, 'cmake_clean_first': False, 'cmake_force_configure': False, 'cmake_target': None, 'cmake_target_skip_unavailable': False, 'install_base': '/home/DATA/DogRobot/ros2_ws/install/add_integers', 'merge_install': False, 'path': '/home/DATA/DogRobot/ros2_ws/src/add_integers', 'symlink_install': False, 'test_result_base': None}
[0.384s] Level 5:colcon.colcon_core.verb:set package 'can_node' build argument 'cmake_args' from command line to 'None'
[0.384s] Level 5:colcon.colcon_core.verb:set package 'can_node' build argument 'cmake_target' from command line to 'None'
[0.384s] Level 5:colcon.colcon_core.verb:set package 'can_node' build argument 'cmake_target_skip_unavailable' from command line to 'False'
[0.384s] Level 5:colcon.colcon_core.verb:set package 'can_node' build argument 'cmake_clean_cache' from command line to 'False'
[0.384s] Level 5:colcon.colcon_core.verb:set package 'can_node' build argument 'cmake_clean_first' from command line to 'False'
[0.384s] Level 5:colcon.colcon_core.verb:set package 'can_node' build argument 'cmake_force_configure' from command line to 'False'
[0.384s] Level 5:colcon.colcon_core.verb:set package 'can_node' build argument 'ament_cmake_args' from command line to 'None'
[0.384s] Level 5:colcon.colcon_core.verb:set package 'can_node' build argument 'catkin_cmake_args' from command line to 'None'
[0.384s] Level 5:colcon.colcon_core.verb:set package 'can_node' build argument 'catkin_skip_building_tests' from command line to 'False'
[0.384s] DEBUG:colcon.colcon_core.verb:Building package 'can_node' with the following arguments: {'ament_cmake_args': None, 'build_base': '/home/DATA/DogRobot/ros2_ws/build/can_node', 'catkin_cmake_args': None, 'catkin_skip_building_tests': False, 'cmake_args': None, 'cmake_clean_cache': False, 'cmake_clean_first': False, 'cmake_force_configure': False, 'cmake_target': None, 'cmake_target_skip_unavailable': False, 'install_base': '/home/DATA/DogRobot/ros2_ws/install/can_node', 'merge_install': False, 'path': '/home/DATA/DogRobot/ros2_ws/src/can_node', 'symlink_install': False, 'test_result_base': None}
[0.384s] Level 5:colcon.colcon_core.verb:set package 'control' build argument 'cmake_args' from command line to 'None'
[0.384s] Level 5:colcon.colcon_core.verb:set package 'control' build argument 'cmake_target' from command line to 'None'
[0.384s] Level 5:colcon.colcon_core.verb:set package 'control' build argument 'cmake_target_skip_unavailable' from command line to 'False'
[0.384s] Level 5:colcon.colcon_core.verb:set package 'control' build argument 'cmake_clean_cache' from command line to 'False'
[0.384s] Level 5:colcon.colcon_core.verb:set package 'control' build argument 'cmake_clean_first' from command line to 'False'
[0.384s] Level 5:colcon.colcon_core.verb:set package 'control' build argument 'cmake_force_configure' from command line to 'False'
[0.384s] Level 5:colcon.colcon_core.verb:set package 'control' build argument 'ament_cmake_args' from command line to 'None'
[0.384s] Level 5:colcon.colcon_core.verb:set package 'control' build argument 'catkin_cmake_args' from command line to 'None'
[0.384s] Level 5:colcon.colcon_core.verb:set package 'control' build argument 'catkin_skip_building_tests' from command line to 'False'
[0.385s] DEBUG:colcon.colcon_core.verb:Building package 'control' with the following arguments: {'ament_cmake_args': None, 'build_base': '/home/DATA/DogRobot/ros2_ws/build/control', 'catkin_cmake_args': None, 'catkin_skip_building_tests': False, 'cmake_args': None, 'cmake_clean_cache': False, 'cmake_clean_first': False, 'cmake_force_configure': False, 'cmake_target': None, 'cmake_target_skip_unavailable': False, 'install_base': '/home/DATA/DogRobot/ros2_ws/install/control', 'merge_install': False, 'path': '/home/DATA/DogRobot/ros2_ws/src/simulation_control', 'symlink_install': False, 'test_result_base': None}
[0.385s] Level 5:colcon.colcon_core.verb:set package 'gamepad_node' build argument 'cmake_args' from command line to 'None'
[0.385s] Level 5:colcon.colcon_core.verb:set package 'gamepad_node' build argument 'cmake_target' from command line to 'None'
[0.385s] Level 5:colcon.colcon_core.verb:set package 'gamepad_node' build argument 'cmake_target_skip_unavailable' from command line to 'False'
[0.385s] Level 5:colcon.colcon_core.verb:set package 'gamepad_node' build argument 'cmake_clean_cache' from command line to 'False'
[0.385s] Level 5:colcon.colcon_core.verb:set package 'gamepad_node' build argument 'cmake_clean_first' from command line to 'False'
[0.385s] Level 5:colcon.colcon_core.verb:set package 'gamepad_node' build argument 'cmake_force_configure' from command line to 'False'
[0.385s] Level 5:colcon.colcon_core.verb:set package 'gamepad_node' build argument 'ament_cmake_args' from command line to 'None'
[0.385s] Level 5:colcon.colcon_core.verb:set package 'gamepad_node' build argument 'catkin_cmake_args' from command line to 'None'
[0.385s] Level 5:colcon.colcon_core.verb:set package 'gamepad_node' build argument 'catkin_skip_building_tests' from command line to 'False'
[0.385s] DEBUG:colcon.colcon_core.verb:Building package 'gamepad_node' with the following arguments: {'ament_cmake_args': None, 'build_base': '/home/DATA/DogRobot/ros2_ws/build/gamepad_node', 'catkin_cmake_args': None, 'catkin_skip_building_tests': False, 'cmake_args': None, 'cmake_clean_cache': False, 'cmake_clean_first': False, 'cmake_force_configure': False, 'cmake_target': None, 'cmake_target_skip_unavailable': False, 'install_base': '/home/DATA/DogRobot/ros2_ws/install/gamepad_node', 'merge_install': False, 'path': '/home/DATA/DogRobot/ros2_ws/src/gamepad_node', 'symlink_install': False, 'test_result_base': None}
[0.385s] Level 5:colcon.colcon_core.verb:set package 'wit_pkg' build argument 'cmake_args' from command line to 'None'
[0.385s] Level 5:colcon.colcon_core.verb:set package 'wit_pkg' build argument 'cmake_target' from command line to 'None'
[0.385s] Level 5:colcon.colcon_core.verb:set package 'wit_pkg' build argument 'cmake_target_skip_unavailable' from command line to 'False'
[0.385s] Level 5:colcon.colcon_core.verb:set package 'wit_pkg' build argument 'cmake_clean_cache' from command line to 'False'
[0.385s] Level 5:colcon.colcon_core.verb:set package 'wit_pkg' build argument 'cmake_clean_first' from command line to 'False'
[0.385s] Level 5:colcon.colcon_core.verb:set package 'wit_pkg' build argument 'cmake_force_configure' from command line to 'False'
[0.385s] Level 5:colcon.colcon_core.verb:set package 'wit_pkg' build argument 'ament_cmake_args' from command line to 'None'
[0.385s] Level 5:colcon.colcon_core.verb:set package 'wit_pkg' build argument 'catkin_cmake_args' from command line to 'None'
[0.385s] Level 5:colcon.colcon_core.verb:set package 'wit_pkg' build argument 'catkin_skip_building_tests' from command line to 'False'
[0.385s] DEBUG:colcon.colcon_core.verb:Building package 'wit_pkg' with the following arguments: {'ament_cmake_args': None, 'build_base': '/home/DATA/DogRobot/ros2_ws/build/wit_pkg', 'catkin_cmake_args': None, 'catkin_skip_building_tests': False, 'cmake_args': None, 'cmake_clean_cache': False, 'cmake_clean_first': False, 'cmake_force_configure': False, 'cmake_target': None, 'cmake_target_skip_unavailable': False, 'install_base': '/home/DATA/DogRobot/ros2_ws/install/wit_pkg', 'merge_install': False, 'path': '/home/DATA/DogRobot/ros2_ws/src/wit_pkg', 'symlink_install': False, 'test_result_base': None}
[0.386s] Level 5:colcon.colcon_core.verb:set package 'controller' build argument 'cmake_args' from command line to 'None'
[0.386s] Level 5:colcon.colcon_core.verb:set package 'controller' build argument 'cmake_target' from command line to 'None'
[0.386s] Level 5:colcon.colcon_core.verb:set package 'controller' build argument 'cmake_target_skip_unavailable' from command line to 'False'
[0.386s] Level 5:colcon.colcon_core.verb:set package 'controller' build argument 'cmake_clean_cache' from command line to 'False'
[0.386s] Level 5:colcon.colcon_core.verb:set package 'controller' build argument 'cmake_clean_first' from command line to 'False'
[0.386s] Level 5:colcon.colcon_core.verb:set package 'controller' build argument 'cmake_force_configure' from command line to 'False'
[0.386s] Level 5:colcon.colcon_core.verb:set package 'controller' build argument 'ament_cmake_args' from command line to 'None'
[0.386s] Level 5:colcon.colcon_core.verb:set package 'controller' build argument 'catkin_cmake_args' from command line to 'None'
[0.386s] Level 5:colcon.colcon_core.verb:set package 'controller' build argument 'catkin_skip_building_tests' from command line to 'False'
[0.386s] DEBUG:colcon.colcon_core.verb:Building package 'controller' with the following arguments: {'ament_cmake_args': None, 'build_base': '/home/DATA/DogRobot/ros2_ws/build/controller', 'catkin_cmake_args': None, 'catkin_skip_building_tests': False, 'cmake_args': None, 'cmake_clean_cache': False, 'cmake_clean_first': False, 'cmake_force_configure': False, 'cmake_target': None, 'cmake_target_skip_unavailable': False, 'install_base': '/home/DATA/DogRobot/ros2_ws/install/controller', 'merge_install': False, 'path': '/home/DATA/DogRobot/ros2_ws/src/controller', 'symlink_install': False, 'test_result_base': None}
[0.386s] INFO:colcon.colcon_core.executor:Executing jobs using 'parallel' executor
[0.387s] DEBUG:colcon.colcon_parallel_executor.executor.parallel:run_until_complete
[0.387s] INFO:colcon.colcon_ros.task.ament_cmake.build:Building ROS package in '/home/DATA/DogRobot/ros2_ws/src/custom_interfaces' with build type 'ament_cmake'
[0.387s] INFO:colcon.colcon_cmake.task.cmake.build:Building CMake package in '/home/DATA/DogRobot/ros2_ws/src/custom_interfaces'
[0.391s] INFO:colcon.colcon_core.plugin_system:Skipping extension 'colcon_core.shell.bat': Not used on non-Windows systems
[0.391s] INFO:colcon.colcon_core.shell:Skip shell extension 'powershell' for command environment: Not usable outside of PowerShell
[0.391s] DEBUG:colcon.colcon_core.shell:Skip shell extension 'dsv' for command environment
[0.394s] INFO:colcon.colcon_ros.task.ament_python.build:Building ROS package in '/home/DATA/DogRobot/ros2_ws/src/my_launch_package' with build type 'ament_python'
[0.395s] Level 1:colcon.colcon_core.shell:create_environment_hook('my_launch_package', 'ament_prefix_path')
[0.395s] INFO:colcon.colcon_core.shell:Creating environment hook '/home/DATA/DogRobot/ros2_ws/install/my_launch_package/share/my_launch_package/hook/ament_prefix_path.ps1'
[0.395s] INFO:colcon.colcon_core.shell:Creating environment descriptor '/home/DATA/DogRobot/ros2_ws/install/my_launch_package/share/my_launch_package/hook/ament_prefix_path.dsv'
[0.396s] INFO:colcon.colcon_core.shell:Creating environment hook '/home/DATA/DogRobot/ros2_ws/install/my_launch_package/share/my_launch_package/hook/ament_prefix_path.sh'
[0.397s] INFO:colcon.colcon_core.shell:Skip shell extension 'powershell' for command environment: Not usable outside of PowerShell
[0.397s] DEBUG:colcon.colcon_core.shell:Skip shell extension 'dsv' for command environment
[0.399s] INFO:colcon.colcon_ros.task.ament_cmake.build:Building ROS package in '/home/DATA/DogRobot/ros2_ws/src/simulation' with build type 'ament_cmake'
[0.400s] INFO:colcon.colcon_cmake.task.cmake.build:Building CMake package in '/home/DATA/DogRobot/ros2_ws/src/simulation'
[0.400s] INFO:colcon.colcon_core.shell:Skip shell extension 'powershell' for command environment: Not usable outside of PowerShell
[0.400s] DEBUG:colcon.colcon_core.shell:Skip shell extension 'dsv' for command environment
[0.408s] DEBUG:colcon.colcon_core.event_handler.log_command:Invoking command in '/home/DATA/DogRobot/ros2_ws/build/custom_interfaces': CMAKE_PREFIX_PATH=${CMAKE_PREFIX_PATH}:/opt/ros/jazzy DEBUGINFOD_URLS=https://debuginfod.ubuntu.com /usr/bin/cmake --build /home/DATA/DogRobot/ros2_ws/build/custom_interfaces -- -j8 -l8
[0.694s] INFO:colcon.colcon_core.task.python.build:Building Python package in '/home/DATA/DogRobot/ros2_ws/src/my_launch_package'
[0.694s] INFO:colcon.colcon_core.shell:Skip shell extension 'powershell' for command environment: Not usable outside of PowerShell
[0.694s] DEBUG:colcon.colcon_core.shell:Skip shell extension 'dsv' for command environment
[0.705s] DEBUG:colcon.colcon_core.event_handler.log_command:Invoking command in '/home/DATA/DogRobot/ros2_ws/build/simulation': CMAKE_PREFIX_PATH=${CMAKE_PREFIX_PATH}:/opt/ros/jazzy DEBUGINFOD_URLS=https://debuginfod.ubuntu.com /usr/bin/cmake --build /home/DATA/DogRobot/ros2_ws/build/simulation -- -j8 -l8
[0.745s] DEBUG:colcon.colcon_core.event_handler.log_command:Invoked command in '/home/DATA/DogRobot/ros2_ws/build/simulation' returned '0': CMAKE_PREFIX_PATH=${CMAKE_PREFIX_PATH}:/opt/ros/jazzy DEBUGINFOD_URLS=https://debuginfod.ubuntu.com /usr/bin/cmake --build /home/DATA/DogRobot/ros2_ws/build/simulation -- -j8 -l8
[0.774s] DEBUG:colcon.colcon_core.event_handler.log_command:Invoking command in '/home/DATA/DogRobot/ros2_ws/build/simulation': CMAKE_PREFIX_PATH=${CMAKE_PREFIX_PATH}:/opt/ros/jazzy DEBUGINFOD_URLS=https://debuginfod.ubuntu.com /usr/bin/cmake --install /home/DATA/DogRobot/ros2_ws/build/simulation
[0.791s] Level 1:colcon.colcon_core.environment:create_environment_scripts_only(simulation)
[0.793s] DEBUG:colcon.colcon_core.event_handler.log_command:Invoked command in '/home/DATA/DogRobot/ros2_ws/build/simulation' returned '0': CMAKE_PREFIX_PATH=${CMAKE_PREFIX_PATH}:/opt/ros/jazzy DEBUGINFOD_URLS=https://debuginfod.ubuntu.com /usr/bin/cmake --install /home/DATA/DogRobot/ros2_ws/build/simulation
[0.800s] Level 1:colcon.colcon_core.environment:checking '/home/DATA/DogRobot/ros2_ws/install/simulation' for CMake module files
[0.801s] Level 1:colcon.colcon_core.environment:checking '/home/DATA/DogRobot/ros2_ws/install/simulation' for CMake config files
[0.802s] Level 1:colcon.colcon_core.shell:create_environment_hook('simulation', 'cmake_prefix_path')
[0.802s] INFO:colcon.colcon_core.shell:Creating environment hook '/home/DATA/DogRobot/ros2_ws/install/simulation/share/simulation/hook/cmake_prefix_path.ps1'
[0.803s] INFO:colcon.colcon_core.shell:Creating environment descriptor '/home/DATA/DogRobot/ros2_ws/install/simulation/share/simulation/hook/cmake_prefix_path.dsv'
[0.803s] INFO:colcon.colcon_core.shell:Creating environment hook '/home/DATA/DogRobot/ros2_ws/install/simulation/share/simulation/hook/cmake_prefix_path.sh'
[0.804s] Level 1:colcon.colcon_core.environment:checking '/home/DATA/DogRobot/ros2_ws/install/simulation/bin'
[0.805s] Level 1:colcon.colcon_core.environment:checking '/home/DATA/DogRobot/ros2_ws/install/simulation/lib/pkgconfig/simulation.pc'
[0.805s] Level 1:colcon.colcon_core.environment:checking '/home/DATA/DogRobot/ros2_ws/install/simulation/lib/python3.12/site-packages'
[0.805s] Level 1:colcon.colcon_core.environment:checking '/home/DATA/DogRobot/ros2_ws/install/simulation/bin'
[0.806s] INFO:colcon.colcon_core.shell:Creating package script '/home/DATA/DogRobot/ros2_ws/install/simulation/share/simulation/package.ps1'
[0.807s] INFO:colcon.colcon_core.shell:Creating package descriptor '/home/DATA/DogRobot/ros2_ws/install/simulation/share/simulation/package.dsv'
[0.808s] INFO:colcon.colcon_core.shell:Creating package script '/home/DATA/DogRobot/ros2_ws/install/simulation/share/simulation/package.sh'
[0.809s] INFO:colcon.colcon_core.shell:Creating package script '/home/DATA/DogRobot/ros2_ws/install/simulation/share/simulation/package.bash'
[0.811s] INFO:colcon.colcon_core.shell:Creating package script '/home/DATA/DogRobot/ros2_ws/install/simulation/share/simulation/package.zsh'
[0.812s] Level 1:colcon.colcon_core.environment:create_file_with_runtime_dependencies(/home/DATA/DogRobot/ros2_ws/install/simulation/share/colcon-core/packages/simulation)
[0.840s] Level 1:colcon.colcon_core.environment:create_environment_scripts_only(simulation)
[0.840s] Level 1:colcon.colcon_core.environment:checking '/home/DATA/DogRobot/ros2_ws/install/simulation' for CMake module files
[0.841s] Level 1:colcon.colcon_core.environment:checking '/home/DATA/DogRobot/ros2_ws/install/simulation' for CMake config files
[0.841s] Level 1:colcon.colcon_core.shell:create_environment_hook('simulation', 'cmake_prefix_path')
[0.842s] INFO:colcon.colcon_core.shell:Creating environment hook '/home/DATA/DogRobot/ros2_ws/install/simulation/share/simulation/hook/cmake_prefix_path.ps1'
[0.842s] INFO:colcon.colcon_core.shell:Creating environment descriptor '/home/DATA/DogRobot/ros2_ws/install/simulation/share/simulation/hook/cmake_prefix_path.dsv'
[0.843s] INFO:colcon.colcon_core.shell:Creating environment hook '/home/DATA/DogRobot/ros2_ws/install/simulation/share/simulation/hook/cmake_prefix_path.sh'
[0.843s] Level 1:colcon.colcon_core.environment:checking '/home/DATA/DogRobot/ros2_ws/install/simulation/bin'
[0.844s] Level 1:colcon.colcon_core.environment:checking '/home/DATA/DogRobot/ros2_ws/install/simulation/lib/pkgconfig/simulation.pc'
[0.844s] Level 1:colcon.colcon_core.environment:checking '/home/DATA/DogRobot/ros2_ws/install/simulation/lib/python3.12/site-packages'
[0.844s] Level 1:colcon.colcon_core.environment:checking '/home/DATA/DogRobot/ros2_ws/install/simulation/bin'
[0.845s] INFO:colcon.colcon_core.shell:Creating package script '/home/DATA/DogRobot/ros2_ws/install/simulation/share/simulation/package.ps1'
[0.845s] INFO:colcon.colcon_core.shell:Creating package descriptor '/home/DATA/DogRobot/ros2_ws/install/simulation/share/simulation/package.dsv'
[0.846s] INFO:colcon.colcon_core.shell:Creating package script '/home/DATA/DogRobot/ros2_ws/install/simulation/share/simulation/package.sh'
[0.847s] INFO:colcon.colcon_core.shell:Creating package script '/home/DATA/DogRobot/ros2_ws/install/simulation/share/simulation/package.bash'
[0.848s] INFO:colcon.colcon_core.shell:Creating package script '/home/DATA/DogRobot/ros2_ws/install/simulation/share/simulation/package.zsh'
[0.848s] Level 1:colcon.colcon_core.environment:create_file_with_runtime_dependencies(/home/DATA/DogRobot/ros2_ws/install/simulation/share/colcon-core/packages/simulation)
[1.006s] DEBUG:colcon.colcon_core.event_handler.log_command:Invoked command in '/home/DATA/DogRobot/ros2_ws/build/custom_interfaces' returned '0': CMAKE_PREFIX_PATH=${CMAKE_PREFIX_PATH}:/opt/ros/jazzy DEBUGINFOD_URLS=https://debuginfod.ubuntu.com /usr/bin/cmake --build /home/DATA/DogRobot/ros2_ws/build/custom_interfaces -- -j8 -l8
[1.119s] DEBUG:colcon.colcon_core.event_handler.log_command:Invoking command in '/home/DATA/DogRobot/ros2_ws/build/custom_interfaces': CMAKE_PREFIX_PATH=${CMAKE_PREFIX_PATH}:/opt/ros/jazzy DEBUGINFOD_URLS=https://debuginfod.ubuntu.com /usr/bin/cmake --install /home/DATA/DogRobot/ros2_ws/build/custom_interfaces
[1.195s] Level 1:colcon.colcon_core.environment:create_environment_scripts_only(custom_interfaces)
[1.195s] Level 1:colcon.colcon_core.environment:checking '/home/DATA/DogRobot/ros2_ws/install/custom_interfaces' for CMake module files
[1.196s] DEBUG:colcon.colcon_core.event_handler.log_command:Invoked command in '/home/DATA/DogRobot/ros2_ws/build/custom_interfaces' returned '0': CMAKE_PREFIX_PATH=${CMAKE_PREFIX_PATH}:/opt/ros/jazzy DEBUGINFOD_URLS=https://debuginfod.ubuntu.com /usr/bin/cmake --install /home/DATA/DogRobot/ros2_ws/build/custom_interfaces
[1.196s] Level 1:colcon.colcon_core.environment:checking '/home/DATA/DogRobot/ros2_ws/install/custom_interfaces' for CMake config files
[1.197s] Level 1:colcon.colcon_core.shell:create_environment_hook('custom_interfaces', 'cmake_prefix_path')
[1.197s] INFO:colcon.colcon_core.shell:Creating environment hook '/home/DATA/DogRobot/ros2_ws/install/custom_interfaces/share/custom_interfaces/hook/cmake_prefix_path.ps1'
[1.197s] INFO:colcon.colcon_core.shell:Creating environment descriptor '/home/DATA/DogRobot/ros2_ws/install/custom_interfaces/share/custom_interfaces/hook/cmake_prefix_path.dsv'
[1.197s] INFO:colcon.colcon_core.shell:Creating environment hook '/home/DATA/DogRobot/ros2_ws/install/custom_interfaces/share/custom_interfaces/hook/cmake_prefix_path.sh'
[1.198s] Level 1:colcon.colcon_core.environment:checking '/home/DATA/DogRobot/ros2_ws/install/custom_interfaces/lib'
[1.198s] Level 1:colcon.colcon_core.shell:create_environment_hook('custom_interfaces', 'ld_library_path_lib')
[1.198s] INFO:colcon.colcon_core.shell:Creating environment hook '/home/DATA/DogRobot/ros2_ws/install/custom_interfaces/share/custom_interfaces/hook/ld_library_path_lib.ps1'
[1.199s] INFO:colcon.colcon_core.shell:Creating environment descriptor '/home/DATA/DogRobot/ros2_ws/install/custom_interfaces/share/custom_interfaces/hook/ld_library_path_lib.dsv'
[1.199s] INFO:colcon.colcon_core.shell:Creating environment hook '/home/DATA/DogRobot/ros2_ws/install/custom_interfaces/share/custom_interfaces/hook/ld_library_path_lib.sh'
[1.199s] Level 1:colcon.colcon_core.environment:checking '/home/DATA/DogRobot/ros2_ws/install/custom_interfaces/bin'
[1.199s] Level 1:colcon.colcon_core.environment:checking '/home/DATA/DogRobot/ros2_ws/install/custom_interfaces/lib/pkgconfig/custom_interfaces.pc'
[1.200s] Level 1:colcon.colcon_core.environment:checking '/home/DATA/DogRobot/ros2_ws/install/custom_interfaces/lib/python3.12/site-packages'
[1.200s] Level 1:colcon.colcon_core.shell:create_environment_hook('custom_interfaces', 'pythonpath')
[1.200s] INFO:colcon.colcon_core.shell:Creating environment hook '/home/DATA/DogRobot/ros2_ws/install/custom_interfaces/share/custom_interfaces/hook/pythonpath.ps1'
[1.200s] INFO:colcon.colcon_core.shell:Creating environment descriptor '/home/DATA/DogRobot/ros2_ws/install/custom_interfaces/share/custom_interfaces/hook/pythonpath.dsv'
[1.201s] INFO:colcon.colcon_core.shell:Creating environment hook '/home/DATA/DogRobot/ros2_ws/install/custom_interfaces/share/custom_interfaces/hook/pythonpath.sh'
[1.201s] Level 1:colcon.colcon_core.environment:checking '/home/DATA/DogRobot/ros2_ws/install/custom_interfaces/bin'
[1.201s] INFO:colcon.colcon_core.shell:Creating package script '/home/DATA/DogRobot/ros2_ws/install/custom_interfaces/share/custom_interfaces/package.ps1'
[1.202s] INFO:colcon.colcon_core.shell:Creating package descriptor '/home/DATA/DogRobot/ros2_ws/install/custom_interfaces/share/custom_interfaces/package.dsv'
[1.202s] INFO:colcon.colcon_core.shell:Creating package script '/home/DATA/DogRobot/ros2_ws/install/custom_interfaces/share/custom_interfaces/package.sh'
[1.203s] INFO:colcon.colcon_core.shell:Creating package script '/home/DATA/DogRobot/ros2_ws/install/custom_interfaces/share/custom_interfaces/package.bash'
[1.203s] INFO:colcon.colcon_core.shell:Creating package script '/home/DATA/DogRobot/ros2_ws/install/custom_interfaces/share/custom_interfaces/package.zsh'
[1.203s] Level 1:colcon.colcon_core.environment:create_file_with_runtime_dependencies(/home/DATA/DogRobot/ros2_ws/install/custom_interfaces/share/colcon-core/packages/custom_interfaces)
[1.304s] Level 1:colcon.colcon_core.environment:create_environment_scripts_only(custom_interfaces)
[1.304s] Level 1:colcon.colcon_core.environment:checking '/home/DATA/DogRobot/ros2_ws/install/custom_interfaces' for CMake module files
[1.305s] Level 1:colcon.colcon_core.environment:checking '/home/DATA/DogRobot/ros2_ws/install/custom_interfaces' for CMake config files
[1.306s] Level 1:colcon.colcon_core.shell:create_environment_hook('custom_interfaces', 'cmake_prefix_path')
[1.306s] INFO:colcon.colcon_core.shell:Creating environment hook '/home/DATA/DogRobot/ros2_ws/install/custom_interfaces/share/custom_interfaces/hook/cmake_prefix_path.ps1'
[1.306s] INFO:colcon.colcon_core.shell:Creating environment descriptor '/home/DATA/DogRobot/ros2_ws/install/custom_interfaces/share/custom_interfaces/hook/cmake_prefix_path.dsv'
[1.307s] INFO:colcon.colcon_core.shell:Creating environment hook '/home/DATA/DogRobot/ros2_ws/install/custom_interfaces/share/custom_interfaces/hook/cmake_prefix_path.sh'
[1.307s] Level 1:colcon.colcon_core.environment:checking '/home/DATA/DogRobot/ros2_ws/install/custom_interfaces/lib'
[1.308s] Level 1:colcon.colcon_core.shell:create_environment_hook('custom_interfaces', 'ld_library_path_lib')
[1.308s] INFO:colcon.colcon_core.shell:Creating environment hook '/home/DATA/DogRobot/ros2_ws/install/custom_interfaces/share/custom_interfaces/hook/ld_library_path_lib.ps1'
[1.308s] INFO:colcon.colcon_core.shell:Creating environment descriptor '/home/DATA/DogRobot/ros2_ws/install/custom_interfaces/share/custom_interfaces/hook/ld_library_path_lib.dsv'
[1.309s] INFO:colcon.colcon_core.shell:Creating environment hook '/home/DATA/DogRobot/ros2_ws/install/custom_interfaces/share/custom_interfaces/hook/ld_library_path_lib.sh'
[1.309s] Level 1:colcon.colcon_core.environment:checking '/home/DATA/DogRobot/ros2_ws/install/custom_interfaces/bin'
[1.309s] Level 1:colcon.colcon_core.environment:checking '/home/DATA/DogRobot/ros2_ws/install/custom_interfaces/lib/pkgconfig/custom_interfaces.pc'
[1.310s] Level 1:colcon.colcon_core.environment:checking '/home/DATA/DogRobot/ros2_ws/install/custom_interfaces/lib/python3.12/site-packages'
[1.310s] Level 1:colcon.colcon_core.shell:create_environment_hook('custom_interfaces', 'pythonpath')
[1.310s] INFO:colcon.colcon_core.shell:Creating environment hook '/home/DATA/DogRobot/ros2_ws/install/custom_interfaces/share/custom_interfaces/hook/pythonpath.ps1'
[1.310s] INFO:colcon.colcon_core.shell:Creating environment descriptor '/home/DATA/DogRobot/ros2_ws/install/custom_interfaces/share/custom_interfaces/hook/pythonpath.dsv'
[1.311s] INFO:colcon.colcon_core.shell:Creating environment hook '/home/DATA/DogRobot/ros2_ws/install/custom_interfaces/share/custom_interfaces/hook/pythonpath.sh'
[1.311s] Level 1:colcon.colcon_core.environment:checking '/home/DATA/DogRobot/ros2_ws/install/custom_interfaces/bin'
[1.312s] INFO:colcon.colcon_core.shell:Creating package script '/home/DATA/DogRobot/ros2_ws/install/custom_interfaces/share/custom_interfaces/package.ps1'
[1.312s] INFO:colcon.colcon_core.shell:Creating package descriptor '/home/DATA/DogRobot/ros2_ws/install/custom_interfaces/share/custom_interfaces/package.dsv'
[1.313s] INFO:colcon.colcon_core.shell:Creating package script '/home/DATA/DogRobot/ros2_ws/install/custom_interfaces/share/custom_interfaces/package.sh'
[1.314s] INFO:colcon.colcon_core.shell:Creating package script '/home/DATA/DogRobot/ros2_ws/install/custom_interfaces/share/custom_interfaces/package.bash'
[1.314s] INFO:colcon.colcon_core.shell:Creating package script '/home/DATA/DogRobot/ros2_ws/install/custom_interfaces/share/custom_interfaces/package.zsh'
[1.315s] Level 1:colcon.colcon_core.environment:create_file_with_runtime_dependencies(/home/DATA/DogRobot/ros2_ws/install/custom_interfaces/share/colcon-core/packages/custom_interfaces)
[1.315s] INFO:colcon.colcon_ros.task.ament_python.build:Building ROS package in '/home/DATA/DogRobot/ros2_ws/src/can_node' with build type 'ament_python'
[1.315s] Level 1:colcon.colcon_core.shell:create_environment_hook('can_node', 'ament_prefix_path')
[1.316s] INFO:colcon.colcon_core.shell:Creating environment hook '/home/DATA/DogRobot/ros2_ws/install/can_node/share/can_node/hook/ament_prefix_path.ps1'
[1.316s] INFO:colcon.colcon_core.shell:Creating environment descriptor '/home/DATA/DogRobot/ros2_ws/install/can_node/share/can_node/hook/ament_prefix_path.dsv'
[1.317s] INFO:colcon.colcon_core.shell:Creating environment hook '/home/DATA/DogRobot/ros2_ws/install/can_node/share/can_node/hook/ament_prefix_path.sh'
[1.317s] INFO:colcon.colcon_core.shell:Skip shell extension 'powershell' for command environment: Not usable outside of PowerShell
[1.317s] DEBUG:colcon.colcon_core.shell:Skip shell extension 'dsv' for command environment
[1.321s] INFO:colcon.colcon_ros.task.ament_python.build:Building ROS package in '/home/DATA/DogRobot/ros2_ws/src/add_integers' with build type 'ament_python'
[1.321s] Level 1:colcon.colcon_core.shell:create_environment_hook('add_integers', 'ament_prefix_path')
[1.321s] INFO:colcon.colcon_core.shell:Creating environment hook '/home/DATA/DogRobot/ros2_ws/install/add_integers/share/add_integers/hook/ament_prefix_path.ps1'
[1.322s] INFO:colcon.colcon_core.shell:Creating environment descriptor '/home/DATA/DogRobot/ros2_ws/install/add_integers/share/add_integers/hook/ament_prefix_path.dsv'
[1.322s] INFO:colcon.colcon_core.shell:Creating environment hook '/home/DATA/DogRobot/ros2_ws/install/add_integers/share/add_integers/hook/ament_prefix_path.sh'
[1.323s] INFO:colcon.colcon_core.shell:Skip shell extension 'powershell' for command environment: Not usable outside of PowerShell
[1.323s] DEBUG:colcon.colcon_core.shell:Skip shell extension 'dsv' for command environment
[1.327s] INFO:colcon.colcon_ros.task.ament_python.build:Building ROS package in '/home/DATA/DogRobot/ros2_ws/src/simulation_control' with build type 'ament_python'
[1.327s] Level 1:colcon.colcon_core.shell:create_environment_hook('control', 'ament_prefix_path')
[1.327s] INFO:colcon.colcon_core.shell:Creating environment hook '/home/DATA/DogRobot/ros2_ws/install/control/share/control/hook/ament_prefix_path.ps1'
[1.328s] INFO:colcon.colcon_core.shell:Creating environment descriptor '/home/DATA/DogRobot/ros2_ws/install/control/share/control/hook/ament_prefix_path.dsv'
[1.328s] INFO:colcon.colcon_core.shell:Creating environment hook '/home/DATA/DogRobot/ros2_ws/install/control/share/control/hook/ament_prefix_path.sh'
[1.329s] INFO:colcon.colcon_core.shell:Skip shell extension 'powershell' for command environment: Not usable outside of PowerShell
[1.329s] DEBUG:colcon.colcon_core.shell:Skip shell extension 'dsv' for command environment
[1.332s] INFO:colcon.colcon_ros.task.ament_python.build:Building ROS package in '/home/DATA/DogRobot/ros2_ws/src/gamepad_node' with build type 'ament_python'
[1.332s] Level 1:colcon.colcon_core.shell:create_environment_hook('gamepad_node', 'ament_prefix_path')
[1.333s] INFO:colcon.colcon_core.shell:Creating environment hook '/home/DATA/DogRobot/ros2_ws/install/gamepad_node/share/gamepad_node/hook/ament_prefix_path.ps1'
[1.333s] INFO:colcon.colcon_core.shell:Creating environment descriptor '/home/DATA/DogRobot/ros2_ws/install/gamepad_node/share/gamepad_node/hook/ament_prefix_path.dsv'
[1.334s] INFO:colcon.colcon_core.shell:Creating environment hook '/home/DATA/DogRobot/ros2_ws/install/gamepad_node/share/gamepad_node/hook/ament_prefix_path.sh'
[1.334s] INFO:colcon.colcon_core.shell:Skip shell extension 'powershell' for command environment: Not usable outside of PowerShell
[1.334s] DEBUG:colcon.colcon_core.shell:Skip shell extension 'dsv' for command environment
[1.337s] INFO:colcon.colcon_ros.task.ament_cmake.build:Building ROS package in '/home/DATA/DogRobot/ros2_ws/src/wit_pkg' with build type 'ament_cmake'
[1.337s] INFO:colcon.colcon_cmake.task.cmake.build:Building CMake package in '/home/DATA/DogRobot/ros2_ws/src/wit_pkg'
[1.338s] INFO:colcon.colcon_core.shell:Skip shell extension 'powershell' for command environment: Not usable outside of PowerShell
[1.338s] DEBUG:colcon.colcon_core.shell:Skip shell extension 'dsv' for command environment
[1.589s] INFO:colcon.colcon_core.task.python.build:Building Python package in '/home/DATA/DogRobot/ros2_ws/src/can_node'
[1.590s] INFO:colcon.colcon_core.shell:Skip shell extension 'powershell' for command environment: Not usable outside of PowerShell
[1.590s] DEBUG:colcon.colcon_core.shell:Skip shell extension 'dsv' for command environment
[1.845s] INFO:colcon.colcon_core.task.python.build:Building Python package in '/home/DATA/DogRobot/ros2_ws/src/add_integers'
[1.845s] INFO:colcon.colcon_core.shell:Skip shell extension 'powershell' for command environment: Not usable outside of PowerShell
[1.845s] DEBUG:colcon.colcon_core.shell:Skip shell extension 'dsv' for command environment
[2.092s] INFO:colcon.colcon_core.task.python.build:Building Python package in '/home/DATA/DogRobot/ros2_ws/src/simulation_control'
[2.092s] INFO:colcon.colcon_core.shell:Skip shell extension 'powershell' for command environment: Not usable outside of PowerShell
[2.092s] DEBUG:colcon.colcon_core.shell:Skip shell extension 'dsv' for command environment
[2.374s] INFO:colcon.colcon_core.task.python.build:Building Python package in '/home/DATA/DogRobot/ros2_ws/src/gamepad_node'
[2.374s] INFO:colcon.colcon_core.shell:Skip shell extension 'powershell' for command environment: Not usable outside of PowerShell
[2.374s] DEBUG:colcon.colcon_core.shell:Skip shell extension 'dsv' for command environment
[2.384s] DEBUG:colcon.colcon_core.event_handler.log_command:Invoking command in '/home/DATA/DogRobot/ros2_ws/build/wit_pkg': AMENT_PREFIX_PATH=/home/DATA/DogRobot/ros2_ws/install/custom_interfaces:${AMENT_PREFIX_PATH} CMAKE_PREFIX_PATH=/home/DATA/DogRobot/ros2_ws/install/custom_interfaces:/opt/ros/jazzy/opt/gz_sim_vendor:/opt/ros/jazzy/opt/gz_sensors_vendor:/opt/ros/jazzy/opt/gz_physics_vendor:/opt/ros/jazzy/opt/sdformat_vendor:/opt/ros/jazzy/opt/gz_gui_vendor:/opt/ros/jazzy/opt/gz_transport_vendor:/opt/ros/jazzy/opt/gz_rendering_vendor:/opt/ros/jazzy/opt/gz_plugin_vendor:/opt/ros/jazzy/opt/gz_fuel_tools_vendor:/opt/ros/jazzy/opt/gz_msgs_vendor:/opt/ros/jazzy/opt/gz_common_vendor:/opt/ros/jazzy/opt/gz_math_vendor:/opt/ros/jazzy/opt/gz_utils_vendor:/opt/ros/jazzy/opt/gz_tools_vendor:/opt/ros/jazzy/opt/gz_ogre_next_vendor:/opt/ros/jazzy/opt/gz_dartsim_vendor:/opt/ros/jazzy/opt/gz_cmake_vendor:/opt/ros/jazzy DEBUGINFOD_URLS=https://debuginfod.ubuntu.com LD_LIBRARY_PATH=/home/DATA/DogRobot/ros2_ws/install/custom_interfaces/lib:${LD_LIBRARY_PATH} PYTHONPATH=/home/DATA/DogRobot/ros2_ws/install/custom_interfaces/lib/python3.12/site-packages:${PYTHONPATH} /usr/bin/cmake --build /home/DATA/DogRobot/ros2_ws/build/wit_pkg -- -j8 -l8
[2.386s] DEBUG:colcon.colcon_core.event_handler.log_command:Invoking command in '/home/DATA/DogRobot/ros2_ws/src/my_launch_package': DEBUGINFOD_URLS=https://debuginfod.ubuntu.com PYTHONPATH=/home/DATA/DogRobot/ros2_ws/build/my_launch_package/prefix_override:/usr/lib/python3/dist-packages/colcon_core/task/python/colcon_distutils_commands:/home/DATA/DogRobot/ros2_ws/install/my_launch_package/lib/python3.12/site-packages:${PYTHONPATH} /usr/bin/python3 -W ignore:setup.py install is deprecated setup.py egg_info --egg-base ../../build/my_launch_package build --build-base /home/DATA/DogRobot/ros2_ws/build/my_launch_package/build install --record /home/DATA/DogRobot/ros2_ws/build/my_launch_package/install.log --single-version-externally-managed install_data
[3.705s] Level 1:colcon.colcon_core.environment:checking '/home/DATA/DogRobot/ros2_ws/install/my_launch_package' for CMake module files
[3.709s] Level 1:colcon.colcon_core.environment:checking '/home/DATA/DogRobot/ros2_ws/install/my_launch_package' for CMake config files
[3.707s] DEBUG:colcon.colcon_core.event_handler.log_command:Invoked command in '/home/DATA/DogRobot/ros2_ws/src/my_launch_package' returned '0': DEBUGINFOD_URLS=https://debuginfod.ubuntu.com PYTHONPATH=/home/DATA/DogRobot/ros2_ws/build/my_launch_package/prefix_override:/usr/lib/python3/dist-packages/colcon_core/task/python/colcon_distutils_commands:/home/DATA/DogRobot/ros2_ws/install/my_launch_package/lib/python3.12/site-packages:${PYTHONPATH} /usr/bin/python3 -W ignore:setup.py install is deprecated setup.py egg_info --egg-base ../../build/my_launch_package build --build-base /home/DATA/DogRobot/ros2_ws/build/my_launch_package/build install --record /home/DATA/DogRobot/ros2_ws/build/my_launch_package/install.log --single-version-externally-managed install_data
[3.713s] Level 1:colcon.colcon_core.environment:checking '/home/DATA/DogRobot/ros2_ws/install/my_launch_package/lib'
[3.714s] Level 1:colcon.colcon_core.environment:checking '/home/DATA/DogRobot/ros2_ws/install/my_launch_package/bin'
[3.714s] Level 1:colcon.colcon_core.environment:checking '/home/DATA/DogRobot/ros2_ws/install/my_launch_package/lib/pkgconfig/my_launch_package.pc'
[3.716s] Level 1:colcon.colcon_core.environment:checking '/home/DATA/DogRobot/ros2_ws/install/my_launch_package/lib/python3.12/site-packages'
[3.716s] Level 1:colcon.colcon_core.shell:create_environment_hook('my_launch_package', 'pythonpath')
[3.717s] INFO:colcon.colcon_core.shell:Creating environment hook '/home/DATA/DogRobot/ros2_ws/install/my_launch_package/share/my_launch_package/hook/pythonpath.ps1'
[3.720s] INFO:colcon.colcon_core.shell:Creating environment descriptor '/home/DATA/DogRobot/ros2_ws/install/my_launch_package/share/my_launch_package/hook/pythonpath.dsv'
[3.722s] INFO:colcon.colcon_core.shell:Creating environment hook '/home/DATA/DogRobot/ros2_ws/install/my_launch_package/share/my_launch_package/hook/pythonpath.sh'
[3.725s] Level 1:colcon.colcon_core.environment:checking '/home/DATA/DogRobot/ros2_ws/install/my_launch_package/bin'
[3.726s] Level 1:colcon.colcon_core.environment:create_environment_scripts_only(my_launch_package)
[3.727s] INFO:colcon.colcon_core.shell:Creating package script '/home/DATA/DogRobot/ros2_ws/install/my_launch_package/share/my_launch_package/package.ps1'
[3.729s] INFO:colcon.colcon_core.shell:Creating package descriptor '/home/DATA/DogRobot/ros2_ws/install/my_launch_package/share/my_launch_package/package.dsv'
[3.736s] INFO:colcon.colcon_core.shell:Creating package script '/home/DATA/DogRobot/ros2_ws/install/my_launch_package/share/my_launch_package/package.sh'
[3.740s] INFO:colcon.colcon_core.shell:Creating package script '/home/DATA/DogRobot/ros2_ws/install/my_launch_package/share/my_launch_package/package.bash'
[3.742s] INFO:colcon.colcon_core.shell:Creating package script '/home/DATA/DogRobot/ros2_ws/install/my_launch_package/share/my_launch_package/package.zsh'
[3.746s] Level 1:colcon.colcon_core.environment:create_file_with_runtime_dependencies(/home/DATA/DogRobot/ros2_ws/install/my_launch_package/share/colcon-core/packages/my_launch_package)
[3.776s] DEBUG:colcon.colcon_core.event_handler.log_command:Invoking command in '/home/DATA/DogRobot/ros2_ws/src/add_integers': AMENT_PREFIX_PATH=/home/DATA/DogRobot/ros2_ws/install/custom_interfaces:${AMENT_PREFIX_PATH} CMAKE_PREFIX_PATH=/home/DATA/DogRobot/ros2_ws/install/custom_interfaces:${CMAKE_PREFIX_PATH} DEBUGINFOD_URLS=https://debuginfod.ubuntu.com LD_LIBRARY_PATH=/home/DATA/DogRobot/ros2_ws/install/custom_interfaces/lib:${LD_LIBRARY_PATH} PYTHONPATH=/home/DATA/DogRobot/ros2_ws/build/add_integers/prefix_override:/usr/lib/python3/dist-packages/colcon_core/task/python/colcon_distutils_commands:/home/DATA/DogRobot/ros2_ws/install/add_integers/lib/python3.12/site-packages:/home/DATA/DogRobot/ros2_ws/install/custom_interfaces/lib/python3.12/site-packages:${PYTHONPATH} /usr/bin/python3 -W ignore:setup.py install is deprecated setup.py egg_info --egg-base ../../build/add_integers build --build-base /home/DATA/DogRobot/ros2_ws/build/add_integers/build install --record /home/DATA/DogRobot/ros2_ws/build/add_integers/install.log --single-version-externally-managed install_data
[3.803s] DEBUG:colcon.colcon_core.event_handler.log_command:Invoking command in '/home/DATA/DogRobot/ros2_ws/src/simulation_control': AMENT_PREFIX_PATH=/home/DATA/DogRobot/ros2_ws/install/custom_interfaces:${AMENT_PREFIX_PATH} CMAKE_PREFIX_PATH=/home/DATA/DogRobot/ros2_ws/install/custom_interfaces:${CMAKE_PREFIX_PATH} DEBUGINFOD_URLS=https://debuginfod.ubuntu.com LD_LIBRARY_PATH=/home/DATA/DogRobot/ros2_ws/install/custom_interfaces/lib:${LD_LIBRARY_PATH} PYTHONPATH=/home/DATA/DogRobot/ros2_ws/build/control/prefix_override:/usr/lib/python3/dist-packages/colcon_core/task/python/colcon_distutils_commands:/home/DATA/DogRobot/ros2_ws/install/control/lib/python3.12/site-packages:/home/DATA/DogRobot/ros2_ws/install/custom_interfaces/lib/python3.12/site-packages:${PYTHONPATH} /usr/bin/python3 -W ignore:setup.py install is deprecated setup.py egg_info --egg-base ../../build/control build --build-base /home/DATA/DogRobot/ros2_ws/build/control/build install --record /home/DATA/DogRobot/ros2_ws/build/control/install.log --single-version-externally-managed install_data
[3.829s] DEBUG:colcon.colcon_core.event_handler.log_command:Invoking command in '/home/DATA/DogRobot/ros2_ws/src/can_node': AMENT_PREFIX_PATH=/home/DATA/DogRobot/ros2_ws/install/custom_interfaces:${AMENT_PREFIX_PATH} CMAKE_PREFIX_PATH=/home/DATA/DogRobot/ros2_ws/install/custom_interfaces:${CMAKE_PREFIX_PATH} DEBUGINFOD_URLS=https://debuginfod.ubuntu.com LD_LIBRARY_PATH=/home/DATA/DogRobot/ros2_ws/install/custom_interfaces/lib:${LD_LIBRARY_PATH} PYTHONPATH=/home/DATA/DogRobot/ros2_ws/build/can_node/prefix_override:/usr/lib/python3/dist-packages/colcon_core/task/python/colcon_distutils_commands:/home/DATA/DogRobot/ros2_ws/install/can_node/lib/python3.12/site-packages:/home/DATA/DogRobot/ros2_ws/install/custom_interfaces/lib/python3.12/site-packages:${PYTHONPATH} /usr/bin/python3 -W ignore:setup.py install is deprecated setup.py egg_info --egg-base ../../build/can_node build --build-base /home/DATA/DogRobot/ros2_ws/build/can_node/build install --record /home/DATA/DogRobot/ros2_ws/build/can_node/install.log --single-version-externally-managed install_data
[3.892s] DEBUG:colcon.colcon_core.event_handler.log_command:Invoking command in '/home/DATA/DogRobot/ros2_ws/src/gamepad_node': AMENT_PREFIX_PATH=/home/DATA/DogRobot/ros2_ws/install/custom_interfaces:${AMENT_PREFIX_PATH} CMAKE_PREFIX_PATH=/home/DATA/DogRobot/ros2_ws/install/custom_interfaces:${CMAKE_PREFIX_PATH} DEBUGINFOD_URLS=https://debuginfod.ubuntu.com LD_LIBRARY_PATH=/home/DATA/DogRobot/ros2_ws/install/custom_interfaces/lib:${LD_LIBRARY_PATH} PYTHONPATH=/home/DATA/DogRobot/ros2_ws/build/gamepad_node/prefix_override:/usr/lib/python3/dist-packages/colcon_core/task/python/colcon_distutils_commands:/home/DATA/DogRobot/ros2_ws/install/gamepad_node/lib/python3.12/site-packages:/home/DATA/DogRobot/ros2_ws/install/custom_interfaces/lib/python3.12/site-packages:${PYTHONPATH} /usr/bin/python3 -W ignore:setup.py install is deprecated setup.py egg_info --egg-base ../../build/gamepad_node build --build-base /home/DATA/DogRobot/ros2_ws/build/gamepad_node/build install --record /home/DATA/DogRobot/ros2_ws/build/gamepad_node/install.log --single-version-externally-managed install_data
[5.233s] Level 1:colcon.colcon_core.environment:checking '/home/DATA/DogRobot/ros2_ws/install/add_integers' for CMake module files
[5.235s] Level 1:colcon.colcon_core.environment:checking '/home/DATA/DogRobot/ros2_ws/install/add_integers' for CMake config files
[5.234s] DEBUG:colcon.colcon_core.event_handler.log_command:Invoked command in '/home/DATA/DogRobot/ros2_ws/src/add_integers' returned '0': AMENT_PREFIX_PATH=/home/DATA/DogRobot/ros2_ws/install/custom_interfaces:${AMENT_PREFIX_PATH} CMAKE_PREFIX_PATH=/home/DATA/DogRobot/ros2_ws/install/custom_interfaces:${CMAKE_PREFIX_PATH} DEBUGINFOD_URLS=https://debuginfod.ubuntu.com LD_LIBRARY_PATH=/home/DATA/DogRobot/ros2_ws/install/custom_interfaces/lib:${LD_LIBRARY_PATH} PYTHONPATH=/home/DATA/DogRobot/ros2_ws/build/add_integers/prefix_override:/usr/lib/python3/dist-packages/colcon_core/task/python/colcon_distutils_commands:/home/DATA/DogRobot/ros2_ws/install/add_integers/lib/python3.12/site-packages:/home/DATA/DogRobot/ros2_ws/install/custom_interfaces/lib/python3.12/site-packages:${PYTHONPATH} /usr/bin/python3 -W ignore:setup.py install is deprecated setup.py egg_info --egg-base ../../build/add_integers build --build-base /home/DATA/DogRobot/ros2_ws/build/add_integers/build install --record /home/DATA/DogRobot/ros2_ws/build/add_integers/install.log --single-version-externally-managed install_data
[5.237s] Level 1:colcon.colcon_core.environment:checking '/home/DATA/DogRobot/ros2_ws/install/add_integers/lib'
[5.239s] Level 1:colcon.colcon_core.environment:checking '/home/DATA/DogRobot/ros2_ws/install/add_integers/bin'
[5.239s] Level 1:colcon.colcon_core.environment:checking '/home/DATA/DogRobot/ros2_ws/install/add_integers/lib/pkgconfig/add_integers.pc'
[5.240s] Level 1:colcon.colcon_core.environment:checking '/home/DATA/DogRobot/ros2_ws/install/add_integers/lib/python3.12/site-packages'
[5.241s] Level 1:colcon.colcon_core.shell:create_environment_hook('add_integers', 'pythonpath')
[5.241s] INFO:colcon.colcon_core.shell:Creating environment hook '/home/DATA/DogRobot/ros2_ws/install/add_integers/share/add_integers/hook/pythonpath.ps1'
[5.243s] INFO:colcon.colcon_core.shell:Creating environment descriptor '/home/DATA/DogRobot/ros2_ws/install/add_integers/share/add_integers/hook/pythonpath.dsv'
[5.244s] INFO:colcon.colcon_core.shell:Creating environment hook '/home/DATA/DogRobot/ros2_ws/install/add_integers/share/add_integers/hook/pythonpath.sh'
[5.245s] Level 1:colcon.colcon_core.environment:checking '/home/DATA/DogRobot/ros2_ws/install/add_integers/bin'
[5.246s] Level 1:colcon.colcon_core.environment:create_environment_scripts_only(add_integers)
[5.247s] INFO:colcon.colcon_core.shell:Creating package script '/home/DATA/DogRobot/ros2_ws/install/add_integers/share/add_integers/package.ps1'
[5.248s] INFO:colcon.colcon_core.shell:Creating package descriptor '/home/DATA/DogRobot/ros2_ws/install/add_integers/share/add_integers/package.dsv'
[5.250s] INFO:colcon.colcon_core.shell:Creating package script '/home/DATA/DogRobot/ros2_ws/install/add_integers/share/add_integers/package.sh'
[5.252s] INFO:colcon.colcon_core.shell:Creating package script '/home/DATA/DogRobot/ros2_ws/install/add_integers/share/add_integers/package.bash'
[5.254s] INFO:colcon.colcon_core.shell:Creating package script '/home/DATA/DogRobot/ros2_ws/install/add_integers/share/add_integers/package.zsh'
[5.256s] Level 1:colcon.colcon_core.environment:create_file_with_runtime_dependencies(/home/DATA/DogRobot/ros2_ws/install/add_integers/share/colcon-core/packages/add_integers)
[5.288s] Level 1:colcon.colcon_core.environment:checking '/home/DATA/DogRobot/ros2_ws/install/gamepad_node' for CMake module files
[5.290s] Level 1:colcon.colcon_core.environment:checking '/home/DATA/DogRobot/ros2_ws/install/gamepad_node' for CMake config files
[5.296s] Level 1:colcon.colcon_core.environment:checking '/home/DATA/DogRobot/ros2_ws/install/gamepad_node/lib'
[5.298s] Level 1:colcon.colcon_core.environment:checking '/home/DATA/DogRobot/ros2_ws/install/gamepad_node/bin'
[5.298s] Level 1:colcon.colcon_core.environment:checking '/home/DATA/DogRobot/ros2_ws/install/gamepad_node/lib/pkgconfig/gamepad_node.pc'
[5.299s] Level 1:colcon.colcon_core.environment:checking '/home/DATA/DogRobot/ros2_ws/install/gamepad_node/lib/python3.12/site-packages'
[5.299s] Level 1:colcon.colcon_core.shell:create_environment_hook('gamepad_node', 'pythonpath')
[5.300s] INFO:colcon.colcon_core.shell:Creating environment hook '/home/DATA/DogRobot/ros2_ws/install/gamepad_node/share/gamepad_node/hook/pythonpath.ps1'
[5.302s] INFO:colcon.colcon_core.shell:Creating environment descriptor '/home/DATA/DogRobot/ros2_ws/install/gamepad_node/share/gamepad_node/hook/pythonpath.dsv'
[5.303s] INFO:colcon.colcon_core.shell:Creating environment hook '/home/DATA/DogRobot/ros2_ws/install/gamepad_node/share/gamepad_node/hook/pythonpath.sh'
[5.304s] DEBUG:colcon.colcon_core.event_handler.log_command:Invoked command in '/home/DATA/DogRobot/ros2_ws/src/gamepad_node' returned '0': AMENT_PREFIX_PATH=/home/DATA/DogRobot/ros2_ws/install/custom_interfaces:${AMENT_PREFIX_PATH} CMAKE_PREFIX_PATH=/home/DATA/DogRobot/ros2_ws/install/custom_interfaces:${CMAKE_PREFIX_PATH} DEBUGINFOD_URLS=https://debuginfod.ubuntu.com LD_LIBRARY_PATH=/home/DATA/DogRobot/ros2_ws/install/custom_interfaces/lib:${LD_LIBRARY_PATH} PYTHONPATH=/home/DATA/DogRobot/ros2_ws/build/gamepad_node/prefix_override:/usr/lib/python3/dist-packages/colcon_core/task/python/colcon_distutils_commands:/home/DATA/DogRobot/ros2_ws/install/gamepad_node/lib/python3.12/site-packages:/home/DATA/DogRobot/ros2_ws/install/custom_interfaces/lib/python3.12/site-packages:${PYTHONPATH} /usr/bin/python3 -W ignore:setup.py install is deprecated setup.py egg_info --egg-base ../../build/gamepad_node build --build-base /home/DATA/DogRobot/ros2_ws/build/gamepad_node/build install --record /home/DATA/DogRobot/ros2_ws/build/gamepad_node/install.log --single-version-externally-managed install_data
[5.305s] Level 1:colcon.colcon_core.environment:checking '/home/DATA/DogRobot/ros2_ws/install/gamepad_node/bin'
[5.305s] Level 1:colcon.colcon_core.environment:create_environment_scripts_only(gamepad_node)
[5.309s] INFO:colcon.colcon_core.shell:Creating package script '/home/DATA/DogRobot/ros2_ws/install/gamepad_node/share/gamepad_node/package.ps1'
[5.313s] INFO:colcon.colcon_core.shell:Creating package descriptor '/home/DATA/DogRobot/ros2_ws/install/gamepad_node/share/gamepad_node/package.dsv'
[5.316s] INFO:colcon.colcon_core.shell:Creating package script '/home/DATA/DogRobot/ros2_ws/install/gamepad_node/share/gamepad_node/package.sh'
[5.318s] INFO:colcon.colcon_core.shell:Creating package script '/home/DATA/DogRobot/ros2_ws/install/gamepad_node/share/gamepad_node/package.bash'
[5.319s] INFO:colcon.colcon_core.shell:Creating package script '/home/DATA/DogRobot/ros2_ws/install/gamepad_node/share/gamepad_node/package.zsh'
[5.319s] Level 1:colcon.colcon_core.environment:create_file_with_runtime_dependencies(/home/DATA/DogRobot/ros2_ws/install/gamepad_node/share/colcon-core/packages/gamepad_node)
[5.330s] Level 1:colcon.colcon_core.environment:checking '/home/DATA/DogRobot/ros2_ws/install/control' for CMake module files
[5.332s] Level 1:colcon.colcon_core.environment:checking '/home/DATA/DogRobot/ros2_ws/install/control' for CMake config files
[5.333s] DEBUG:colcon.colcon_core.event_handler.log_command:Invoked command in '/home/DATA/DogRobot/ros2_ws/src/simulation_control' returned '0': AMENT_PREFIX_PATH=/home/DATA/DogRobot/ros2_ws/install/custom_interfaces:${AMENT_PREFIX_PATH} CMAKE_PREFIX_PATH=/home/DATA/DogRobot/ros2_ws/install/custom_interfaces:${CMAKE_PREFIX_PATH} DEBUGINFOD_URLS=https://debuginfod.ubuntu.com LD_LIBRARY_PATH=/home/DATA/DogRobot/ros2_ws/install/custom_interfaces/lib:${LD_LIBRARY_PATH} PYTHONPATH=/home/DATA/DogRobot/ros2_ws/build/control/prefix_override:/usr/lib/python3/dist-packages/colcon_core/task/python/colcon_distutils_commands:/home/DATA/DogRobot/ros2_ws/install/control/lib/python3.12/site-packages:/home/DATA/DogRobot/ros2_ws/install/custom_interfaces/lib/python3.12/site-packages:${PYTHONPATH} /usr/bin/python3 -W ignore:setup.py install is deprecated setup.py egg_info --egg-base ../../build/control build --build-base /home/DATA/DogRobot/ros2_ws/build/control/build install --record /home/DATA/DogRobot/ros2_ws/build/control/install.log --single-version-externally-managed install_data
[5.333s] Level 1:colcon.colcon_core.environment:checking '/home/DATA/DogRobot/ros2_ws/install/control/lib'
[5.334s] Level 1:colcon.colcon_core.environment:checking '/home/DATA/DogRobot/ros2_ws/install/control/bin'
[5.334s] Level 1:colcon.colcon_core.environment:checking '/home/DATA/DogRobot/ros2_ws/install/control/lib/pkgconfig/control.pc'
[5.334s] Level 1:colcon.colcon_core.environment:checking '/home/DATA/DogRobot/ros2_ws/install/control/lib/python3.12/site-packages'
[5.335s] Level 1:colcon.colcon_core.shell:create_environment_hook('control', 'pythonpath')
[5.335s] INFO:colcon.colcon_core.shell:Creating environment hook '/home/DATA/DogRobot/ros2_ws/install/control/share/control/hook/pythonpath.ps1'
[5.337s] INFO:colcon.colcon_core.shell:Creating environment descriptor '/home/DATA/DogRobot/ros2_ws/install/control/share/control/hook/pythonpath.dsv'
[5.338s] INFO:colcon.colcon_core.shell:Creating environment hook '/home/DATA/DogRobot/ros2_ws/install/control/share/control/hook/pythonpath.sh'
[5.339s] Level 1:colcon.colcon_core.environment:checking '/home/DATA/DogRobot/ros2_ws/install/control/bin'
[5.340s] Level 1:colcon.colcon_core.environment:create_environment_scripts_only(control)
[5.344s] INFO:colcon.colcon_core.shell:Creating package script '/home/DATA/DogRobot/ros2_ws/install/control/share/control/package.ps1'
[5.346s] INFO:colcon.colcon_core.shell:Creating package descriptor '/home/DATA/DogRobot/ros2_ws/install/control/share/control/package.dsv'
[5.347s] INFO:colcon.colcon_core.shell:Creating package script '/home/DATA/DogRobot/ros2_ws/install/control/share/control/package.sh'
[5.348s] INFO:colcon.colcon_core.shell:Creating package script '/home/DATA/DogRobot/ros2_ws/install/control/share/control/package.bash'
[5.353s] INFO:colcon.colcon_core.shell:Creating package script '/home/DATA/DogRobot/ros2_ws/install/control/share/control/package.zsh'
[5.353s] Level 1:colcon.colcon_core.environment:create_file_with_runtime_dependencies(/home/DATA/DogRobot/ros2_ws/install/control/share/colcon-core/packages/control)
[5.361s] Level 1:colcon.colcon_core.environment:checking '/home/DATA/DogRobot/ros2_ws/install/can_node' for CMake module files
[5.362s] Level 1:colcon.colcon_core.environment:checking '/home/DATA/DogRobot/ros2_ws/install/can_node' for CMake config files
[5.363s] Level 1:colcon.colcon_core.environment:checking '/home/DATA/DogRobot/ros2_ws/install/can_node/lib'
[5.363s] Level 1:colcon.colcon_core.environment:checking '/home/DATA/DogRobot/ros2_ws/install/can_node/bin'
[5.363s] Level 1:colcon.colcon_core.environment:checking '/home/DATA/DogRobot/ros2_ws/install/can_node/lib/pkgconfig/can_node.pc'
[5.364s] Level 1:colcon.colcon_core.environment:checking '/home/DATA/DogRobot/ros2_ws/install/can_node/lib/python3.12/site-packages'
[5.364s] Level 1:colcon.colcon_core.shell:create_environment_hook('can_node', 'pythonpath')
[5.367s] INFO:colcon.colcon_core.shell:Creating environment hook '/home/DATA/DogRobot/ros2_ws/install/can_node/share/can_node/hook/pythonpath.ps1'
[5.369s] DEBUG:colcon.colcon_core.event_handler.log_command:Invoked command in '/home/DATA/DogRobot/ros2_ws/src/can_node' returned '0': AMENT_PREFIX_PATH=/home/DATA/DogRobot/ros2_ws/install/custom_interfaces:${AMENT_PREFIX_PATH} CMAKE_PREFIX_PATH=/home/DATA/DogRobot/ros2_ws/install/custom_interfaces:${CMAKE_PREFIX_PATH} DEBUGINFOD_URLS=https://debuginfod.ubuntu.com LD_LIBRARY_PATH=/home/DATA/DogRobot/ros2_ws/install/custom_interfaces/lib:${LD_LIBRARY_PATH} PYTHONPATH=/home/DATA/DogRobot/ros2_ws/build/can_node/prefix_override:/usr/lib/python3/dist-packages/colcon_core/task/python/colcon_distutils_commands:/home/DATA/DogRobot/ros2_ws/install/can_node/lib/python3.12/site-packages:/home/DATA/DogRobot/ros2_ws/install/custom_interfaces/lib/python3.12/site-packages:${PYTHONPATH} /usr/bin/python3 -W ignore:setup.py install is deprecated setup.py egg_info --egg-base ../../build/can_node build --build-base /home/DATA/DogRobot/ros2_ws/build/can_node/build install --record /home/DATA/DogRobot/ros2_ws/build/can_node/install.log --single-version-externally-managed install_data
[5.372s] INFO:colcon.colcon_core.shell:Creating environment descriptor '/home/DATA/DogRobot/ros2_ws/install/can_node/share/can_node/hook/pythonpath.dsv'
[5.373s] INFO:colcon.colcon_core.shell:Creating environment hook '/home/DATA/DogRobot/ros2_ws/install/can_node/share/can_node/hook/pythonpath.sh'
[5.374s] Level 1:colcon.colcon_core.environment:checking '/home/DATA/DogRobot/ros2_ws/install/can_node/bin'
[5.374s] Level 1:colcon.colcon_core.environment:create_environment_scripts_only(can_node)
[5.375s] INFO:colcon.colcon_core.shell:Creating package script '/home/DATA/DogRobot/ros2_ws/install/can_node/share/can_node/package.ps1'
[5.379s] INFO:colcon.colcon_core.shell:Creating package descriptor '/home/DATA/DogRobot/ros2_ws/install/can_node/share/can_node/package.dsv'
[5.380s] INFO:colcon.colcon_core.shell:Creating package script '/home/DATA/DogRobot/ros2_ws/install/can_node/share/can_node/package.sh'
[5.381s] INFO:colcon.colcon_core.shell:Creating package script '/home/DATA/DogRobot/ros2_ws/install/can_node/share/can_node/package.bash'
[5.382s] INFO:colcon.colcon_core.shell:Creating package script '/home/DATA/DogRobot/ros2_ws/install/can_node/share/can_node/package.zsh'
[5.382s] Level 1:colcon.colcon_core.environment:create_file_with_runtime_dependencies(/home/DATA/DogRobot/ros2_ws/install/can_node/share/colcon-core/packages/can_node)
[5.383s] INFO:colcon.colcon_ros.task.ament_python.build:Building ROS package in '/home/DATA/DogRobot/ros2_ws/src/controller' with build type 'ament_python'
[5.385s] Level 1:colcon.colcon_core.shell:create_environment_hook('controller', 'ament_prefix_path')
[5.386s] INFO:colcon.colcon_core.shell:Creating environment hook '/home/DATA/DogRobot/ros2_ws/install/controller/share/controller/hook/ament_prefix_path.ps1'
[5.387s] INFO:colcon.colcon_core.shell:Creating environment descriptor '/home/DATA/DogRobot/ros2_ws/install/controller/share/controller/hook/ament_prefix_path.dsv'
[5.387s] INFO:colcon.colcon_core.shell:Creating environment hook '/home/DATA/DogRobot/ros2_ws/install/controller/share/controller/hook/ament_prefix_path.sh'
[5.389s] INFO:colcon.colcon_core.shell:Skip shell extension 'powershell' for command environment: Not usable outside of PowerShell
[5.389s] DEBUG:colcon.colcon_core.shell:Skip shell extension 'dsv' for command environment
[5.702s] INFO:colcon.colcon_core.task.python.build:Building Python package in '/home/DATA/DogRobot/ros2_ws/src/controller'
[5.703s] INFO:colcon.colcon_core.shell:Skip shell extension 'powershell' for command environment: Not usable outside of PowerShell
[5.703s] DEBUG:colcon.colcon_core.shell:Skip shell extension 'dsv' for command environment
[6.610s] DEBUG:colcon.colcon_core.event_handler.log_command:Invoking command in '/home/DATA/DogRobot/ros2_ws/src/controller': AMENT_PREFIX_PATH=/home/DATA/DogRobot/ros2_ws/install/can_node:/home/DATA/DogRobot/ros2_ws/install/custom_interfaces:${AMENT_PREFIX_PATH} CMAKE_PREFIX_PATH=/home/DATA/DogRobot/ros2_ws/install/custom_interfaces:${CMAKE_PREFIX_PATH} DEBUGINFOD_URLS=https://debuginfod.ubuntu.com LD_LIBRARY_PATH=/home/DATA/DogRobot/ros2_ws/install/custom_interfaces/lib:${LD_LIBRARY_PATH} PYTHONPATH=/home/DATA/DogRobot/ros2_ws/build/controller/prefix_override:/usr/lib/python3/dist-packages/colcon_core/task/python/colcon_distutils_commands:/home/DATA/DogRobot/ros2_ws/install/controller/lib/python3.12/site-packages:/home/DATA/DogRobot/ros2_ws/install/can_node/lib/python3.12/site-packages:/home/DATA/DogRobot/ros2_ws/install/custom_interfaces/lib/python3.12/site-packages:${PYTHONPATH} /usr/bin/python3 -W ignore:setup.py install is deprecated setup.py egg_info --egg-base ../../build/controller build --build-base /home/DATA/DogRobot/ros2_ws/build/controller/build install --record /home/DATA/DogRobot/ros2_ws/build/controller/install.log --single-version-externally-managed install_data
[7.342s] Level 1:colcon.colcon_core.environment:checking '/home/DATA/DogRobot/ros2_ws/install/controller' for CMake module files
[7.343s] DEBUG:colcon.colcon_core.event_handler.log_command:Invoked command in '/home/DATA/DogRobot/ros2_ws/src/controller' returned '0': AMENT_PREFIX_PATH=/home/DATA/DogRobot/ros2_ws/install/can_node:/home/DATA/DogRobot/ros2_ws/install/custom_interfaces:${AMENT_PREFIX_PATH} CMAKE_PREFIX_PATH=/home/DATA/DogRobot/ros2_ws/install/custom_interfaces:${CMAKE_PREFIX_PATH} DEBUGINFOD_URLS=https://debuginfod.ubuntu.com LD_LIBRARY_PATH=/home/DATA/DogRobot/ros2_ws/install/custom_interfaces/lib:${LD_LIBRARY_PATH} PYTHONPATH=/home/DATA/DogRobot/ros2_ws/build/controller/prefix_override:/usr/lib/python3/dist-packages/colcon_core/task/python/colcon_distutils_commands:/home/DATA/DogRobot/ros2_ws/install/controller/lib/python3.12/site-packages:/home/DATA/DogRobot/ros2_ws/install/can_node/lib/python3.12/site-packages:/home/DATA/DogRobot/ros2_ws/install/custom_interfaces/lib/python3.12/site-packages:${PYTHONPATH} /usr/bin/python3 -W ignore:setup.py install is deprecated setup.py egg_info --egg-base ../../build/controller build --build-base /home/DATA/DogRobot/ros2_ws/build/controller/build install --record /home/DATA/DogRobot/ros2_ws/build/controller/install.log --single-version-externally-managed install_data
[7.344s] Level 1:colcon.colcon_core.environment:checking '/home/DATA/DogRobot/ros2_ws/install/controller' for CMake config files
[7.344s] Level 1:colcon.colcon_core.environment:checking '/home/DATA/DogRobot/ros2_ws/install/controller/lib'
[7.345s] Level 1:colcon.colcon_core.environment:checking '/home/DATA/DogRobot/ros2_ws/install/controller/bin'
[7.345s] Level 1:colcon.colcon_core.environment:checking '/home/DATA/DogRobot/ros2_ws/install/controller/lib/pkgconfig/controller.pc'
[7.345s] Level 1:colcon.colcon_core.environment:checking '/home/DATA/DogRobot/ros2_ws/install/controller/lib/python3.12/site-packages'
[7.345s] Level 1:colcon.colcon_core.shell:create_environment_hook('controller', 'pythonpath')
[7.346s] INFO:colcon.colcon_core.shell:Creating environment hook '/home/DATA/DogRobot/ros2_ws/install/controller/share/controller/hook/pythonpath.ps1'
[7.346s] INFO:colcon.colcon_core.shell:Creating environment descriptor '/home/DATA/DogRobot/ros2_ws/install/controller/share/controller/hook/pythonpath.dsv'
[7.347s] INFO:colcon.colcon_core.shell:Creating environment hook '/home/DATA/DogRobot/ros2_ws/install/controller/share/controller/hook/pythonpath.sh'
[7.348s] Level 1:colcon.colcon_core.environment:checking '/home/DATA/DogRobot/ros2_ws/install/controller/bin'
[7.348s] Level 1:colcon.colcon_core.environment:create_environment_scripts_only(controller)
[7.348s] INFO:colcon.colcon_core.shell:Creating package script '/home/DATA/DogRobot/ros2_ws/install/controller/share/controller/package.ps1'
[7.349s] INFO:colcon.colcon_core.shell:Creating package descriptor '/home/DATA/DogRobot/ros2_ws/install/controller/share/controller/package.dsv'
[7.350s] INFO:colcon.colcon_core.shell:Creating package script '/home/DATA/DogRobot/ros2_ws/install/controller/share/controller/package.sh'
[7.351s] INFO:colcon.colcon_core.shell:Creating package script '/home/DATA/DogRobot/ros2_ws/install/controller/share/controller/package.bash'
[7.351s] INFO:colcon.colcon_core.shell:Creating package script '/home/DATA/DogRobot/ros2_ws/install/controller/share/controller/package.zsh'
[7.352s] Level 1:colcon.colcon_core.environment:create_file_with_runtime_dependencies(/home/DATA/DogRobot/ros2_ws/install/controller/share/colcon-core/packages/controller)
[9.250s] DEBUG:colcon.colcon_core.event_handler.log_command:Invoked command in '/home/DATA/DogRobot/ros2_ws/build/wit_pkg' returned '0': AMENT_PREFIX_PATH=/home/DATA/DogRobot/ros2_ws/install/custom_interfaces:${AMENT_PREFIX_PATH} CMAKE_PREFIX_PATH=/home/DATA/DogRobot/ros2_ws/install/custom_interfaces:/opt/ros/jazzy/opt/gz_sim_vendor:/opt/ros/jazzy/opt/gz_sensors_vendor:/opt/ros/jazzy/opt/gz_physics_vendor:/opt/ros/jazzy/opt/sdformat_vendor:/opt/ros/jazzy/opt/gz_gui_vendor:/opt/ros/jazzy/opt/gz_transport_vendor:/opt/ros/jazzy/opt/gz_rendering_vendor:/opt/ros/jazzy/opt/gz_plugin_vendor:/opt/ros/jazzy/opt/gz_fuel_tools_vendor:/opt/ros/jazzy/opt/gz_msgs_vendor:/opt/ros/jazzy/opt/gz_common_vendor:/opt/ros/jazzy/opt/gz_math_vendor:/opt/ros/jazzy/opt/gz_utils_vendor:/opt/ros/jazzy/opt/gz_tools_vendor:/opt/ros/jazzy/opt/gz_ogre_next_vendor:/opt/ros/jazzy/opt/gz_dartsim_vendor:/opt/ros/jazzy/opt/gz_cmake_vendor:/opt/ros/jazzy DEBUGINFOD_URLS=https://debuginfod.ubuntu.com LD_LIBRARY_PATH=/home/DATA/DogRobot/ros2_ws/install/custom_interfaces/lib:${LD_LIBRARY_PATH} PYTHONPATH=/home/DATA/DogRobot/ros2_ws/install/custom_interfaces/lib/python3.12/site-packages:${PYTHONPATH} /usr/bin/cmake --build /home/DATA/DogRobot/ros2_ws/build/wit_pkg -- -j8 -l8
[9.281s] DEBUG:colcon.colcon_core.event_handler.log_command:Invoking command in '/home/DATA/DogRobot/ros2_ws/build/wit_pkg': AMENT_PREFIX_PATH=/home/DATA/DogRobot/ros2_ws/install/custom_interfaces:${AMENT_PREFIX_PATH} CMAKE_PREFIX_PATH=/home/DATA/DogRobot/ros2_ws/install/custom_interfaces:/opt/ros/jazzy/opt/gz_sim_vendor:/opt/ros/jazzy/opt/gz_sensors_vendor:/opt/ros/jazzy/opt/gz_physics_vendor:/opt/ros/jazzy/opt/sdformat_vendor:/opt/ros/jazzy/opt/gz_gui_vendor:/opt/ros/jazzy/opt/gz_transport_vendor:/opt/ros/jazzy/opt/gz_rendering_vendor:/opt/ros/jazzy/opt/gz_plugin_vendor:/opt/ros/jazzy/opt/gz_fuel_tools_vendor:/opt/ros/jazzy/opt/gz_msgs_vendor:/opt/ros/jazzy/opt/gz_common_vendor:/opt/ros/jazzy/opt/gz_math_vendor:/opt/ros/jazzy/opt/gz_utils_vendor:/opt/ros/jazzy/opt/gz_tools_vendor:/opt/ros/jazzy/opt/gz_ogre_next_vendor:/opt/ros/jazzy/opt/gz_dartsim_vendor:/opt/ros/jazzy/opt/gz_cmake_vendor:/opt/ros/jazzy DEBUGINFOD_URLS=https://debuginfod.ubuntu.com LD_LIBRARY_PATH=/home/DATA/DogRobot/ros2_ws/install/custom_interfaces/lib:${LD_LIBRARY_PATH} PYTHONPATH=/home/DATA/DogRobot/ros2_ws/install/custom_interfaces/lib/python3.12/site-packages:${PYTHONPATH} /usr/bin/cmake --install /home/DATA/DogRobot/ros2_ws/build/wit_pkg
[9.296s] Level 1:colcon.colcon_core.environment:create_environment_scripts_only(wit_pkg)
[9.296s] Level 1:colcon.colcon_core.environment:checking '/home/DATA/DogRobot/ros2_ws/install/wit_pkg' for CMake module files
[9.296s] DEBUG:colcon.colcon_core.event_handler.log_command:Invoked command in '/home/DATA/DogRobot/ros2_ws/build/wit_pkg' returned '0': AMENT_PREFIX_PATH=/home/DATA/DogRobot/ros2_ws/install/custom_interfaces:${AMENT_PREFIX_PATH} CMAKE_PREFIX_PATH=/home/DATA/DogRobot/ros2_ws/install/custom_interfaces:/opt/ros/jazzy/opt/gz_sim_vendor:/opt/ros/jazzy/opt/gz_sensors_vendor:/opt/ros/jazzy/opt/gz_physics_vendor:/opt/ros/jazzy/opt/sdformat_vendor:/opt/ros/jazzy/opt/gz_gui_vendor:/opt/ros/jazzy/opt/gz_transport_vendor:/opt/ros/jazzy/opt/gz_rendering_vendor:/opt/ros/jazzy/opt/gz_plugin_vendor:/opt/ros/jazzy/opt/gz_fuel_tools_vendor:/opt/ros/jazzy/opt/gz_msgs_vendor:/opt/ros/jazzy/opt/gz_common_vendor:/opt/ros/jazzy/opt/gz_math_vendor:/opt/ros/jazzy/opt/gz_utils_vendor:/opt/ros/jazzy/opt/gz_tools_vendor:/opt/ros/jazzy/opt/gz_ogre_next_vendor:/opt/ros/jazzy/opt/gz_dartsim_vendor:/opt/ros/jazzy/opt/gz_cmake_vendor:/opt/ros/jazzy DEBUGINFOD_URLS=https://debuginfod.ubuntu.com LD_LIBRARY_PATH=/home/DATA/DogRobot/ros2_ws/install/custom_interfaces/lib:${LD_LIBRARY_PATH} PYTHONPATH=/home/DATA/DogRobot/ros2_ws/install/custom_interfaces/lib/python3.12/site-packages:${PYTHONPATH} /usr/bin/cmake --install /home/DATA/DogRobot/ros2_ws/build/wit_pkg
[9.297s] Level 1:colcon.colcon_core.environment:checking '/home/DATA/DogRobot/ros2_ws/install/wit_pkg' for CMake config files
[9.297s] Level 1:colcon.colcon_core.shell:create_environment_hook('wit_pkg', 'cmake_prefix_path')
[9.297s] INFO:colcon.colcon_core.shell:Creating environment hook '/home/DATA/DogRobot/ros2_ws/install/wit_pkg/share/wit_pkg/hook/cmake_prefix_path.ps1'
[9.298s] INFO:colcon.colcon_core.shell:Creating environment descriptor '/home/DATA/DogRobot/ros2_ws/install/wit_pkg/share/wit_pkg/hook/cmake_prefix_path.dsv'
[9.298s] INFO:colcon.colcon_core.shell:Creating environment hook '/home/DATA/DogRobot/ros2_ws/install/wit_pkg/share/wit_pkg/hook/cmake_prefix_path.sh'
[9.299s] Level 1:colcon.colcon_core.environment:checking '/home/DATA/DogRobot/ros2_ws/install/wit_pkg/lib'
[9.299s] Level 1:colcon.colcon_core.shell:create_environment_hook('wit_pkg', 'ld_library_path_lib')
[9.299s] INFO:colcon.colcon_core.shell:Creating environment hook '/home/DATA/DogRobot/ros2_ws/install/wit_pkg/share/wit_pkg/hook/ld_library_path_lib.ps1'
[9.300s] INFO:colcon.colcon_core.shell:Creating environment descriptor '/home/DATA/DogRobot/ros2_ws/install/wit_pkg/share/wit_pkg/hook/ld_library_path_lib.dsv'
[9.300s] INFO:colcon.colcon_core.shell:Creating environment hook '/home/DATA/DogRobot/ros2_ws/install/wit_pkg/share/wit_pkg/hook/ld_library_path_lib.sh'
[9.300s] Level 1:colcon.colcon_core.environment:checking '/home/DATA/DogRobot/ros2_ws/install/wit_pkg/bin'
[9.300s] Level 1:colcon.colcon_core.environment:checking '/home/DATA/DogRobot/ros2_ws/install/wit_pkg/lib/pkgconfig/wit_pkg.pc'
[9.301s] Level 1:colcon.colcon_core.environment:checking '/home/DATA/DogRobot/ros2_ws/install/wit_pkg/lib/python3.12/site-packages'
[9.301s] Level 1:colcon.colcon_core.environment:checking '/home/DATA/DogRobot/ros2_ws/install/wit_pkg/bin'
[9.301s] INFO:colcon.colcon_core.shell:Creating package script '/home/DATA/DogRobot/ros2_ws/install/wit_pkg/share/wit_pkg/package.ps1'
[9.302s] INFO:colcon.colcon_core.shell:Creating package descriptor '/home/DATA/DogRobot/ros2_ws/install/wit_pkg/share/wit_pkg/package.dsv'
[9.302s] INFO:colcon.colcon_core.shell:Creating package script '/home/DATA/DogRobot/ros2_ws/install/wit_pkg/share/wit_pkg/package.sh'
[9.303s] INFO:colcon.colcon_core.shell:Creating package script '/home/DATA/DogRobot/ros2_ws/install/wit_pkg/share/wit_pkg/package.bash'
[9.303s] INFO:colcon.colcon_core.shell:Creating package script '/home/DATA/DogRobot/ros2_ws/install/wit_pkg/share/wit_pkg/package.zsh'
[9.303s] Level 1:colcon.colcon_core.environment:create_file_with_runtime_dependencies(/home/DATA/DogRobot/ros2_ws/install/wit_pkg/share/colcon-core/packages/wit_pkg)
[9.332s] Level 1:colcon.colcon_core.environment:create_environment_scripts_only(wit_pkg)
[9.332s] Level 1:colcon.colcon_core.environment:checking '/home/DATA/DogRobot/ros2_ws/install/wit_pkg' for CMake module files
[9.333s] Level 1:colcon.colcon_core.environment:checking '/home/DATA/DogRobot/ros2_ws/install/wit_pkg' for CMake config files
[9.333s] Level 1:colcon.colcon_core.shell:create_environment_hook('wit_pkg', 'cmake_prefix_path')
[9.334s] INFO:colcon.colcon_core.shell:Creating environment hook '/home/DATA/DogRobot/ros2_ws/install/wit_pkg/share/wit_pkg/hook/cmake_prefix_path.ps1'
[9.334s] INFO:colcon.colcon_core.shell:Creating environment descriptor '/home/DATA/DogRobot/ros2_ws/install/wit_pkg/share/wit_pkg/hook/cmake_prefix_path.dsv'
[9.334s] INFO:colcon.colcon_core.shell:Creating environment hook '/home/DATA/DogRobot/ros2_ws/install/wit_pkg/share/wit_pkg/hook/cmake_prefix_path.sh'
[9.335s] Level 1:colcon.colcon_core.environment:checking '/home/DATA/DogRobot/ros2_ws/install/wit_pkg/lib'
[9.335s] Level 1:colcon.colcon_core.shell:create_environment_hook('wit_pkg', 'ld_library_path_lib')
[9.335s] INFO:colcon.colcon_core.shell:Creating environment hook '/home/DATA/DogRobot/ros2_ws/install/wit_pkg/share/wit_pkg/hook/ld_library_path_lib.ps1'
[9.336s] INFO:colcon.colcon_core.shell:Creating environment descriptor '/home/DATA/DogRobot/ros2_ws/install/wit_pkg/share/wit_pkg/hook/ld_library_path_lib.dsv'
[9.336s] INFO:colcon.colcon_core.shell:Creating environment hook '/home/DATA/DogRobot/ros2_ws/install/wit_pkg/share/wit_pkg/hook/ld_library_path_lib.sh'
[9.336s] Level 1:colcon.colcon_core.environment:checking '/home/DATA/DogRobot/ros2_ws/install/wit_pkg/bin'
[9.337s] Level 1:colcon.colcon_core.environment:checking '/home/DATA/DogRobot/ros2_ws/install/wit_pkg/lib/pkgconfig/wit_pkg.pc'
[9.337s] Level 1:colcon.colcon_core.environment:checking '/home/DATA/DogRobot/ros2_ws/install/wit_pkg/lib/python3.12/site-packages'
[9.337s] Level 1:colcon.colcon_core.environment:checking '/home/DATA/DogRobot/ros2_ws/install/wit_pkg/bin'
[9.337s] INFO:colcon.colcon_core.shell:Creating package script '/home/DATA/DogRobot/ros2_ws/install/wit_pkg/share/wit_pkg/package.ps1'
[9.338s] INFO:colcon.colcon_core.shell:Creating package descriptor '/home/DATA/DogRobot/ros2_ws/install/wit_pkg/share/wit_pkg/package.dsv'
[9.338s] INFO:colcon.colcon_core.shell:Creating package script '/home/DATA/DogRobot/ros2_ws/install/wit_pkg/share/wit_pkg/package.sh'
[9.339s] INFO:colcon.colcon_core.shell:Creating package script '/home/DATA/DogRobot/ros2_ws/install/wit_pkg/share/wit_pkg/package.bash'
[9.339s] INFO:colcon.colcon_core.shell:Creating package script '/home/DATA/DogRobot/ros2_ws/install/wit_pkg/share/wit_pkg/package.zsh'
[9.340s] Level 1:colcon.colcon_core.environment:create_file_with_runtime_dependencies(/home/DATA/DogRobot/ros2_ws/install/wit_pkg/share/colcon-core/packages/wit_pkg)
[9.340s] DEBUG:colcon.colcon_parallel_executor.executor.parallel:closing loop
[9.341s] DEBUG:colcon.colcon_parallel_executor.executor.parallel:loop closed
[9.341s] DEBUG:colcon.colcon_parallel_executor.executor.parallel:run_until_complete finished with '0'
[9.341s] DEBUG:colcon.colcon_core.event_reactor:joining thread
[9.349s] INFO:colcon.colcon_core.plugin_system:Skipping extension 'colcon_notification.desktop_notification.terminal_notifier': Not used on non-Darwin systems
[9.349s] INFO:colcon.colcon_core.plugin_system:Skipping extension 'colcon_notification.desktop_notification.win32': Not used on non-Windows systems
[9.349s] INFO:colcon.colcon_notification.desktop_notification:Sending desktop notification using 'notify2'
[9.381s] DEBUG:colcon.colcon_core.event_reactor:joined thread
[9.381s] INFO:colcon.colcon_core.shell:Creating prefix script '/home/DATA/DogRobot/ros2_ws/install/local_setup.ps1'
[9.382s] INFO:colcon.colcon_core.shell:Creating prefix util module '/home/DATA/DogRobot/ros2_ws/install/_local_setup_util_ps1.py'
[9.384s] INFO:colcon.colcon_core.shell:Creating prefix chain script '/home/DATA/DogRobot/ros2_ws/install/setup.ps1'
[9.385s] INFO:colcon.colcon_core.shell:Creating prefix script '/home/DATA/DogRobot/ros2_ws/install/local_setup.sh'
[9.386s] INFO:colcon.colcon_core.shell:Creating prefix util module '/home/DATA/DogRobot/ros2_ws/install/_local_setup_util_sh.py'
[9.387s] INFO:colcon.colcon_core.shell:Creating prefix chain script '/home/DATA/DogRobot/ros2_ws/install/setup.sh'
[9.388s] INFO:colcon.colcon_core.shell:Creating prefix script '/home/DATA/DogRobot/ros2_ws/install/local_setup.bash'
[9.389s] INFO:colcon.colcon_core.shell:Creating prefix chain script '/home/DATA/DogRobot/ros2_ws/install/setup.bash'
[9.390s] INFO:colcon.colcon_core.shell:Creating prefix script '/home/DATA/DogRobot/ros2_ws/install/local_setup.zsh'
[9.391s] INFO:colcon.colcon_core.shell:Creating prefix chain script '/home/DATA/DogRobot/ros2_ws/install/setup.zsh'
