[1.773s] Invoking command in '/home/DATA/DogRobot/ros2_ws/src/controller': DEBUGINFOD_URLS=https://debuginfod.ubuntu.com PYTHONPATH=/home/DATA/DogRobot/ros2_ws/build/controller/prefix_override:/usr/lib/python3/dist-packages/colcon_core/task/python/colcon_distutils_commands:/home/DATA/DogRobot/ros2_ws/install/controller/lib/python3.12/site-packages:${PYTHONPATH} /usr/bin/python3 -W ignore:setup.py install is deprecated setup.py egg_info --egg-base ../../build/controller build --build-base /home/DATA/DogRobot/ros2_ws/build/controller/build install --record /home/DATA/DogRobot/ros2_ws/build/controller/install.log --single-version-externally-managed install_data
[2.111s] running egg_info
[2.135s] writing ../../build/controller/controller.egg-info/PKG-INFO
[2.135s] writing dependency_links to ../../build/controller/controller.egg-info/dependency_links.txt
[2.135s] writing entry points to ../../build/controller/controller.egg-info/entry_points.txt
[2.135s] writing requirements to ../../build/controller/controller.egg-info/requires.txt
[2.136s] writing top-level names to ../../build/controller/controller.egg-info/top_level.txt
[2.183s] reading manifest file '../../build/controller/controller.egg-info/SOURCES.txt'
[2.184s] writing manifest file '../../build/controller/controller.egg-info/SOURCES.txt'
[2.185s] running build
[2.185s] running build_py
[2.185s] running install
[2.192s] running install_lib
[2.217s] running install_data
[2.218s] running install_egg_info
[2.242s] removing '/home/DATA/DogRobot/ros2_ws/install/controller/lib/python3.12/site-packages/controller-0.0.0-py3.12.egg-info' (and everything under it)
[2.242s] Copying ../../build/controller/controller.egg-info to /home/DATA/DogRobot/ros2_ws/install/controller/lib/python3.12/site-packages/controller-0.0.0-py3.12.egg-info
[2.243s] running install_scripts
[2.398s] Installing control script to /home/DATA/DogRobot/ros2_ws/install/controller/lib/controller
[2.398s] writing list of installed files to '/home/DATA/DogRobot/ros2_ws/build/controller/install.log'
[2.444s] Invoked command in '/home/DATA/DogRobot/ros2_ws/src/controller' returned '0': DEBUGINFOD_URLS=https://debuginfod.ubuntu.com PYTHONPATH=/home/DATA/DogRobot/ros2_ws/build/controller/prefix_override:/usr/lib/python3/dist-packages/colcon_core/task/python/colcon_distutils_commands:/home/DATA/DogRobot/ros2_ws/install/controller/lib/python3.12/site-packages:${PYTHONPATH} /usr/bin/python3 -W ignore:setup.py install is deprecated setup.py egg_info --egg-base ../../build/controller build --build-base /home/DATA/DogRobot/ros2_ws/build/controller/build install --record /home/DATA/DogRobot/ros2_ws/build/controller/install.log --single-version-externally-managed install_data
