[1.752s] Invoking command in '/home/DATA/DogRobot/ros2_ws/src/gamepad_node': DEBUGINFOD_URLS=https://debuginfod.ubuntu.com PYTHONPATH=/home/DATA/DogRobot/ros2_ws/build/gamepad_node/prefix_override:/usr/lib/python3/dist-packages/colcon_core/task/python/colcon_distutils_commands:/home/DATA/DogRobot/ros2_ws/install/gamepad_node/lib/python3.12/site-packages:${PYTHONPATH} /usr/bin/python3 -W ignore:setup.py install is deprecated setup.py egg_info --egg-base ../../build/gamepad_node build --build-base /home/DATA/DogRobot/ros2_ws/build/gamepad_node/build install --record /home/DATA/DogRobot/ros2_ws/build/gamepad_node/install.log --single-version-externally-managed install_data
[2.233s] running egg_info
[2.264s] writing ../../build/gamepad_node/gamepad_node.egg-info/PKG-INFO
[2.264s] writing dependency_links to ../../build/gamepad_node/gamepad_node.egg-info/dependency_links.txt
[2.264s] writing entry points to ../../build/gamepad_node/gamepad_node.egg-info/entry_points.txt
[2.264s] writing requirements to ../../build/gamepad_node/gamepad_node.egg-info/requires.txt
[2.265s] writing top-level names to ../../build/gamepad_node/gamepad_node.egg-info/top_level.txt
[2.327s] reading manifest file '../../build/gamepad_node/gamepad_node.egg-info/SOURCES.txt'
[2.328s] writing manifest file '../../build/gamepad_node/gamepad_node.egg-info/SOURCES.txt'
[2.329s] running build
[2.329s] running build_py
[2.329s] copying gamepad_node/gamepad.py -> /home/DATA/DogRobot/ros2_ws/build/gamepad_node/build/lib/gamepad_node
[2.329s] running install
[2.336s] running install_lib
[2.359s] copying /home/DATA/DogRobot/ros2_ws/build/gamepad_node/build/lib/gamepad_node/gamepad.py -> /home/DATA/DogRobot/ros2_ws/install/gamepad_node/lib/python3.12/site-packages/gamepad_node
[2.360s] byte-compiling /home/DATA/DogRobot/ros2_ws/install/gamepad_node/lib/python3.12/site-packages/gamepad_node/gamepad.py to gamepad.cpython-312.pyc
[2.361s] running install_data
[2.361s] running install_egg_info
[2.385s] removing '/home/DATA/DogRobot/ros2_ws/install/gamepad_node/lib/python3.12/site-packages/gamepad_node-0.0.0-py3.12.egg-info' (and everything under it)
[2.385s] Copying ../../build/gamepad_node/gamepad_node.egg-info to /home/DATA/DogRobot/ros2_ws/install/gamepad_node/lib/python3.12/site-packages/gamepad_node-0.0.0-py3.12.egg-info
[2.386s] running install_scripts
[2.633s] Installing gamepad script to /home/DATA/DogRobot/ros2_ws/install/gamepad_node/lib/gamepad_node
[2.633s] writing list of installed files to '/home/DATA/DogRobot/ros2_ws/build/gamepad_node/install.log'
[2.696s] Invoked command in '/home/DATA/DogRobot/ros2_ws/src/gamepad_node' returned '0': DEBUGINFOD_URLS=https://debuginfod.ubuntu.com PYTHONPATH=/home/DATA/DogRobot/ros2_ws/build/gamepad_node/prefix_override:/usr/lib/python3/dist-packages/colcon_core/task/python/colcon_distutils_commands:/home/DATA/DogRobot/ros2_ws/install/gamepad_node/lib/python3.12/site-packages:${PYTHONPATH} /usr/bin/python3 -W ignore:setup.py install is deprecated setup.py egg_info --egg-base ../../build/gamepad_node build --build-base /home/DATA/DogRobot/ros2_ws/build/gamepad_node/build install --record /home/DATA/DogRobot/ros2_ws/build/gamepad_node/install.log --single-version-externally-managed install_data
