-- Found ament_cmake: 2.5.2 (/opt/ros/jazzy/share/ament_cmake/cmake)
-- Found rclcpp: 28.1.5 (/opt/ros/jazzy/share/rclcpp/cmake)
-- Found rosidl_generator_c: 4.6.4 (/opt/ros/jazzy/share/rosidl_generator_c/cmake)
-- Found rosidl_generator_cpp: 4.6.4 (/opt/ros/jazzy/share/rosidl_generator_cpp/cmake)
-- Using all available rosidl_typesupport_c: rosidl_typesupport_fastrtps_c;rosidl_typesupport_introspection_c
-- Using all available rosidl_typesupport_cpp: rosidl_typesupport_fastrtps_cpp;rosidl_typesupport_introspection_cpp
-- Found rmw_implementation_cmake: 7.3.1 (/opt/ros/jazzy/share/rmw_implementation_cmake/cmake)
-- Found rmw_fastrtps_cpp: 8.4.1 (/opt/ros/jazzy/share/rmw_fastrtps_cpp/cmake)
-- Using RMW implementation 'rmw_fastrtps_cpp' as default
-- Configuring done (0.6s)
-- Generating done (0.0s)
-- Build files have been written to: /home/DATA/DogRobot/ros2_ws/build/wit_pkg
[ 33%] Built target wit_c_sdk
[ 66%] Built target serial
[ 83%] [32m[1mLinking C executable readIMU[0m
[100%] Built target readIMU
-- Install configuration: ""
-- Up-to-date: /home/DATA/DogRobot/ros2_ws/install/wit_pkg/lib/libserial.so.
-- Up-to-date: /home/DATA/DogRobot/ros2_ws/install/wit_pkg/lib/libserial.so
-- Up-to-date: /home/DATA/DogRobot/ros2_ws/install/wit_pkg/lib/libwit_c_sdk.so.
-- Up-to-date: /home/DATA/DogRobot/ros2_ws/install/wit_pkg/lib/libwit_c_sdk.so
-- Installing: /home/DATA/DogRobot/ros2_ws/install/wit_pkg/include/readIMU
-- Set non-toolchain portion of runtime path of "/home/DATA/DogRobot/ros2_ws/install/wit_pkg/include/readIMU" to ""
-- Up-to-date: /home/DATA/DogRobot/ros2_ws/install/wit_pkg/share/ament_index/resource_index/package_run_dependencies/wit_pkg
-- Up-to-date: /home/DATA/DogRobot/ros2_ws/install/wit_pkg/share/ament_index/resource_index/parent_prefix_path/wit_pkg
-- Up-to-date: /home/DATA/DogRobot/ros2_ws/install/wit_pkg/share/wit_pkg/environment/ament_prefix_path.sh
-- Up-to-date: /home/DATA/DogRobot/ros2_ws/install/wit_pkg/share/wit_pkg/environment/ament_prefix_path.dsv
-- Up-to-date: /home/DATA/DogRobot/ros2_ws/install/wit_pkg/share/wit_pkg/environment/path.sh
-- Up-to-date: /home/DATA/DogRobot/ros2_ws/install/wit_pkg/share/wit_pkg/environment/path.dsv
-- Up-to-date: /home/DATA/DogRobot/ros2_ws/install/wit_pkg/share/wit_pkg/local_setup.bash
-- Up-to-date: /home/DATA/DogRobot/ros2_ws/install/wit_pkg/share/wit_pkg/local_setup.sh
-- Up-to-date: /home/DATA/DogRobot/ros2_ws/install/wit_pkg/share/wit_pkg/local_setup.zsh
-- Up-to-date: /home/DATA/DogRobot/ros2_ws/install/wit_pkg/share/wit_pkg/local_setup.dsv
-- Installing: /home/DATA/DogRobot/ros2_ws/install/wit_pkg/share/wit_pkg/package.dsv
-- Up-to-date: /home/DATA/DogRobot/ros2_ws/install/wit_pkg/share/ament_index/resource_index/packages/wit_pkg
-- Up-to-date: /home/DATA/DogRobot/ros2_ws/install/wit_pkg/share/wit_pkg/cmake/export_wit_pkgExport.cmake
-- Up-to-date: /home/DATA/DogRobot/ros2_ws/install/wit_pkg/share/wit_pkg/cmake/export_wit_pkgExport-noconfig.cmake
-- Up-to-date: /home/DATA/DogRobot/ros2_ws/install/wit_pkg/share/wit_pkg/cmake/ament_cmake_export_targets-extras.cmake
-- Up-to-date: /home/DATA/DogRobot/ros2_ws/install/wit_pkg/share/wit_pkg/cmake/wit_pkgConfig.cmake
-- Up-to-date: /home/DATA/DogRobot/ros2_ws/install/wit_pkg/share/wit_pkg/cmake/wit_pkgConfig-version.cmake
-- Up-to-date: /home/DATA/DogRobot/ros2_ws/install/wit_pkg/share/wit_pkg/package.xml
