running egg_info
creating ../../build/gamepad_node/gamepad_node.egg-info
writing ../../build/gamepad_node/gamepad_node.egg-info/PKG-INFO
writing dependency_links to ../../build/gamepad_node/gamepad_node.egg-info/dependency_links.txt
writing entry points to ../../build/gamepad_node/gamepad_node.egg-info/entry_points.txt
writing requirements to ../../build/gamepad_node/gamepad_node.egg-info/requires.txt
writing top-level names to ../../build/gamepad_node/gamepad_node.egg-info/top_level.txt
writing manifest file '../../build/gamepad_node/gamepad_node.egg-info/SOURCES.txt'
reading manifest file '../../build/gamepad_node/gamepad_node.egg-info/SOURCES.txt'
writing manifest file '../../build/gamepad_node/gamepad_node.egg-info/SOURCES.txt'
running build
running build_py
creating /home/DATA/DogRobot/ros2_ws/build/gamepad_node/build
creating /home/DATA/DogRobot/ros2_ws/build/gamepad_node/build/lib
creating /home/DATA/DogRobot/ros2_ws/build/gamepad_node/build/lib/gamepad_node
copying gamepad_node/__init__.py -> /home/DATA/DogRobot/ros2_ws/build/gamepad_node/build/lib/gamepad_node
copying gamepad_node/gamepad.py -> /home/DATA/DogRobot/ros2_ws/build/gamepad_node/build/lib/gamepad_node
running install
running install_lib
creating /home/DATA/DogRobot/ros2_ws/install/gamepad_node/lib/python3.12/site-packages/gamepad_node
copying /home/DATA/DogRobot/ros2_ws/build/gamepad_node/build/lib/gamepad_node/__init__.py -> /home/DATA/DogRobot/ros2_ws/install/gamepad_node/lib/python3.12/site-packages/gamepad_node
copying /home/DATA/DogRobot/ros2_ws/build/gamepad_node/build/lib/gamepad_node/gamepad.py -> /home/DATA/DogRobot/ros2_ws/install/gamepad_node/lib/python3.12/site-packages/gamepad_node
byte-compiling /home/DATA/DogRobot/ros2_ws/install/gamepad_node/lib/python3.12/site-packages/gamepad_node/__init__.py to __init__.cpython-312.pyc
byte-compiling /home/DATA/DogRobot/ros2_ws/install/gamepad_node/lib/python3.12/site-packages/gamepad_node/gamepad.py to gamepad.cpython-312.pyc
running install_data
creating /home/DATA/DogRobot/ros2_ws/install/gamepad_node/share/ament_index
creating /home/DATA/DogRobot/ros2_ws/install/gamepad_node/share/ament_index/resource_index
creating /home/DATA/DogRobot/ros2_ws/install/gamepad_node/share/ament_index/resource_index/packages
copying resource/gamepad_node -> /home/DATA/DogRobot/ros2_ws/install/gamepad_node/share/ament_index/resource_index/packages
copying package.xml -> /home/DATA/DogRobot/ros2_ws/install/gamepad_node/share/gamepad_node
running install_egg_info
Copying ../../build/gamepad_node/gamepad_node.egg-info to /home/DATA/DogRobot/ros2_ws/install/gamepad_node/lib/python3.12/site-packages/gamepad_node-0.0.0-py3.12.egg-info
running install_scripts
Installing gamepad script to /home/DATA/DogRobot/ros2_ws/install/gamepad_node/lib/gamepad_node
writing list of installed files to '/home/DATA/DogRobot/ros2_ws/build/gamepad_node/install.log'
