[1.856s] Invoking command in '/home/DATA/DogRobot/ros2_ws/src/gamepad_node': CMAKE_PREFIX_PATH=/home/DATA/DogRobot/ros2_ws/install/custom_interfaces:/home/DATA/DogRobot/ros2_ws/install/wit_pkg:/home/DATA/DogRobot/ros2_ws/install/urdf_tutorial:/home/DATA/DogRobot/ros2_ws/install/simulation:/opt/ros/jazzy/opt/gz_sim_vendor:/opt/ros/jazzy/opt/gz_sensors_vendor:/opt/ros/jazzy/opt/gz_physics_vendor:/opt/ros/jazzy/opt/sdformat_vendor:/opt/ros/jazzy/opt/gz_gui_vendor:/opt/ros/jazzy/opt/gz_transport_vendor:/opt/ros/jazzy/opt/gz_rendering_vendor:/opt/ros/jazzy/opt/gz_plugin_vendor:/opt/ros/jazzy/opt/gz_fuel_tools_vendor:/opt/ros/jazzy/opt/gz_msgs_vendor:/opt/ros/jazzy/opt/gz_common_vendor:/opt/ros/jazzy/opt/gz_math_vendor:/opt/ros/jazzy/opt/gz_utils_vendor:/opt/ros/jazzy/opt/gz_tools_vendor:/opt/ros/jazzy/opt/gz_ogre_next_vendor:/opt/ros/jazzy/opt/gz_dartsim_vendor:/opt/ros/jazzy/opt/gz_cmake_vendor DEBUGINFOD_URLS=https://debuginfod.ubuntu.com LD_LIBRARY_PATH=/home/DATA/DogRobot/ros2_ws/install/custom_interfaces/lib:/home/DATA/DogRobot/ros2_ws/install/wit_pkg/lib:/opt/ros/jazzy/opt/gz_sim_vendor/lib:/opt/ros/jazzy/opt/gz_sensors_vendor/lib:/opt/ros/jazzy/opt/gz_physics_vendor/lib:/opt/ros/jazzy/opt/sdformat_vendor/lib:/opt/ros/jazzy/opt/rviz_ogre_vendor/lib:/opt/ros/jazzy/lib/x86_64-linux-gnu:/opt/ros/jazzy/opt/gz_gui_vendor/lib:/opt/ros/jazzy/opt/gz_transport_vendor/lib:/opt/ros/jazzy/opt/gz_rendering_vendor/lib:/opt/ros/jazzy/opt/gz_plugin_vendor/lib:/opt/ros/jazzy/opt/gz_fuel_tools_vendor/lib:/opt/ros/jazzy/opt/gz_msgs_vendor/lib:/opt/ros/jazzy/opt/gz_common_vendor/lib:/opt/ros/jazzy/opt/gz_math_vendor/lib:/opt/ros/jazzy/opt/gz_utils_vendor/lib:/opt/ros/jazzy/opt/gz_tools_vendor/lib:/opt/ros/jazzy/opt/gz_ogre_next_vendor/lib:/opt/ros/jazzy/opt/gz_dartsim_vendor/lib:/opt/ros/jazzy/opt/gz_cmake_vendor/lib:/opt/ros/jazzy/lib PYTHONPATH=/home/DATA/DogRobot/ros2_ws/build/gamepad_node/prefix_override:/usr/lib/python3/dist-packages/colcon_core/task/python/colcon_distutils_commands:/home/DATA/DogRobot/ros2_ws/install/gamepad_node/lib/python3.12/site-packages:/home/DATA/DogRobot/ros2_ws/install/custom_interfaces/lib/python3.12/site-packages:/home/DATA/DogRobot/ros2_ws/install/my_launch_package/lib/python3.12/site-packages:/home/DATA/DogRobot/ros2_ws/install/gamepad_node/lib/python3.12/site-packages:/home/DATA/DogRobot/ros2_ws/install/controller/lib/python3.12/site-packages:/home/DATA/DogRobot/ros2_ws/install/can_node/lib/python3.12/site-packages:/home/DATA/DogRobot/ros2_ws/install/add_integers/lib/python3.12/site-packages:/home/DATA/DogRobot/ros2_ws/install/control/lib/python3.12/site-packages:/opt/ros/jazzy/lib/python3.12/site-packages /usr/bin/python3 -W ignore:setup.py install is deprecated setup.py egg_info --egg-base ../../build/gamepad_node build --build-base /home/DATA/DogRobot/ros2_ws/build/gamepad_node/build install --record /home/DATA/DogRobot/ros2_ws/build/gamepad_node/install.log --single-version-externally-managed install_data
[2.258s] running egg_info
[2.259s] creating ../../build/gamepad_node/gamepad_node.egg-info
[2.289s] writing ../../build/gamepad_node/gamepad_node.egg-info/PKG-INFO
[2.291s] writing dependency_links to ../../build/gamepad_node/gamepad_node.egg-info/dependency_links.txt
[2.291s] writing entry points to ../../build/gamepad_node/gamepad_node.egg-info/entry_points.txt
[2.291s] writing requirements to ../../build/gamepad_node/gamepad_node.egg-info/requires.txt
[2.291s] writing top-level names to ../../build/gamepad_node/gamepad_node.egg-info/top_level.txt
[2.291s] writing manifest file '../../build/gamepad_node/gamepad_node.egg-info/SOURCES.txt'
[2.350s] reading manifest file '../../build/gamepad_node/gamepad_node.egg-info/SOURCES.txt'
[2.351s] writing manifest file '../../build/gamepad_node/gamepad_node.egg-info/SOURCES.txt'
[2.351s] running build
[2.351s] running build_py
[2.351s] creating /home/DATA/DogRobot/ros2_ws/build/gamepad_node/build
[2.351s] creating /home/DATA/DogRobot/ros2_ws/build/gamepad_node/build/lib
[2.352s] creating /home/DATA/DogRobot/ros2_ws/build/gamepad_node/build/lib/gamepad_node
[2.352s] copying gamepad_node/__init__.py -> /home/DATA/DogRobot/ros2_ws/build/gamepad_node/build/lib/gamepad_node
[2.352s] copying gamepad_node/gamepad.py -> /home/DATA/DogRobot/ros2_ws/build/gamepad_node/build/lib/gamepad_node
[2.352s] running install
[2.359s] running install_lib
[2.389s] creating /home/DATA/DogRobot/ros2_ws/install/gamepad_node/lib/python3.12/site-packages/gamepad_node
[2.389s] copying /home/DATA/DogRobot/ros2_ws/build/gamepad_node/build/lib/gamepad_node/__init__.py -> /home/DATA/DogRobot/ros2_ws/install/gamepad_node/lib/python3.12/site-packages/gamepad_node
[2.389s] copying /home/DATA/DogRobot/ros2_ws/build/gamepad_node/build/lib/gamepad_node/gamepad.py -> /home/DATA/DogRobot/ros2_ws/install/gamepad_node/lib/python3.12/site-packages/gamepad_node
[2.389s] byte-compiling /home/DATA/DogRobot/ros2_ws/install/gamepad_node/lib/python3.12/site-packages/gamepad_node/__init__.py to __init__.cpython-312.pyc
[2.390s] byte-compiling /home/DATA/DogRobot/ros2_ws/install/gamepad_node/lib/python3.12/site-packages/gamepad_node/gamepad.py to gamepad.cpython-312.pyc
[2.391s] running install_data
[2.392s] creating /home/DATA/DogRobot/ros2_ws/install/gamepad_node/share/ament_index
[2.392s] creating /home/DATA/DogRobot/ros2_ws/install/gamepad_node/share/ament_index/resource_index
[2.392s] creating /home/DATA/DogRobot/ros2_ws/install/gamepad_node/share/ament_index/resource_index/packages
[2.392s] copying resource/gamepad_node -> /home/DATA/DogRobot/ros2_ws/install/gamepad_node/share/ament_index/resource_index/packages
[2.392s] copying package.xml -> /home/DATA/DogRobot/ros2_ws/install/gamepad_node/share/gamepad_node
[2.392s] running install_egg_info
[2.420s] Copying ../../build/gamepad_node/gamepad_node.egg-info to /home/DATA/DogRobot/ros2_ws/install/gamepad_node/lib/python3.12/site-packages/gamepad_node-0.0.0-py3.12.egg-info
[2.421s] running install_scripts
[2.607s] Installing gamepad script to /home/DATA/DogRobot/ros2_ws/install/gamepad_node/lib/gamepad_node
[2.607s] writing list of installed files to '/home/DATA/DogRobot/ros2_ws/build/gamepad_node/install.log'
[2.659s] Invoked command in '/home/DATA/DogRobot/ros2_ws/src/gamepad_node' returned '0': CMAKE_PREFIX_PATH=/home/DATA/DogRobot/ros2_ws/install/custom_interfaces:/home/DATA/DogRobot/ros2_ws/install/wit_pkg:/home/DATA/DogRobot/ros2_ws/install/urdf_tutorial:/home/DATA/DogRobot/ros2_ws/install/simulation:/opt/ros/jazzy/opt/gz_sim_vendor:/opt/ros/jazzy/opt/gz_sensors_vendor:/opt/ros/jazzy/opt/gz_physics_vendor:/opt/ros/jazzy/opt/sdformat_vendor:/opt/ros/jazzy/opt/gz_gui_vendor:/opt/ros/jazzy/opt/gz_transport_vendor:/opt/ros/jazzy/opt/gz_rendering_vendor:/opt/ros/jazzy/opt/gz_plugin_vendor:/opt/ros/jazzy/opt/gz_fuel_tools_vendor:/opt/ros/jazzy/opt/gz_msgs_vendor:/opt/ros/jazzy/opt/gz_common_vendor:/opt/ros/jazzy/opt/gz_math_vendor:/opt/ros/jazzy/opt/gz_utils_vendor:/opt/ros/jazzy/opt/gz_tools_vendor:/opt/ros/jazzy/opt/gz_ogre_next_vendor:/opt/ros/jazzy/opt/gz_dartsim_vendor:/opt/ros/jazzy/opt/gz_cmake_vendor DEBUGINFOD_URLS=https://debuginfod.ubuntu.com LD_LIBRARY_PATH=/home/DATA/DogRobot/ros2_ws/install/custom_interfaces/lib:/home/DATA/DogRobot/ros2_ws/install/wit_pkg/lib:/opt/ros/jazzy/opt/gz_sim_vendor/lib:/opt/ros/jazzy/opt/gz_sensors_vendor/lib:/opt/ros/jazzy/opt/gz_physics_vendor/lib:/opt/ros/jazzy/opt/sdformat_vendor/lib:/opt/ros/jazzy/opt/rviz_ogre_vendor/lib:/opt/ros/jazzy/lib/x86_64-linux-gnu:/opt/ros/jazzy/opt/gz_gui_vendor/lib:/opt/ros/jazzy/opt/gz_transport_vendor/lib:/opt/ros/jazzy/opt/gz_rendering_vendor/lib:/opt/ros/jazzy/opt/gz_plugin_vendor/lib:/opt/ros/jazzy/opt/gz_fuel_tools_vendor/lib:/opt/ros/jazzy/opt/gz_msgs_vendor/lib:/opt/ros/jazzy/opt/gz_common_vendor/lib:/opt/ros/jazzy/opt/gz_math_vendor/lib:/opt/ros/jazzy/opt/gz_utils_vendor/lib:/opt/ros/jazzy/opt/gz_tools_vendor/lib:/opt/ros/jazzy/opt/gz_ogre_next_vendor/lib:/opt/ros/jazzy/opt/gz_dartsim_vendor/lib:/opt/ros/jazzy/opt/gz_cmake_vendor/lib:/opt/ros/jazzy/lib PYTHONPATH=/home/DATA/DogRobot/ros2_ws/build/gamepad_node/prefix_override:/usr/lib/python3/dist-packages/colcon_core/task/python/colcon_distutils_commands:/home/DATA/DogRobot/ros2_ws/install/gamepad_node/lib/python3.12/site-packages:/home/DATA/DogRobot/ros2_ws/install/custom_interfaces/lib/python3.12/site-packages:/home/DATA/DogRobot/ros2_ws/install/my_launch_package/lib/python3.12/site-packages:/home/DATA/DogRobot/ros2_ws/install/gamepad_node/lib/python3.12/site-packages:/home/DATA/DogRobot/ros2_ws/install/controller/lib/python3.12/site-packages:/home/DATA/DogRobot/ros2_ws/install/can_node/lib/python3.12/site-packages:/home/DATA/DogRobot/ros2_ws/install/add_integers/lib/python3.12/site-packages:/home/DATA/DogRobot/ros2_ws/install/control/lib/python3.12/site-packages:/opt/ros/jazzy/lib/python3.12/site-packages /usr/bin/python3 -W ignore:setup.py install is deprecated setup.py egg_info --egg-base ../../build/gamepad_node build --build-base /home/DATA/DogRobot/ros2_ws/build/gamepad_node/build install --record /home/DATA/DogRobot/ros2_ws/build/gamepad_node/install.log --single-version-externally-managed install_data
