[1.345s] Invoking command in '/home/DATA/DogRobot/ros2_ws/src/can_node': DEBUGINFOD_URLS=https://debuginfod.ubuntu.com PYTHONPATH=/home/DATA/DogRobot/ros2_ws/build/can_node/prefix_override:/usr/lib/python3/dist-packages/colcon_core/task/python/colcon_distutils_commands:/home/DATA/DogRobot/ros2_ws/install/can_node/lib/python3.12/site-packages:${PYTHONPATH} /usr/bin/python3 -W ignore:setup.py install is deprecated setup.py egg_info --egg-base ../../build/can_node build --build-base /home/DATA/DogRobot/ros2_ws/build/can_node/build install --record /home/DATA/DogRobot/ros2_ws/build/can_node/install.log --single-version-externally-managed install_data
[1.666s] running egg_info
[1.688s] writing ../../build/can_node/can_node.egg-info/PKG-INFO
[1.688s] writing dependency_links to ../../build/can_node/can_node.egg-info/dependency_links.txt
[1.689s] writing entry points to ../../build/can_node/can_node.egg-info/entry_points.txt
[1.689s] writing requirements to ../../build/can_node/can_node.egg-info/requires.txt
[1.689s] writing top-level names to ../../build/can_node/can_node.egg-info/top_level.txt
[1.737s] reading manifest file '../../build/can_node/can_node.egg-info/SOURCES.txt'
[1.738s] writing manifest file '../../build/can_node/can_node.egg-info/SOURCES.txt'
[1.738s] running build
[1.738s] running build_py
[1.739s] copying can_node/publisher.py -> /home/DATA/DogRobot/ros2_ws/build/can_node/build/lib/can_node
[1.739s] running install
[1.745s] running install_lib
[1.768s] copying /home/DATA/DogRobot/ros2_ws/build/can_node/build/lib/can_node/publisher.py -> /home/DATA/DogRobot/ros2_ws/install/can_node/lib/python3.12/site-packages/can_node
[1.769s] byte-compiling /home/DATA/DogRobot/ros2_ws/install/can_node/lib/python3.12/site-packages/can_node/publisher.py to publisher.cpython-312.pyc
[1.770s] running install_data
[1.770s] running install_egg_info
[1.794s] removing '/home/DATA/DogRobot/ros2_ws/install/can_node/lib/python3.12/site-packages/can_node-0.0.0-py3.12.egg-info' (and everything under it)
[1.794s] Copying ../../build/can_node/can_node.egg-info to /home/DATA/DogRobot/ros2_ws/install/can_node/lib/python3.12/site-packages/can_node-0.0.0-py3.12.egg-info
[1.795s] running install_scripts
[1.947s] Installing listener script to /home/DATA/DogRobot/ros2_ws/install/can_node/lib/can_node
[1.947s] Installing talker script to /home/DATA/DogRobot/ros2_ws/install/can_node/lib/can_node
[1.947s] writing list of installed files to '/home/DATA/DogRobot/ros2_ws/build/can_node/install.log'
[2.013s] Invoked command in '/home/DATA/DogRobot/ros2_ws/src/can_node' returned '0': DEBUGINFOD_URLS=https://debuginfod.ubuntu.com PYTHONPATH=/home/DATA/DogRobot/ros2_ws/build/can_node/prefix_override:/usr/lib/python3/dist-packages/colcon_core/task/python/colcon_distutils_commands:/home/DATA/DogRobot/ros2_ws/install/can_node/lib/python3.12/site-packages:${PYTHONPATH} /usr/bin/python3 -W ignore:setup.py install is deprecated setup.py egg_info --egg-base ../../build/can_node build --build-base /home/DATA/DogRobot/ros2_ws/build/can_node/build install --record /home/DATA/DogRobot/ros2_ws/build/can_node/install.log --single-version-externally-managed install_data
