[5.295s] Invoking command in '/home/DATA/DogRobot/ros2_ws/src/can_node': DEBUGINFOD_URLS=https://debuginfod.ubuntu.com PYTHONPATH=/home/DATA/DogRobot/ros2_ws/build/can_node/prefix_override:/usr/lib/python3/dist-packages/colcon_core/task/python/colcon_distutils_commands:/home/DATA/DogRobot/ros2_ws/install/can_node/lib/python3.12/site-packages:${PYTHONPATH} /usr/bin/python3 -W ignore:setup.py install is deprecated setup.py egg_info --egg-base ../../build/can_node build --build-base /home/DATA/DogRobot/ros2_ws/build/can_node/build install --record /home/DATA/DogRobot/ros2_ws/build/can_node/install.log --single-version-externally-managed install_data
[6.578s] running egg_info
[6.662s] writing ../../build/can_node/can_node.egg-info/PKG-INFO
[6.663s] writing dependency_links to ../../build/can_node/can_node.egg-info/dependency_links.txt
[6.664s] writing entry points to ../../build/can_node/can_node.egg-info/entry_points.txt
[6.664s] writing requirements to ../../build/can_node/can_node.egg-info/requires.txt
[6.665s] writing top-level names to ../../build/can_node/can_node.egg-info/top_level.txt
[6.858s] reading manifest file '../../build/can_node/can_node.egg-info/SOURCES.txt'
[6.870s] writing manifest file '../../build/can_node/can_node.egg-info/SOURCES.txt'
[6.871s] running build
[6.871s] running build_py
[6.871s] running install
[6.892s] running install_lib
[6.981s] running install_data
[6.982s] running install_egg_info
[7.082s] removing '/home/DATA/DogRobot/ros2_ws/install/can_node/lib/python3.12/site-packages/can_node-0.0.0-py3.12.egg-info' (and everything under it)
[7.082s] Copying ../../build/can_node/can_node.egg-info to /home/DATA/DogRobot/ros2_ws/install/can_node/lib/python3.12/site-packages/can_node-0.0.0-py3.12.egg-info
[7.084s] running install_scripts
[7.589s] Installing listener script to /home/DATA/DogRobot/ros2_ws/install/can_node/lib/can_node
[7.593s] Installing talker script to /home/DATA/DogRobot/ros2_ws/install/can_node/lib/can_node
[7.600s] writing list of installed files to '/home/DATA/DogRobot/ros2_ws/build/can_node/install.log'
[7.933s] Invoked command in '/home/DATA/DogRobot/ros2_ws/src/can_node' returned '0': DEBUGINFOD_URLS=https://debuginfod.ubuntu.com PYTHONPATH=/home/DATA/DogRobot/ros2_ws/build/can_node/prefix_override:/usr/lib/python3/dist-packages/colcon_core/task/python/colcon_distutils_commands:/home/DATA/DogRobot/ros2_ws/install/can_node/lib/python3.12/site-packages:${PYTHONPATH} /usr/bin/python3 -W ignore:setup.py install is deprecated setup.py egg_info --egg-base ../../build/can_node build --build-base /home/DATA/DogRobot/ros2_ws/build/can_node/build install --record /home/DATA/DogRobot/ros2_ws/build/can_node/install.log --single-version-externally-managed install_data
