[2.040s] Invoking command in '/home/DATA/DogRobot/ros2_ws/src/can_node': DEBUGINFOD_URLS=https://debuginfod.ubuntu.com PYTHONPATH=/home/DATA/DogRobot/ros2_ws/build/can_node/prefix_override:/usr/lib/python3/dist-packages/colcon_core/task/python/colcon_distutils_commands:/home/DATA/DogRobot/ros2_ws/install/can_node/lib/python3.12/site-packages:${PYTHONPATH} /usr/bin/python3 -W ignore:setup.py install is deprecated setup.py egg_info --egg-base ../../build/can_node build --build-base /home/DATA/DogRobot/ros2_ws/build/can_node/build install --record /home/DATA/DogRobot/ros2_ws/build/can_node/install.log --single-version-externally-managed install_data
[2.422s] running egg_info
[2.452s] writing ../../build/can_node/can_node.egg-info/PKG-INFO
[2.453s] writing dependency_links to ../../build/can_node/can_node.egg-info/dependency_links.txt
[2.453s] writing entry points to ../../build/can_node/can_node.egg-info/entry_points.txt
[2.453s] writing requirements to ../../build/can_node/can_node.egg-info/requires.txt
[2.453s] writing top-level names to ../../build/can_node/can_node.egg-info/top_level.txt
[2.540s] reading manifest file '../../build/can_node/can_node.egg-info/SOURCES.txt'
[2.541s] writing manifest file '../../build/can_node/can_node.egg-info/SOURCES.txt'
[2.543s] running build
[2.543s] running build_py
[2.543s] running install
[2.557s] running install_lib
[2.606s] running install_data
[2.608s] running install_egg_info
[2.657s] removing '/home/DATA/DogRobot/ros2_ws/install/can_node/lib/python3.12/site-packages/can_node-0.0.0-py3.12.egg-info' (and everything under it)
[2.657s] Copying ../../build/can_node/can_node.egg-info to /home/DATA/DogRobot/ros2_ws/install/can_node/lib/python3.12/site-packages/can_node-0.0.0-py3.12.egg-info
[2.658s] running install_scripts
[2.911s] Installing listener script to /home/DATA/DogRobot/ros2_ws/install/can_node/lib/can_node
[2.912s] Installing talker script to /home/DATA/DogRobot/ros2_ws/install/can_node/lib/can_node
[2.912s] writing list of installed files to '/home/DATA/DogRobot/ros2_ws/build/can_node/install.log'
[3.005s] Invoked command in '/home/DATA/DogRobot/ros2_ws/src/can_node' returned '0': DEBUGINFOD_URLS=https://debuginfod.ubuntu.com PYTHONPATH=/home/DATA/DogRobot/ros2_ws/build/can_node/prefix_override:/usr/lib/python3/dist-packages/colcon_core/task/python/colcon_distutils_commands:/home/DATA/DogRobot/ros2_ws/install/can_node/lib/python3.12/site-packages:${PYTHONPATH} /usr/bin/python3 -W ignore:setup.py install is deprecated setup.py egg_info --egg-base ../../build/can_node build --build-base /home/DATA/DogRobot/ros2_ws/build/can_node/build install --record /home/DATA/DogRobot/ros2_ws/build/can_node/install.log --single-version-externally-managed install_data
