[0.953s] Invoking command in '/home/DATA/DogRobot/ros2_ws/src/simulation_control': DEBUGINFOD_URLS=https://debuginfod.ubuntu.com PYTHONPATH=/home/DATA/DogRobot/ros2_ws/build/control/prefix_override:/usr/lib/python3/dist-packages/colcon_core/task/python/colcon_distutils_commands:/home/DATA/DogRobot/ros2_ws/install/control/lib/python3.12/site-packages:${PYTHONPATH} /usr/bin/python3 -W ignore:setup.py install is deprecated setup.py egg_info --egg-base ../../build/control build --build-base /home/DATA/DogRobot/ros2_ws/build/control/build install --record /home/DATA/DogRobot/ros2_ws/build/control/install.log --single-version-externally-managed install_data
[1.262s] running egg_info
[1.285s] writing ../../build/control/control.egg-info/PKG-INFO
[1.286s] writing dependency_links to ../../build/control/control.egg-info/dependency_links.txt
[1.286s] writing entry points to ../../build/control/control.egg-info/entry_points.txt
[1.286s] writing requirements to ../../build/control/control.egg-info/requires.txt
[1.286s] writing top-level names to ../../build/control/control.egg-info/top_level.txt
[1.334s] reading manifest file '../../build/control/control.egg-info/SOURCES.txt'
[1.334s] adding license file 'LICENSE'
[1.335s] writing manifest file '../../build/control/control.egg-info/SOURCES.txt'
[1.335s] running build
[1.335s] running build_py
[1.335s] copying control/publish.py -> /home/DATA/DogRobot/ros2_ws/build/control/build/lib/control
[1.335s] running install
[1.342s] running install_lib
[1.366s] copying /home/DATA/DogRobot/ros2_ws/build/control/build/lib/control/publish.py -> /home/DATA/DogRobot/ros2_ws/install/control/lib/python3.12/site-packages/control
[1.366s] byte-compiling /home/DATA/DogRobot/ros2_ws/install/control/lib/python3.12/site-packages/control/publish.py to publish.cpython-312.pyc
[1.367s] running install_data
[1.367s] running install_egg_info
[1.392s] removing '/home/DATA/DogRobot/ros2_ws/install/control/lib/python3.12/site-packages/control-0.0.0-py3.12.egg-info' (and everything under it)
[1.392s] Copying ../../build/control/control.egg-info to /home/DATA/DogRobot/ros2_ws/install/control/lib/python3.12/site-packages/control-0.0.0-py3.12.egg-info
[1.393s] running install_scripts
[1.542s] Installing control script to /home/DATA/DogRobot/ros2_ws/install/control/lib/control
[1.543s] writing list of installed files to '/home/DATA/DogRobot/ros2_ws/build/control/install.log'
[1.570s] Invoked command in '/home/DATA/DogRobot/ros2_ws/src/simulation_control' returned '0': DEBUGINFOD_URLS=https://debuginfod.ubuntu.com PYTHONPATH=/home/DATA/DogRobot/ros2_ws/build/control/prefix_override:/usr/lib/python3/dist-packages/colcon_core/task/python/colcon_distutils_commands:/home/DATA/DogRobot/ros2_ws/install/control/lib/python3.12/site-packages:${PYTHONPATH} /usr/bin/python3 -W ignore:setup.py install is deprecated setup.py egg_info --egg-base ../../build/control build --build-base /home/DATA/DogRobot/ros2_ws/build/control/build install --record /home/DATA/DogRobot/ros2_ws/build/control/install.log --single-version-externally-managed install_data
