[1.597s] Invoking command in '/home/DATA/DogRobot/ros2_ws/src/controller': DEBUGINFOD_URLS=https://debuginfod.ubuntu.com PYTHONPATH=/home/DATA/DogRobot/ros2_ws/build/controller/prefix_override:/usr/lib/python3/dist-packages/colcon_core/task/python/colcon_distutils_commands:/home/DATA/DogRobot/ros2_ws/install/controller/lib/python3.12/site-packages:${PYTHONPATH} /usr/bin/python3 -W ignore:setup.py install is deprecated setup.py egg_info --egg-base ../../build/controller build --build-base /home/DATA/DogRobot/ros2_ws/build/controller/build install --record /home/DATA/DogRobot/ros2_ws/build/controller/install.log --single-version-externally-managed install_data
[1.913s] running egg_info
[1.937s] writing ../../build/controller/controller.egg-info/PKG-INFO
[1.937s] writing dependency_links to ../../build/controller/controller.egg-info/dependency_links.txt
[1.937s] writing entry points to ../../build/controller/controller.egg-info/entry_points.txt
[1.937s] writing requirements to ../../build/controller/controller.egg-info/requires.txt
[1.938s] writing top-level names to ../../build/controller/controller.egg-info/top_level.txt
[1.985s] reading manifest file '../../build/controller/controller.egg-info/SOURCES.txt'
[1.987s] writing manifest file '../../build/controller/controller.egg-info/SOURCES.txt'
[1.987s] running build
[1.987s] running build_py
[1.988s] running install
[1.995s] running install_lib
[2.020s] running install_data
[2.020s] running install_egg_info
[2.047s] removing '/home/DATA/DogRobot/ros2_ws/install/controller/lib/python3.12/site-packages/controller-0.0.0-py3.12.egg-info' (and everything under it)
[2.047s] Copying ../../build/controller/controller.egg-info to /home/DATA/DogRobot/ros2_ws/install/controller/lib/python3.12/site-packages/controller-0.0.0-py3.12.egg-info
[2.048s] running install_scripts
[2.223s] Installing control script to /home/DATA/DogRobot/ros2_ws/install/controller/lib/controller
[2.223s] writing list of installed files to '/home/DATA/DogRobot/ros2_ws/build/controller/install.log'
[2.280s] Invoked command in '/home/DATA/DogRobot/ros2_ws/src/controller' returned '0': DEBUGINFOD_URLS=https://debuginfod.ubuntu.com PYTHONPATH=/home/DATA/DogRobot/ros2_ws/build/controller/prefix_override:/usr/lib/python3/dist-packages/colcon_core/task/python/colcon_distutils_commands:/home/DATA/DogRobot/ros2_ws/install/controller/lib/python3.12/site-packages:${PYTHONPATH} /usr/bin/python3 -W ignore:setup.py install is deprecated setup.py egg_info --egg-base ../../build/controller build --build-base /home/DATA/DogRobot/ros2_ws/build/controller/build install --record /home/DATA/DogRobot/ros2_ws/build/controller/install.log --single-version-externally-managed install_data
