[ 50%] [32mBuilding C object CMakeFiles/serial.dir/src/serial.c.o[0m
[ 50%] Built target wit_c_sdk
[ 66%] [32m[1mLinking C shared library libserial.so[0m
[ 66%] Built target serial
[ 83%] [32mBuilding CXX object CMakeFiles/readIMU.dir/src/readIMU.cpp.o[0m
[100%] [32m[1mLinking CXX executable readIMU[0m
[100%] Built target readIMU
-- Install configuration: ""
-- Installing: /home/DATA/DogRobot/ros2_ws/install/wit_pkg/lib/libserial.so.
-- Set non-toolchain portion of runtime path of "/home/DATA/DogRobot/ros2_ws/install/wit_pkg/lib/libserial.so." to ""
-- Up-to-date: /home/DATA/DogRobot/ros2_ws/install/wit_pkg/lib/libserial.so
-- Installing: /home/DATA/DogRobot/ros2_ws/install/wit_pkg/lib/libwit_c_sdk.so.
-- Set non-toolchain portion of runtime path of "/home/DATA/DogRobot/ros2_ws/install/wit_pkg/lib/libwit_c_sdk.so." to ""
-- Up-to-date: /home/DATA/DogRobot/ros2_ws/install/wit_pkg/lib/libwit_c_sdk.so
-- Installing: /home/DATA/DogRobot/ros2_ws/install/wit_pkg/lib/wit_pkg/readIMU
-- Set non-toolchain portion of runtime path of "/home/DATA/DogRobot/ros2_ws/install/wit_pkg/lib/wit_pkg/readIMU" to ""
-- Installing: /home/DATA/DogRobot/ros2_ws/install/wit_pkg/share/ament_index/resource_index/package_run_dependencies/wit_pkg
-- Installing: /home/DATA/DogRobot/ros2_ws/install/wit_pkg/share/ament_index/resource_index/parent_prefix_path/wit_pkg
-- Up-to-date: /home/DATA/DogRobot/ros2_ws/install/wit_pkg/share/wit_pkg/environment/ament_prefix_path.sh
-- Up-to-date: /home/DATA/DogRobot/ros2_ws/install/wit_pkg/share/wit_pkg/environment/ament_prefix_path.dsv
-- Up-to-date: /home/DATA/DogRobot/ros2_ws/install/wit_pkg/share/wit_pkg/environment/path.sh
-- Up-to-date: /home/DATA/DogRobot/ros2_ws/install/wit_pkg/share/wit_pkg/environment/path.dsv
-- Up-to-date: /home/DATA/DogRobot/ros2_ws/install/wit_pkg/share/wit_pkg/local_setup.bash
-- Up-to-date: /home/DATA/DogRobot/ros2_ws/install/wit_pkg/share/wit_pkg/local_setup.sh
-- Up-to-date: /home/DATA/DogRobot/ros2_ws/install/wit_pkg/share/wit_pkg/local_setup.zsh
-- Up-to-date: /home/DATA/DogRobot/ros2_ws/install/wit_pkg/share/wit_pkg/local_setup.dsv
-- Installing: /home/DATA/DogRobot/ros2_ws/install/wit_pkg/share/wit_pkg/package.dsv
-- Up-to-date: /home/DATA/DogRobot/ros2_ws/install/wit_pkg/share/ament_index/resource_index/packages/wit_pkg
-- Up-to-date: /home/DATA/DogRobot/ros2_ws/install/wit_pkg/share/wit_pkg/cmake/export_wit_pkgExport.cmake
-- Up-to-date: /home/DATA/DogRobot/ros2_ws/install/wit_pkg/share/wit_pkg/cmake/export_wit_pkgExport-noconfig.cmake
-- Up-to-date: /home/DATA/DogRobot/ros2_ws/install/wit_pkg/share/wit_pkg/cmake/ament_cmake_export_targets-extras.cmake
-- Up-to-date: /home/DATA/DogRobot/ros2_ws/install/wit_pkg/share/wit_pkg/cmake/wit_pkgConfig.cmake
-- Up-to-date: /home/DATA/DogRobot/ros2_ws/install/wit_pkg/share/wit_pkg/cmake/wit_pkgConfig-version.cmake
-- Installing: /home/DATA/DogRobot/ros2_ws/install/wit_pkg/share/wit_pkg/package.xml
