[0.010s] Invoking command in '/home/DATA/DogRobot/ros2_ws/build/wit_pkg': CMAKE_PREFIX_PATH=${CMAKE_PREFIX_PATH}:/opt/ros/jazzy DEBUGINFOD_URLS=https://debuginfod.ubuntu.com /usr/bin/cmake --build /home/DATA/DogRobot/ros2_ws/build/wit_pkg -- -j8 -l8
[0.036s] -- Found ament_cmake: 2.5.2 (/opt/ros/jazzy/share/ament_cmake/cmake)
[0.258s] -- Found rclcpp: 28.1.5 (/opt/ros/jazzy/share/rclcpp/cmake)
[0.285s] -- Found rosidl_generator_c: 4.6.4 (/opt/ros/jazzy/share/rosidl_generator_c/cmake)
[0.294s] -- Found rosidl_generator_cpp: 4.6.4 (/opt/ros/jazzy/share/rosidl_generator_cpp/cmake)
[0.307s] -- Using all available rosidl_typesupport_c: rosidl_typesupport_fastrtps_c;rosidl_typesupport_introspection_c
[0.321s] -- Using all available rosidl_typesupport_cpp: rosidl_typesupport_fastrtps_cpp;rosidl_typesupport_introspection_cpp
[0.386s] -- Found rmw_implementation_cmake: 7.3.1 (/opt/ros/jazzy/share/rmw_implementation_cmake/cmake)
[0.387s] -- Found rmw_fastrtps_cpp: 8.4.1 (/opt/ros/jazzy/share/rmw_fastrtps_cpp/cmake)
[0.455s] -- Using RMW implementation 'rmw_fastrtps_cpp' as default
[0.557s] [33mCMake Warning at CMakeLists.txt:15 (find_package):
[0.557s]   By not providing "Findcustom_interfaces.cmake" in CMAKE_MODULE_PATH this
[0.557s]   project has asked CMake to find a package configuration file provided by
[0.557s]   "custom_interfaces", but CMake did not find one.
[0.557s] 
[0.557s]   Could not find a package configuration file provided by "custom_interfaces"
[0.557s]   with any of the following names:
[0.557s] 
[0.557s]     custom_interfacesConfig.cmake
[0.557s]     custom_interfaces-config.cmake
[0.558s] 
[0.558s]   Add the installation prefix of "custom_interfaces" to CMAKE_PREFIX_PATH or
[0.558s]   set "custom_interfaces_DIR" to a directory containing one of the above
[0.558s]   files.  If "custom_interfaces" provides a separate development package or
[0.558s]   SDK, be sure it has been installed.
[0.558s] 
[0.558s] [0m
[0.655s] -- Configuring done (0.6s)
[0.670s] -- Generating done (0.0s)
[0.672s] -- Build files have been written to: /home/DATA/DogRobot/ros2_ws/build/wit_pkg
[0.709s] [ 66%] Built target wit_c_sdk
[0.710s] [ 66%] Built target serial
[0.732s] [ 83%] [32mBuilding C object CMakeFiles/readIMU.dir/src/readIMU.c.o[0m
[0.773s] In file included from [01m[K/home/DATA/DogRobot/ros2_ws/src/wit_pkg/src/readIMU.c:8[m[K:
[0.773s] [01m[K/opt/ros/jazzy/include/rclcpp/rclcpp/rclcpp.hpp:168:10:[m[K [01;31m[Kfatal error: [m[Kcsignal: No such file or directory
[0.773s]   168 | #include [01;31m[K<csignal>[m[K
[0.773s]       |          [01;31m[K^~~~~~~~~[m[K
[0.773s] compilation terminated.
[0.774s] gmake[2]: *** [CMakeFiles/readIMU.dir/build.make:76: CMakeFiles/readIMU.dir/src/readIMU.c.o] Error 1
[0.774s] gmake[1]: *** [CMakeFiles/Makefile2:194: CMakeFiles/readIMU.dir/all] Error 2
[0.774s] gmake: *** [Makefile:146: all] Error 2
[0.776s] Invoked command in '/home/DATA/DogRobot/ros2_ws/build/wit_pkg' returned '2': CMAKE_PREFIX_PATH=${CMAKE_PREFIX_PATH}:/opt/ros/jazzy DEBUGINFOD_URLS=https://debuginfod.ubuntu.com /usr/bin/cmake --build /home/DATA/DogRobot/ros2_ws/build/wit_pkg -- -j8 -l8
