[0.638s] Invoking command in '/home/DATA/DogRobot/ros2_ws/build/simulation': CMAKE_PREFIX_PATH=${CMAKE_PREFIX_PATH}:/home/DATA/DogRobot/ros2_ws/install/my_launch_package:/home/DATA/DogRobot/ros2_ws/install/gamepad_node:/home/DATA/DogRobot/ros2_ws/install/controller:/home/DATA/DogRobot/ros2_ws/install/can_node:/home/DATA/DogRobot/ros2_ws/install/add_integers:/home/DATA/DogRobot/ros2_ws/install/control:/opt/ros/jazzy DEBUGINFOD_URLS=https://debuginfod.ubuntu.com /usr/bin/cmake /home/DATA/DogRobot/ros2_ws/src/simulation -DCMAKE_INSTALL_PREFIX=/home/DATA/DogRobot/ros2_ws/install/simulation
[0.721s] -- The C compiler identification is GNU 13.2.0
[0.799s] -- The CXX compiler identification is GNU 13.2.0
[0.822s] -- Detecting C compiler ABI info
[0.934s] -- Detecting C compiler ABI info - done
[0.945s] -- Check for working C compiler: /usr/bin/cc - skipped
[0.945s] -- Detecting C compile features
[0.946s] -- Detecting C compile features - done
[0.955s] -- Detecting CXX compiler ABI info
[1.075s] -- Detecting CXX compiler ABI info - done
[1.090s] -- Check for working CXX compiler: /usr/bin/c++ - skipped
[1.090s] -- Detecting CXX compile features
[1.091s] -- Detecting CXX compile features - done
[1.096s] -- Found ament_cmake: 2.5.2 (/opt/ros/jazzy/share/ament_cmake/cmake)
[1.296s] -- Found Python3: /usr/bin/python3 (found version "3.12.3") found components: Interpreter 
[1.463s] -- Found ament_lint_auto: 0.17.1 (/opt/ros/jazzy/share/ament_lint_auto/cmake)
[1.644s] -- Configuring done (1.0s)
[1.651s] -- Generating done (0.0s)
[1.651s] -- Build files have been written to: /home/DATA/DogRobot/ros2_ws/build/simulation
[1.660s] Invoked command in '/home/DATA/DogRobot/ros2_ws/build/simulation' returned '0': CMAKE_PREFIX_PATH=${CMAKE_PREFIX_PATH}:/home/DATA/DogRobot/ros2_ws/install/my_launch_package:/home/DATA/DogRobot/ros2_ws/install/gamepad_node:/home/DATA/DogRobot/ros2_ws/install/controller:/home/DATA/DogRobot/ros2_ws/install/can_node:/home/DATA/DogRobot/ros2_ws/install/add_integers:/home/DATA/DogRobot/ros2_ws/install/control:/opt/ros/jazzy DEBUGINFOD_URLS=https://debuginfod.ubuntu.com /usr/bin/cmake /home/DATA/DogRobot/ros2_ws/src/simulation -DCMAKE_INSTALL_PREFIX=/home/DATA/DogRobot/ros2_ws/install/simulation
[1.662s] Invoking command in '/home/DATA/DogRobot/ros2_ws/build/simulation': CMAKE_PREFIX_PATH=${CMAKE_PREFIX_PATH}:/home/DATA/DogRobot/ros2_ws/install/my_launch_package:/home/DATA/DogRobot/ros2_ws/install/gamepad_node:/home/DATA/DogRobot/ros2_ws/install/controller:/home/DATA/DogRobot/ros2_ws/install/can_node:/home/DATA/DogRobot/ros2_ws/install/add_integers:/home/DATA/DogRobot/ros2_ws/install/control:/opt/ros/jazzy DEBUGINFOD_URLS=https://debuginfod.ubuntu.com /usr/bin/cmake --build /home/DATA/DogRobot/ros2_ws/build/simulation -- -j8 -l8
[1.731s] Invoked command in '/home/DATA/DogRobot/ros2_ws/build/simulation' returned '0': CMAKE_PREFIX_PATH=${CMAKE_PREFIX_PATH}:/home/DATA/DogRobot/ros2_ws/install/my_launch_package:/home/DATA/DogRobot/ros2_ws/install/gamepad_node:/home/DATA/DogRobot/ros2_ws/install/controller:/home/DATA/DogRobot/ros2_ws/install/can_node:/home/DATA/DogRobot/ros2_ws/install/add_integers:/home/DATA/DogRobot/ros2_ws/install/control:/opt/ros/jazzy DEBUGINFOD_URLS=https://debuginfod.ubuntu.com /usr/bin/cmake --build /home/DATA/DogRobot/ros2_ws/build/simulation -- -j8 -l8
[1.769s] Invoking command in '/home/DATA/DogRobot/ros2_ws/build/simulation': CMAKE_PREFIX_PATH=${CMAKE_PREFIX_PATH}:/home/DATA/DogRobot/ros2_ws/install/my_launch_package:/home/DATA/DogRobot/ros2_ws/install/gamepad_node:/home/DATA/DogRobot/ros2_ws/install/controller:/home/DATA/DogRobot/ros2_ws/install/can_node:/home/DATA/DogRobot/ros2_ws/install/add_integers:/home/DATA/DogRobot/ros2_ws/install/control:/opt/ros/jazzy DEBUGINFOD_URLS=https://debuginfod.ubuntu.com /usr/bin/cmake --install /home/DATA/DogRobot/ros2_ws/build/simulation
[1.778s] -- Install configuration: ""
[1.779s] -- Installing: /home/DATA/DogRobot/ros2_ws/install/simulation/share/simulation/images
[1.779s] -- Installing: /home/DATA/DogRobot/ros2_ws/install/simulation/share/simulation/images/multipleshapes.png
[1.780s] -- Installing: /home/DATA/DogRobot/ros2_ws/install/simulation/share/simulation/images/flexible.png
[1.781s] -- Installing: /home/DATA/DogRobot/ros2_ws/install/simulation/share/simulation/images/materials.png
[1.782s] -- Installing: /home/DATA/DogRobot/ros2_ws/install/simulation/share/simulation/images/origins.png
[1.783s] -- Installing: /home/DATA/DogRobot/ros2_ws/install/simulation/share/simulation/images/myfirst.png
[1.783s] -- Installing: /home/DATA/DogRobot/ros2_ws/install/simulation/share/simulation/images/visual.png
[1.784s] -- Installing: /home/DATA/DogRobot/ros2_ws/install/simulation/share/simulation/launch
[1.785s] -- Installing: /home/DATA/DogRobot/ros2_ws/install/simulation/share/simulation/launch/display.launch.py
[1.785s] -- Installing: /home/DATA/DogRobot/ros2_ws/install/simulation/share/simulation/meshes
[1.785s] -- Installing: /home/DATA/DogRobot/ros2_ws/install/simulation/share/simulation/meshes/l_finger_tip_color.png
[1.785s] -- Installing: /home/DATA/DogRobot/ros2_ws/install/simulation/share/simulation/meshes/l_finger_color.png
[1.786s] -- Installing: /home/DATA/DogRobot/ros2_ws/install/simulation/share/simulation/meshes/l_finger_tip.dae
[1.788s] -- Installing: /home/DATA/DogRobot/ros2_ws/install/simulation/share/simulation/meshes/l_finger.dae
[1.789s] -- Installing: /home/DATA/DogRobot/ros2_ws/install/simulation/share/simulation/rviz
[1.790s] -- Installing: /home/DATA/DogRobot/ros2_ws/install/simulation/share/simulation/rviz/urdf.rviz
[1.790s] -- Installing: /home/DATA/DogRobot/ros2_ws/install/simulation/share/simulation/urdf
[1.790s] -- Installing: /home/DATA/DogRobot/ros2_ws/install/simulation/share/simulation/urdf/01-myfirst.urdf
[1.790s] -- Installing: /home/DATA/DogRobot/ros2_ws/install/simulation/share/simulation/urdf/06-flexible.urdf
[1.790s] -- Installing: /home/DATA/DogRobot/ros2_ws/install/simulation/share/simulation/urdf/02-multipleshapes.urdf
[1.791s] -- Installing: /home/DATA/DogRobot/ros2_ws/install/simulation/share/simulation/urdf/03-origins.urdf
[1.791s] -- Installing: /home/DATA/DogRobot/ros2_ws/install/simulation/share/simulation/urdf/robot.urdf
[1.792s] -- Installing: /home/DATA/DogRobot/ros2_ws/install/simulation/share/simulation/urdf/08-macroed.urdf.xacro
[1.792s] -- Installing: /home/DATA/DogRobot/ros2_ws/install/simulation/share/simulation/urdf/05-visual.urdf
[1.793s] -- Installing: /home/DATA/DogRobot/ros2_ws/install/simulation/share/simulation/urdf/04-materials.urdf
[1.793s] -- Installing: /home/DATA/DogRobot/ros2_ws/install/simulation/share/simulation/urdf/07-physics.urdf
[1.794s] -- Installing: /home/DATA/DogRobot/ros2_ws/install/simulation/share/ament_index/resource_index/package_run_dependencies/simulation
[1.795s] -- Installing: /home/DATA/DogRobot/ros2_ws/install/simulation/share/ament_index/resource_index/parent_prefix_path/simulation
[1.795s] -- Installing: /home/DATA/DogRobot/ros2_ws/install/simulation/share/simulation/environment/ament_prefix_path.sh
[1.795s] -- Installing: /home/DATA/DogRobot/ros2_ws/install/simulation/share/simulation/environment/ament_prefix_path.dsv
[1.796s] -- Installing: /home/DATA/DogRobot/ros2_ws/install/simulation/share/simulation/environment/path.sh
[1.796s] -- Installing: /home/DATA/DogRobot/ros2_ws/install/simulation/share/simulation/environment/path.dsv
[1.796s] -- Installing: /home/DATA/DogRobot/ros2_ws/install/simulation/share/simulation/local_setup.bash
[1.796s] -- Installing: /home/DATA/DogRobot/ros2_ws/install/simulation/share/simulation/local_setup.sh
[1.796s] -- Installing: /home/DATA/DogRobot/ros2_ws/install/simulation/share/simulation/local_setup.zsh
[1.797s] -- Installing: /home/DATA/DogRobot/ros2_ws/install/simulation/share/simulation/local_setup.dsv
[1.797s] -- Installing: /home/DATA/DogRobot/ros2_ws/install/simulation/share/simulation/package.dsv
[1.797s] -- Installing: /home/DATA/DogRobot/ros2_ws/install/simulation/share/ament_index/resource_index/packages/simulation
[1.797s] -- Installing: /home/DATA/DogRobot/ros2_ws/install/simulation/share/simulation/cmake/simulationConfig.cmake
[1.797s] -- Installing: /home/DATA/DogRobot/ros2_ws/install/simulation/share/simulation/cmake/simulationConfig-version.cmake
[1.798s] -- Installing: /home/DATA/DogRobot/ros2_ws/install/simulation/share/simulation/package.xml
[1.800s] Invoked command in '/home/DATA/DogRobot/ros2_ws/build/simulation' returned '0': CMAKE_PREFIX_PATH=${CMAKE_PREFIX_PATH}:/home/DATA/DogRobot/ros2_ws/install/my_launch_package:/home/DATA/DogRobot/ros2_ws/install/gamepad_node:/home/DATA/DogRobot/ros2_ws/install/controller:/home/DATA/DogRobot/ros2_ws/install/can_node:/home/DATA/DogRobot/ros2_ws/install/add_integers:/home/DATA/DogRobot/ros2_ws/install/control:/opt/ros/jazzy DEBUGINFOD_URLS=https://debuginfod.ubuntu.com /usr/bin/cmake --install /home/DATA/DogRobot/ros2_ws/build/simulation
