running develop
/usr/lib/python3/dist-packages/setuptools/command/develop.py:40: EasyInstallDeprecationWarning: easy_install command is deprecated.
!!

        ********************************************************************************
        Please avoid running ``setup.py`` and ``easy_install``.
        Instead, use pypa/build, pypa/installer or other
        standards-based tools.

        See https://github.com/pypa/setuptools/issues/917 for details.
        ********************************************************************************

!!
  easy_install.initialize_options(self)
Removing /home/vuong/Project/ROS2/ros2_ws/install/controller/lib/python3.12/site-packages/controller.egg-link (link to .)
running egg_info
writing ../../build/controller/controller.egg-info/PKG-INFO
writing dependency_links to ../../build/controller/controller.egg-info/dependency_links.txt
writing entry points to ../../build/controller/controller.egg-info/entry_points.txt
writing requirements to ../../build/controller/controller.egg-info/requires.txt
writing top-level names to ../../build/controller/controller.egg-info/top_level.txt
reading manifest file '../../build/controller/controller.egg-info/SOURCES.txt'
writing manifest file '../../build/controller/controller.egg-info/SOURCES.txt'
running build
running build_py
copying controller/can_controller.py -> /home/vuong/Project/ROS2/ros2_ws/build/controller/build/lib/controller
copying controller/subcriber.py -> /home/vuong/Project/ROS2/ros2_ws/build/controller/build/lib/controller
copying controller/publisher.py -> /home/vuong/Project/ROS2/ros2_ws/build/controller/build/lib/controller
running install
running install_lib
creating /home/vuong/Project/ROS2/ros2_ws/install/controller/lib/python3.12/site-packages/controller
copying /home/vuong/Project/ROS2/ros2_ws/build/controller/build/lib/controller/can_controller.py -> /home/vuong/Project/ROS2/ros2_ws/install/controller/lib/python3.12/site-packages/controller
copying /home/vuong/Project/ROS2/ros2_ws/build/controller/build/lib/controller/__init__.py -> /home/vuong/Project/ROS2/ros2_ws/install/controller/lib/python3.12/site-packages/controller
copying /home/vuong/Project/ROS2/ros2_ws/build/controller/build/lib/controller/subcriber.py -> /home/vuong/Project/ROS2/ros2_ws/install/controller/lib/python3.12/site-packages/controller
copying /home/vuong/Project/ROS2/ros2_ws/build/controller/build/lib/controller/publisher.py -> /home/vuong/Project/ROS2/ros2_ws/install/controller/lib/python3.12/site-packages/controller
byte-compiling /home/vuong/Project/ROS2/ros2_ws/install/controller/lib/python3.12/site-packages/controller/can_controller.py to can_controller.cpython-312.pyc
byte-compiling /home/vuong/Project/ROS2/ros2_ws/install/controller/lib/python3.12/site-packages/controller/__init__.py to __init__.cpython-312.pyc
byte-compiling /home/vuong/Project/ROS2/ros2_ws/install/controller/lib/python3.12/site-packages/controller/subcriber.py to subcriber.cpython-312.pyc
byte-compiling /home/vuong/Project/ROS2/ros2_ws/install/controller/lib/python3.12/site-packages/controller/publisher.py to publisher.cpython-312.pyc
running install_data
copying resource/controller -> /home/vuong/Project/ROS2/ros2_ws/install/controller/share/ament_index/resource_index/packages
copying package.xml -> /home/vuong/Project/ROS2/ros2_ws/install/controller/share/controller
running install_egg_info
Copying ../../build/controller/controller.egg-info to /home/vuong/Project/ROS2/ros2_ws/install/controller/lib/python3.12/site-packages/controller-0.0.0-py3.12.egg-info
running install_scripts
Installing listener script to /home/vuong/Project/ROS2/ros2_ws/install/controller/lib/controller
Installing talker script to /home/vuong/Project/ROS2/ros2_ws/install/controller/lib/controller
writing list of installed files to '/home/vuong/Project/ROS2/ros2_ws/build/controller/install.log'
