[1.701s] Invoking command in '/home/DATA/DogRobot/ros2_ws/src/controller': DEBUGINFOD_URLS=https://debuginfod.ubuntu.com PYTHONPATH=/home/DATA/DogRobot/ros2_ws/build/controller/prefix_override:/usr/lib/python3/dist-packages/colcon_core/task/python/colcon_distutils_commands:/home/DATA/DogRobot/ros2_ws/install/controller/lib/python3.12/site-packages:${PYTHONPATH} /usr/bin/python3 -W ignore:setup.py install is deprecated setup.py egg_info --egg-base ../../build/controller build --build-base /home/DATA/DogRobot/ros2_ws/build/controller/build install --record /home/DATA/DogRobot/ros2_ws/build/controller/install.log --single-version-externally-managed install_data
[2.064s] running egg_info
[2.087s] writing ../../build/controller/controller.egg-info/PKG-INFO
[2.087s] writing dependency_links to ../../build/controller/controller.egg-info/dependency_links.txt
[2.087s] writing requirements to ../../build/controller/controller.egg-info/requires.txt
[2.087s] writing top-level names to ../../build/controller/controller.egg-info/top_level.txt
[2.139s] reading manifest file '../../build/controller/controller.egg-info/SOURCES.txt'
[2.140s] writing manifest file '../../build/controller/controller.egg-info/SOURCES.txt'
[2.140s] running build
[2.140s] running build_py
[2.140s] copying controller/move_control.py -> /home/DATA/DogRobot/ros2_ws/build/controller/build/lib/controller
[2.141s] running install
[2.148s] running install_lib
[2.172s] copying /home/DATA/DogRobot/ros2_ws/build/controller/build/lib/controller/move_control.py -> /home/DATA/DogRobot/ros2_ws/install/controller/lib/python3.12/site-packages/controller
[2.173s] byte-compiling /home/DATA/DogRobot/ros2_ws/install/controller/lib/python3.12/site-packages/controller/move_control.py to move_control.cpython-312.pyc
[2.174s] running install_data
[2.174s] copying package.xml -> /home/DATA/DogRobot/ros2_ws/install/controller/share/controller
[2.174s] running install_egg_info
[2.200s] removing '/home/DATA/DogRobot/ros2_ws/install/controller/lib/python3.12/site-packages/controller-0.0.0-py3.12.egg-info' (and everything under it)
[2.201s] Copying ../../build/controller/controller.egg-info to /home/DATA/DogRobot/ros2_ws/install/controller/lib/python3.12/site-packages/controller-0.0.0-py3.12.egg-info
[2.201s] running install_scripts
[2.374s] writing list of installed files to '/home/DATA/DogRobot/ros2_ws/build/controller/install.log'
[2.441s] Invoked command in '/home/DATA/DogRobot/ros2_ws/src/controller' returned '0': DEBUGINFOD_URLS=https://debuginfod.ubuntu.com PYTHONPATH=/home/DATA/DogRobot/ros2_ws/build/controller/prefix_override:/usr/lib/python3/dist-packages/colcon_core/task/python/colcon_distutils_commands:/home/DATA/DogRobot/ros2_ws/install/controller/lib/python3.12/site-packages:${PYTHONPATH} /usr/bin/python3 -W ignore:setup.py install is deprecated setup.py egg_info --egg-base ../../build/controller build --build-base /home/DATA/DogRobot/ros2_ws/build/controller/build install --record /home/DATA/DogRobot/ros2_ws/build/controller/install.log --single-version-externally-managed install_data
