[0.110s] DEBUG:colcon:Command line arguments: ['/usr/bin/colcon', 'build']
[0.110s] DEBUG:colcon:Parsed command line arguments: Namespace(log_base=None, log_level=None, verb_name='build', build_base='build', install_base='install', merge_install=False, symlink_install=False, test_result_base=None, continue_on_error=False, executor='parallel', parallel_workers=8, event_handlers=None, ignore_user_meta=False, metas=['./colcon.meta'], base_paths=['.'], packages_ignore=None, packages_ignore_regex=None, paths=None, packages_up_to=None, packages_up_to_regex=None, packages_above=None, packages_above_and_dependencies=None, packages_above_depth=None, packages_select_by_dep=None, packages_skip_by_dep=None, packages_skip_up_to=None, packages_select_build_failed=False, packages_skip_build_finished=False, packages_select_test_failures=False, packages_skip_test_passed=False, packages_select=None, packages_skip=None, packages_select_regex=None, packages_skip_regex=None, packages_start=None, packages_end=None, allow_overriding=[], cmake_args=None, cmake_target=None, cmake_target_skip_unavailable=False, cmake_clean_cache=False, cmake_clean_first=False, cmake_force_configure=False, ament_cmake_args=None, catkin_cmake_args=None, catkin_skip_building_tests=False, mixin_files=None, mixin=None, verb_parser=<colcon_mixin.mixin.mixin_argument.MixinArgumentDecorator object at 0x74a7ddd830b0>, verb_extension=<colcon_core.verb.build.BuildVerb object at 0x74a7ddeaa090>, main=<bound method BuildVerb.main of <colcon_core.verb.build.BuildVerb object at 0x74a7ddeaa090>>, mixin_verb=('build',))
[0.147s] Level 1:colcon.colcon_core.package_discovery:discover_packages(colcon_meta) check parameters
[0.147s] Level 1:colcon.colcon_core.package_discovery:discover_packages(recursive) check parameters
[0.147s] Level 1:colcon.colcon_core.package_discovery:discover_packages(ignore) check parameters
[0.147s] Level 1:colcon.colcon_core.package_discovery:discover_packages(path) check parameters
[0.147s] Level 1:colcon.colcon_core.package_discovery:discover_packages(colcon_meta) discover
[0.147s] Level 1:colcon.colcon_core.package_discovery:discover_packages(recursive) discover
[0.147s] INFO:colcon.colcon_core.package_discovery:Crawling recursively for packages in '/home/DATA/DogRobot/ros2_ws'
[0.147s] Level 1:colcon.colcon_core.package_identification:_identify(.) by extensions ['ignore', 'ignore_ament_install']
[0.147s] Level 1:colcon.colcon_core.package_identification:_identify(.) by extension 'ignore'
[0.147s] Level 1:colcon.colcon_core.package_identification:_identify(.) by extension 'ignore_ament_install'
[0.147s] Level 1:colcon.colcon_core.package_identification:_identify(.) by extensions ['colcon_pkg']
[0.147s] Level 1:colcon.colcon_core.package_identification:_identify(.) by extension 'colcon_pkg'
[0.147s] Level 1:colcon.colcon_core.package_identification:_identify(.) by extensions ['colcon_meta']
[0.147s] Level 1:colcon.colcon_core.package_identification:_identify(.) by extension 'colcon_meta'
[0.147s] Level 1:colcon.colcon_core.package_identification:_identify(.) by extensions ['ros']
[0.147s] Level 1:colcon.colcon_core.package_identification:_identify(.) by extension 'ros'
[0.172s] Level 1:colcon.colcon_core.package_identification:_identify(.) by extensions ['cmake', 'python']
[0.173s] Level 1:colcon.colcon_core.package_identification:_identify(.) by extension 'cmake'
[0.173s] Level 1:colcon.colcon_core.package_identification:_identify(.) by extension 'python'
[0.173s] Level 1:colcon.colcon_core.package_identification:_identify(.) by extensions ['python_setup_py']
[0.173s] Level 1:colcon.colcon_core.package_identification:_identify(.) by extension 'python_setup_py'
[0.173s] Level 1:colcon.colcon_core.package_identification:_identify(build) by extensions ['ignore', 'ignore_ament_install']
[0.173s] Level 1:colcon.colcon_core.package_identification:_identify(build) by extension 'ignore'
[0.173s] Level 1:colcon.colcon_core.package_identification:_identify(build) ignored
[0.173s] Level 1:colcon.colcon_core.package_identification:_identify(install) by extensions ['ignore', 'ignore_ament_install']
[0.173s] Level 1:colcon.colcon_core.package_identification:_identify(install) by extension 'ignore'
[0.173s] Level 1:colcon.colcon_core.package_identification:_identify(install) ignored
[0.173s] Level 1:colcon.colcon_core.package_identification:_identify(log) by extensions ['ignore', 'ignore_ament_install']
[0.173s] Level 1:colcon.colcon_core.package_identification:_identify(log) by extension 'ignore'
[0.173s] Level 1:colcon.colcon_core.package_identification:_identify(log) ignored
[0.173s] Level 1:colcon.colcon_core.package_identification:_identify(src) by extensions ['ignore', 'ignore_ament_install']
[0.174s] Level 1:colcon.colcon_core.package_identification:_identify(src) by extension 'ignore'
[0.174s] Level 1:colcon.colcon_core.package_identification:_identify(src) by extension 'ignore_ament_install'
[0.174s] Level 1:colcon.colcon_core.package_identification:_identify(src) by extensions ['colcon_pkg']
[0.174s] Level 1:colcon.colcon_core.package_identification:_identify(src) by extension 'colcon_pkg'
[0.174s] Level 1:colcon.colcon_core.package_identification:_identify(src) by extensions ['colcon_meta']
[0.174s] Level 1:colcon.colcon_core.package_identification:_identify(src) by extension 'colcon_meta'
[0.174s] Level 1:colcon.colcon_core.package_identification:_identify(src) by extensions ['ros']
[0.174s] Level 1:colcon.colcon_core.package_identification:_identify(src) by extension 'ros'
[0.174s] Level 1:colcon.colcon_core.package_identification:_identify(src) by extensions ['cmake', 'python']
[0.174s] Level 1:colcon.colcon_core.package_identification:_identify(src) by extension 'cmake'
[0.174s] Level 1:colcon.colcon_core.package_identification:_identify(src) by extension 'python'
[0.174s] Level 1:colcon.colcon_core.package_identification:_identify(src) by extensions ['python_setup_py']
[0.174s] Level 1:colcon.colcon_core.package_identification:_identify(src) by extension 'python_setup_py'
[0.174s] Level 1:colcon.colcon_core.package_identification:_identify(src/add_integers) by extensions ['ignore', 'ignore_ament_install']
[0.174s] Level 1:colcon.colcon_core.package_identification:_identify(src/add_integers) by extension 'ignore'
[0.174s] Level 1:colcon.colcon_core.package_identification:_identify(src/add_integers) by extension 'ignore_ament_install'
[0.174s] Level 1:colcon.colcon_core.package_identification:_identify(src/add_integers) by extensions ['colcon_pkg']
[0.174s] Level 1:colcon.colcon_core.package_identification:_identify(src/add_integers) by extension 'colcon_pkg'
[0.174s] Level 1:colcon.colcon_core.package_identification:_identify(src/add_integers) by extensions ['colcon_meta']
[0.175s] Level 1:colcon.colcon_core.package_identification:_identify(src/add_integers) by extension 'colcon_meta'
[0.175s] Level 1:colcon.colcon_core.package_identification:_identify(src/add_integers) by extensions ['ros']
[0.175s] Level 1:colcon.colcon_core.package_identification:_identify(src/add_integers) by extension 'ros'
[0.177s] DEBUG:colcon.colcon_core.package_identification:Package 'src/add_integers' with type 'ros.ament_python' and name 'add_integers'
[0.177s] Level 1:colcon.colcon_core.package_identification:_identify(src/can_node) by extensions ['ignore', 'ignore_ament_install']
[0.177s] Level 1:colcon.colcon_core.package_identification:_identify(src/can_node) by extension 'ignore'
[0.177s] Level 1:colcon.colcon_core.package_identification:_identify(src/can_node) by extension 'ignore_ament_install'
[0.177s] Level 1:colcon.colcon_core.package_identification:_identify(src/can_node) by extensions ['colcon_pkg']
[0.177s] Level 1:colcon.colcon_core.package_identification:_identify(src/can_node) by extension 'colcon_pkg'
[0.177s] Level 1:colcon.colcon_core.package_identification:_identify(src/can_node) by extensions ['colcon_meta']
[0.177s] Level 1:colcon.colcon_core.package_identification:_identify(src/can_node) by extension 'colcon_meta'
[0.177s] Level 1:colcon.colcon_core.package_identification:_identify(src/can_node) by extensions ['ros']
[0.177s] Level 1:colcon.colcon_core.package_identification:_identify(src/can_node) by extension 'ros'
[0.178s] DEBUG:colcon.colcon_core.package_identification:Package 'src/can_node' with type 'ros.ament_python' and name 'can_node'
[0.178s] Level 1:colcon.colcon_core.package_identification:_identify(src/controller) by extensions ['ignore', 'ignore_ament_install']
[0.178s] Level 1:colcon.colcon_core.package_identification:_identify(src/controller) by extension 'ignore'
[0.178s] Level 1:colcon.colcon_core.package_identification:_identify(src/controller) by extension 'ignore_ament_install'
[0.178s] Level 1:colcon.colcon_core.package_identification:_identify(src/controller) by extensions ['colcon_pkg']
[0.178s] Level 1:colcon.colcon_core.package_identification:_identify(src/controller) by extension 'colcon_pkg'
[0.178s] Level 1:colcon.colcon_core.package_identification:_identify(src/controller) by extensions ['colcon_meta']
[0.178s] Level 1:colcon.colcon_core.package_identification:_identify(src/controller) by extension 'colcon_meta'
[0.178s] Level 1:colcon.colcon_core.package_identification:_identify(src/controller) by extensions ['ros']
[0.178s] Level 1:colcon.colcon_core.package_identification:_identify(src/controller) by extension 'ros'
[0.179s] DEBUG:colcon.colcon_core.package_identification:Package 'src/controller' with type 'ros.ament_python' and name 'controller'
[0.179s] Level 1:colcon.colcon_core.package_identification:_identify(src/custom_interfaces) by extensions ['ignore', 'ignore_ament_install']
[0.179s] Level 1:colcon.colcon_core.package_identification:_identify(src/custom_interfaces) by extension 'ignore'
[0.179s] Level 1:colcon.colcon_core.package_identification:_identify(src/custom_interfaces) by extension 'ignore_ament_install'
[0.179s] Level 1:colcon.colcon_core.package_identification:_identify(src/custom_interfaces) by extensions ['colcon_pkg']
[0.179s] Level 1:colcon.colcon_core.package_identification:_identify(src/custom_interfaces) by extension 'colcon_pkg'
[0.179s] Level 1:colcon.colcon_core.package_identification:_identify(src/custom_interfaces) by extensions ['colcon_meta']
[0.179s] Level 1:colcon.colcon_core.package_identification:_identify(src/custom_interfaces) by extension 'colcon_meta'
[0.180s] Level 1:colcon.colcon_core.package_identification:_identify(src/custom_interfaces) by extensions ['ros']
[0.180s] Level 1:colcon.colcon_core.package_identification:_identify(src/custom_interfaces) by extension 'ros'
[0.180s] DEBUG:colcon.colcon_core.package_identification:Package 'src/custom_interfaces' with type 'ros.ament_cmake' and name 'custom_interfaces'
[0.180s] Level 1:colcon.colcon_core.package_identification:_identify(src/gamepad_node) by extensions ['ignore', 'ignore_ament_install']
[0.180s] Level 1:colcon.colcon_core.package_identification:_identify(src/gamepad_node) by extension 'ignore'
[0.180s] Level 1:colcon.colcon_core.package_identification:_identify(src/gamepad_node) by extension 'ignore_ament_install'
[0.180s] Level 1:colcon.colcon_core.package_identification:_identify(src/gamepad_node) by extensions ['colcon_pkg']
[0.180s] Level 1:colcon.colcon_core.package_identification:_identify(src/gamepad_node) by extension 'colcon_pkg'
[0.180s] Level 1:colcon.colcon_core.package_identification:_identify(src/gamepad_node) by extensions ['colcon_meta']
[0.180s] Level 1:colcon.colcon_core.package_identification:_identify(src/gamepad_node) by extension 'colcon_meta'
[0.181s] Level 1:colcon.colcon_core.package_identification:_identify(src/gamepad_node) by extensions ['ros']
[0.181s] Level 1:colcon.colcon_core.package_identification:_identify(src/gamepad_node) by extension 'ros'
[0.181s] DEBUG:colcon.colcon_core.package_identification:Package 'src/gamepad_node' with type 'ros.ament_python' and name 'gamepad_node'
[0.181s] Level 1:colcon.colcon_core.package_identification:_identify(src/my_launch_package) by extensions ['ignore', 'ignore_ament_install']
[0.181s] Level 1:colcon.colcon_core.package_identification:_identify(src/my_launch_package) by extension 'ignore'
[0.181s] Level 1:colcon.colcon_core.package_identification:_identify(src/my_launch_package) by extension 'ignore_ament_install'
[0.181s] Level 1:colcon.colcon_core.package_identification:_identify(src/my_launch_package) by extensions ['colcon_pkg']
[0.181s] Level 1:colcon.colcon_core.package_identification:_identify(src/my_launch_package) by extension 'colcon_pkg'
[0.182s] Level 1:colcon.colcon_core.package_identification:_identify(src/my_launch_package) by extensions ['colcon_meta']
[0.182s] Level 1:colcon.colcon_core.package_identification:_identify(src/my_launch_package) by extension 'colcon_meta'
[0.182s] Level 1:colcon.colcon_core.package_identification:_identify(src/my_launch_package) by extensions ['ros']
[0.182s] Level 1:colcon.colcon_core.package_identification:_identify(src/my_launch_package) by extension 'ros'
[0.182s] DEBUG:colcon.colcon_core.package_identification:Package 'src/my_launch_package' with type 'ros.ament_python' and name 'my_launch_package'
[0.182s] Level 1:colcon.colcon_core.package_discovery:discover_packages(recursive) using defaults
[0.182s] Level 1:colcon.colcon_core.package_discovery:discover_packages(ignore) discover
[0.182s] Level 1:colcon.colcon_core.package_discovery:discover_packages(ignore) using defaults
[0.182s] Level 1:colcon.colcon_core.package_discovery:discover_packages(path) discover
[0.182s] Level 1:colcon.colcon_core.package_discovery:discover_packages(path) using defaults
[0.201s] Level 1:colcon.colcon_core.package_discovery:discover_packages(prefix_path) check parameters
[0.201s] Level 1:colcon.colcon_core.package_discovery:discover_packages(prefix_path) discover
[0.203s] DEBUG:colcon.colcon_installed_package_information.package_discovery:Found 6 installed packages in /home/DATA/DogRobot/ros2_ws/install
[0.204s] DEBUG:colcon.colcon_installed_package_information.package_discovery:Found 321 installed packages in /opt/ros/jazzy
[0.206s] Level 1:colcon.colcon_core.package_discovery:discover_packages(prefix_path) using defaults
[0.257s] Level 5:colcon.colcon_core.verb:set package 'can_node' build argument 'cmake_args' from command line to 'None'
[0.258s] Level 5:colcon.colcon_core.verb:set package 'can_node' build argument 'cmake_target' from command line to 'None'
[0.258s] Level 5:colcon.colcon_core.verb:set package 'can_node' build argument 'cmake_target_skip_unavailable' from command line to 'False'
[0.258s] Level 5:colcon.colcon_core.verb:set package 'can_node' build argument 'cmake_clean_cache' from command line to 'False'
[0.258s] Level 5:colcon.colcon_core.verb:set package 'can_node' build argument 'cmake_clean_first' from command line to 'False'
[0.258s] Level 5:colcon.colcon_core.verb:set package 'can_node' build argument 'cmake_force_configure' from command line to 'False'
[0.258s] Level 5:colcon.colcon_core.verb:set package 'can_node' build argument 'ament_cmake_args' from command line to 'None'
[0.258s] Level 5:colcon.colcon_core.verb:set package 'can_node' build argument 'catkin_cmake_args' from command line to 'None'
[0.258s] Level 5:colcon.colcon_core.verb:set package 'can_node' build argument 'catkin_skip_building_tests' from command line to 'False'
[0.258s] DEBUG:colcon.colcon_core.verb:Building package 'can_node' with the following arguments: {'ament_cmake_args': None, 'build_base': '/home/DATA/DogRobot/ros2_ws/build/can_node', 'catkin_cmake_args': None, 'catkin_skip_building_tests': False, 'cmake_args': None, 'cmake_clean_cache': False, 'cmake_clean_first': False, 'cmake_force_configure': False, 'cmake_target': None, 'cmake_target_skip_unavailable': False, 'install_base': '/home/DATA/DogRobot/ros2_ws/install/can_node', 'merge_install': False, 'path': '/home/DATA/DogRobot/ros2_ws/src/can_node', 'symlink_install': False, 'test_result_base': None}
[0.258s] Level 5:colcon.colcon_core.verb:set package 'custom_interfaces' build argument 'cmake_args' from command line to 'None'
[0.258s] Level 5:colcon.colcon_core.verb:set package 'custom_interfaces' build argument 'cmake_target' from command line to 'None'
[0.258s] Level 5:colcon.colcon_core.verb:set package 'custom_interfaces' build argument 'cmake_target_skip_unavailable' from command line to 'False'
[0.258s] Level 5:colcon.colcon_core.verb:set package 'custom_interfaces' build argument 'cmake_clean_cache' from command line to 'False'
[0.258s] Level 5:colcon.colcon_core.verb:set package 'custom_interfaces' build argument 'cmake_clean_first' from command line to 'False'
[0.258s] Level 5:colcon.colcon_core.verb:set package 'custom_interfaces' build argument 'cmake_force_configure' from command line to 'False'
[0.258s] Level 5:colcon.colcon_core.verb:set package 'custom_interfaces' build argument 'ament_cmake_args' from command line to 'None'
[0.258s] Level 5:colcon.colcon_core.verb:set package 'custom_interfaces' build argument 'catkin_cmake_args' from command line to 'None'
[0.258s] Level 5:colcon.colcon_core.verb:set package 'custom_interfaces' build argument 'catkin_skip_building_tests' from command line to 'False'
[0.258s] DEBUG:colcon.colcon_core.verb:Building package 'custom_interfaces' with the following arguments: {'ament_cmake_args': None, 'build_base': '/home/DATA/DogRobot/ros2_ws/build/custom_interfaces', 'catkin_cmake_args': None, 'catkin_skip_building_tests': False, 'cmake_args': None, 'cmake_clean_cache': False, 'cmake_clean_first': False, 'cmake_force_configure': False, 'cmake_target': None, 'cmake_target_skip_unavailable': False, 'install_base': '/home/DATA/DogRobot/ros2_ws/install/custom_interfaces', 'merge_install': False, 'path': '/home/DATA/DogRobot/ros2_ws/src/custom_interfaces', 'symlink_install': False, 'test_result_base': None}
[0.259s] Level 5:colcon.colcon_core.verb:set package 'my_launch_package' build argument 'cmake_args' from command line to 'None'
[0.259s] Level 5:colcon.colcon_core.verb:set package 'my_launch_package' build argument 'cmake_target' from command line to 'None'
[0.259s] Level 5:colcon.colcon_core.verb:set package 'my_launch_package' build argument 'cmake_target_skip_unavailable' from command line to 'False'
[0.259s] Level 5:colcon.colcon_core.verb:set package 'my_launch_package' build argument 'cmake_clean_cache' from command line to 'False'
[0.259s] Level 5:colcon.colcon_core.verb:set package 'my_launch_package' build argument 'cmake_clean_first' from command line to 'False'
[0.259s] Level 5:colcon.colcon_core.verb:set package 'my_launch_package' build argument 'cmake_force_configure' from command line to 'False'
[0.259s] Level 5:colcon.colcon_core.verb:set package 'my_launch_package' build argument 'ament_cmake_args' from command line to 'None'
[0.259s] Level 5:colcon.colcon_core.verb:set package 'my_launch_package' build argument 'catkin_cmake_args' from command line to 'None'
[0.259s] Level 5:colcon.colcon_core.verb:set package 'my_launch_package' build argument 'catkin_skip_building_tests' from command line to 'False'
[0.259s] DEBUG:colcon.colcon_core.verb:Building package 'my_launch_package' with the following arguments: {'ament_cmake_args': None, 'build_base': '/home/DATA/DogRobot/ros2_ws/build/my_launch_package', 'catkin_cmake_args': None, 'catkin_skip_building_tests': False, 'cmake_args': None, 'cmake_clean_cache': False, 'cmake_clean_first': False, 'cmake_force_configure': False, 'cmake_target': None, 'cmake_target_skip_unavailable': False, 'install_base': '/home/DATA/DogRobot/ros2_ws/install/my_launch_package', 'merge_install': False, 'path': '/home/DATA/DogRobot/ros2_ws/src/my_launch_package', 'symlink_install': False, 'test_result_base': None}
[0.259s] Level 5:colcon.colcon_core.verb:set package 'add_integers' build argument 'cmake_args' from command line to 'None'
[0.259s] Level 5:colcon.colcon_core.verb:set package 'add_integers' build argument 'cmake_target' from command line to 'None'
[0.259s] Level 5:colcon.colcon_core.verb:set package 'add_integers' build argument 'cmake_target_skip_unavailable' from command line to 'False'
[0.259s] Level 5:colcon.colcon_core.verb:set package 'add_integers' build argument 'cmake_clean_cache' from command line to 'False'
[0.259s] Level 5:colcon.colcon_core.verb:set package 'add_integers' build argument 'cmake_clean_first' from command line to 'False'
[0.259s] Level 5:colcon.colcon_core.verb:set package 'add_integers' build argument 'cmake_force_configure' from command line to 'False'
[0.259s] Level 5:colcon.colcon_core.verb:set package 'add_integers' build argument 'ament_cmake_args' from command line to 'None'
[0.259s] Level 5:colcon.colcon_core.verb:set package 'add_integers' build argument 'catkin_cmake_args' from command line to 'None'
[0.259s] Level 5:colcon.colcon_core.verb:set package 'add_integers' build argument 'catkin_skip_building_tests' from command line to 'False'
[0.259s] DEBUG:colcon.colcon_core.verb:Building package 'add_integers' with the following arguments: {'ament_cmake_args': None, 'build_base': '/home/DATA/DogRobot/ros2_ws/build/add_integers', 'catkin_cmake_args': None, 'catkin_skip_building_tests': False, 'cmake_args': None, 'cmake_clean_cache': False, 'cmake_clean_first': False, 'cmake_force_configure': False, 'cmake_target': None, 'cmake_target_skip_unavailable': False, 'install_base': '/home/DATA/DogRobot/ros2_ws/install/add_integers', 'merge_install': False, 'path': '/home/DATA/DogRobot/ros2_ws/src/add_integers', 'symlink_install': False, 'test_result_base': None}
[0.260s] Level 5:colcon.colcon_core.verb:set package 'controller' build argument 'cmake_args' from command line to 'None'
[0.260s] Level 5:colcon.colcon_core.verb:set package 'controller' build argument 'cmake_target' from command line to 'None'
[0.260s] Level 5:colcon.colcon_core.verb:set package 'controller' build argument 'cmake_target_skip_unavailable' from command line to 'False'
[0.260s] Level 5:colcon.colcon_core.verb:set package 'controller' build argument 'cmake_clean_cache' from command line to 'False'
[0.260s] Level 5:colcon.colcon_core.verb:set package 'controller' build argument 'cmake_clean_first' from command line to 'False'
[0.260s] Level 5:colcon.colcon_core.verb:set package 'controller' build argument 'cmake_force_configure' from command line to 'False'
[0.260s] Level 5:colcon.colcon_core.verb:set package 'controller' build argument 'ament_cmake_args' from command line to 'None'
[0.260s] Level 5:colcon.colcon_core.verb:set package 'controller' build argument 'catkin_cmake_args' from command line to 'None'
[0.260s] Level 5:colcon.colcon_core.verb:set package 'controller' build argument 'catkin_skip_building_tests' from command line to 'False'
[0.260s] DEBUG:colcon.colcon_core.verb:Building package 'controller' with the following arguments: {'ament_cmake_args': None, 'build_base': '/home/DATA/DogRobot/ros2_ws/build/controller', 'catkin_cmake_args': None, 'catkin_skip_building_tests': False, 'cmake_args': None, 'cmake_clean_cache': False, 'cmake_clean_first': False, 'cmake_force_configure': False, 'cmake_target': None, 'cmake_target_skip_unavailable': False, 'install_base': '/home/DATA/DogRobot/ros2_ws/install/controller', 'merge_install': False, 'path': '/home/DATA/DogRobot/ros2_ws/src/controller', 'symlink_install': False, 'test_result_base': None}
[0.260s] Level 5:colcon.colcon_core.verb:set package 'gamepad_node' build argument 'cmake_args' from command line to 'None'
[0.260s] Level 5:colcon.colcon_core.verb:set package 'gamepad_node' build argument 'cmake_target' from command line to 'None'
[0.260s] Level 5:colcon.colcon_core.verb:set package 'gamepad_node' build argument 'cmake_target_skip_unavailable' from command line to 'False'
[0.260s] Level 5:colcon.colcon_core.verb:set package 'gamepad_node' build argument 'cmake_clean_cache' from command line to 'False'
[0.260s] Level 5:colcon.colcon_core.verb:set package 'gamepad_node' build argument 'cmake_clean_first' from command line to 'False'
[0.260s] Level 5:colcon.colcon_core.verb:set package 'gamepad_node' build argument 'cmake_force_configure' from command line to 'False'
[0.260s] Level 5:colcon.colcon_core.verb:set package 'gamepad_node' build argument 'ament_cmake_args' from command line to 'None'
[0.260s] Level 5:colcon.colcon_core.verb:set package 'gamepad_node' build argument 'catkin_cmake_args' from command line to 'None'
[0.260s] Level 5:colcon.colcon_core.verb:set package 'gamepad_node' build argument 'catkin_skip_building_tests' from command line to 'False'
[0.260s] DEBUG:colcon.colcon_core.verb:Building package 'gamepad_node' with the following arguments: {'ament_cmake_args': None, 'build_base': '/home/DATA/DogRobot/ros2_ws/build/gamepad_node', 'catkin_cmake_args': None, 'catkin_skip_building_tests': False, 'cmake_args': None, 'cmake_clean_cache': False, 'cmake_clean_first': False, 'cmake_force_configure': False, 'cmake_target': None, 'cmake_target_skip_unavailable': False, 'install_base': '/home/DATA/DogRobot/ros2_ws/install/gamepad_node', 'merge_install': False, 'path': '/home/DATA/DogRobot/ros2_ws/src/gamepad_node', 'symlink_install': False, 'test_result_base': None}
[0.260s] INFO:colcon.colcon_core.executor:Executing jobs using 'parallel' executor
[0.261s] DEBUG:colcon.colcon_parallel_executor.executor.parallel:run_until_complete
[0.261s] INFO:colcon.colcon_ros.task.ament_cmake.build:Building ROS package in '/home/DATA/DogRobot/ros2_ws/src/custom_interfaces' with build type 'ament_cmake'
[0.261s] INFO:colcon.colcon_cmake.task.cmake.build:Building CMake package in '/home/DATA/DogRobot/ros2_ws/src/custom_interfaces'
[0.263s] INFO:colcon.colcon_core.plugin_system:Skipping extension 'colcon_core.shell.bat': Not used on non-Windows systems
[0.264s] INFO:colcon.colcon_core.shell:Skip shell extension 'powershell' for command environment: Not usable outside of PowerShell
[0.264s] DEBUG:colcon.colcon_core.shell:Skip shell extension 'dsv' for command environment
[0.267s] INFO:colcon.colcon_ros.task.ament_python.build:Building ROS package in '/home/DATA/DogRobot/ros2_ws/src/can_node' with build type 'ament_python'
[0.267s] Level 1:colcon.colcon_core.shell:create_environment_hook('can_node', 'ament_prefix_path')
[0.268s] INFO:colcon.colcon_core.shell:Creating environment hook '/home/DATA/DogRobot/ros2_ws/install/can_node/share/can_node/hook/ament_prefix_path.ps1'
[0.268s] INFO:colcon.colcon_core.shell:Creating environment descriptor '/home/DATA/DogRobot/ros2_ws/install/can_node/share/can_node/hook/ament_prefix_path.dsv'
[0.269s] INFO:colcon.colcon_core.shell:Creating environment hook '/home/DATA/DogRobot/ros2_ws/install/can_node/share/can_node/hook/ament_prefix_path.sh'
[0.269s] INFO:colcon.colcon_core.shell:Skip shell extension 'powershell' for command environment: Not usable outside of PowerShell
[0.269s] DEBUG:colcon.colcon_core.shell:Skip shell extension 'dsv' for command environment
[0.272s] INFO:colcon.colcon_ros.task.ament_python.build:Building ROS package in '/home/DATA/DogRobot/ros2_ws/src/my_launch_package' with build type 'ament_python'
[0.273s] Level 1:colcon.colcon_core.shell:create_environment_hook('my_launch_package', 'ament_prefix_path')
[0.273s] INFO:colcon.colcon_core.shell:Creating environment hook '/home/DATA/DogRobot/ros2_ws/install/my_launch_package/share/my_launch_package/hook/ament_prefix_path.ps1'
[0.273s] INFO:colcon.colcon_core.shell:Creating environment descriptor '/home/DATA/DogRobot/ros2_ws/install/my_launch_package/share/my_launch_package/hook/ament_prefix_path.dsv'
[0.274s] INFO:colcon.colcon_core.shell:Creating environment hook '/home/DATA/DogRobot/ros2_ws/install/my_launch_package/share/my_launch_package/hook/ament_prefix_path.sh'
[0.274s] INFO:colcon.colcon_core.shell:Skip shell extension 'powershell' for command environment: Not usable outside of PowerShell
[0.274s] DEBUG:colcon.colcon_core.shell:Skip shell extension 'dsv' for command environment
[0.282s] DEBUG:colcon.colcon_core.event_handler.log_command:Invoking command in '/home/DATA/DogRobot/ros2_ws/build/custom_interfaces': CMAKE_PREFIX_PATH=${CMAKE_PREFIX_PATH}:/home/DATA/DogRobot/ros2_ws/install/my_launch_package:/home/DATA/DogRobot/ros2_ws/install/gamepad_node:/home/DATA/DogRobot/ros2_ws/install/controller:/home/DATA/DogRobot/ros2_ws/install/add_integers:/home/DATA/DogRobot/ros2_ws/install/can_node:/opt/ros/jazzy DEBUGINFOD_URLS=https://debuginfod.ubuntu.com /usr/bin/cmake --build /home/DATA/DogRobot/ros2_ws/build/custom_interfaces -- -j8 -l8
[0.564s] INFO:colcon.colcon_core.task.python.build:Building Python package in '/home/DATA/DogRobot/ros2_ws/src/can_node'
[0.564s] INFO:colcon.colcon_core.shell:Skip shell extension 'powershell' for command environment: Not usable outside of PowerShell
[0.564s] DEBUG:colcon.colcon_core.shell:Skip shell extension 'dsv' for command environment
[0.828s] INFO:colcon.colcon_core.task.python.build:Building Python package in '/home/DATA/DogRobot/ros2_ws/src/my_launch_package'
[0.828s] INFO:colcon.colcon_core.shell:Skip shell extension 'powershell' for command environment: Not usable outside of PowerShell
[0.828s] DEBUG:colcon.colcon_core.shell:Skip shell extension 'dsv' for command environment
[0.835s] DEBUG:colcon.colcon_core.event_handler.log_command:Invoked command in '/home/DATA/DogRobot/ros2_ws/build/custom_interfaces' returned '0': CMAKE_PREFIX_PATH=${CMAKE_PREFIX_PATH}:/home/DATA/DogRobot/ros2_ws/install/my_launch_package:/home/DATA/DogRobot/ros2_ws/install/gamepad_node:/home/DATA/DogRobot/ros2_ws/install/controller:/home/DATA/DogRobot/ros2_ws/install/add_integers:/home/DATA/DogRobot/ros2_ws/install/can_node:/opt/ros/jazzy DEBUGINFOD_URLS=https://debuginfod.ubuntu.com /usr/bin/cmake --build /home/DATA/DogRobot/ros2_ws/build/custom_interfaces -- -j8 -l8
[0.908s] DEBUG:colcon.colcon_core.event_handler.log_command:Invoking command in '/home/DATA/DogRobot/ros2_ws/build/custom_interfaces': CMAKE_PREFIX_PATH=${CMAKE_PREFIX_PATH}:/home/DATA/DogRobot/ros2_ws/install/my_launch_package:/home/DATA/DogRobot/ros2_ws/install/gamepad_node:/home/DATA/DogRobot/ros2_ws/install/controller:/home/DATA/DogRobot/ros2_ws/install/add_integers:/home/DATA/DogRobot/ros2_ws/install/can_node:/opt/ros/jazzy DEBUGINFOD_URLS=https://debuginfod.ubuntu.com /usr/bin/cmake --install /home/DATA/DogRobot/ros2_ws/build/custom_interfaces
[0.978s] Level 1:colcon.colcon_core.environment:create_environment_scripts_only(custom_interfaces)
[0.979s] DEBUG:colcon.colcon_core.event_handler.log_command:Invoked command in '/home/DATA/DogRobot/ros2_ws/build/custom_interfaces' returned '0': CMAKE_PREFIX_PATH=${CMAKE_PREFIX_PATH}:/home/DATA/DogRobot/ros2_ws/install/my_launch_package:/home/DATA/DogRobot/ros2_ws/install/gamepad_node:/home/DATA/DogRobot/ros2_ws/install/controller:/home/DATA/DogRobot/ros2_ws/install/add_integers:/home/DATA/DogRobot/ros2_ws/install/can_node:/opt/ros/jazzy DEBUGINFOD_URLS=https://debuginfod.ubuntu.com /usr/bin/cmake --install /home/DATA/DogRobot/ros2_ws/build/custom_interfaces
[0.982s] Level 1:colcon.colcon_core.environment:checking '/home/DATA/DogRobot/ros2_ws/install/custom_interfaces' for CMake module files
[0.983s] Level 1:colcon.colcon_core.environment:checking '/home/DATA/DogRobot/ros2_ws/install/custom_interfaces' for CMake config files
[0.984s] Level 1:colcon.colcon_core.shell:create_environment_hook('custom_interfaces', 'cmake_prefix_path')
[0.984s] INFO:colcon.colcon_core.shell:Creating environment hook '/home/DATA/DogRobot/ros2_ws/install/custom_interfaces/share/custom_interfaces/hook/cmake_prefix_path.ps1'
[0.985s] INFO:colcon.colcon_core.shell:Creating environment descriptor '/home/DATA/DogRobot/ros2_ws/install/custom_interfaces/share/custom_interfaces/hook/cmake_prefix_path.dsv'
[0.985s] INFO:colcon.colcon_core.shell:Creating environment hook '/home/DATA/DogRobot/ros2_ws/install/custom_interfaces/share/custom_interfaces/hook/cmake_prefix_path.sh'
[0.986s] Level 1:colcon.colcon_core.environment:checking '/home/DATA/DogRobot/ros2_ws/install/custom_interfaces/lib'
[0.986s] Level 1:colcon.colcon_core.shell:create_environment_hook('custom_interfaces', 'ld_library_path_lib')
[0.986s] INFO:colcon.colcon_core.shell:Creating environment hook '/home/DATA/DogRobot/ros2_ws/install/custom_interfaces/share/custom_interfaces/hook/ld_library_path_lib.ps1'
[0.987s] INFO:colcon.colcon_core.shell:Creating environment descriptor '/home/DATA/DogRobot/ros2_ws/install/custom_interfaces/share/custom_interfaces/hook/ld_library_path_lib.dsv'
[0.987s] INFO:colcon.colcon_core.shell:Creating environment hook '/home/DATA/DogRobot/ros2_ws/install/custom_interfaces/share/custom_interfaces/hook/ld_library_path_lib.sh'
[0.988s] Level 1:colcon.colcon_core.environment:checking '/home/DATA/DogRobot/ros2_ws/install/custom_interfaces/bin'
[0.988s] Level 1:colcon.colcon_core.environment:checking '/home/DATA/DogRobot/ros2_ws/install/custom_interfaces/lib/pkgconfig/custom_interfaces.pc'
[0.988s] Level 1:colcon.colcon_core.environment:checking '/home/DATA/DogRobot/ros2_ws/install/custom_interfaces/lib/python3.12/site-packages'
[0.988s] Level 1:colcon.colcon_core.shell:create_environment_hook('custom_interfaces', 'pythonpath')
[0.989s] INFO:colcon.colcon_core.shell:Creating environment hook '/home/DATA/DogRobot/ros2_ws/install/custom_interfaces/share/custom_interfaces/hook/pythonpath.ps1'
[0.989s] INFO:colcon.colcon_core.shell:Creating environment descriptor '/home/DATA/DogRobot/ros2_ws/install/custom_interfaces/share/custom_interfaces/hook/pythonpath.dsv'
[0.990s] INFO:colcon.colcon_core.shell:Creating environment hook '/home/DATA/DogRobot/ros2_ws/install/custom_interfaces/share/custom_interfaces/hook/pythonpath.sh'
[0.990s] Level 1:colcon.colcon_core.environment:checking '/home/DATA/DogRobot/ros2_ws/install/custom_interfaces/bin'
[0.991s] INFO:colcon.colcon_core.shell:Creating package script '/home/DATA/DogRobot/ros2_ws/install/custom_interfaces/share/custom_interfaces/package.ps1'
[0.992s] INFO:colcon.colcon_core.shell:Creating package descriptor '/home/DATA/DogRobot/ros2_ws/install/custom_interfaces/share/custom_interfaces/package.dsv'
[0.993s] INFO:colcon.colcon_core.shell:Creating package script '/home/DATA/DogRobot/ros2_ws/install/custom_interfaces/share/custom_interfaces/package.sh'
[0.994s] INFO:colcon.colcon_core.shell:Creating package script '/home/DATA/DogRobot/ros2_ws/install/custom_interfaces/share/custom_interfaces/package.bash'
[0.995s] INFO:colcon.colcon_core.shell:Creating package script '/home/DATA/DogRobot/ros2_ws/install/custom_interfaces/share/custom_interfaces/package.zsh'
[0.995s] Level 1:colcon.colcon_core.environment:create_file_with_runtime_dependencies(/home/DATA/DogRobot/ros2_ws/install/custom_interfaces/share/colcon-core/packages/custom_interfaces)
[1.046s] Level 1:colcon.colcon_core.environment:create_environment_scripts_only(custom_interfaces)
[1.046s] Level 1:colcon.colcon_core.environment:checking '/home/DATA/DogRobot/ros2_ws/install/custom_interfaces' for CMake module files
[1.048s] Level 1:colcon.colcon_core.environment:checking '/home/DATA/DogRobot/ros2_ws/install/custom_interfaces' for CMake config files
[1.048s] Level 1:colcon.colcon_core.shell:create_environment_hook('custom_interfaces', 'cmake_prefix_path')
[1.048s] INFO:colcon.colcon_core.shell:Creating environment hook '/home/DATA/DogRobot/ros2_ws/install/custom_interfaces/share/custom_interfaces/hook/cmake_prefix_path.ps1'
[1.049s] INFO:colcon.colcon_core.shell:Creating environment descriptor '/home/DATA/DogRobot/ros2_ws/install/custom_interfaces/share/custom_interfaces/hook/cmake_prefix_path.dsv'
[1.049s] INFO:colcon.colcon_core.shell:Creating environment hook '/home/DATA/DogRobot/ros2_ws/install/custom_interfaces/share/custom_interfaces/hook/cmake_prefix_path.sh'
[1.050s] Level 1:colcon.colcon_core.environment:checking '/home/DATA/DogRobot/ros2_ws/install/custom_interfaces/lib'
[1.050s] Level 1:colcon.colcon_core.shell:create_environment_hook('custom_interfaces', 'ld_library_path_lib')
[1.050s] INFO:colcon.colcon_core.shell:Creating environment hook '/home/DATA/DogRobot/ros2_ws/install/custom_interfaces/share/custom_interfaces/hook/ld_library_path_lib.ps1'
[1.051s] INFO:colcon.colcon_core.shell:Creating environment descriptor '/home/DATA/DogRobot/ros2_ws/install/custom_interfaces/share/custom_interfaces/hook/ld_library_path_lib.dsv'
[1.051s] INFO:colcon.colcon_core.shell:Creating environment hook '/home/DATA/DogRobot/ros2_ws/install/custom_interfaces/share/custom_interfaces/hook/ld_library_path_lib.sh'
[1.052s] Level 1:colcon.colcon_core.environment:checking '/home/DATA/DogRobot/ros2_ws/install/custom_interfaces/bin'
[1.052s] Level 1:colcon.colcon_core.environment:checking '/home/DATA/DogRobot/ros2_ws/install/custom_interfaces/lib/pkgconfig/custom_interfaces.pc'
[1.053s] Level 1:colcon.colcon_core.environment:checking '/home/DATA/DogRobot/ros2_ws/install/custom_interfaces/lib/python3.12/site-packages'
[1.053s] Level 1:colcon.colcon_core.shell:create_environment_hook('custom_interfaces', 'pythonpath')
[1.053s] INFO:colcon.colcon_core.shell:Creating environment hook '/home/DATA/DogRobot/ros2_ws/install/custom_interfaces/share/custom_interfaces/hook/pythonpath.ps1'
[1.054s] INFO:colcon.colcon_core.shell:Creating environment descriptor '/home/DATA/DogRobot/ros2_ws/install/custom_interfaces/share/custom_interfaces/hook/pythonpath.dsv'
[1.054s] INFO:colcon.colcon_core.shell:Creating environment hook '/home/DATA/DogRobot/ros2_ws/install/custom_interfaces/share/custom_interfaces/hook/pythonpath.sh'
[1.055s] Level 1:colcon.colcon_core.environment:checking '/home/DATA/DogRobot/ros2_ws/install/custom_interfaces/bin'
[1.055s] INFO:colcon.colcon_core.shell:Creating package script '/home/DATA/DogRobot/ros2_ws/install/custom_interfaces/share/custom_interfaces/package.ps1'
[1.056s] INFO:colcon.colcon_core.shell:Creating package descriptor '/home/DATA/DogRobot/ros2_ws/install/custom_interfaces/share/custom_interfaces/package.dsv'
[1.057s] INFO:colcon.colcon_core.shell:Creating package script '/home/DATA/DogRobot/ros2_ws/install/custom_interfaces/share/custom_interfaces/package.sh'
[1.057s] INFO:colcon.colcon_core.shell:Creating package script '/home/DATA/DogRobot/ros2_ws/install/custom_interfaces/share/custom_interfaces/package.bash'
[1.058s] INFO:colcon.colcon_core.shell:Creating package script '/home/DATA/DogRobot/ros2_ws/install/custom_interfaces/share/custom_interfaces/package.zsh'
[1.058s] Level 1:colcon.colcon_core.environment:create_file_with_runtime_dependencies(/home/DATA/DogRobot/ros2_ws/install/custom_interfaces/share/colcon-core/packages/custom_interfaces)
[1.059s] INFO:colcon.colcon_ros.task.ament_python.build:Building ROS package in '/home/DATA/DogRobot/ros2_ws/src/add_integers' with build type 'ament_python'
[1.059s] Level 1:colcon.colcon_core.shell:create_environment_hook('add_integers', 'ament_prefix_path')
[1.059s] INFO:colcon.colcon_core.shell:Creating environment hook '/home/DATA/DogRobot/ros2_ws/install/add_integers/share/add_integers/hook/ament_prefix_path.ps1'
[1.060s] INFO:colcon.colcon_core.shell:Creating environment descriptor '/home/DATA/DogRobot/ros2_ws/install/add_integers/share/add_integers/hook/ament_prefix_path.dsv'
[1.061s] INFO:colcon.colcon_core.shell:Creating environment hook '/home/DATA/DogRobot/ros2_ws/install/add_integers/share/add_integers/hook/ament_prefix_path.sh'
[1.061s] INFO:colcon.colcon_core.shell:Skip shell extension 'powershell' for command environment: Not usable outside of PowerShell
[1.061s] DEBUG:colcon.colcon_core.shell:Skip shell extension 'dsv' for command environment
[1.067s] INFO:colcon.colcon_ros.task.ament_python.build:Building ROS package in '/home/DATA/DogRobot/ros2_ws/src/gamepad_node' with build type 'ament_python'
[1.068s] Level 1:colcon.colcon_core.shell:create_environment_hook('gamepad_node', 'ament_prefix_path')
[1.068s] INFO:colcon.colcon_core.shell:Creating environment hook '/home/DATA/DogRobot/ros2_ws/install/gamepad_node/share/gamepad_node/hook/ament_prefix_path.ps1'
[1.069s] INFO:colcon.colcon_core.shell:Creating environment descriptor '/home/DATA/DogRobot/ros2_ws/install/gamepad_node/share/gamepad_node/hook/ament_prefix_path.dsv'
[1.069s] INFO:colcon.colcon_core.shell:Creating environment hook '/home/DATA/DogRobot/ros2_ws/install/gamepad_node/share/gamepad_node/hook/ament_prefix_path.sh'
[1.070s] INFO:colcon.colcon_core.shell:Skip shell extension 'powershell' for command environment: Not usable outside of PowerShell
[1.070s] DEBUG:colcon.colcon_core.shell:Skip shell extension 'dsv' for command environment
[1.308s] INFO:colcon.colcon_core.task.python.build:Building Python package in '/home/DATA/DogRobot/ros2_ws/src/add_integers'
[1.308s] INFO:colcon.colcon_core.shell:Skip shell extension 'powershell' for command environment: Not usable outside of PowerShell
[1.308s] DEBUG:colcon.colcon_core.shell:Skip shell extension 'dsv' for command environment
[1.561s] INFO:colcon.colcon_core.task.python.build:Building Python package in '/home/DATA/DogRobot/ros2_ws/src/gamepad_node'
[1.561s] INFO:colcon.colcon_core.shell:Skip shell extension 'powershell' for command environment: Not usable outside of PowerShell
[1.561s] DEBUG:colcon.colcon_core.shell:Skip shell extension 'dsv' for command environment
[1.572s] DEBUG:colcon.colcon_core.event_handler.log_command:Invoking command in '/home/DATA/DogRobot/ros2_ws/src/can_node': DEBUGINFOD_URLS=https://debuginfod.ubuntu.com PYTHONPATH=/home/DATA/DogRobot/ros2_ws/build/can_node/prefix_override:/usr/lib/python3/dist-packages/colcon_core/task/python/colcon_distutils_commands:/home/DATA/DogRobot/ros2_ws/install/can_node/lib/python3.12/site-packages:${PYTHONPATH} /usr/bin/python3 -W ignore:setup.py install is deprecated setup.py egg_info --egg-base ../../build/can_node build --build-base /home/DATA/DogRobot/ros2_ws/build/can_node/build install --record /home/DATA/DogRobot/ros2_ws/build/can_node/install.log --single-version-externally-managed install_data
[1.575s] DEBUG:colcon.colcon_core.event_handler.log_command:Invoking command in '/home/DATA/DogRobot/ros2_ws/src/my_launch_package': DEBUGINFOD_URLS=https://debuginfod.ubuntu.com PYTHONPATH=/home/DATA/DogRobot/ros2_ws/build/my_launch_package/prefix_override:/usr/lib/python3/dist-packages/colcon_core/task/python/colcon_distutils_commands:/home/DATA/DogRobot/ros2_ws/install/my_launch_package/lib/python3.12/site-packages:${PYTHONPATH} /usr/bin/python3 -W ignore:setup.py install is deprecated setup.py egg_info --egg-base ../../build/my_launch_package build --build-base /home/DATA/DogRobot/ros2_ws/build/my_launch_package/build install --record /home/DATA/DogRobot/ros2_ws/build/my_launch_package/install.log --single-version-externally-managed install_data
[2.238s] Level 1:colcon.colcon_core.environment:checking '/home/DATA/DogRobot/ros2_ws/install/my_launch_package' for CMake module files
[2.239s] DEBUG:colcon.colcon_core.event_handler.log_command:Invoked command in '/home/DATA/DogRobot/ros2_ws/src/my_launch_package' returned '0': DEBUGINFOD_URLS=https://debuginfod.ubuntu.com PYTHONPATH=/home/DATA/DogRobot/ros2_ws/build/my_launch_package/prefix_override:/usr/lib/python3/dist-packages/colcon_core/task/python/colcon_distutils_commands:/home/DATA/DogRobot/ros2_ws/install/my_launch_package/lib/python3.12/site-packages:${PYTHONPATH} /usr/bin/python3 -W ignore:setup.py install is deprecated setup.py egg_info --egg-base ../../build/my_launch_package build --build-base /home/DATA/DogRobot/ros2_ws/build/my_launch_package/build install --record /home/DATA/DogRobot/ros2_ws/build/my_launch_package/install.log --single-version-externally-managed install_data
[2.240s] Level 1:colcon.colcon_core.environment:checking '/home/DATA/DogRobot/ros2_ws/install/my_launch_package' for CMake config files
[2.241s] Level 1:colcon.colcon_core.environment:checking '/home/DATA/DogRobot/ros2_ws/install/my_launch_package/lib'
[2.241s] Level 1:colcon.colcon_core.environment:checking '/home/DATA/DogRobot/ros2_ws/install/my_launch_package/bin'
[2.241s] Level 1:colcon.colcon_core.environment:checking '/home/DATA/DogRobot/ros2_ws/install/my_launch_package/lib/pkgconfig/my_launch_package.pc'
[2.242s] Level 1:colcon.colcon_core.environment:checking '/home/DATA/DogRobot/ros2_ws/install/my_launch_package/lib/python3.12/site-packages'
[2.242s] Level 1:colcon.colcon_core.shell:create_environment_hook('my_launch_package', 'pythonpath')
[2.243s] INFO:colcon.colcon_core.shell:Creating environment hook '/home/DATA/DogRobot/ros2_ws/install/my_launch_package/share/my_launch_package/hook/pythonpath.ps1'
[2.244s] INFO:colcon.colcon_core.shell:Creating environment descriptor '/home/DATA/DogRobot/ros2_ws/install/my_launch_package/share/my_launch_package/hook/pythonpath.dsv'
[2.244s] INFO:colcon.colcon_core.shell:Creating environment hook '/home/DATA/DogRobot/ros2_ws/install/my_launch_package/share/my_launch_package/hook/pythonpath.sh'
[2.246s] Level 1:colcon.colcon_core.environment:checking '/home/DATA/DogRobot/ros2_ws/install/my_launch_package/bin'
[2.246s] Level 1:colcon.colcon_core.environment:create_environment_scripts_only(my_launch_package)
[2.246s] INFO:colcon.colcon_core.shell:Creating package script '/home/DATA/DogRobot/ros2_ws/install/my_launch_package/share/my_launch_package/package.ps1'
[2.247s] INFO:colcon.colcon_core.shell:Creating package descriptor '/home/DATA/DogRobot/ros2_ws/install/my_launch_package/share/my_launch_package/package.dsv'
[2.248s] INFO:colcon.colcon_core.shell:Creating package script '/home/DATA/DogRobot/ros2_ws/install/my_launch_package/share/my_launch_package/package.sh'
[2.249s] INFO:colcon.colcon_core.shell:Creating package script '/home/DATA/DogRobot/ros2_ws/install/my_launch_package/share/my_launch_package/package.bash'
[2.250s] INFO:colcon.colcon_core.shell:Creating package script '/home/DATA/DogRobot/ros2_ws/install/my_launch_package/share/my_launch_package/package.zsh'
[2.250s] Level 1:colcon.colcon_core.environment:create_file_with_runtime_dependencies(/home/DATA/DogRobot/ros2_ws/install/my_launch_package/share/colcon-core/packages/my_launch_package)
[2.270s] Level 1:colcon.colcon_core.environment:checking '/home/DATA/DogRobot/ros2_ws/install/can_node' for CMake module files
[2.271s] DEBUG:colcon.colcon_core.event_handler.log_command:Invoked command in '/home/DATA/DogRobot/ros2_ws/src/can_node' returned '0': DEBUGINFOD_URLS=https://debuginfod.ubuntu.com PYTHONPATH=/home/DATA/DogRobot/ros2_ws/build/can_node/prefix_override:/usr/lib/python3/dist-packages/colcon_core/task/python/colcon_distutils_commands:/home/DATA/DogRobot/ros2_ws/install/can_node/lib/python3.12/site-packages:${PYTHONPATH} /usr/bin/python3 -W ignore:setup.py install is deprecated setup.py egg_info --egg-base ../../build/can_node build --build-base /home/DATA/DogRobot/ros2_ws/build/can_node/build install --record /home/DATA/DogRobot/ros2_ws/build/can_node/install.log --single-version-externally-managed install_data
[2.271s] Level 1:colcon.colcon_core.environment:checking '/home/DATA/DogRobot/ros2_ws/install/can_node' for CMake config files
[2.272s] Level 1:colcon.colcon_core.environment:checking '/home/DATA/DogRobot/ros2_ws/install/can_node/lib'
[2.273s] Level 1:colcon.colcon_core.environment:checking '/home/DATA/DogRobot/ros2_ws/install/can_node/bin'
[2.273s] Level 1:colcon.colcon_core.environment:checking '/home/DATA/DogRobot/ros2_ws/install/can_node/lib/pkgconfig/can_node.pc'
[2.273s] Level 1:colcon.colcon_core.environment:checking '/home/DATA/DogRobot/ros2_ws/install/can_node/lib/python3.12/site-packages'
[2.273s] Level 1:colcon.colcon_core.shell:create_environment_hook('can_node', 'pythonpath')
[2.274s] INFO:colcon.colcon_core.shell:Creating environment hook '/home/DATA/DogRobot/ros2_ws/install/can_node/share/can_node/hook/pythonpath.ps1'
[2.275s] INFO:colcon.colcon_core.shell:Creating environment descriptor '/home/DATA/DogRobot/ros2_ws/install/can_node/share/can_node/hook/pythonpath.dsv'
[2.276s] INFO:colcon.colcon_core.shell:Creating environment hook '/home/DATA/DogRobot/ros2_ws/install/can_node/share/can_node/hook/pythonpath.sh'
[2.277s] Level 1:colcon.colcon_core.environment:checking '/home/DATA/DogRobot/ros2_ws/install/can_node/bin'
[2.277s] Level 1:colcon.colcon_core.environment:create_environment_scripts_only(can_node)
[2.278s] INFO:colcon.colcon_core.shell:Creating package script '/home/DATA/DogRobot/ros2_ws/install/can_node/share/can_node/package.ps1'
[2.279s] INFO:colcon.colcon_core.shell:Creating package descriptor '/home/DATA/DogRobot/ros2_ws/install/can_node/share/can_node/package.dsv'
[2.280s] INFO:colcon.colcon_core.shell:Creating package script '/home/DATA/DogRobot/ros2_ws/install/can_node/share/can_node/package.sh'
[2.281s] INFO:colcon.colcon_core.shell:Creating package script '/home/DATA/DogRobot/ros2_ws/install/can_node/share/can_node/package.bash'
[2.282s] INFO:colcon.colcon_core.shell:Creating package script '/home/DATA/DogRobot/ros2_ws/install/can_node/share/can_node/package.zsh'
[2.282s] Level 1:colcon.colcon_core.environment:create_file_with_runtime_dependencies(/home/DATA/DogRobot/ros2_ws/install/can_node/share/colcon-core/packages/can_node)
[2.283s] INFO:colcon.colcon_ros.task.ament_python.build:Building ROS package in '/home/DATA/DogRobot/ros2_ws/src/controller' with build type 'ament_python'
[2.283s] Level 1:colcon.colcon_core.shell:create_environment_hook('controller', 'ament_prefix_path')
[2.283s] INFO:colcon.colcon_core.shell:Creating environment hook '/home/DATA/DogRobot/ros2_ws/install/controller/share/controller/hook/ament_prefix_path.ps1'
[2.285s] INFO:colcon.colcon_core.shell:Creating environment descriptor '/home/DATA/DogRobot/ros2_ws/install/controller/share/controller/hook/ament_prefix_path.dsv'
[2.285s] INFO:colcon.colcon_core.shell:Creating environment hook '/home/DATA/DogRobot/ros2_ws/install/controller/share/controller/hook/ament_prefix_path.sh'
[2.286s] INFO:colcon.colcon_core.shell:Skip shell extension 'powershell' for command environment: Not usable outside of PowerShell
[2.286s] DEBUG:colcon.colcon_core.shell:Skip shell extension 'dsv' for command environment
[2.557s] INFO:colcon.colcon_core.task.python.build:Building Python package in '/home/DATA/DogRobot/ros2_ws/src/controller'
[2.557s] INFO:colcon.colcon_core.shell:Skip shell extension 'powershell' for command environment: Not usable outside of PowerShell
[2.557s] DEBUG:colcon.colcon_core.shell:Skip shell extension 'dsv' for command environment
[2.565s] DEBUG:colcon.colcon_core.event_handler.log_command:Invoking command in '/home/DATA/DogRobot/ros2_ws/src/add_integers': DEBUGINFOD_URLS=https://debuginfod.ubuntu.com PYTHONPATH=/home/DATA/DogRobot/ros2_ws/build/add_integers/prefix_override:/usr/lib/python3/dist-packages/colcon_core/task/python/colcon_distutils_commands:/home/DATA/DogRobot/ros2_ws/install/add_integers/lib/python3.12/site-packages:/home/DATA/DogRobot/ros2_ws/install/custom_interfaces/lib/python3.12/site-packages:/home/DATA/DogRobot/ros2_ws/install/my_launch_package/lib/python3.12/site-packages:/home/DATA/DogRobot/ros2_ws/install/gamepad_node/lib/python3.12/site-packages:/home/DATA/DogRobot/ros2_ws/install/controller/lib/python3.12/site-packages:/home/DATA/DogRobot/ros2_ws/install/add_integers/lib/python3.12/site-packages:/home/DATA/DogRobot/ros2_ws/install/can_node/lib/python3.12/site-packages:/opt/ros/jazzy/lib/python3.12/site-packages /usr/bin/python3 -W ignore:setup.py install is deprecated setup.py egg_info --egg-base ../../build/add_integers build --build-base /home/DATA/DogRobot/ros2_ws/build/add_integers/build install --record /home/DATA/DogRobot/ros2_ws/build/add_integers/install.log --single-version-externally-managed install_data
[2.566s] DEBUG:colcon.colcon_core.event_handler.log_command:Invoking command in '/home/DATA/DogRobot/ros2_ws/src/gamepad_node': DEBUGINFOD_URLS=https://debuginfod.ubuntu.com PYTHONPATH=/home/DATA/DogRobot/ros2_ws/build/gamepad_node/prefix_override:/usr/lib/python3/dist-packages/colcon_core/task/python/colcon_distutils_commands:/home/DATA/DogRobot/ros2_ws/install/gamepad_node/lib/python3.12/site-packages:/home/DATA/DogRobot/ros2_ws/install/custom_interfaces/lib/python3.12/site-packages:/home/DATA/DogRobot/ros2_ws/install/my_launch_package/lib/python3.12/site-packages:/home/DATA/DogRobot/ros2_ws/install/gamepad_node/lib/python3.12/site-packages:/home/DATA/DogRobot/ros2_ws/install/controller/lib/python3.12/site-packages:/home/DATA/DogRobot/ros2_ws/install/add_integers/lib/python3.12/site-packages:/home/DATA/DogRobot/ros2_ws/install/can_node/lib/python3.12/site-packages:/opt/ros/jazzy/lib/python3.12/site-packages /usr/bin/python3 -W ignore:setup.py install is deprecated setup.py egg_info --egg-base ../../build/gamepad_node build --build-base /home/DATA/DogRobot/ros2_ws/build/gamepad_node/build install --record /home/DATA/DogRobot/ros2_ws/build/gamepad_node/install.log --single-version-externally-managed install_data
[3.434s] Level 1:colcon.colcon_core.environment:checking '/home/DATA/DogRobot/ros2_ws/install/add_integers' for CMake module files
[3.435s] DEBUG:colcon.colcon_core.event_handler.log_command:Invoked command in '/home/DATA/DogRobot/ros2_ws/src/add_integers' returned '0': DEBUGINFOD_URLS=https://debuginfod.ubuntu.com PYTHONPATH=/home/DATA/DogRobot/ros2_ws/build/add_integers/prefix_override:/usr/lib/python3/dist-packages/colcon_core/task/python/colcon_distutils_commands:/home/DATA/DogRobot/ros2_ws/install/add_integers/lib/python3.12/site-packages:/home/DATA/DogRobot/ros2_ws/install/custom_interfaces/lib/python3.12/site-packages:/home/DATA/DogRobot/ros2_ws/install/my_launch_package/lib/python3.12/site-packages:/home/DATA/DogRobot/ros2_ws/install/gamepad_node/lib/python3.12/site-packages:/home/DATA/DogRobot/ros2_ws/install/controller/lib/python3.12/site-packages:/home/DATA/DogRobot/ros2_ws/install/add_integers/lib/python3.12/site-packages:/home/DATA/DogRobot/ros2_ws/install/can_node/lib/python3.12/site-packages:/opt/ros/jazzy/lib/python3.12/site-packages /usr/bin/python3 -W ignore:setup.py install is deprecated setup.py egg_info --egg-base ../../build/add_integers build --build-base /home/DATA/DogRobot/ros2_ws/build/add_integers/build install --record /home/DATA/DogRobot/ros2_ws/build/add_integers/install.log --single-version-externally-managed install_data
[3.436s] Level 1:colcon.colcon_core.environment:checking '/home/DATA/DogRobot/ros2_ws/install/add_integers' for CMake config files
[3.437s] Level 1:colcon.colcon_core.environment:checking '/home/DATA/DogRobot/ros2_ws/install/add_integers/lib'
[3.437s] Level 1:colcon.colcon_core.environment:checking '/home/DATA/DogRobot/ros2_ws/install/add_integers/bin'
[3.437s] Level 1:colcon.colcon_core.environment:checking '/home/DATA/DogRobot/ros2_ws/install/add_integers/lib/pkgconfig/add_integers.pc'
[3.438s] Level 1:colcon.colcon_core.environment:checking '/home/DATA/DogRobot/ros2_ws/install/add_integers/lib/python3.12/site-packages'
[3.438s] Level 1:colcon.colcon_core.shell:create_environment_hook('add_integers', 'pythonpath')
[3.439s] INFO:colcon.colcon_core.shell:Creating environment hook '/home/DATA/DogRobot/ros2_ws/install/add_integers/share/add_integers/hook/pythonpath.ps1'
[3.439s] INFO:colcon.colcon_core.shell:Creating environment descriptor '/home/DATA/DogRobot/ros2_ws/install/add_integers/share/add_integers/hook/pythonpath.dsv'
[3.440s] INFO:colcon.colcon_core.shell:Creating environment hook '/home/DATA/DogRobot/ros2_ws/install/add_integers/share/add_integers/hook/pythonpath.sh'
[3.440s] Level 1:colcon.colcon_core.environment:checking '/home/DATA/DogRobot/ros2_ws/install/add_integers/bin'
[3.440s] Level 1:colcon.colcon_core.environment:create_environment_scripts_only(add_integers)
[3.441s] INFO:colcon.colcon_core.shell:Creating package script '/home/DATA/DogRobot/ros2_ws/install/add_integers/share/add_integers/package.ps1'
[3.441s] INFO:colcon.colcon_core.shell:Creating package descriptor '/home/DATA/DogRobot/ros2_ws/install/add_integers/share/add_integers/package.dsv'
[3.442s] INFO:colcon.colcon_core.shell:Creating package script '/home/DATA/DogRobot/ros2_ws/install/add_integers/share/add_integers/package.sh'
[3.443s] INFO:colcon.colcon_core.shell:Creating package script '/home/DATA/DogRobot/ros2_ws/install/add_integers/share/add_integers/package.bash'
[3.443s] INFO:colcon.colcon_core.shell:Creating package script '/home/DATA/DogRobot/ros2_ws/install/add_integers/share/add_integers/package.zsh'
[3.444s] Level 1:colcon.colcon_core.environment:create_file_with_runtime_dependencies(/home/DATA/DogRobot/ros2_ws/install/add_integers/share/colcon-core/packages/add_integers)
[3.587s] Level 1:colcon.colcon_core.environment:checking '/home/DATA/DogRobot/ros2_ws/install/gamepad_node' for CMake module files
[3.588s] DEBUG:colcon.colcon_core.event_handler.log_command:Invoked command in '/home/DATA/DogRobot/ros2_ws/src/gamepad_node' returned '0': DEBUGINFOD_URLS=https://debuginfod.ubuntu.com PYTHONPATH=/home/DATA/DogRobot/ros2_ws/build/gamepad_node/prefix_override:/usr/lib/python3/dist-packages/colcon_core/task/python/colcon_distutils_commands:/home/DATA/DogRobot/ros2_ws/install/gamepad_node/lib/python3.12/site-packages:/home/DATA/DogRobot/ros2_ws/install/custom_interfaces/lib/python3.12/site-packages:/home/DATA/DogRobot/ros2_ws/install/my_launch_package/lib/python3.12/site-packages:/home/DATA/DogRobot/ros2_ws/install/gamepad_node/lib/python3.12/site-packages:/home/DATA/DogRobot/ros2_ws/install/controller/lib/python3.12/site-packages:/home/DATA/DogRobot/ros2_ws/install/add_integers/lib/python3.12/site-packages:/home/DATA/DogRobot/ros2_ws/install/can_node/lib/python3.12/site-packages:/opt/ros/jazzy/lib/python3.12/site-packages /usr/bin/python3 -W ignore:setup.py install is deprecated setup.py egg_info --egg-base ../../build/gamepad_node build --build-base /home/DATA/DogRobot/ros2_ws/build/gamepad_node/build install --record /home/DATA/DogRobot/ros2_ws/build/gamepad_node/install.log --single-version-externally-managed install_data
[3.589s] Level 1:colcon.colcon_core.environment:checking '/home/DATA/DogRobot/ros2_ws/install/gamepad_node' for CMake config files
[3.590s] Level 1:colcon.colcon_core.environment:checking '/home/DATA/DogRobot/ros2_ws/install/gamepad_node/lib'
[3.590s] Level 1:colcon.colcon_core.environment:checking '/home/DATA/DogRobot/ros2_ws/install/gamepad_node/bin'
[3.590s] Level 1:colcon.colcon_core.environment:checking '/home/DATA/DogRobot/ros2_ws/install/gamepad_node/lib/pkgconfig/gamepad_node.pc'
[3.590s] Level 1:colcon.colcon_core.environment:checking '/home/DATA/DogRobot/ros2_ws/install/gamepad_node/lib/python3.12/site-packages'
[3.590s] Level 1:colcon.colcon_core.shell:create_environment_hook('gamepad_node', 'pythonpath')
[3.591s] INFO:colcon.colcon_core.shell:Creating environment hook '/home/DATA/DogRobot/ros2_ws/install/gamepad_node/share/gamepad_node/hook/pythonpath.ps1'
[3.591s] INFO:colcon.colcon_core.shell:Creating environment descriptor '/home/DATA/DogRobot/ros2_ws/install/gamepad_node/share/gamepad_node/hook/pythonpath.dsv'
[3.592s] INFO:colcon.colcon_core.shell:Creating environment hook '/home/DATA/DogRobot/ros2_ws/install/gamepad_node/share/gamepad_node/hook/pythonpath.sh'
[3.592s] Level 1:colcon.colcon_core.environment:checking '/home/DATA/DogRobot/ros2_ws/install/gamepad_node/bin'
[3.592s] Level 1:colcon.colcon_core.environment:create_environment_scripts_only(gamepad_node)
[3.593s] INFO:colcon.colcon_core.shell:Creating package script '/home/DATA/DogRobot/ros2_ws/install/gamepad_node/share/gamepad_node/package.ps1'
[3.593s] INFO:colcon.colcon_core.shell:Creating package descriptor '/home/DATA/DogRobot/ros2_ws/install/gamepad_node/share/gamepad_node/package.dsv'
[3.594s] INFO:colcon.colcon_core.shell:Creating package script '/home/DATA/DogRobot/ros2_ws/install/gamepad_node/share/gamepad_node/package.sh'
[3.594s] INFO:colcon.colcon_core.shell:Creating package script '/home/DATA/DogRobot/ros2_ws/install/gamepad_node/share/gamepad_node/package.bash'
[3.595s] INFO:colcon.colcon_core.shell:Creating package script '/home/DATA/DogRobot/ros2_ws/install/gamepad_node/share/gamepad_node/package.zsh'
[3.596s] Level 1:colcon.colcon_core.environment:create_file_with_runtime_dependencies(/home/DATA/DogRobot/ros2_ws/install/gamepad_node/share/colcon-core/packages/gamepad_node)
[3.755s] DEBUG:colcon.colcon_core.event_handler.log_command:Invoking command in '/home/DATA/DogRobot/ros2_ws/src/controller': AMENT_PREFIX_PATH=/home/DATA/DogRobot/ros2_ws/install/can_node:/home/DATA/DogRobot/ros2_ws/install/my_launch_package:/home/DATA/DogRobot/ros2_ws/install/gamepad_node:/home/DATA/DogRobot/ros2_ws/install/controller:/home/DATA/DogRobot/ros2_ws/install/add_integers:/home/DATA/DogRobot/ros2_ws/install/custom_interfaces:/opt/ros/jazzy DEBUGINFOD_URLS=https://debuginfod.ubuntu.com PYTHONPATH=/home/DATA/DogRobot/ros2_ws/build/controller/prefix_override:/usr/lib/python3/dist-packages/colcon_core/task/python/colcon_distutils_commands:/home/DATA/DogRobot/ros2_ws/install/controller/lib/python3.12/site-packages:/home/DATA/DogRobot/ros2_ws/install/custom_interfaces/lib/python3.12/site-packages:/home/DATA/DogRobot/ros2_ws/install/can_node/lib/python3.12/site-packages:/home/DATA/DogRobot/ros2_ws/install/my_launch_package/lib/python3.12/site-packages:/home/DATA/DogRobot/ros2_ws/install/gamepad_node/lib/python3.12/site-packages:/home/DATA/DogRobot/ros2_ws/install/controller/lib/python3.12/site-packages:/home/DATA/DogRobot/ros2_ws/install/add_integers/lib/python3.12/site-packages:/opt/ros/jazzy/lib/python3.12/site-packages /usr/bin/python3 -W ignore:setup.py install is deprecated setup.py egg_info --egg-base ../../build/controller build --build-base /home/DATA/DogRobot/ros2_ws/build/controller/build install --record /home/DATA/DogRobot/ros2_ws/build/controller/install.log --single-version-externally-managed install_data
[4.435s] Level 1:colcon.colcon_core.environment:checking '/home/DATA/DogRobot/ros2_ws/install/controller' for CMake module files
[4.436s] DEBUG:colcon.colcon_core.event_handler.log_command:Invoked command in '/home/DATA/DogRobot/ros2_ws/src/controller' returned '0': AMENT_PREFIX_PATH=/home/DATA/DogRobot/ros2_ws/install/can_node:/home/DATA/DogRobot/ros2_ws/install/my_launch_package:/home/DATA/DogRobot/ros2_ws/install/gamepad_node:/home/DATA/DogRobot/ros2_ws/install/controller:/home/DATA/DogRobot/ros2_ws/install/add_integers:/home/DATA/DogRobot/ros2_ws/install/custom_interfaces:/opt/ros/jazzy DEBUGINFOD_URLS=https://debuginfod.ubuntu.com PYTHONPATH=/home/DATA/DogRobot/ros2_ws/build/controller/prefix_override:/usr/lib/python3/dist-packages/colcon_core/task/python/colcon_distutils_commands:/home/DATA/DogRobot/ros2_ws/install/controller/lib/python3.12/site-packages:/home/DATA/DogRobot/ros2_ws/install/custom_interfaces/lib/python3.12/site-packages:/home/DATA/DogRobot/ros2_ws/install/can_node/lib/python3.12/site-packages:/home/DATA/DogRobot/ros2_ws/install/my_launch_package/lib/python3.12/site-packages:/home/DATA/DogRobot/ros2_ws/install/gamepad_node/lib/python3.12/site-packages:/home/DATA/DogRobot/ros2_ws/install/controller/lib/python3.12/site-packages:/home/DATA/DogRobot/ros2_ws/install/add_integers/lib/python3.12/site-packages:/opt/ros/jazzy/lib/python3.12/site-packages /usr/bin/python3 -W ignore:setup.py install is deprecated setup.py egg_info --egg-base ../../build/controller build --build-base /home/DATA/DogRobot/ros2_ws/build/controller/build install --record /home/DATA/DogRobot/ros2_ws/build/controller/install.log --single-version-externally-managed install_data
[4.436s] Level 1:colcon.colcon_core.environment:checking '/home/DATA/DogRobot/ros2_ws/install/controller' for CMake config files
[4.437s] Level 1:colcon.colcon_core.environment:checking '/home/DATA/DogRobot/ros2_ws/install/controller/lib'
[4.437s] Level 1:colcon.colcon_core.environment:checking '/home/DATA/DogRobot/ros2_ws/install/controller/bin'
[4.437s] Level 1:colcon.colcon_core.environment:checking '/home/DATA/DogRobot/ros2_ws/install/controller/lib/pkgconfig/controller.pc'
[4.437s] Level 1:colcon.colcon_core.environment:checking '/home/DATA/DogRobot/ros2_ws/install/controller/lib/python3.12/site-packages'
[4.437s] Level 1:colcon.colcon_core.shell:create_environment_hook('controller', 'pythonpath')
[4.437s] INFO:colcon.colcon_core.shell:Creating environment hook '/home/DATA/DogRobot/ros2_ws/install/controller/share/controller/hook/pythonpath.ps1'
[4.438s] INFO:colcon.colcon_core.shell:Creating environment descriptor '/home/DATA/DogRobot/ros2_ws/install/controller/share/controller/hook/pythonpath.dsv'
[4.438s] INFO:colcon.colcon_core.shell:Creating environment hook '/home/DATA/DogRobot/ros2_ws/install/controller/share/controller/hook/pythonpath.sh'
[4.439s] Level 1:colcon.colcon_core.environment:checking '/home/DATA/DogRobot/ros2_ws/install/controller/bin'
[4.439s] Level 1:colcon.colcon_core.environment:create_environment_scripts_only(controller)
[4.439s] INFO:colcon.colcon_core.shell:Creating package script '/home/DATA/DogRobot/ros2_ws/install/controller/share/controller/package.ps1'
[4.439s] INFO:colcon.colcon_core.shell:Creating package descriptor '/home/DATA/DogRobot/ros2_ws/install/controller/share/controller/package.dsv'
[4.440s] INFO:colcon.colcon_core.shell:Creating package script '/home/DATA/DogRobot/ros2_ws/install/controller/share/controller/package.sh'
[4.440s] INFO:colcon.colcon_core.shell:Creating package script '/home/DATA/DogRobot/ros2_ws/install/controller/share/controller/package.bash'
[4.441s] INFO:colcon.colcon_core.shell:Creating package script '/home/DATA/DogRobot/ros2_ws/install/controller/share/controller/package.zsh'
[4.441s] Level 1:colcon.colcon_core.environment:create_file_with_runtime_dependencies(/home/DATA/DogRobot/ros2_ws/install/controller/share/colcon-core/packages/controller)
[4.441s] DEBUG:colcon.colcon_parallel_executor.executor.parallel:closing loop
[4.442s] DEBUG:colcon.colcon_parallel_executor.executor.parallel:loop closed
[4.442s] DEBUG:colcon.colcon_parallel_executor.executor.parallel:run_until_complete finished with '0'
[4.442s] DEBUG:colcon.colcon_core.event_reactor:joining thread
[4.448s] INFO:colcon.colcon_core.plugin_system:Skipping extension 'colcon_notification.desktop_notification.terminal_notifier': Not used on non-Darwin systems
[4.448s] INFO:colcon.colcon_core.plugin_system:Skipping extension 'colcon_notification.desktop_notification.win32': Not used on non-Windows systems
[4.448s] INFO:colcon.colcon_notification.desktop_notification:Sending desktop notification using 'notify2'
[4.461s] DEBUG:colcon.colcon_core.event_reactor:joined thread
[4.461s] INFO:colcon.colcon_core.shell:Creating prefix script '/home/DATA/DogRobot/ros2_ws/install/local_setup.ps1'
[4.462s] INFO:colcon.colcon_core.shell:Creating prefix util module '/home/DATA/DogRobot/ros2_ws/install/_local_setup_util_ps1.py'
[4.464s] INFO:colcon.colcon_core.shell:Creating prefix chain script '/home/DATA/DogRobot/ros2_ws/install/setup.ps1'
[4.465s] INFO:colcon.colcon_core.shell:Creating prefix script '/home/DATA/DogRobot/ros2_ws/install/local_setup.sh'
[4.465s] INFO:colcon.colcon_core.shell:Creating prefix util module '/home/DATA/DogRobot/ros2_ws/install/_local_setup_util_sh.py'
[4.466s] INFO:colcon.colcon_core.shell:Creating prefix chain script '/home/DATA/DogRobot/ros2_ws/install/setup.sh'
[4.467s] INFO:colcon.colcon_core.shell:Creating prefix script '/home/DATA/DogRobot/ros2_ws/install/local_setup.bash'
[4.468s] INFO:colcon.colcon_core.shell:Creating prefix chain script '/home/DATA/DogRobot/ros2_ws/install/setup.bash'
[4.469s] INFO:colcon.colcon_core.shell:Creating prefix script '/home/DATA/DogRobot/ros2_ws/install/local_setup.zsh'
[4.469s] INFO:colcon.colcon_core.shell:Creating prefix chain script '/home/DATA/DogRobot/ros2_ws/install/setup.zsh'
