-- Found ament_cmake: 2.5.2 (/opt/ros/jazzy/share/ament_cmake/cmake)
-- Found rclcpp: 28.1.5 (/opt/ros/jazzy/share/rclcpp/cmake)
-- Found rosidl_generator_c: 4.6.4 (/opt/ros/jazzy/share/rosidl_generator_c/cmake)
-- Found rosidl_generator_cpp: 4.6.4 (/opt/ros/jazzy/share/rosidl_generator_cpp/cmake)
-- Using all available rosidl_typesupport_c: rosidl_typesupport_fastrtps_c;rosidl_typesupport_introspection_c
-- Using all available rosidl_typesupport_cpp: rosidl_typesupport_fastrtps_cpp;rosidl_typesupport_introspection_cpp
-- Found rmw_implementation_cmake: 7.3.1 (/opt/ros/jazzy/share/rmw_implementation_cmake/cmake)
-- Found rmw_fastrtps_cpp: 8.4.1 (/opt/ros/jazzy/share/rmw_fastrtps_cpp/cmake)
-- Using RMW implementation 'rmw_fastrtps_cpp' as default
[33mCMake Warning at CMakeLists.txt:15 (find_package):
  By not providing "Findcustom_interfaces.cmake" in CMAKE_MODULE_PATH this
  project has asked CMake to find a package configuration file provided by
  "custom_interfaces", but CMake did not find one.

  Could not find a package configuration file provided by "custom_interfaces"
  with any of the following names:

    custom_interfacesConfig.cmake
    custom_interfaces-config.cmake

  Add the installation prefix of "custom_interfaces" to CMAKE_PREFIX_PATH or
  set "custom_interfaces_DIR" to a directory containing one of the above
  files.  If "custom_interfaces" provides a separate development package or
  SDK, be sure it has been installed.

[0m
-- Configuring done (0.7s)
-- Generating done (0.0s)
-- Build files have been written to: /home/DATA/DogRobot/ros2_ws/build/wit_pkg
[ 66%] Built target wit_c_sdk
[ 66%] Built target serial
[ 83%] [32mBuilding C object CMakeFiles/readIMU.dir/src/readIMU.c.o[0m
In file included from [01m[K/home/DATA/DogRobot/ros2_ws/src/wit_pkg/src/readIMU.c:8[m[K:
[01m[K/opt/ros/jazzy/include/rclcpp/rclcpp/rclcpp.hpp:168:10:[m[K [01;31m[Kfatal error: [m[Kcsignal: No such file or directory
  168 | #include [01;31m[K<csignal>[m[K
      |          [01;31m[K^~~~~~~~~[m[K
compilation terminated.
gmake[2]: *** [CMakeFiles/readIMU.dir/build.make:76: CMakeFiles/readIMU.dir/src/readIMU.c.o] Error 1
gmake[1]: *** [CMakeFiles/Makefile2:194: CMakeFiles/readIMU.dir/all] Error 2
gmake: *** [Makefile:146: all] Error 2
