[0.019s] Invoking command in '/home/DATA/DogRobot/ros2_ws/build/custom_interfaces': CMAKE_PREFIX_PATH=${CMAKE_PREFIX_PATH}:/home/DATA/DogRobot/ros2_ws/install/my_launch_package:/home/DATA/DogRobot/ros2_ws/install/gamepad_node:/home/DATA/DogRobot/ros2_ws/install/controller:/home/DATA/DogRobot/ros2_ws/install/add_integers:/home/DATA/DogRobot/ros2_ws/install/can_node:/opt/ros/jazzy DEBUGINFOD_URLS=https://debuginfod.ubuntu.com /usr/bin/cmake --build /home/DATA/DogRobot/ros2_ws/build/custom_interfaces -- -j8 -l8
[0.253s] -- Found ament_cmake: 2.5.2 (/opt/ros/jazzy/share/ament_cmake/cmake)
[0.254s] -- Found rosidl_default_generators: 1.6.0 (/opt/ros/jazzy/share/rosidl_default_generators/cmake)
[0.254s] -- Using all available rosidl_typesupport_c: rosidl_typesupport_fastrtps_c;rosidl_typesupport_introspection_c
[0.254s] -- Using all available rosidl_typesupport_cpp: rosidl_typesupport_fastrtps_cpp;rosidl_typesupport_introspection_cpp
[0.254s] -- Found rosidl_adapter: 4.6.4 (/opt/ros/jazzy/share/rosidl_adapter/cmake)
[0.254s] -- Configuring incomplete, errors occurred!
[0.254s] [33mCMake Warning (dev) at CMakeLists.txt:18:
[0.254s]   Syntax Warning in cmake code at column 23
[0.254s] 
[0.254s]   Argument not separated from preceding token by whitespace.
[0.255s] This warning is for project developers.  Use -Wno-dev to suppress it.
[0.255s] [0m
[0.255s] [31mCMake Error at /opt/ros/jazzy/share/rosidl_cmake/cmake/rosidl_generate_interfaces.cmake:95 (message):
[0.255s]   rosidl_generate_interfaces() the passed file ',' doesn't exist relative to
[0.255s]   the CMAKE_CURRENT_SOURCE_DIR
[0.255s]   '/home/DATA/DogRobot/ros2_ws/src/custom_interfaces'
[0.255s] Call Stack (most recent call first):
[0.255s]   CMakeLists.txt:17 (rosidl_generate_interfaces)
[0.255s] 
[0.255s] [0m
[0.255s] gmake: *** [Makefile:815: cmake_check_build_system] Error 1
[0.256s] Invoked command in '/home/DATA/DogRobot/ros2_ws/build/custom_interfaces' returned '2': CMAKE_PREFIX_PATH=${CMAKE_PREFIX_PATH}:/home/DATA/DogRobot/ros2_ws/install/my_launch_package:/home/DATA/DogRobot/ros2_ws/install/gamepad_node:/home/DATA/DogRobot/ros2_ws/install/controller:/home/DATA/DogRobot/ros2_ws/install/add_integers:/home/DATA/DogRobot/ros2_ws/install/can_node:/opt/ros/jazzy DEBUGINFOD_URLS=https://debuginfod.ubuntu.com /usr/bin/cmake --build /home/DATA/DogRobot/ros2_ws/build/custom_interfaces -- -j8 -l8
