[2.084s] Invoking command in '/home/DATA/DogRobot/ros2_ws/src/controller': DEBUGINFOD_URLS=https://debuginfod.ubuntu.com PYTHONPATH=/home/DATA/DogRobot/ros2_ws/build/controller/prefix_override:/usr/lib/python3/dist-packages/colcon_core/task/python/colcon_distutils_commands:/home/DATA/DogRobot/ros2_ws/install/controller/lib/python3.12/site-packages:${PYTHONPATH} /usr/bin/python3 -W ignore:setup.py install is deprecated setup.py egg_info --egg-base ../../build/controller build --build-base /home/DATA/DogRobot/ros2_ws/build/controller/build install --record /home/DATA/DogRobot/ros2_ws/build/controller/install.log --single-version-externally-managed install_data
[2.578s] running egg_info
[2.618s] writing ../../build/controller/controller.egg-info/PKG-INFO
[2.618s] writing dependency_links to ../../build/controller/controller.egg-info/dependency_links.txt
[2.619s] writing requirements to ../../build/controller/controller.egg-info/requires.txt
[2.619s] writing top-level names to ../../build/controller/controller.egg-info/top_level.txt
[2.701s] reading manifest file '../../build/controller/controller.egg-info/SOURCES.txt'
[2.702s] writing manifest file '../../build/controller/controller.egg-info/SOURCES.txt'
[2.703s] running build
[2.703s] running build_py
[2.704s] copying controller/convertGlobal2LocalCoordinate.py -> /home/DATA/DogRobot/ros2_ws/build/controller/build/lib/controller
[2.704s] copying controller/kinematicRobot.py -> /home/DATA/DogRobot/ros2_ws/build/controller/build/lib/controller
[2.704s] copying controller/quadrupedRobot.py -> /home/DATA/DogRobot/ros2_ws/build/controller/build/lib/controller
[2.704s] copying controller/convertAngle2Position.py -> /home/DATA/DogRobot/ros2_ws/build/controller/build/lib/controller
[2.704s] running install
[2.716s] running install_lib
[2.757s] copying /home/DATA/DogRobot/ros2_ws/build/controller/build/lib/controller/convertGlobal2LocalCoordinate.py -> /home/DATA/DogRobot/ros2_ws/install/controller/lib/python3.12/site-packages/controller
[2.757s] copying /home/DATA/DogRobot/ros2_ws/build/controller/build/lib/controller/kinematicRobot.py -> /home/DATA/DogRobot/ros2_ws/install/controller/lib/python3.12/site-packages/controller
[2.758s] copying /home/DATA/DogRobot/ros2_ws/build/controller/build/lib/controller/quadrupedRobot.py -> /home/DATA/DogRobot/ros2_ws/install/controller/lib/python3.12/site-packages/controller
[2.758s] copying /home/DATA/DogRobot/ros2_ws/build/controller/build/lib/controller/convertAngle2Position.py -> /home/DATA/DogRobot/ros2_ws/install/controller/lib/python3.12/site-packages/controller
[2.759s] byte-compiling /home/DATA/DogRobot/ros2_ws/install/controller/lib/python3.12/site-packages/controller/convertGlobal2LocalCoordinate.py to convertGlobal2LocalCoordinate.cpython-312.pyc
[2.761s] byte-compiling /home/DATA/DogRobot/ros2_ws/install/controller/lib/python3.12/site-packages/controller/kinematicRobot.py to kinematicRobot.cpython-312.pyc
[2.765s] byte-compiling /home/DATA/DogRobot/ros2_ws/install/controller/lib/python3.12/site-packages/controller/quadrupedRobot.py to quadrupedRobot.cpython-312.pyc
[2.766s] byte-compiling /home/DATA/DogRobot/ros2_ws/install/controller/lib/python3.12/site-packages/controller/convertAngle2Position.py to convertAngle2Position.cpython-312.pyc
[2.768s] running install_data
[2.768s] running install_egg_info
[2.810s] removing '/home/DATA/DogRobot/ros2_ws/install/controller/lib/python3.12/site-packages/controller-0.0.0-py3.12.egg-info' (and everything under it)
[2.810s] Copying ../../build/controller/controller.egg-info to /home/DATA/DogRobot/ros2_ws/install/controller/lib/python3.12/site-packages/controller-0.0.0-py3.12.egg-info
[2.818s] running install_scripts
[3.062s] writing list of installed files to '/home/DATA/DogRobot/ros2_ws/build/controller/install.log'
[3.124s] Invoked command in '/home/DATA/DogRobot/ros2_ws/src/controller' returned '0': DEBUGINFOD_URLS=https://debuginfod.ubuntu.com PYTHONPATH=/home/DATA/DogRobot/ros2_ws/build/controller/prefix_override:/usr/lib/python3/dist-packages/colcon_core/task/python/colcon_distutils_commands:/home/DATA/DogRobot/ros2_ws/install/controller/lib/python3.12/site-packages:${PYTHONPATH} /usr/bin/python3 -W ignore:setup.py install is deprecated setup.py egg_info --egg-base ../../build/controller build --build-base /home/DATA/DogRobot/ros2_ws/build/controller/build install --record /home/DATA/DogRobot/ros2_ws/build/controller/install.log --single-version-externally-managed install_data
