[0.789s] DEBUG:colcon:Command line arguments: ['/usr/bin/colcon', 'build']
[0.790s] DEBUG:colcon:Parsed command line arguments: Namespace(log_base=None, log_level=None, verb_name='build', build_base='build', install_base='install', merge_install=False, symlink_install=False, test_result_base=None, continue_on_error=False, executor='parallel', parallel_workers=2, event_handlers=None, ignore_user_meta=False, metas=['./colcon.meta'], base_paths=['.'], packages_ignore=None, packages_ignore_regex=None, paths=None, packages_up_to=None, packages_up_to_regex=None, packages_above=None, packages_above_and_dependencies=None, packages_above_depth=None, packages_select_by_dep=None, packages_skip_by_dep=None, packages_skip_up_to=None, packages_select_build_failed=False, packages_skip_build_finished=False, packages_select_test_failures=False, packages_skip_test_passed=False, packages_select=None, packages_skip=None, packages_select_regex=None, packages_skip_regex=None, packages_start=None, packages_end=None, allow_overriding=[], cmake_args=None, cmake_target=None, cmake_target_skip_unavailable=False, cmake_clean_cache=False, cmake_clean_first=False, cmake_force_configure=False, ament_cmake_args=None, catkin_cmake_args=None, catkin_skip_building_tests=False, mixin_files=None, mixin=None, verb_parser=<colcon_mixin.mixin.mixin_argument.MixinArgumentDecorator object at 0x7fa0ef382ba0>, verb_extension=<colcon_core.verb.build.BuildVerb object at 0x7fa0ef382540>, main=<bound method BuildVerb.main of <colcon_core.verb.build.BuildVerb object at 0x7fa0ef382540>>, mixin_verb=('build',))
[0.959s] Level 1:colcon.colcon_core.package_discovery:discover_packages(colcon_meta) check parameters
[0.959s] Level 1:colcon.colcon_core.package_discovery:discover_packages(recursive) check parameters
[0.959s] Level 1:colcon.colcon_core.package_discovery:discover_packages(ignore) check parameters
[0.959s] Level 1:colcon.colcon_core.package_discovery:discover_packages(path) check parameters
[0.959s] Level 1:colcon.colcon_core.package_discovery:discover_packages(colcon_meta) discover
[0.959s] Level 1:colcon.colcon_core.package_discovery:discover_packages(recursive) discover
[0.960s] INFO:colcon.colcon_core.package_discovery:Crawling recursively for packages in '/home/vuong/Project/ROS2/ros2_ws'
[0.960s] Level 1:colcon.colcon_core.package_identification:_identify(.) by extensions ['ignore', 'ignore_ament_install']
[0.960s] Level 1:colcon.colcon_core.package_identification:_identify(.) by extension 'ignore'
[0.960s] Level 1:colcon.colcon_core.package_identification:_identify(.) by extension 'ignore_ament_install'
[0.961s] Level 1:colcon.colcon_core.package_identification:_identify(.) by extensions ['colcon_pkg']
[0.961s] Level 1:colcon.colcon_core.package_identification:_identify(.) by extension 'colcon_pkg'
[0.961s] Level 1:colcon.colcon_core.package_identification:_identify(.) by extensions ['colcon_meta']
[0.961s] Level 1:colcon.colcon_core.package_identification:_identify(.) by extension 'colcon_meta'
[0.961s] Level 1:colcon.colcon_core.package_identification:_identify(.) by extensions ['ros']
[0.961s] Level 1:colcon.colcon_core.package_identification:_identify(.) by extension 'ros'
[1.069s] Level 1:colcon.colcon_core.package_identification:_identify(.) by extensions ['cmake', 'python']
[1.069s] Level 1:colcon.colcon_core.package_identification:_identify(.) by extension 'cmake'
[1.069s] Level 1:colcon.colcon_core.package_identification:_identify(.) by extension 'python'
[1.069s] Level 1:colcon.colcon_core.package_identification:_identify(.) by extensions ['python_setup_py']
[1.069s] Level 1:colcon.colcon_core.package_identification:_identify(.) by extension 'python_setup_py'
[1.069s] Level 1:colcon.colcon_core.package_identification:_identify(build) by extensions ['ignore', 'ignore_ament_install']
[1.069s] Level 1:colcon.colcon_core.package_identification:_identify(build) by extension 'ignore'
[1.069s] Level 1:colcon.colcon_core.package_identification:_identify(build) ignored
[1.069s] Level 1:colcon.colcon_core.package_identification:_identify(install) by extensions ['ignore', 'ignore_ament_install']
[1.069s] Level 1:colcon.colcon_core.package_identification:_identify(install) by extension 'ignore'
[1.069s] Level 1:colcon.colcon_core.package_identification:_identify(install) ignored
[1.070s] Level 1:colcon.colcon_core.package_identification:_identify(log) by extensions ['ignore', 'ignore_ament_install']
[1.070s] Level 1:colcon.colcon_core.package_identification:_identify(log) by extension 'ignore'
[1.070s] Level 1:colcon.colcon_core.package_identification:_identify(log) ignored
[1.070s] Level 1:colcon.colcon_core.package_identification:_identify(src) by extensions ['ignore', 'ignore_ament_install']
[1.070s] Level 1:colcon.colcon_core.package_identification:_identify(src) by extension 'ignore'
[1.070s] Level 1:colcon.colcon_core.package_identification:_identify(src) by extension 'ignore_ament_install'
[1.070s] Level 1:colcon.colcon_core.package_identification:_identify(src) by extensions ['colcon_pkg']
[1.070s] Level 1:colcon.colcon_core.package_identification:_identify(src) by extension 'colcon_pkg'
[1.071s] Level 1:colcon.colcon_core.package_identification:_identify(src) by extensions ['colcon_meta']
[1.071s] Level 1:colcon.colcon_core.package_identification:_identify(src) by extension 'colcon_meta'
[1.071s] Level 1:colcon.colcon_core.package_identification:_identify(src) by extensions ['ros']
[1.072s] Level 1:colcon.colcon_core.package_identification:_identify(src) by extension 'ros'
[1.072s] Level 1:colcon.colcon_core.package_identification:_identify(src) by extensions ['cmake', 'python']
[1.072s] Level 1:colcon.colcon_core.package_identification:_identify(src) by extension 'cmake'
[1.072s] Level 1:colcon.colcon_core.package_identification:_identify(src) by extension 'python'
[1.072s] Level 1:colcon.colcon_core.package_identification:_identify(src) by extensions ['python_setup_py']
[1.072s] Level 1:colcon.colcon_core.package_identification:_identify(src) by extension 'python_setup_py'
[1.073s] Level 1:colcon.colcon_core.package_identification:_identify(src/controller) by extensions ['ignore', 'ignore_ament_install']
[1.073s] Level 1:colcon.colcon_core.package_identification:_identify(src/controller) by extension 'ignore'
[1.073s] Level 1:colcon.colcon_core.package_identification:_identify(src/controller) by extension 'ignore_ament_install'
[1.074s] Level 1:colcon.colcon_core.package_identification:_identify(src/controller) by extensions ['colcon_pkg']
[1.074s] Level 1:colcon.colcon_core.package_identification:_identify(src/controller) by extension 'colcon_pkg'
[1.074s] Level 1:colcon.colcon_core.package_identification:_identify(src/controller) by extensions ['colcon_meta']
[1.074s] Level 1:colcon.colcon_core.package_identification:_identify(src/controller) by extension 'colcon_meta'
[1.074s] Level 1:colcon.colcon_core.package_identification:_identify(src/controller) by extensions ['ros']
[1.075s] Level 1:colcon.colcon_core.package_identification:_identify(src/controller) by extension 'ros'
[1.086s] DEBUG:colcon.colcon_core.package_identification:Package 'src/controller' with type 'ros.ament_python' and name 'controller'
[1.086s] Level 1:colcon.colcon_core.package_discovery:discover_packages(recursive) using defaults
[1.086s] Level 1:colcon.colcon_core.package_discovery:discover_packages(ignore) discover
[1.086s] Level 1:colcon.colcon_core.package_discovery:discover_packages(ignore) using defaults
[1.086s] Level 1:colcon.colcon_core.package_discovery:discover_packages(path) discover
[1.086s] Level 1:colcon.colcon_core.package_discovery:discover_packages(path) using defaults
[1.459s] Level 1:colcon.colcon_core.package_discovery:discover_packages(prefix_path) check parameters
[1.461s] Level 1:colcon.colcon_core.package_discovery:discover_packages(prefix_path) discover
[1.649s] DEBUG:colcon.colcon_installed_package_information.package_discovery:Found 361 installed packages in /opt/ros/jazzy
[1.699s] Level 1:colcon.colcon_core.package_discovery:discover_packages(prefix_path) using defaults
[2.695s] Level 5:colcon.colcon_core.verb:set package 'controller' build argument 'cmake_args' from command line to 'None'
[2.696s] Level 5:colcon.colcon_core.verb:set package 'controller' build argument 'cmake_target' from command line to 'None'
[2.696s] Level 5:colcon.colcon_core.verb:set package 'controller' build argument 'cmake_target_skip_unavailable' from command line to 'False'
[2.697s] Level 5:colcon.colcon_core.verb:set package 'controller' build argument 'cmake_clean_cache' from command line to 'False'
[2.697s] Level 5:colcon.colcon_core.verb:set package 'controller' build argument 'cmake_clean_first' from command line to 'False'
[2.697s] Level 5:colcon.colcon_core.verb:set package 'controller' build argument 'cmake_force_configure' from command line to 'False'
[2.697s] Level 5:colcon.colcon_core.verb:set package 'controller' build argument 'ament_cmake_args' from command line to 'None'
[2.697s] Level 5:colcon.colcon_core.verb:set package 'controller' build argument 'catkin_cmake_args' from command line to 'None'
[2.697s] Level 5:colcon.colcon_core.verb:set package 'controller' build argument 'catkin_skip_building_tests' from command line to 'False'
[2.697s] DEBUG:colcon.colcon_core.verb:Building package 'controller' with the following arguments: {'ament_cmake_args': None, 'build_base': '/home/vuong/Project/ROS2/ros2_ws/build/controller', 'catkin_cmake_args': None, 'catkin_skip_building_tests': False, 'cmake_args': None, 'cmake_clean_cache': False, 'cmake_clean_first': False, 'cmake_force_configure': False, 'cmake_target': None, 'cmake_target_skip_unavailable': False, 'install_base': '/home/vuong/Project/ROS2/ros2_ws/install/controller', 'merge_install': False, 'path': '/home/vuong/Project/ROS2/ros2_ws/src/controller', 'symlink_install': False, 'test_result_base': None}
[2.697s] INFO:colcon.colcon_core.executor:Executing jobs using 'parallel' executor
[2.712s] DEBUG:colcon.colcon_parallel_executor.executor.parallel:run_until_complete
[2.722s] INFO:colcon.colcon_ros.task.ament_python.build:Building ROS package in '/home/vuong/Project/ROS2/ros2_ws/src/controller' with build type 'ament_python'
[2.722s] Level 1:colcon.colcon_core.shell:create_environment_hook('controller', 'ament_prefix_path')
[2.803s] INFO:colcon.colcon_core.plugin_system:Skipping extension 'colcon_core.shell.bat': Not used on non-Windows systems
[2.803s] INFO:colcon.colcon_core.shell:Creating environment hook '/home/vuong/Project/ROS2/ros2_ws/install/controller/share/controller/hook/ament_prefix_path.ps1'
[2.818s] INFO:colcon.colcon_core.shell:Creating environment descriptor '/home/vuong/Project/ROS2/ros2_ws/install/controller/share/controller/hook/ament_prefix_path.dsv'
[2.851s] INFO:colcon.colcon_core.shell:Creating environment hook '/home/vuong/Project/ROS2/ros2_ws/install/controller/share/controller/hook/ament_prefix_path.sh'
[2.859s] INFO:colcon.colcon_core.shell:Skip shell extension 'powershell' for command environment: Not usable outside of PowerShell
[2.859s] DEBUG:colcon.colcon_core.shell:Skip shell extension 'dsv' for command environment
[4.753s] INFO:colcon.colcon_core.task.python.build:Building Python package in '/home/vuong/Project/ROS2/ros2_ws/src/controller'
[4.754s] INFO:colcon.colcon_core.shell:Skip shell extension 'powershell' for command environment: Not usable outside of PowerShell
[4.754s] DEBUG:colcon.colcon_core.shell:Skip shell extension 'dsv' for command environment
[7.722s] DEBUG:colcon.colcon_core.event_handler.log_command:Invoking command in '/home/vuong/Project/ROS2/ros2_ws/src/controller': DEBUGINFOD_URLS=https://debuginfod.ubuntu.com PYTHONPATH=/home/vuong/Project/ROS2/ros2_ws/build/controller/prefix_override:/usr/lib/python3/dist-packages/colcon_core/task/python/colcon_distutils_commands:/home/vuong/Project/ROS2/ros2_ws/install/controller/lib/python3.12/site-packages:${PYTHONPATH} /usr/bin/python3 -W ignore:setup.py install is deprecated setup.py egg_info --egg-base ../../build/controller build --build-base /home/vuong/Project/ROS2/ros2_ws/build/controller/build install --record /home/vuong/Project/ROS2/ros2_ws/build/controller/install.log --single-version-externally-managed install_data
[8.906s] DEBUG:colcon.colcon_core.event_handler.log_command:Invoked command in '/home/vuong/Project/ROS2/ros2_ws/src/controller' returned '0': DEBUGINFOD_URLS=https://debuginfod.ubuntu.com PYTHONPATH=/home/vuong/Project/ROS2/ros2_ws/build/controller/prefix_override:/usr/lib/python3/dist-packages/colcon_core/task/python/colcon_distutils_commands:/home/vuong/Project/ROS2/ros2_ws/install/controller/lib/python3.12/site-packages:${PYTHONPATH} /usr/bin/python3 -W ignore:setup.py install is deprecated setup.py egg_info --egg-base ../../build/controller build --build-base /home/vuong/Project/ROS2/ros2_ws/build/controller/build install --record /home/vuong/Project/ROS2/ros2_ws/build/controller/install.log --single-version-externally-managed install_data
[8.924s] Level 1:colcon.colcon_core.environment:checking '/home/vuong/Project/ROS2/ros2_ws/install/controller' for CMake module files
[8.925s] Level 1:colcon.colcon_core.environment:checking '/home/vuong/Project/ROS2/ros2_ws/install/controller' for CMake config files
[8.927s] Level 1:colcon.colcon_core.environment:checking '/home/vuong/Project/ROS2/ros2_ws/install/controller/lib'
[8.928s] Level 1:colcon.colcon_core.environment:checking '/home/vuong/Project/ROS2/ros2_ws/install/controller/bin'
[8.928s] Level 1:colcon.colcon_core.environment:checking '/home/vuong/Project/ROS2/ros2_ws/install/controller/lib/pkgconfig/controller.pc'
[8.928s] Level 1:colcon.colcon_core.environment:checking '/home/vuong/Project/ROS2/ros2_ws/install/controller/lib/python3.12/site-packages'
[8.928s] Level 1:colcon.colcon_core.shell:create_environment_hook('controller', 'pythonpath')
[8.928s] INFO:colcon.colcon_core.shell:Creating environment hook '/home/vuong/Project/ROS2/ros2_ws/install/controller/share/controller/hook/pythonpath.ps1'
[8.929s] INFO:colcon.colcon_core.shell:Creating environment descriptor '/home/vuong/Project/ROS2/ros2_ws/install/controller/share/controller/hook/pythonpath.dsv'
[8.930s] INFO:colcon.colcon_core.shell:Creating environment hook '/home/vuong/Project/ROS2/ros2_ws/install/controller/share/controller/hook/pythonpath.sh'
[8.931s] Level 1:colcon.colcon_core.environment:checking '/home/vuong/Project/ROS2/ros2_ws/install/controller/bin'
[8.931s] Level 1:colcon.colcon_core.environment:create_environment_scripts_only(controller)
[8.932s] INFO:colcon.colcon_core.shell:Creating package script '/home/vuong/Project/ROS2/ros2_ws/install/controller/share/controller/package.ps1'
[8.935s] INFO:colcon.colcon_core.shell:Creating package descriptor '/home/vuong/Project/ROS2/ros2_ws/install/controller/share/controller/package.dsv'
[8.938s] INFO:colcon.colcon_core.shell:Creating package script '/home/vuong/Project/ROS2/ros2_ws/install/controller/share/controller/package.sh'
[8.942s] INFO:colcon.colcon_core.shell:Creating package script '/home/vuong/Project/ROS2/ros2_ws/install/controller/share/controller/package.bash'
[8.944s] INFO:colcon.colcon_core.shell:Creating package script '/home/vuong/Project/ROS2/ros2_ws/install/controller/share/controller/package.zsh'
[8.947s] Level 1:colcon.colcon_core.environment:create_file_with_runtime_dependencies(/home/vuong/Project/ROS2/ros2_ws/install/controller/share/colcon-core/packages/controller)
[8.948s] DEBUG:colcon.colcon_parallel_executor.executor.parallel:closing loop
[8.948s] DEBUG:colcon.colcon_parallel_executor.executor.parallel:loop closed
[8.949s] DEBUG:colcon.colcon_parallel_executor.executor.parallel:run_until_complete finished with '0'
[8.949s] DEBUG:colcon.colcon_core.event_reactor:joining thread
[9.011s] INFO:colcon.colcon_core.plugin_system:Skipping extension 'colcon_notification.desktop_notification.terminal_notifier': Not used on non-Darwin systems
[9.011s] INFO:colcon.colcon_core.plugin_system:Skipping extension 'colcon_notification.desktop_notification.win32': Not used on non-Windows systems
[9.011s] INFO:colcon.colcon_notification.desktop_notification:Sending desktop notification using 'notify2'
[9.647s] DEBUG:colcon.colcon_core.event_reactor:joined thread
[9.648s] INFO:colcon.colcon_core.shell:Creating prefix script '/home/vuong/Project/ROS2/ros2_ws/install/local_setup.ps1'
[9.651s] INFO:colcon.colcon_core.shell:Creating prefix util module '/home/vuong/Project/ROS2/ros2_ws/install/_local_setup_util_ps1.py'
[9.653s] INFO:colcon.colcon_core.shell:Creating prefix chain script '/home/vuong/Project/ROS2/ros2_ws/install/setup.ps1'
[9.655s] INFO:colcon.colcon_core.shell:Creating prefix script '/home/vuong/Project/ROS2/ros2_ws/install/local_setup.sh'
[9.657s] INFO:colcon.colcon_core.shell:Creating prefix util module '/home/vuong/Project/ROS2/ros2_ws/install/_local_setup_util_sh.py'
[9.657s] INFO:colcon.colcon_core.shell:Creating prefix chain script '/home/vuong/Project/ROS2/ros2_ws/install/setup.sh'
[9.660s] INFO:colcon.colcon_core.shell:Creating prefix script '/home/vuong/Project/ROS2/ros2_ws/install/local_setup.bash'
[9.661s] INFO:colcon.colcon_core.shell:Creating prefix chain script '/home/vuong/Project/ROS2/ros2_ws/install/setup.bash'
[9.662s] INFO:colcon.colcon_core.shell:Creating prefix script '/home/vuong/Project/ROS2/ros2_ws/install/local_setup.zsh'
[9.664s] INFO:colcon.colcon_core.shell:Creating prefix chain script '/home/vuong/Project/ROS2/ros2_ws/install/setup.zsh'
