[0.019s] Invoking command in '/home/DATA/DogRobot/ros2_ws/build/custom_interfaces': CMAKE_PREFIX_PATH=${CMAKE_PREFIX_PATH}:/home/DATA/DogRobot/ros2_ws/install/my_launch_package:/home/DATA/DogRobot/ros2_ws/install/gamepad_node:/home/DATA/DogRobot/ros2_ws/install/controller:/home/DATA/DogRobot/ros2_ws/install/add_integers:/home/DATA/DogRobot/ros2_ws/install/can_node:/opt/ros/jazzy DEBUGINFOD_URLS=https://debuginfod.ubuntu.com /usr/bin/cmake --build /home/DATA/DogRobot/ros2_ws/build/custom_interfaces -- -j8 -l8
[0.257s] -- Found ament_cmake: 2.5.2 (/opt/ros/jazzy/share/ament_cmake/cmake)
[0.258s] -- Found rosidl_default_generators: 1.6.0 (/opt/ros/jazzy/share/rosidl_default_generators/cmake)
[0.258s] -- Using all available rosidl_typesupport_c: rosidl_typesupport_fastrtps_c;rosidl_typesupport_introspection_c
[0.258s] -- Using all available rosidl_typesupport_cpp: rosidl_typesupport_fastrtps_cpp;rosidl_typesupport_introspection_cpp
[0.258s] -- Found rosidl_adapter: 4.6.4 (/opt/ros/jazzy/share/rosidl_adapter/cmake)
[0.533s] -- Found ament_cmake_ros: 0.12.0 (/opt/ros/jazzy/share/ament_cmake_ros/cmake)
[0.654s] -- Using all available rosidl_typesupport_c: rosidl_typesupport_fastrtps_c;rosidl_typesupport_introspection_c
[0.778s] -- Using all available rosidl_typesupport_cpp: rosidl_typesupport_fastrtps_cpp;rosidl_typesupport_introspection_cpp
[0.779s] -- Found python_cmake_module: 0.11.1 (/opt/ros/jazzy/share/python_cmake_module/cmake)
[1.069s] -- Found Python3: /usr/bin/python3 (found version "3.12.3") found components: Interpreter Development NumPy Development.Module Development.Embed 
[1.105s] -- Found Python3: /usr/bin/python3 (found version "3.12.3") found components: Interpreter 
[1.273s] [31mCMake Error at /opt/ros/jazzy/share/rosidl_adapter/cmake/rosidl_adapt_interfaces.cmake:57 (message):
[1.273s]   execute_process(/usr/bin/python3 -m rosidl_adapter --package-name
[1.273s]   custom_interfaces --arguments-file
[1.273s]   /home/DATA/DogRobot/ros2_ws/build/custom_interfaces/rosidl_adapter__arguments__custom_interfaces.json
[1.273s]   --output-dir
[1.273s]   /home/DATA/DogRobot/ros2_ws/build/custom_interfaces/rosidl_adapter/custom_interfaces
[1.273s]   --output-file
[1.273s]   /home/DATA/DogRobot/ros2_ws/build/custom_interfaces/rosidl_adapter/custom_interfaces.idls)
[1.273s]   returned error code 1:
[1.273s] 
[1.274s]   Error processing 'float64[] positionRR' of 'custom_interfaces/CANmessage':
[1.274s]   ''positionRR' is an invalid field name.  It should have the pattern
[1.274s]   '^(?!.*__)(?!.*_$)[a-z][a-z0-9_]*$''
[1.274s] 
[1.274s]   Traceback (most recent call last):
[1.274s] 
[1.274s]     File "<frozen runpy>", line 198, in _run_module_as_main
[1.274s]     File "<frozen runpy>", line 88, in _run_code
[1.274s]     File "/opt/ros/jazzy/lib/python3.12/site-packages/rosidl_adapter/__main__.py", line 19, in <module>
[1.274s]       sys.exit(main())
[1.275s]                ^^^^^^
[1.275s]     File "/opt/ros/jazzy/lib/python3.12/site-packages/rosidl_adapter/main.py", line 53, in main
[1.275s]       abs_idl_file = convert_to_idl(
[1.275s]                      ^^^^^^^^^^^^^^^
[1.275s]     File "/opt/ros/jazzy/lib/python3.12/site-packages/rosidl_adapter/__init__.py", line 19, in convert_to_idl
[1.275s]       return convert_msg_to_idl(
[1.275s]              ^^^^^^^^^^^^^^^^^^^
[1.275s]     File "/opt/ros/jazzy/lib/python3.12/site-packages/rosidl_adapter/msg/__init__.py", line 28, in convert_msg_to_idl
[1.275s]       msg = parse_message_string(package_name, input_file.stem, content)
[1.275s]             ^^^^^^^^^^^^^^^^^^^^^^^^^^^^^^^^^^^^^^^^^^^^^^^^^^^^^^^^^^^^
[1.275s]     File "/opt/ros/jazzy/lib/python3.12/site-packages/rosidl_adapter/parser.py", line 520, in parse_message_string
[1.276s]       fields.append(Field(
[1.276s]                     ^^^^^^
[1.276s]     File "/opt/ros/jazzy/lib/python3.12/site-packages/rosidl_adapter/parser.py", line 355, in __init__
[1.276s]       raise NameError(
[1.276s] 
[1.276s]   NameError: 'positionRR' is an invalid field name.  It should have the
[1.276s]   pattern '^(?!.*__)(?!.*_$)[a-z][a-z0-9_]*$'
[1.276s] 
[1.276s] Call Stack (most recent call first):
[1.276s]   /opt/ros/jazzy/share/rosidl_cmake/cmake/rosidl_generate_interfaces.cmake:132 (rosidl_adapt_interfaces)
[1.276s]   CMakeLists.txt:21 (rosidl_generate_interfaces)
[1.277s] 
[1.277s] [0m
[1.277s] -- Configuring incomplete, errors occurred!
[1.287s] gmake: *** [Makefile:815: cmake_check_build_system] Error 1
[1.289s] Invoked command in '/home/DATA/DogRobot/ros2_ws/build/custom_interfaces' returned '2': CMAKE_PREFIX_PATH=${CMAKE_PREFIX_PATH}:/home/DATA/DogRobot/ros2_ws/install/my_launch_package:/home/DATA/DogRobot/ros2_ws/install/gamepad_node:/home/DATA/DogRobot/ros2_ws/install/controller:/home/DATA/DogRobot/ros2_ws/install/add_integers:/home/DATA/DogRobot/ros2_ws/install/can_node:/opt/ros/jazzy DEBUGINFOD_URLS=https://debuginfod.ubuntu.com /usr/bin/cmake --build /home/DATA/DogRobot/ros2_ws/build/custom_interfaces -- -j8 -l8
