[0.010s] Invoking command in '/home/DATA/DogRobot/ros2_ws/build/wit_pkg': CMAKE_PREFIX_PATH=${CMAKE_PREFIX_PATH}:/home/DATA/DogRobot/ros2_ws/install/my_launch_package:/home/DATA/DogRobot/ros2_ws/install/gamepad_node:/home/DATA/DogRobot/ros2_ws/install/controller:/home/DATA/DogRobot/ros2_ws/install/can_node:/home/DATA/DogRobot/ros2_ws/install/add_integers:/opt/ros/jazzy DEBUGINFOD_URLS=https://debuginfod.ubuntu.com /usr/bin/cmake --build /home/DATA/DogRobot/ros2_ws/build/wit_pkg -- -j8 -l8
[0.036s] -- Found ament_cmake: 2.5.2 (/opt/ros/jazzy/share/ament_cmake/cmake)
[0.248s] -- Found rclcpp: 28.1.5 (/opt/ros/jazzy/share/rclcpp/cmake)
[0.275s] -- Found rosidl_generator_c: 4.6.4 (/opt/ros/jazzy/share/rosidl_generator_c/cmake)
[0.285s] -- Found rosidl_generator_cpp: 4.6.4 (/opt/ros/jazzy/share/rosidl_generator_cpp/cmake)
[0.297s] -- Using all available rosidl_typesupport_c: rosidl_typesupport_fastrtps_c;rosidl_typesupport_introspection_c
[0.311s] -- Using all available rosidl_typesupport_cpp: rosidl_typesupport_fastrtps_cpp;rosidl_typesupport_introspection_cpp
[0.378s] -- Found rmw_implementation_cmake: 7.3.1 (/opt/ros/jazzy/share/rmw_implementation_cmake/cmake)
[0.380s] -- Found rmw_fastrtps_cpp: 8.4.1 (/opt/ros/jazzy/share/rmw_fastrtps_cpp/cmake)
[0.443s] -- Using RMW implementation 'rmw_fastrtps_cpp' as default
[0.601s] -- Configuring done (0.6s)
[0.611s] -- Generating done (0.0s)
[0.612s] -- Build files have been written to: /home/DATA/DogRobot/ros2_ws/build/wit_pkg
[0.650s] [ 50%] [32m[1mLinking C executable cpp_exe[0m
[0.692s] /usr/bin/ld: CMakeFiles/cpp_exe.dir/src/main.c.o: warning: relocation against `sReg' in read-only section `.text'
[0.694s] /usr/bin/ld: CMakeFiles/cpp_exe.dir/src/main.c.o: in function `main':
[0.694s] main.c:(.text+0x55): undefined reference to `serial_open'
[0.694s] /usr/bin/ld: main.c:(.text+0xc8): undefined reference to `WitInit'
[0.694s] /usr/bin/ld: main.c:(.text+0xd7): undefined reference to `WitRegisterCallBack'
[0.694s] /usr/bin/ld: main.c:(.text+0x109): undefined reference to `WitSerialDataIn'
[0.694s] /usr/bin/ld: main.c:(.text+0x122): undefined reference to `serial_read_data'
[0.694s] /usr/bin/ld: main.c:(.text+0x164): undefined reference to `sReg'
[0.694s] /usr/bin/ld: main.c:(.text+0x1aa): undefined reference to `sReg'
[0.694s] /usr/bin/ld: main.c:(.text+0x1f0): undefined reference to `sReg'
[0.694s] /usr/bin/ld: main.c:(.text+0x38b): undefined reference to `sReg'
[0.694s] /usr/bin/ld: main.c:(.text+0x395): undefined reference to `sReg'
[0.694s] /usr/bin/ld: CMakeFiles/cpp_exe.dir/src/main.c.o:main.c:(.text+0x39f): more undefined references to `sReg' follow
[0.695s] /usr/bin/ld: CMakeFiles/cpp_exe.dir/src/main.c.o: in function `AutoScanSensor':
[0.695s] main.c:(.text+0x4f0): undefined reference to `serial_close'
[0.695s] /usr/bin/ld: main.c:(.text+0x534): undefined reference to `serial_open'
[0.695s] /usr/bin/ld: main.c:(.text+0x557): undefined reference to `WitReadReg'
[0.695s] /usr/bin/ld: main.c:(.text+0x571): undefined reference to `WitSerialDataIn'
[0.695s] /usr/bin/ld: main.c:(.text+0x58a): undefined reference to `serial_read_data'
[0.695s] /usr/bin/ld: warning: creating DT_TEXTREL in a PIE
[0.696s] collect2: error: ld returned 1 exit status
[0.697s] gmake[2]: *** [CMakeFiles/cpp_exe.dir/build.make:163: cpp_exe] Error 1
[0.697s] gmake[1]: *** [CMakeFiles/Makefile2:137: CMakeFiles/cpp_exe.dir/all] Error 2
[0.697s] gmake: *** [Makefile:146: all] Error 2
[0.699s] Invoked command in '/home/DATA/DogRobot/ros2_ws/build/wit_pkg' returned '2': CMAKE_PREFIX_PATH=${CMAKE_PREFIX_PATH}:/home/DATA/DogRobot/ros2_ws/install/my_launch_package:/home/DATA/DogRobot/ros2_ws/install/gamepad_node:/home/DATA/DogRobot/ros2_ws/install/controller:/home/DATA/DogRobot/ros2_ws/install/can_node:/home/DATA/DogRobot/ros2_ws/install/add_integers:/opt/ros/jazzy DEBUGINFOD_URLS=https://debuginfod.ubuntu.com /usr/bin/cmake --build /home/DATA/DogRobot/ros2_ws/build/wit_pkg -- -j8 -l8
