[ 25%] [32mBuilding C object CMakeFiles/wit_c_sdk.dir/src/wit_c_sdk.c.o[0m
[ 75%] Built target serial
[01m[K/home/DATA/DogRobot/ros2_ws/src/wit_pkg/src/wit_c_sdk.c:[m[K In function ‘[01m[KWitSerialDataIn[m[K’:
[01m[K/home/DATA/DogRobot/ros2_ws/src/wit_pkg/src/wit_c_sdk.c:181:35:[m[K [01;35m[Kwarning: [m[Kcomparison of integer expressions of different signedness: ‘[01m[Kuint32_t[m[K’ {aka ‘[01m[Kunsigned int[m[K’} and ‘[01m[Kint[m[K’ [[01;35m[K]8;;https://gcc.gnu.org/onlinedocs/gcc/Warning-Options.html#index-Wsign-compare-Wsign-compare]8;;[m[K]
  181 |                 if(s_uiWitDataCnt [01;35m[K<[m[K (s_ucWitDataBuff[2] + 5))return ;
      |                                   [01;35m[K^[m[K
[01m[K/home/DATA/DogRobot/ros2_ws/src/wit_pkg/src/wit_c_sdk.c:[m[K In function ‘[01m[KWitCanDataIn[m[K’:
[01m[K/home/DATA/DogRobot/ros2_ws/src/wit_pkg/src/wit_c_sdk.c:238:27:[m[K [01;35m[Kwarning: [m[Kthis statement may fall through [[01;35m[K]8;;https://gcc.gnu.org/onlinedocs/gcc/Warning-Options.html#index-Wimplicit-fallthrough=-Wimplicit-fallthrough=]8;;[m[K]
  238 |                         if[01;35m[K([m[KucData[1] == 0x53)
      |                           [01;35m[K^[m[K
[01m[K/home/DATA/DogRobot/ros2_ws/src/wit_pkg/src/wit_c_sdk.c:251:19:[m[K [01;36m[Knote: [m[Khere
  251 |                   [01;36m[Kcase[m[K WIT_PROTOCOL_CAN:
      |                   [01;36m[K^~~~[m[K
[100%] [32m[1mLinking C shared library libwit_c_sdk.so[0m
[100%] Built target wit_c_sdk
-- Install configuration: ""
-- Installing: /home/DATA/DogRobot/ros2_ws/install/wit_pkg/lib/libserial.so.0.0.0
-- Installing: /home/DATA/DogRobot/ros2_ws/install/wit_pkg/lib/libserial.so
-- Installing: /home/DATA/DogRobot/ros2_ws/install/wit_pkg/lib/libwit_c_sdk.so.0.0.0
-- Installing: /home/DATA/DogRobot/ros2_ws/install/wit_pkg/lib/libwit_c_sdk.so
-- Up-to-date: /home/DATA/DogRobot/ros2_ws/install/wit_pkg/share/ament_index/resource_index/package_run_dependencies/wit_pkg
-- Up-to-date: /home/DATA/DogRobot/ros2_ws/install/wit_pkg/share/ament_index/resource_index/parent_prefix_path/wit_pkg
-- Up-to-date: /home/DATA/DogRobot/ros2_ws/install/wit_pkg/share/wit_pkg/environment/ament_prefix_path.sh
-- Up-to-date: /home/DATA/DogRobot/ros2_ws/install/wit_pkg/share/wit_pkg/environment/ament_prefix_path.dsv
-- Up-to-date: /home/DATA/DogRobot/ros2_ws/install/wit_pkg/share/wit_pkg/environment/path.sh
-- Up-to-date: /home/DATA/DogRobot/ros2_ws/install/wit_pkg/share/wit_pkg/environment/path.dsv
-- Up-to-date: /home/DATA/DogRobot/ros2_ws/install/wit_pkg/share/wit_pkg/local_setup.bash
-- Installing: /home/DATA/DogRobot/ros2_ws/install/wit_pkg/share/wit_pkg/local_setup.sh
-- Up-to-date: /home/DATA/DogRobot/ros2_ws/install/wit_pkg/share/wit_pkg/local_setup.zsh
-- Installing: /home/DATA/DogRobot/ros2_ws/install/wit_pkg/share/wit_pkg/local_setup.dsv
-- Installing: /home/DATA/DogRobot/ros2_ws/install/wit_pkg/share/wit_pkg/package.dsv
-- Up-to-date: /home/DATA/DogRobot/ros2_ws/install/wit_pkg/share/ament_index/resource_index/packages/wit_pkg
-- Installing: /home/DATA/DogRobot/ros2_ws/install/wit_pkg/share/wit_pkg/cmake/wit_pkgConfig.cmake
-- Up-to-date: /home/DATA/DogRobot/ros2_ws/install/wit_pkg/share/wit_pkg/cmake/wit_pkgConfig-version.cmake
-- Up-to-date: /home/DATA/DogRobot/ros2_ws/install/wit_pkg/share/wit_pkg/package.xml
