[0.846s] Invoking command in '/home/DATA/DogRobot/ros2_ws/src/add_integers': AMENT_PREFIX_PATH=/home/DATA/DogRobot/ros2_ws/install/custom_interfaces:${AMENT_PREFIX_PATH} CMAKE_PREFIX_PATH=/home/DATA/DogRobot/ros2_ws/install/custom_interfaces:${CMAKE_PREFIX_PATH} DEBUGINFOD_URLS=https://debuginfod.ubuntu.com LD_LIBRARY_PATH=/home/DATA/DogRobot/ros2_ws/install/custom_interfaces/lib:${LD_LIBRARY_PATH} PYTHONPATH=/home/DATA/DogRobot/ros2_ws/build/add_integers/prefix_override:/usr/lib/python3/dist-packages/colcon_core/task/python/colcon_distutils_commands:/home/DATA/DogRobot/ros2_ws/install/add_integers/lib/python3.12/site-packages:/home/DATA/DogRobot/ros2_ws/install/custom_interfaces/lib/python3.12/site-packages:${PYTHONPATH} /usr/bin/python3 -W ignore:setup.py install is deprecated setup.py egg_info --egg-base ../../build/add_integers build --build-base /home/DATA/DogRobot/ros2_ws/build/add_integers/build install --record /home/DATA/DogRobot/ros2_ws/build/add_integers/install.log --single-version-externally-managed install_data
[1.126s] running egg_info
[1.148s] writing ../../build/add_integers/add_integers.egg-info/PKG-INFO
[1.148s] writing dependency_links to ../../build/add_integers/add_integers.egg-info/dependency_links.txt
[1.149s] writing entry points to ../../build/add_integers/add_integers.egg-info/entry_points.txt
[1.149s] writing requirements to ../../build/add_integers/add_integers.egg-info/requires.txt
[1.149s] writing top-level names to ../../build/add_integers/add_integers.egg-info/top_level.txt
[1.194s] reading manifest file '../../build/add_integers/add_integers.egg-info/SOURCES.txt'
[1.195s] writing manifest file '../../build/add_integers/add_integers.egg-info/SOURCES.txt'
[1.195s] running build
[1.195s] running build_py
[1.195s] copying add_integers/client_node.py -> /home/DATA/DogRobot/ros2_ws/build/add_integers/build/lib/add_integers
[1.196s] copying add_integers/service_node.py -> /home/DATA/DogRobot/ros2_ws/build/add_integers/build/lib/add_integers
[1.196s] running install
[1.203s] running install_lib
[1.225s] copying /home/DATA/DogRobot/ros2_ws/build/add_integers/build/lib/add_integers/client_node.py -> /home/DATA/DogRobot/ros2_ws/install/add_integers/lib/python3.12/site-packages/add_integers
[1.225s] copying /home/DATA/DogRobot/ros2_ws/build/add_integers/build/lib/add_integers/service_node.py -> /home/DATA/DogRobot/ros2_ws/install/add_integers/lib/python3.12/site-packages/add_integers
[1.226s] byte-compiling /home/DATA/DogRobot/ros2_ws/install/add_integers/lib/python3.12/site-packages/add_integers/client_node.py to client_node.cpython-312.pyc
[1.227s] byte-compiling /home/DATA/DogRobot/ros2_ws/install/add_integers/lib/python3.12/site-packages/add_integers/service_node.py to service_node.cpython-312.pyc
[1.227s] running install_data
[1.228s] running install_egg_info
[1.252s] removing '/home/DATA/DogRobot/ros2_ws/install/add_integers/lib/python3.12/site-packages/add_integers-0.0.0-py3.12.egg-info' (and everything under it)
[1.252s] Copying ../../build/add_integers/add_integers.egg-info to /home/DATA/DogRobot/ros2_ws/install/add_integers/lib/python3.12/site-packages/add_integers-0.0.0-py3.12.egg-info
[1.253s] running install_scripts
[1.393s] Installing addition_client script to /home/DATA/DogRobot/ros2_ws/install/add_integers/lib/add_integers
[1.393s] Installing addition_service script to /home/DATA/DogRobot/ros2_ws/install/add_integers/lib/add_integers
[1.393s] writing list of installed files to '/home/DATA/DogRobot/ros2_ws/build/add_integers/install.log'
[1.420s] Invoked command in '/home/DATA/DogRobot/ros2_ws/src/add_integers' returned '0': AMENT_PREFIX_PATH=/home/DATA/DogRobot/ros2_ws/install/custom_interfaces:${AMENT_PREFIX_PATH} CMAKE_PREFIX_PATH=/home/DATA/DogRobot/ros2_ws/install/custom_interfaces:${CMAKE_PREFIX_PATH} DEBUGINFOD_URLS=https://debuginfod.ubuntu.com LD_LIBRARY_PATH=/home/DATA/DogRobot/ros2_ws/install/custom_interfaces/lib:${LD_LIBRARY_PATH} PYTHONPATH=/home/DATA/DogRobot/ros2_ws/build/add_integers/prefix_override:/usr/lib/python3/dist-packages/colcon_core/task/python/colcon_distutils_commands:/home/DATA/DogRobot/ros2_ws/install/add_integers/lib/python3.12/site-packages:/home/DATA/DogRobot/ros2_ws/install/custom_interfaces/lib/python3.12/site-packages:${PYTHONPATH} /usr/bin/python3 -W ignore:setup.py install is deprecated setup.py egg_info --egg-base ../../build/add_integers build --build-base /home/DATA/DogRobot/ros2_ws/build/add_integers/build install --record /home/DATA/DogRobot/ros2_ws/build/add_integers/install.log --single-version-externally-managed install_data
