[1.684s] Invoking command in '/home/DATA/DogRobot/ros2_ws/src/gamepad_node': DEBUGINFOD_URLS=https://debuginfod.ubuntu.com PYTHONPATH=/home/DATA/DogRobot/ros2_ws/build/gamepad_node/prefix_override:/usr/lib/python3/dist-packages/colcon_core/task/python/colcon_distutils_commands:/home/DATA/DogRobot/ros2_ws/install/gamepad_node/lib/python3.12/site-packages:${PYTHONPATH} /usr/bin/python3 -W ignore:setup.py install is deprecated setup.py egg_info --egg-base ../../build/gamepad_node build --build-base /home/DATA/DogRobot/ros2_ws/build/gamepad_node/build install --record /home/DATA/DogRobot/ros2_ws/build/gamepad_node/install.log --single-version-externally-managed install_data
[2.026s] running egg_info
[2.049s] writing ../../build/gamepad_node/gamepad_node.egg-info/PKG-INFO
[2.049s] writing dependency_links to ../../build/gamepad_node/gamepad_node.egg-info/dependency_links.txt
[2.049s] writing entry points to ../../build/gamepad_node/gamepad_node.egg-info/entry_points.txt
[2.049s] writing requirements to ../../build/gamepad_node/gamepad_node.egg-info/requires.txt
[2.050s] writing top-level names to ../../build/gamepad_node/gamepad_node.egg-info/top_level.txt
[2.098s] reading manifest file '../../build/gamepad_node/gamepad_node.egg-info/SOURCES.txt'
[2.099s] writing manifest file '../../build/gamepad_node/gamepad_node.egg-info/SOURCES.txt'
[2.100s] running build
[2.100s] running build_py
[2.100s] copying gamepad_node/gamepad.py -> /home/DATA/DogRobot/ros2_ws/build/gamepad_node/build/lib/gamepad_node
[2.100s] running install
[2.108s] running install_lib
[2.132s] copying /home/DATA/DogRobot/ros2_ws/build/gamepad_node/build/lib/gamepad_node/gamepad.py -> /home/DATA/DogRobot/ros2_ws/install/gamepad_node/lib/python3.12/site-packages/gamepad_node
[2.133s] byte-compiling /home/DATA/DogRobot/ros2_ws/install/gamepad_node/lib/python3.12/site-packages/gamepad_node/gamepad.py to gamepad.cpython-312.pyc
[2.133s] running install_data
[2.133s] running install_egg_info
[2.160s] removing '/home/DATA/DogRobot/ros2_ws/install/gamepad_node/lib/python3.12/site-packages/gamepad_node-0.0.0-py3.12.egg-info' (and everything under it)
[2.160s] Copying ../../build/gamepad_node/gamepad_node.egg-info to /home/DATA/DogRobot/ros2_ws/install/gamepad_node/lib/python3.12/site-packages/gamepad_node-0.0.0-py3.12.egg-info
[2.161s] running install_scripts
[2.315s] Installing joy script to /home/DATA/DogRobot/ros2_ws/install/gamepad_node/lib/gamepad_node
[2.316s] writing list of installed files to '/home/DATA/DogRobot/ros2_ws/build/gamepad_node/install.log'
[2.376s] Invoked command in '/home/DATA/DogRobot/ros2_ws/src/gamepad_node' returned '0': DEBUGINFOD_URLS=https://debuginfod.ubuntu.com PYTHONPATH=/home/DATA/DogRobot/ros2_ws/build/gamepad_node/prefix_override:/usr/lib/python3/dist-packages/colcon_core/task/python/colcon_distutils_commands:/home/DATA/DogRobot/ros2_ws/install/gamepad_node/lib/python3.12/site-packages:${PYTHONPATH} /usr/bin/python3 -W ignore:setup.py install is deprecated setup.py egg_info --egg-base ../../build/gamepad_node build --build-base /home/DATA/DogRobot/ros2_ws/build/gamepad_node/build install --record /home/DATA/DogRobot/ros2_ws/build/gamepad_node/install.log --single-version-externally-managed install_data
