[0.877s] Invoking command in '/home/DATA/DogRobot/ros2_ws/src/gamepad_node': DEBUGINFOD_URLS=https://debuginfod.ubuntu.com PYTHONPATH=/home/DATA/DogRobot/ros2_ws/build/gamepad_node/prefix_override:/usr/lib/python3/dist-packages/colcon_core/task/python/colcon_distutils_commands:/home/DATA/DogRobot/ros2_ws/install/gamepad_node/lib/python3.12/site-packages:${PYTHONPATH} /usr/bin/python3 -W ignore:setup.py install is deprecated setup.py egg_info --egg-base ../../build/gamepad_node build --build-base /home/DATA/DogRobot/ros2_ws/build/gamepad_node/build install --record /home/DATA/DogRobot/ros2_ws/build/gamepad_node/install.log --single-version-externally-managed install_data
[1.171s] running egg_info
[1.193s] writing ../../build/gamepad_node/gamepad_node.egg-info/PKG-INFO
[1.193s] writing dependency_links to ../../build/gamepad_node/gamepad_node.egg-info/dependency_links.txt
[1.193s] writing entry points to ../../build/gamepad_node/gamepad_node.egg-info/entry_points.txt
[1.194s] writing requirements to ../../build/gamepad_node/gamepad_node.egg-info/requires.txt
[1.194s] writing top-level names to ../../build/gamepad_node/gamepad_node.egg-info/top_level.txt
[1.239s] reading manifest file '../../build/gamepad_node/gamepad_node.egg-info/SOURCES.txt'
[1.240s] writing manifest file '../../build/gamepad_node/gamepad_node.egg-info/SOURCES.txt'
[1.240s] running build
[1.240s] running build_py
[1.241s] copying gamepad_node/gamepad.py -> /home/DATA/DogRobot/ros2_ws/build/gamepad_node/build/lib/gamepad_node
[1.241s] running install
[1.247s] running install_lib
[1.270s] copying /home/DATA/DogRobot/ros2_ws/build/gamepad_node/build/lib/gamepad_node/gamepad.py -> /home/DATA/DogRobot/ros2_ws/install/gamepad_node/lib/python3.12/site-packages/gamepad_node
[1.271s] byte-compiling /home/DATA/DogRobot/ros2_ws/install/gamepad_node/lib/python3.12/site-packages/gamepad_node/gamepad.py to gamepad.cpython-312.pyc
[1.271s] running install_data
[1.271s] running install_egg_info
[1.295s] removing '/home/DATA/DogRobot/ros2_ws/install/gamepad_node/lib/python3.12/site-packages/gamepad_node-0.0.0-py3.12.egg-info' (and everything under it)
[1.295s] Copying ../../build/gamepad_node/gamepad_node.egg-info to /home/DATA/DogRobot/ros2_ws/install/gamepad_node/lib/python3.12/site-packages/gamepad_node-0.0.0-py3.12.egg-info
[1.296s] running install_scripts
[1.440s] Installing gamepad script to /home/DATA/DogRobot/ros2_ws/install/gamepad_node/lib/gamepad_node
[1.440s] writing list of installed files to '/home/DATA/DogRobot/ros2_ws/build/gamepad_node/install.log'
[1.470s] Invoked command in '/home/DATA/DogRobot/ros2_ws/src/gamepad_node' returned '0': DEBUGINFOD_URLS=https://debuginfod.ubuntu.com PYTHONPATH=/home/DATA/DogRobot/ros2_ws/build/gamepad_node/prefix_override:/usr/lib/python3/dist-packages/colcon_core/task/python/colcon_distutils_commands:/home/DATA/DogRobot/ros2_ws/install/gamepad_node/lib/python3.12/site-packages:${PYTHONPATH} /usr/bin/python3 -W ignore:setup.py install is deprecated setup.py egg_info --egg-base ../../build/gamepad_node build --build-base /home/DATA/DogRobot/ros2_ws/build/gamepad_node/build install --record /home/DATA/DogRobot/ros2_ws/build/gamepad_node/install.log --single-version-externally-managed install_data
