[2.303s] Invoking command in '/home/DATA/Test/DogRobot/ros2_ws/src/gamepad_node': DEBUGINFOD_URLS=https://debuginfod.ubuntu.com PYTHONPATH=/home/DATA/Test/DogRobot/ros2_ws/build/gamepad_node/prefix_override:/usr/lib/python3/dist-packages/colcon_core/task/python/colcon_distutils_commands:/home/DATA/Test/DogRobot/ros2_ws/install/gamepad_node/lib/python3.12/site-packages:/home/DATA/Test/DogRobot/ros2_ws/install/custom_interfaces/lib/python3.12/site-packages:/home/DATA/Test/DogRobot/ros2_ws/install/my_launch_package/lib/python3.12/site-packages:/home/DATA/Test/DogRobot/ros2_ws/install/gamepad_node/lib/python3.12/site-packages:/home/DATA/Test/DogRobot/ros2_ws/install/controller/lib/python3.12/site-packages:/home/DATA/Test/DogRobot/ros2_ws/install/can_node/lib/python3.12/site-packages:/home/DATA/Test/DogRobot/ros2_ws/install/add_integers/lib/python3.12/site-packages:/home/DATA/DogRobot/ros2_ws/install/my_launch_package/lib/python3.12/site-packages:/home/DATA/DogRobot/ros2_ws/install/gamepad_node/lib/python3.12/site-packages:/home/DATA/DogRobot/ros2_ws/install/controller/lib/python3.12/site-packages:/home/DATA/DogRobot/ros2_ws/install/can_node/lib/python3.12/site-packages:/home/DATA/DogRobot/ros2_ws/install/add_integers/lib/python3.12/site-packages:/home/DATA/DogRobot/ros2_ws/install/custom_interfaces/lib/python3.12/site-packages:/opt/ros/jazzy/lib/python3.12/site-packages /usr/bin/python3 -W ignore:setup.py install is deprecated setup.py egg_info --egg-base ../../build/gamepad_node build --build-base /home/DATA/Test/DogRobot/ros2_ws/build/gamepad_node/build install --record /home/DATA/Test/DogRobot/ros2_ws/build/gamepad_node/install.log --single-version-externally-managed install_data
[2.810s] running egg_info
[2.841s] writing ../../build/gamepad_node/gamepad_node.egg-info/PKG-INFO
[2.841s] writing dependency_links to ../../build/gamepad_node/gamepad_node.egg-info/dependency_links.txt
[2.841s] writing entry points to ../../build/gamepad_node/gamepad_node.egg-info/entry_points.txt
[2.841s] writing requirements to ../../build/gamepad_node/gamepad_node.egg-info/requires.txt
[2.841s] writing top-level names to ../../build/gamepad_node/gamepad_node.egg-info/top_level.txt
[2.914s] reading manifest file '../../build/gamepad_node/gamepad_node.egg-info/SOURCES.txt'
[2.915s] writing manifest file '../../build/gamepad_node/gamepad_node.egg-info/SOURCES.txt'
[2.915s] running build
[2.915s] running build_py
[2.915s] running install
[2.926s] running install_lib
[2.977s] running install_data
[2.978s] running install_egg_info
[3.028s] removing '/home/DATA/Test/DogRobot/ros2_ws/install/gamepad_node/lib/python3.12/site-packages/gamepad_node-0.0.0-py3.12.egg-info' (and everything under it)
[3.030s] Copying ../../build/gamepad_node/gamepad_node.egg-info to /home/DATA/Test/DogRobot/ros2_ws/install/gamepad_node/lib/python3.12/site-packages/gamepad_node-0.0.0-py3.12.egg-info
[3.032s] running install_scripts
[3.371s] Installing gamepad script to /home/DATA/Test/DogRobot/ros2_ws/install/gamepad_node/lib/gamepad_node
[3.372s] writing list of installed files to '/home/DATA/Test/DogRobot/ros2_ws/build/gamepad_node/install.log'
[3.504s] Invoked command in '/home/DATA/Test/DogRobot/ros2_ws/src/gamepad_node' returned '0': DEBUGINFOD_URLS=https://debuginfod.ubuntu.com PYTHONPATH=/home/DATA/Test/DogRobot/ros2_ws/build/gamepad_node/prefix_override:/usr/lib/python3/dist-packages/colcon_core/task/python/colcon_distutils_commands:/home/DATA/Test/DogRobot/ros2_ws/install/gamepad_node/lib/python3.12/site-packages:/home/DATA/Test/DogRobot/ros2_ws/install/custom_interfaces/lib/python3.12/site-packages:/home/DATA/Test/DogRobot/ros2_ws/install/my_launch_package/lib/python3.12/site-packages:/home/DATA/Test/DogRobot/ros2_ws/install/gamepad_node/lib/python3.12/site-packages:/home/DATA/Test/DogRobot/ros2_ws/install/controller/lib/python3.12/site-packages:/home/DATA/Test/DogRobot/ros2_ws/install/can_node/lib/python3.12/site-packages:/home/DATA/Test/DogRobot/ros2_ws/install/add_integers/lib/python3.12/site-packages:/home/DATA/DogRobot/ros2_ws/install/my_launch_package/lib/python3.12/site-packages:/home/DATA/DogRobot/ros2_ws/install/gamepad_node/lib/python3.12/site-packages:/home/DATA/DogRobot/ros2_ws/install/controller/lib/python3.12/site-packages:/home/DATA/DogRobot/ros2_ws/install/can_node/lib/python3.12/site-packages:/home/DATA/DogRobot/ros2_ws/install/add_integers/lib/python3.12/site-packages:/home/DATA/DogRobot/ros2_ws/install/custom_interfaces/lib/python3.12/site-packages:/opt/ros/jazzy/lib/python3.12/site-packages /usr/bin/python3 -W ignore:setup.py install is deprecated setup.py egg_info --egg-base ../../build/gamepad_node build --build-base /home/DATA/Test/DogRobot/ros2_ws/build/gamepad_node/build install --record /home/DATA/Test/DogRobot/ros2_ws/build/gamepad_node/install.log --single-version-externally-managed install_data
