[0.775s] Invoking command in '/home/DATA/DogRobot/ros2_ws/build/wit_pkg': CMAKE_PREFIX_PATH=${CMAKE_PREFIX_PATH}:/home/DATA/DogRobot/ros2_ws/install/my_launch_package:/home/DATA/DogRobot/ros2_ws/install/gamepad_node:/home/DATA/DogRobot/ros2_ws/install/controller:/home/DATA/DogRobot/ros2_ws/install/can_node:/home/DATA/DogRobot/ros2_ws/install/add_integers:/opt/ros/jazzy DEBUGINFOD_URLS=https://debuginfod.ubuntu.com /usr/bin/cmake --build /home/DATA/DogRobot/ros2_ws/build/wit_pkg -- -j8 -l8
[0.928s] [ 16%] [32m[1mLinking C shared library libwit_c_sdk.so[0m
[0.934s] [ 33%] [32m[1mLinking C shared library libserial.so[0m
[1.273s] [ 50%] Built target serial
[1.279s] [ 66%] Built target wit_c_sdk
[1.342s] [ 83%] [32m[1mLinking C executable readIMU[0m
[1.492s] [100%] Built target readIMU
[1.525s] Invoked command in '/home/DATA/DogRobot/ros2_ws/build/wit_pkg' returned '0': CMAKE_PREFIX_PATH=${CMAKE_PREFIX_PATH}:/home/DATA/DogRobot/ros2_ws/install/my_launch_package:/home/DATA/DogRobot/ros2_ws/install/gamepad_node:/home/DATA/DogRobot/ros2_ws/install/controller:/home/DATA/DogRobot/ros2_ws/install/can_node:/home/DATA/DogRobot/ros2_ws/install/add_integers:/opt/ros/jazzy DEBUGINFOD_URLS=https://debuginfod.ubuntu.com /usr/bin/cmake --build /home/DATA/DogRobot/ros2_ws/build/wit_pkg -- -j8 -l8
[1.637s] Invoking command in '/home/DATA/DogRobot/ros2_ws/build/wit_pkg': CMAKE_PREFIX_PATH=${CMAKE_PREFIX_PATH}:/home/DATA/DogRobot/ros2_ws/install/my_launch_package:/home/DATA/DogRobot/ros2_ws/install/gamepad_node:/home/DATA/DogRobot/ros2_ws/install/controller:/home/DATA/DogRobot/ros2_ws/install/can_node:/home/DATA/DogRobot/ros2_ws/install/add_integers:/opt/ros/jazzy DEBUGINFOD_URLS=https://debuginfod.ubuntu.com /usr/bin/cmake --install /home/DATA/DogRobot/ros2_ws/build/wit_pkg
[1.660s] -- Install configuration: ""
[1.662s] -- Installing: /home/DATA/DogRobot/ros2_ws/install/wit_pkg/lib/libserial.so.
[1.668s] -- Set non-toolchain portion of runtime path of "/home/DATA/DogRobot/ros2_ws/install/wit_pkg/lib/libserial.so." to ""
[1.668s] -- Installing: /home/DATA/DogRobot/ros2_ws/install/wit_pkg/lib/libserial.so
[1.668s] -- Installing: /home/DATA/DogRobot/ros2_ws/install/wit_pkg/lib/libwit_c_sdk.so.
[1.671s] -- Set non-toolchain portion of runtime path of "/home/DATA/DogRobot/ros2_ws/install/wit_pkg/lib/libwit_c_sdk.so." to ""
[1.671s] -- Installing: /home/DATA/DogRobot/ros2_ws/install/wit_pkg/lib/libwit_c_sdk.so
[1.672s] -- Installing: /home/DATA/DogRobot/ros2_ws/install/wit_pkg/lib/wit_pkg/readIMU
[1.672s] -- Set non-toolchain portion of runtime path of "/home/DATA/DogRobot/ros2_ws/install/wit_pkg/lib/wit_pkg/readIMU" to ""
[1.673s] -- Up-to-date: /home/DATA/DogRobot/ros2_ws/install/wit_pkg/share/ament_index/resource_index/package_run_dependencies/wit_pkg
[1.673s] -- Up-to-date: /home/DATA/DogRobot/ros2_ws/install/wit_pkg/share/ament_index/resource_index/parent_prefix_path/wit_pkg
[1.673s] -- Up-to-date: /home/DATA/DogRobot/ros2_ws/install/wit_pkg/share/wit_pkg/environment/ament_prefix_path.sh
[1.673s] -- Up-to-date: /home/DATA/DogRobot/ros2_ws/install/wit_pkg/share/wit_pkg/environment/ament_prefix_path.dsv
[1.674s] -- Up-to-date: /home/DATA/DogRobot/ros2_ws/install/wit_pkg/share/wit_pkg/environment/path.sh
[1.674s] -- Up-to-date: /home/DATA/DogRobot/ros2_ws/install/wit_pkg/share/wit_pkg/environment/path.dsv
[1.679s] -- Up-to-date: /home/DATA/DogRobot/ros2_ws/install/wit_pkg/share/wit_pkg/local_setup.bash
[1.679s] -- Up-to-date: /home/DATA/DogRobot/ros2_ws/install/wit_pkg/share/wit_pkg/local_setup.sh
[1.680s] -- Up-to-date: /home/DATA/DogRobot/ros2_ws/install/wit_pkg/share/wit_pkg/local_setup.zsh
[1.680s] -- Up-to-date: /home/DATA/DogRobot/ros2_ws/install/wit_pkg/share/wit_pkg/local_setup.dsv
[1.680s] -- Installing: /home/DATA/DogRobot/ros2_ws/install/wit_pkg/share/wit_pkg/package.dsv
[1.680s] -- Up-to-date: /home/DATA/DogRobot/ros2_ws/install/wit_pkg/share/ament_index/resource_index/packages/wit_pkg
[1.682s] -- Up-to-date: /home/DATA/DogRobot/ros2_ws/install/wit_pkg/share/wit_pkg/cmake/export_wit_pkgExport.cmake
[1.683s] -- Up-to-date: /home/DATA/DogRobot/ros2_ws/install/wit_pkg/share/wit_pkg/cmake/export_wit_pkgExport-noconfig.cmake
[1.684s] -- Up-to-date: /home/DATA/DogRobot/ros2_ws/install/wit_pkg/share/wit_pkg/cmake/ament_cmake_export_targets-extras.cmake
[1.684s] -- Up-to-date: /home/DATA/DogRobot/ros2_ws/install/wit_pkg/share/wit_pkg/cmake/wit_pkgConfig.cmake
[1.684s] -- Up-to-date: /home/DATA/DogRobot/ros2_ws/install/wit_pkg/share/wit_pkg/cmake/wit_pkgConfig-version.cmake
[1.685s] -- Up-to-date: /home/DATA/DogRobot/ros2_ws/install/wit_pkg/share/wit_pkg/package.xml
[1.696s] Invoked command in '/home/DATA/DogRobot/ros2_ws/build/wit_pkg' returned '0': CMAKE_PREFIX_PATH=${CMAKE_PREFIX_PATH}:/home/DATA/DogRobot/ros2_ws/install/my_launch_package:/home/DATA/DogRobot/ros2_ws/install/gamepad_node:/home/DATA/DogRobot/ros2_ws/install/controller:/home/DATA/DogRobot/ros2_ws/install/can_node:/home/DATA/DogRobot/ros2_ws/install/add_integers:/opt/ros/jazzy DEBUGINFOD_URLS=https://debuginfod.ubuntu.com /usr/bin/cmake --install /home/DATA/DogRobot/ros2_ws/build/wit_pkg
