/home/DATA/DogRobot/ros2_ws/install/can_node/lib/python3.12/site-packages/can_node/__init__.py
/home/DATA/DogRobot/ros2_ws/install/can_node/lib/python3.12/site-packages/can_node/canController.py
/home/DATA/DogRobot/ros2_ws/install/can_node/lib/python3.12/site-packages/can_node/subcriber.py
/home/DATA/DogRobot/ros2_ws/install/can_node/lib/python3.12/site-packages/can_node/publisher.py
/home/DATA/DogRobot/ros2_ws/install/can_node/lib/python3.12/site-packages/can_node/__pycache__/__init__.cpython-312.pyc
/home/DATA/DogRobot/ros2_ws/install/can_node/lib/python3.12/site-packages/can_node/__pycache__/canController.cpython-312.pyc
/home/DATA/DogRobot/ros2_ws/install/can_node/lib/python3.12/site-packages/can_node/__pycache__/subcriber.cpython-312.pyc
/home/DATA/DogRobot/ros2_ws/install/can_node/lib/python3.12/site-packages/can_node/__pycache__/publisher.cpython-312.pyc
/home/DATA/DogRobot/ros2_ws/install/can_node/share/ament_index/resource_index/packages/can_node
/home/DATA/DogRobot/ros2_ws/install/can_node/share/can_node/package.xml
/home/DATA/DogRobot/ros2_ws/install/can_node/lib/python3.12/site-packages/can_node-0.0.0-py3.12.egg-info/top_level.txt
/home/DATA/DogRobot/ros2_ws/install/can_node/lib/python3.12/site-packages/can_node-0.0.0-py3.12.egg-info/requires.txt
/home/DATA/DogRobot/ros2_ws/install/can_node/lib/python3.12/site-packages/can_node-0.0.0-py3.12.egg-info/PKG-INFO
/home/DATA/DogRobot/ros2_ws/install/can_node/lib/python3.12/site-packages/can_node-0.0.0-py3.12.egg-info/SOURCES.txt
/home/DATA/DogRobot/ros2_ws/install/can_node/lib/python3.12/site-packages/can_node-0.0.0-py3.12.egg-info/entry_points.txt
/home/DATA/DogRobot/ros2_ws/install/can_node/lib/python3.12/site-packages/can_node-0.0.0-py3.12.egg-info/dependency_links.txt
/home/DATA/DogRobot/ros2_ws/install/can_node/lib/python3.12/site-packages/can_node-0.0.0-py3.12.egg-info/zip-safe
/home/DATA/DogRobot/ros2_ws/install/can_node/lib/can_node/can
/home/DATA/DogRobot/ros2_ws/install/can_node/lib/can_node/listener
/home/DATA/DogRobot/ros2_ws/install/can_node/lib/can_node/talker
