[2.266s] Invoking command in '/home/DATA/DogRobot/ros2_ws/src/can_node': AMENT_PREFIX_PATH=/home/DATA/DogRobot/ros2_ws/install/custom_interfaces:${AMENT_PREFIX_PATH} CMAKE_PREFIX_PATH=/home/DATA/DogRobot/ros2_ws/install/custom_interfaces:${CMAKE_PREFIX_PATH} DEBUGINFOD_URLS=https://debuginfod.ubuntu.com LD_LIBRARY_PATH=/home/DATA/DogRobot/ros2_ws/install/custom_interfaces/lib:${LD_LIBRARY_PATH} PYTHONPATH=/home/DATA/DogRobot/ros2_ws/build/can_node/prefix_override:/usr/lib/python3/dist-packages/colcon_core/task/python/colcon_distutils_commands:/home/DATA/DogRobot/ros2_ws/install/can_node/lib/python3.12/site-packages:/home/DATA/DogRobot/ros2_ws/install/custom_interfaces/lib/python3.12/site-packages:${PYTHONPATH} /usr/bin/python3 -W ignore:setup.py install is deprecated setup.py egg_info --egg-base ../../build/can_node build --build-base /home/DATA/DogRobot/ros2_ws/build/can_node/build install --record /home/DATA/DogRobot/ros2_ws/build/can_node/install.log --single-version-externally-managed install_data
[3.124s] running egg_info
[3.171s] writing ../../build/can_node/can_node.egg-info/PKG-INFO
[3.175s] writing dependency_links to ../../build/can_node/can_node.egg-info/dependency_links.txt
[3.175s] writing entry points to ../../build/can_node/can_node.egg-info/entry_points.txt
[3.176s] writing requirements to ../../build/can_node/can_node.egg-info/requires.txt
[3.176s] writing top-level names to ../../build/can_node/can_node.egg-info/top_level.txt
[3.279s] reading manifest file '../../build/can_node/can_node.egg-info/SOURCES.txt'
[3.281s] writing manifest file '../../build/can_node/can_node.egg-info/SOURCES.txt'
[3.281s] running build
[3.281s] running build_py
[3.284s] running install
[3.299s] running install_lib
[3.346s] running install_data
[3.349s] running install_egg_info
[3.405s] removing '/home/DATA/DogRobot/ros2_ws/install/can_node/lib/python3.12/site-packages/can_node-0.0.0-py3.12.egg-info' (and everything under it)
[3.411s] Copying ../../build/can_node/can_node.egg-info to /home/DATA/DogRobot/ros2_ws/install/can_node/lib/python3.12/site-packages/can_node-0.0.0-py3.12.egg-info
[3.413s] running install_scripts
[3.773s] Installing can script to /home/DATA/DogRobot/ros2_ws/install/can_node/lib/can_node
[3.773s] Installing listener script to /home/DATA/DogRobot/ros2_ws/install/can_node/lib/can_node
[3.773s] Installing talker script to /home/DATA/DogRobot/ros2_ws/install/can_node/lib/can_node
[3.774s] writing list of installed files to '/home/DATA/DogRobot/ros2_ws/build/can_node/install.log'
[3.875s] Invoked command in '/home/DATA/DogRobot/ros2_ws/src/can_node' returned '0': AMENT_PREFIX_PATH=/home/DATA/DogRobot/ros2_ws/install/custom_interfaces:${AMENT_PREFIX_PATH} CMAKE_PREFIX_PATH=/home/DATA/DogRobot/ros2_ws/install/custom_interfaces:${CMAKE_PREFIX_PATH} DEBUGINFOD_URLS=https://debuginfod.ubuntu.com LD_LIBRARY_PATH=/home/DATA/DogRobot/ros2_ws/install/custom_interfaces/lib:${LD_LIBRARY_PATH} PYTHONPATH=/home/DATA/DogRobot/ros2_ws/build/can_node/prefix_override:/usr/lib/python3/dist-packages/colcon_core/task/python/colcon_distutils_commands:/home/DATA/DogRobot/ros2_ws/install/can_node/lib/python3.12/site-packages:/home/DATA/DogRobot/ros2_ws/install/custom_interfaces/lib/python3.12/site-packages:${PYTHONPATH} /usr/bin/python3 -W ignore:setup.py install is deprecated setup.py egg_info --egg-base ../../build/can_node build --build-base /home/DATA/DogRobot/ros2_ws/build/can_node/build install --record /home/DATA/DogRobot/ros2_ws/build/can_node/install.log --single-version-externally-managed install_data
