[3.557s] Invoking command in '/home/DATA/DogRobot/ros2_ws/src/can_node': DEBUGINFOD_URLS=https://debuginfod.ubuntu.com PYTHONPATH=/home/DATA/DogRobot/ros2_ws/build/can_node/prefix_override:/usr/lib/python3/dist-packages/colcon_core/task/python/colcon_distutils_commands:/home/DATA/DogRobot/ros2_ws/install/can_node/lib/python3.12/site-packages:${PYTHONPATH} /usr/bin/python3 -W ignore:setup.py install is deprecated setup.py egg_info --egg-base ../../build/can_node build --build-base /home/DATA/DogRobot/ros2_ws/build/can_node/build install --record /home/DATA/DogRobot/ros2_ws/build/can_node/install.log --single-version-externally-managed install_data
[4.212s] running egg_info
[4.257s] writing ../../build/can_node/can_node.egg-info/PKG-INFO
[4.258s] writing dependency_links to ../../build/can_node/can_node.egg-info/dependency_links.txt
[4.258s] writing entry points to ../../build/can_node/can_node.egg-info/entry_points.txt
[4.258s] writing requirements to ../../build/can_node/can_node.egg-info/requires.txt
[4.259s] writing top-level names to ../../build/can_node/can_node.egg-info/top_level.txt
[4.353s] reading manifest file '../../build/can_node/can_node.egg-info/SOURCES.txt'
[4.355s] writing manifest file '../../build/can_node/can_node.egg-info/SOURCES.txt'
[4.355s] running build
[4.356s] running build_py
[4.356s] running install
[4.370s] running install_lib
[4.426s] running install_data
[4.426s] running install_egg_info
[4.471s] removing '/home/DATA/DogRobot/ros2_ws/install/can_node/lib/python3.12/site-packages/can_node-0.0.0-py3.12.egg-info' (and everything under it)
[4.472s] Copying ../../build/can_node/can_node.egg-info to /home/DATA/DogRobot/ros2_ws/install/can_node/lib/python3.12/site-packages/can_node-0.0.0-py3.12.egg-info
[4.473s] running install_scripts
[4.796s] Installing listener script to /home/DATA/DogRobot/ros2_ws/install/can_node/lib/can_node
[4.797s] Installing talker script to /home/DATA/DogRobot/ros2_ws/install/can_node/lib/can_node
[4.797s] writing list of installed files to '/home/DATA/DogRobot/ros2_ws/build/can_node/install.log'
[4.895s] Invoked command in '/home/DATA/DogRobot/ros2_ws/src/can_node' returned '0': DEBUGINFOD_URLS=https://debuginfod.ubuntu.com PYTHONPATH=/home/DATA/DogRobot/ros2_ws/build/can_node/prefix_override:/usr/lib/python3/dist-packages/colcon_core/task/python/colcon_distutils_commands:/home/DATA/DogRobot/ros2_ws/install/can_node/lib/python3.12/site-packages:${PYTHONPATH} /usr/bin/python3 -W ignore:setup.py install is deprecated setup.py egg_info --egg-base ../../build/can_node build --build-base /home/DATA/DogRobot/ros2_ws/build/can_node/build install --record /home/DATA/DogRobot/ros2_ws/build/can_node/install.log --single-version-externally-managed install_data
