[1.337s] Invoking command in '/home/DATA/DogRobot/ros2_ws/src/can_node': AMENT_PREFIX_PATH=/home/DATA/DogRobot/ros2_ws/install/custom_interfaces:${AMENT_PREFIX_PATH} CMAKE_PREFIX_PATH=/home/DATA/DogRobot/ros2_ws/install/custom_interfaces:${CMAKE_PREFIX_PATH} DEBUGINFOD_URLS=https://debuginfod.ubuntu.com LD_LIBRARY_PATH=/home/DATA/DogRobot/ros2_ws/install/custom_interfaces/lib:${LD_LIBRARY_PATH} PYTHONPATH=/home/DATA/DogRobot/ros2_ws/build/can_node/prefix_override:/usr/lib/python3/dist-packages/colcon_core/task/python/colcon_distutils_commands:/home/DATA/DogRobot/ros2_ws/install/can_node/lib/python3.12/site-packages:/home/DATA/DogRobot/ros2_ws/install/custom_interfaces/lib/python3.12/site-packages:${PYTHONPATH} /usr/bin/python3 -W ignore:setup.py install is deprecated setup.py egg_info --egg-base ../../build/can_node build --build-base /home/DATA/DogRobot/ros2_ws/build/can_node/build install --record /home/DATA/DogRobot/ros2_ws/build/can_node/install.log --single-version-externally-managed install_data
[1.636s] running egg_info
[1.658s] writing ../../build/can_node/can_node.egg-info/PKG-INFO
[1.658s] writing dependency_links to ../../build/can_node/can_node.egg-info/dependency_links.txt
[1.658s] writing entry points to ../../build/can_node/can_node.egg-info/entry_points.txt
[1.658s] writing requirements to ../../build/can_node/can_node.egg-info/requires.txt
[1.658s] writing top-level names to ../../build/can_node/can_node.egg-info/top_level.txt
[1.703s] reading manifest file '../../build/can_node/can_node.egg-info/SOURCES.txt'
[1.704s] writing manifest file '../../build/can_node/can_node.egg-info/SOURCES.txt'
[1.704s] running build
[1.704s] running build_py
[1.704s] copying can_node/publisher.py -> /home/DATA/DogRobot/ros2_ws/build/can_node/build/lib/can_node
[1.705s] copying can_node/canController.py -> /home/DATA/DogRobot/ros2_ws/build/can_node/build/lib/can_node
[1.705s] copying can_node/subcriber.py -> /home/DATA/DogRobot/ros2_ws/build/can_node/build/lib/can_node
[1.706s] running install
[1.712s] running install_lib
[1.734s] copying /home/DATA/DogRobot/ros2_ws/build/can_node/build/lib/can_node/publisher.py -> /home/DATA/DogRobot/ros2_ws/install/can_node/lib/python3.12/site-packages/can_node
[1.734s] copying /home/DATA/DogRobot/ros2_ws/build/can_node/build/lib/can_node/canController.py -> /home/DATA/DogRobot/ros2_ws/install/can_node/lib/python3.12/site-packages/can_node
[1.734s] copying /home/DATA/DogRobot/ros2_ws/build/can_node/build/lib/can_node/subcriber.py -> /home/DATA/DogRobot/ros2_ws/install/can_node/lib/python3.12/site-packages/can_node
[1.735s] byte-compiling /home/DATA/DogRobot/ros2_ws/install/can_node/lib/python3.12/site-packages/can_node/publisher.py to publisher.cpython-312.pyc
[1.735s] byte-compiling /home/DATA/DogRobot/ros2_ws/install/can_node/lib/python3.12/site-packages/can_node/canController.py to canController.cpython-312.pyc
[1.737s] byte-compiling /home/DATA/DogRobot/ros2_ws/install/can_node/lib/python3.12/site-packages/can_node/subcriber.py to subcriber.cpython-312.pyc
[1.737s] running install_data
[1.738s] running install_egg_info
[1.760s] removing '/home/DATA/DogRobot/ros2_ws/install/can_node/lib/python3.12/site-packages/can_node-0.0.0-py3.12.egg-info' (and everything under it)
[1.761s] Copying ../../build/can_node/can_node.egg-info to /home/DATA/DogRobot/ros2_ws/install/can_node/lib/python3.12/site-packages/can_node-0.0.0-py3.12.egg-info
[1.762s] running install_scripts
[1.904s] Installing can script to /home/DATA/DogRobot/ros2_ws/install/can_node/lib/can_node
[1.905s] Installing listener script to /home/DATA/DogRobot/ros2_ws/install/can_node/lib/can_node
[1.905s] Installing talker script to /home/DATA/DogRobot/ros2_ws/install/can_node/lib/can_node
[1.906s] writing list of installed files to '/home/DATA/DogRobot/ros2_ws/build/can_node/install.log'
[1.983s] Invoked command in '/home/DATA/DogRobot/ros2_ws/src/can_node' returned '0': AMENT_PREFIX_PATH=/home/DATA/DogRobot/ros2_ws/install/custom_interfaces:${AMENT_PREFIX_PATH} CMAKE_PREFIX_PATH=/home/DATA/DogRobot/ros2_ws/install/custom_interfaces:${CMAKE_PREFIX_PATH} DEBUGINFOD_URLS=https://debuginfod.ubuntu.com LD_LIBRARY_PATH=/home/DATA/DogRobot/ros2_ws/install/custom_interfaces/lib:${LD_LIBRARY_PATH} PYTHONPATH=/home/DATA/DogRobot/ros2_ws/build/can_node/prefix_override:/usr/lib/python3/dist-packages/colcon_core/task/python/colcon_distutils_commands:/home/DATA/DogRobot/ros2_ws/install/can_node/lib/python3.12/site-packages:/home/DATA/DogRobot/ros2_ws/install/custom_interfaces/lib/python3.12/site-packages:${PYTHONPATH} /usr/bin/python3 -W ignore:setup.py install is deprecated setup.py egg_info --egg-base ../../build/can_node build --build-base /home/DATA/DogRobot/ros2_ws/build/can_node/build install --record /home/DATA/DogRobot/ros2_ws/build/can_node/install.log --single-version-externally-managed install_data
