[2.040s] Invoking command in '/home/DATA/DogRobot/ros2_ws/src/my_launch_package': DEBUGINFOD_URLS=https://debuginfod.ubuntu.com PYTHONPATH=/home/DATA/DogRobot/ros2_ws/build/my_launch_package/prefix_override:/usr/lib/python3/dist-packages/colcon_core/task/python/colcon_distutils_commands:/home/DATA/DogRobot/ros2_ws/install/my_launch_package/lib/python3.12/site-packages:${PYTHONPATH} /usr/bin/python3 -W ignore:setup.py install is deprecated setup.py egg_info --egg-base ../../build/my_launch_package build --build-base /home/DATA/DogRobot/ros2_ws/build/my_launch_package/build install --record /home/DATA/DogRobot/ros2_ws/build/my_launch_package/install.log --single-version-externally-managed install_data
[2.528s] running egg_info
[2.564s] writing ../../build/my_launch_package/my_launch_package.egg-info/PKG-INFO
[2.564s] writing dependency_links to ../../build/my_launch_package/my_launch_package.egg-info/dependency_links.txt
[2.565s] writing requirements to ../../build/my_launch_package/my_launch_package.egg-info/requires.txt
[2.565s] writing top-level names to ../../build/my_launch_package/my_launch_package.egg-info/top_level.txt
[2.624s] reading manifest file '../../build/my_launch_package/my_launch_package.egg-info/SOURCES.txt'
[2.625s] writing manifest file '../../build/my_launch_package/my_launch_package.egg-info/SOURCES.txt'
[2.625s] running build
[2.625s] running build_py
[2.626s] copying my_launch_package/launch.py -> /home/DATA/DogRobot/ros2_ws/build/my_launch_package/build/lib/my_launch_package
[2.627s] running install
[2.634s] running install_lib
[2.663s] copying /home/DATA/DogRobot/ros2_ws/build/my_launch_package/build/lib/my_launch_package/launch.py -> /home/DATA/DogRobot/ros2_ws/install/my_launch_package/lib/python3.12/site-packages/my_launch_package
[2.664s] byte-compiling /home/DATA/DogRobot/ros2_ws/install/my_launch_package/lib/python3.12/site-packages/my_launch_package/launch.py to launch.cpython-312.pyc
[2.664s] running install_data
[2.664s] copying my_launch_package/launch.py -> /home/DATA/DogRobot/ros2_ws/install/my_launch_package/share/my_launch_package/my_launch_package/
[2.665s] running install_egg_info
[2.693s] removing '/home/DATA/DogRobot/ros2_ws/install/my_launch_package/lib/python3.12/site-packages/my_launch_package-0.0.0-py3.12.egg-info' (and everything under it)
[2.693s] Copying ../../build/my_launch_package/my_launch_package.egg-info to /home/DATA/DogRobot/ros2_ws/install/my_launch_package/lib/python3.12/site-packages/my_launch_package-0.0.0-py3.12.egg-info
[2.694s] running install_scripts
[2.882s] writing list of installed files to '/home/DATA/DogRobot/ros2_ws/build/my_launch_package/install.log'
[2.953s] Invoked command in '/home/DATA/DogRobot/ros2_ws/src/my_launch_package' returned '0': DEBUGINFOD_URLS=https://debuginfod.ubuntu.com PYTHONPATH=/home/DATA/DogRobot/ros2_ws/build/my_launch_package/prefix_override:/usr/lib/python3/dist-packages/colcon_core/task/python/colcon_distutils_commands:/home/DATA/DogRobot/ros2_ws/install/my_launch_package/lib/python3.12/site-packages:${PYTHONPATH} /usr/bin/python3 -W ignore:setup.py install is deprecated setup.py egg_info --egg-base ../../build/my_launch_package build --build-base /home/DATA/DogRobot/ros2_ws/build/my_launch_package/build install --record /home/DATA/DogRobot/ros2_ws/build/my_launch_package/install.log --single-version-externally-managed install_data
