[2.358s] Invoking command in '/home/DATA/DogRobot/ros2_ws/src/can_node': DEBUGINFOD_URLS=https://debuginfod.ubuntu.com PYTHONPATH=/home/DATA/DogRobot/ros2_ws/build/can_node/prefix_override:/usr/lib/python3/dist-packages/colcon_core/task/python/colcon_distutils_commands:/home/DATA/DogRobot/ros2_ws/install/can_node/lib/python3.12/site-packages:${PYTHONPATH} /usr/bin/python3 -W ignore:setup.py install is deprecated setup.py egg_info --egg-base ../../build/can_node build --build-base /home/DATA/DogRobot/ros2_ws/build/can_node/build install --record /home/DATA/DogRobot/ros2_ws/build/can_node/install.log --single-version-externally-managed install_data
[3.131s] running egg_info
[3.237s] writing ../../build/can_node/can_node.egg-info/PKG-INFO
[3.241s] writing dependency_links to ../../build/can_node/can_node.egg-info/dependency_links.txt
[3.261s] writing entry points to ../../build/can_node/can_node.egg-info/entry_points.txt
[3.261s] writing requirements to ../../build/can_node/can_node.egg-info/requires.txt
[3.262s] writing top-level names to ../../build/can_node/can_node.egg-info/top_level.txt
[3.409s] reading manifest file '../../build/can_node/can_node.egg-info/SOURCES.txt'
[3.410s] writing manifest file '../../build/can_node/can_node.egg-info/SOURCES.txt'
[3.413s] running build
[3.413s] running build_py
[3.413s] running install
[3.430s] running install_lib
[3.497s] running install_data
[3.498s] running install_egg_info
[3.574s] removing '/home/DATA/DogRobot/ros2_ws/install/can_node/lib/python3.12/site-packages/can_node-0.0.0-py3.12.egg-info' (and everything under it)
[3.575s] Copying ../../build/can_node/can_node.egg-info to /home/DATA/DogRobot/ros2_ws/install/can_node/lib/python3.12/site-packages/can_node-0.0.0-py3.12.egg-info
[3.577s] running install_scripts
[3.983s] Installing listener script to /home/DATA/DogRobot/ros2_ws/install/can_node/lib/can_node
[3.985s] Installing talker script to /home/DATA/DogRobot/ros2_ws/install/can_node/lib/can_node
[3.985s] writing list of installed files to '/home/DATA/DogRobot/ros2_ws/build/can_node/install.log'
[4.074s] Invoked command in '/home/DATA/DogRobot/ros2_ws/src/can_node' returned '0': DEBUGINFOD_URLS=https://debuginfod.ubuntu.com PYTHONPATH=/home/DATA/DogRobot/ros2_ws/build/can_node/prefix_override:/usr/lib/python3/dist-packages/colcon_core/task/python/colcon_distutils_commands:/home/DATA/DogRobot/ros2_ws/install/can_node/lib/python3.12/site-packages:${PYTHONPATH} /usr/bin/python3 -W ignore:setup.py install is deprecated setup.py egg_info --egg-base ../../build/can_node build --build-base /home/DATA/DogRobot/ros2_ws/build/can_node/build install --record /home/DATA/DogRobot/ros2_ws/build/can_node/install.log --single-version-externally-managed install_data
