[2.334s] Invoking command in '/home/DATA/Test/DogRobot/ros2_ws/src/can_node': DEBUGINFOD_URLS=https://debuginfod.ubuntu.com PYTHONPATH=/home/DATA/Test/DogRobot/ros2_ws/build/can_node/prefix_override:/usr/lib/python3/dist-packages/colcon_core/task/python/colcon_distutils_commands:/home/DATA/Test/DogRobot/ros2_ws/install/can_node/lib/python3.12/site-packages:/home/DATA/Test/DogRobot/ros2_ws/install/custom_interfaces/lib/python3.12/site-packages:/home/DATA/Test/DogRobot/ros2_ws/install/my_launch_package/lib/python3.12/site-packages:/home/DATA/Test/DogRobot/ros2_ws/install/gamepad_node/lib/python3.12/site-packages:/home/DATA/Test/DogRobot/ros2_ws/install/controller/lib/python3.12/site-packages:/home/DATA/Test/DogRobot/ros2_ws/install/can_node/lib/python3.12/site-packages:/home/DATA/Test/DogRobot/ros2_ws/install/add_integers/lib/python3.12/site-packages:/home/DATA/DogRobot/ros2_ws/install/my_launch_package/lib/python3.12/site-packages:/home/DATA/DogRobot/ros2_ws/install/gamepad_node/lib/python3.12/site-packages:/home/DATA/DogRobot/ros2_ws/install/controller/lib/python3.12/site-packages:/home/DATA/DogRobot/ros2_ws/install/can_node/lib/python3.12/site-packages:/home/DATA/DogRobot/ros2_ws/install/add_integers/lib/python3.12/site-packages:/home/DATA/DogRobot/ros2_ws/install/custom_interfaces/lib/python3.12/site-packages:/opt/ros/jazzy/lib/python3.12/site-packages /usr/bin/python3 -W ignore:setup.py install is deprecated setup.py egg_info --egg-base ../../build/can_node build --build-base /home/DATA/Test/DogRobot/ros2_ws/build/can_node/build install --record /home/DATA/Test/DogRobot/ros2_ws/build/can_node/install.log --single-version-externally-managed install_data
[2.841s] running egg_info
[2.872s] writing ../../build/can_node/can_node.egg-info/PKG-INFO
[2.873s] writing dependency_links to ../../build/can_node/can_node.egg-info/dependency_links.txt
[2.873s] writing entry points to ../../build/can_node/can_node.egg-info/entry_points.txt
[2.873s] writing requirements to ../../build/can_node/can_node.egg-info/requires.txt
[2.873s] writing top-level names to ../../build/can_node/can_node.egg-info/top_level.txt
[2.953s] reading manifest file '../../build/can_node/can_node.egg-info/SOURCES.txt'
[2.954s] writing manifest file '../../build/can_node/can_node.egg-info/SOURCES.txt'
[2.956s] running build
[2.956s] running build_py
[2.959s] running install
[2.975s] running install_lib
[3.020s] running install_data
[3.021s] running install_egg_info
[3.069s] removing '/home/DATA/Test/DogRobot/ros2_ws/install/can_node/lib/python3.12/site-packages/can_node-0.0.0-py3.12.egg-info' (and everything under it)
[3.070s] Copying ../../build/can_node/can_node.egg-info to /home/DATA/Test/DogRobot/ros2_ws/install/can_node/lib/python3.12/site-packages/can_node-0.0.0-py3.12.egg-info
[3.072s] running install_scripts
[3.402s] Installing can script to /home/DATA/Test/DogRobot/ros2_ws/install/can_node/lib/can_node
[3.402s] Installing listener script to /home/DATA/Test/DogRobot/ros2_ws/install/can_node/lib/can_node
[3.403s] Installing talker script to /home/DATA/Test/DogRobot/ros2_ws/install/can_node/lib/can_node
[3.403s] writing list of installed files to '/home/DATA/Test/DogRobot/ros2_ws/build/can_node/install.log'
[3.538s] Invoked command in '/home/DATA/Test/DogRobot/ros2_ws/src/can_node' returned '0': DEBUGINFOD_URLS=https://debuginfod.ubuntu.com PYTHONPATH=/home/DATA/Test/DogRobot/ros2_ws/build/can_node/prefix_override:/usr/lib/python3/dist-packages/colcon_core/task/python/colcon_distutils_commands:/home/DATA/Test/DogRobot/ros2_ws/install/can_node/lib/python3.12/site-packages:/home/DATA/Test/DogRobot/ros2_ws/install/custom_interfaces/lib/python3.12/site-packages:/home/DATA/Test/DogRobot/ros2_ws/install/my_launch_package/lib/python3.12/site-packages:/home/DATA/Test/DogRobot/ros2_ws/install/gamepad_node/lib/python3.12/site-packages:/home/DATA/Test/DogRobot/ros2_ws/install/controller/lib/python3.12/site-packages:/home/DATA/Test/DogRobot/ros2_ws/install/can_node/lib/python3.12/site-packages:/home/DATA/Test/DogRobot/ros2_ws/install/add_integers/lib/python3.12/site-packages:/home/DATA/DogRobot/ros2_ws/install/my_launch_package/lib/python3.12/site-packages:/home/DATA/DogRobot/ros2_ws/install/gamepad_node/lib/python3.12/site-packages:/home/DATA/DogRobot/ros2_ws/install/controller/lib/python3.12/site-packages:/home/DATA/DogRobot/ros2_ws/install/can_node/lib/python3.12/site-packages:/home/DATA/DogRobot/ros2_ws/install/add_integers/lib/python3.12/site-packages:/home/DATA/DogRobot/ros2_ws/install/custom_interfaces/lib/python3.12/site-packages:/opt/ros/jazzy/lib/python3.12/site-packages /usr/bin/python3 -W ignore:setup.py install is deprecated setup.py egg_info --egg-base ../../build/can_node build --build-base /home/DATA/Test/DogRobot/ros2_ws/build/can_node/build install --record /home/DATA/Test/DogRobot/ros2_ws/build/can_node/install.log --single-version-externally-managed install_data
