[0.021s] Invoking command in '/home/DATA/DogRobot/ros2_ws/build/custom_interfaces': CMAKE_PREFIX_PATH=${CMAKE_PREFIX_PATH}:/home/DATA/DogRobot/ros2_ws/install/my_launch_package:/home/DATA/DogRobot/ros2_ws/install/gamepad_node:/home/DATA/DogRobot/ros2_ws/install/controller:/home/DATA/DogRobot/ros2_ws/install/add_integers:/home/DATA/DogRobot/ros2_ws/install/can_node:/opt/ros/jazzy DEBUGINFOD_URLS=https://debuginfod.ubuntu.com /usr/bin/cmake --build /home/DATA/DogRobot/ros2_ws/build/custom_interfaces -- -j8 -l8
[0.268s] -- Found ament_cmake: 2.5.2 (/opt/ros/jazzy/share/ament_cmake/cmake)
[0.268s] -- Found rosidl_default_generators: 1.6.0 (/opt/ros/jazzy/share/rosidl_default_generators/cmake)
[0.268s] -- Using all available rosidl_typesupport_c: rosidl_typesupport_fastrtps_c;rosidl_typesupport_introspection_c
[0.268s] -- Using all available rosidl_typesupport_cpp: rosidl_typesupport_fastrtps_cpp;rosidl_typesupport_introspection_cpp
[0.268s] -- Found rosidl_adapter: 4.6.4 (/opt/ros/jazzy/share/rosidl_adapter/cmake)
[0.572s] -- Found ament_cmake_ros: 0.12.0 (/opt/ros/jazzy/share/ament_cmake_ros/cmake)
[0.678s] -- Using all available rosidl_typesupport_c: rosidl_typesupport_fastrtps_c;rosidl_typesupport_introspection_c
[0.802s] -- Using all available rosidl_typesupport_cpp: rosidl_typesupport_fastrtps_cpp;rosidl_typesupport_introspection_cpp
[0.804s] -- Found python_cmake_module: 0.11.1 (/opt/ros/jazzy/share/python_cmake_module/cmake)
[1.095s] -- Found Python3: /usr/bin/python3 (found version "3.12.3") found components: Interpreter Development NumPy Development.Module Development.Embed 
[1.107s] -- Found ament_lint_auto: 0.17.1 (/opt/ros/jazzy/share/ament_lint_auto/cmake)
[1.124s] -- Added test 'lint_cmake' to check CMake code style
[1.126s] -- Added test 'xmllint' to check XML markup files
[1.129s] -- Configuring done (1.1s)
[1.167s] -- Generating done (0.0s)
[1.171s] -- Build files have been written to: /home/DATA/DogRobot/ros2_ws/build/custom_interfaces
[1.210s] [  2%] Built target custom_interfaces__rosidl_generator_type_description
[1.225s] [  2%] Built target ament_cmake_python_copy_custom_interfaces
[1.238s] [  5%] Built target custom_interfaces__cpp
[1.246s] [ 20%] Built target custom_interfaces__rosidl_generator_c
[1.301s] [ 29%] Built target custom_interfaces__rosidl_typesupport_introspection_c
[1.302s] [ 38%] Built target custom_interfaces__rosidl_typesupport_c
[1.302s] [ 47%] Built target custom_interfaces__rosidl_typesupport_cpp
[1.302s] [ 55%] Built target custom_interfaces__rosidl_typesupport_introspection_cpp
[1.315s] [ 64%] Built target custom_interfaces__rosidl_typesupport_fastrtps_c
[1.318s] [ 73%] Built target custom_interfaces__rosidl_typesupport_fastrtps_cpp
[1.344s] [ 73%] Built target custom_interfaces
[1.367s] [ 76%] Built target custom_interfaces__py
[1.394s] [ 82%] Built target custom_interfaces__rosidl_generator_py
[1.427s] [ 88%] Built target custom_interfaces_s__rosidl_typesupport_introspection_c
[1.432s] [100%] Built target custom_interfaces_s__rosidl_typesupport_fastrtps_c
[1.432s] [100%] Built target custom_interfaces_s__rosidl_typesupport_c
[1.540s] running egg_info
[1.564s] writing custom_interfaces.egg-info/PKG-INFO
[1.565s] writing dependency_links to custom_interfaces.egg-info/dependency_links.txt
[1.565s] writing top-level names to custom_interfaces.egg-info/top_level.txt
[1.640s] reading manifest file 'custom_interfaces.egg-info/SOURCES.txt'
[1.641s] writing manifest file 'custom_interfaces.egg-info/SOURCES.txt'
[1.668s] [100%] Built target ament_cmake_python_build_custom_interfaces_egg
[1.681s] Invoked command in '/home/DATA/DogRobot/ros2_ws/build/custom_interfaces' returned '0': CMAKE_PREFIX_PATH=${CMAKE_PREFIX_PATH}:/home/DATA/DogRobot/ros2_ws/install/my_launch_package:/home/DATA/DogRobot/ros2_ws/install/gamepad_node:/home/DATA/DogRobot/ros2_ws/install/controller:/home/DATA/DogRobot/ros2_ws/install/add_integers:/home/DATA/DogRobot/ros2_ws/install/can_node:/opt/ros/jazzy DEBUGINFOD_URLS=https://debuginfod.ubuntu.com /usr/bin/cmake --build /home/DATA/DogRobot/ros2_ws/build/custom_interfaces -- -j8 -l8
[1.749s] Invoking command in '/home/DATA/DogRobot/ros2_ws/build/custom_interfaces': CMAKE_PREFIX_PATH=${CMAKE_PREFIX_PATH}:/home/DATA/DogRobot/ros2_ws/install/my_launch_package:/home/DATA/DogRobot/ros2_ws/install/gamepad_node:/home/DATA/DogRobot/ros2_ws/install/controller:/home/DATA/DogRobot/ros2_ws/install/add_integers:/home/DATA/DogRobot/ros2_ws/install/can_node:/opt/ros/jazzy DEBUGINFOD_URLS=https://debuginfod.ubuntu.com /usr/bin/cmake --install /home/DATA/DogRobot/ros2_ws/build/custom_interfaces
[1.758s] -- Install configuration: ""
[1.758s] -- Up-to-date: /home/DATA/DogRobot/ros2_ws/install/custom_interfaces/share/ament_index/resource_index/rosidl_interfaces/custom_interfaces
[1.758s] -- Up-to-date: /home/DATA/DogRobot/ros2_ws/install/custom_interfaces/share/custom_interfaces/srv/AddTwoInts.json
[1.758s] -- Up-to-date: /home/DATA/DogRobot/ros2_ws/install/custom_interfaces/include/custom_interfaces/custom_interfaces
[1.758s] -- Up-to-date: /home/DATA/DogRobot/ros2_ws/install/custom_interfaces/include/custom_interfaces/custom_interfaces/srv
[1.759s] -- Up-to-date: /home/DATA/DogRobot/ros2_ws/install/custom_interfaces/include/custom_interfaces/custom_interfaces/srv/add_two_ints.h
[1.759s] -- Up-to-date: /home/DATA/DogRobot/ros2_ws/install/custom_interfaces/include/custom_interfaces/custom_interfaces/srv/detail
[1.759s] -- Up-to-date: /home/DATA/DogRobot/ros2_ws/install/custom_interfaces/include/custom_interfaces/custom_interfaces/srv/detail/add_two_ints__type_support.c
[1.759s] -- Up-to-date: /home/DATA/DogRobot/ros2_ws/install/custom_interfaces/include/custom_interfaces/custom_interfaces/srv/detail/add_two_ints__functions.h
[1.759s] -- Up-to-date: /home/DATA/DogRobot/ros2_ws/install/custom_interfaces/include/custom_interfaces/custom_interfaces/srv/detail/add_two_ints__struct.h
[1.759s] -- Up-to-date: /home/DATA/DogRobot/ros2_ws/install/custom_interfaces/include/custom_interfaces/custom_interfaces/srv/detail/add_two_ints__functions.c
[1.759s] -- Up-to-date: /home/DATA/DogRobot/ros2_ws/install/custom_interfaces/include/custom_interfaces/custom_interfaces/srv/detail/add_two_ints__type_support.h
[1.760s] -- Up-to-date: /home/DATA/DogRobot/ros2_ws/install/custom_interfaces/include/custom_interfaces/custom_interfaces/srv/detail/add_two_ints__description.c
[1.760s] -- Up-to-date: /home/DATA/DogRobot/ros2_ws/install/custom_interfaces/include/custom_interfaces/custom_interfaces/msg
[1.760s] -- Up-to-date: /home/DATA/DogRobot/ros2_ws/install/custom_interfaces/include/custom_interfaces/custom_interfaces/msg/rosidl_generator_c__visibility_control.h
[1.760s] -- Up-to-date: /home/DATA/DogRobot/ros2_ws/install/custom_interfaces/share/custom_interfaces/environment/library_path.sh
[1.760s] -- Up-to-date: /home/DATA/DogRobot/ros2_ws/install/custom_interfaces/share/custom_interfaces/environment/library_path.dsv
[1.760s] -- Up-to-date: /home/DATA/DogRobot/ros2_ws/install/custom_interfaces/lib/libcustom_interfaces__rosidl_generator_c.so
[1.760s] -- Up-to-date: /home/DATA/DogRobot/ros2_ws/install/custom_interfaces/include/custom_interfaces/custom_interfaces
[1.760s] -- Up-to-date: /home/DATA/DogRobot/ros2_ws/install/custom_interfaces/include/custom_interfaces/custom_interfaces/srv
[1.761s] -- Up-to-date: /home/DATA/DogRobot/ros2_ws/install/custom_interfaces/include/custom_interfaces/custom_interfaces/srv/detail
[1.761s] -- Up-to-date: /home/DATA/DogRobot/ros2_ws/install/custom_interfaces/include/custom_interfaces/custom_interfaces/srv/detail/add_two_ints__rosidl_typesupport_fastrtps_c.h
[1.761s] -- Up-to-date: /home/DATA/DogRobot/ros2_ws/install/custom_interfaces/include/custom_interfaces/custom_interfaces/msg
[1.761s] -- Up-to-date: /home/DATA/DogRobot/ros2_ws/install/custom_interfaces/include/custom_interfaces/custom_interfaces/msg/rosidl_typesupport_fastrtps_c__visibility_control.h
[1.761s] -- Up-to-date: /home/DATA/DogRobot/ros2_ws/install/custom_interfaces/lib/libcustom_interfaces__rosidl_typesupport_fastrtps_c.so
[1.761s] -- Up-to-date: /home/DATA/DogRobot/ros2_ws/install/custom_interfaces/include/custom_interfaces/custom_interfaces
[1.761s] -- Up-to-date: /home/DATA/DogRobot/ros2_ws/install/custom_interfaces/include/custom_interfaces/custom_interfaces/srv
[1.762s] -- Up-to-date: /home/DATA/DogRobot/ros2_ws/install/custom_interfaces/include/custom_interfaces/custom_interfaces/srv/detail
[1.762s] -- Up-to-date: /home/DATA/DogRobot/ros2_ws/install/custom_interfaces/include/custom_interfaces/custom_interfaces/srv/detail/add_two_ints__type_support.c
[1.762s] -- Up-to-date: /home/DATA/DogRobot/ros2_ws/install/custom_interfaces/include/custom_interfaces/custom_interfaces/srv/detail/add_two_ints__rosidl_typesupport_introspection_c.h
[1.762s] -- Up-to-date: /home/DATA/DogRobot/ros2_ws/install/custom_interfaces/include/custom_interfaces/custom_interfaces/msg
[1.762s] -- Up-to-date: /home/DATA/DogRobot/ros2_ws/install/custom_interfaces/include/custom_interfaces/custom_interfaces/msg/rosidl_typesupport_introspection_c__visibility_control.h
[1.762s] -- Up-to-date: /home/DATA/DogRobot/ros2_ws/install/custom_interfaces/lib/libcustom_interfaces__rosidl_typesupport_introspection_c.so
[1.762s] -- Up-to-date: /home/DATA/DogRobot/ros2_ws/install/custom_interfaces/lib/libcustom_interfaces__rosidl_typesupport_c.so
[1.762s] -- Up-to-date: /home/DATA/DogRobot/ros2_ws/install/custom_interfaces/include/custom_interfaces/custom_interfaces
[1.763s] -- Up-to-date: /home/DATA/DogRobot/ros2_ws/install/custom_interfaces/include/custom_interfaces/custom_interfaces/srv
[1.763s] -- Up-to-date: /home/DATA/DogRobot/ros2_ws/install/custom_interfaces/include/custom_interfaces/custom_interfaces/srv/detail
[1.763s] -- Up-to-date: /home/DATA/DogRobot/ros2_ws/install/custom_interfaces/include/custom_interfaces/custom_interfaces/srv/detail/add_two_ints__type_support.hpp
[1.763s] -- Up-to-date: /home/DATA/DogRobot/ros2_ws/install/custom_interfaces/include/custom_interfaces/custom_interfaces/srv/detail/add_two_ints__struct.hpp
[1.763s] -- Up-to-date: /home/DATA/DogRobot/ros2_ws/install/custom_interfaces/include/custom_interfaces/custom_interfaces/srv/detail/add_two_ints__traits.hpp
[1.763s] -- Up-to-date: /home/DATA/DogRobot/ros2_ws/install/custom_interfaces/include/custom_interfaces/custom_interfaces/srv/detail/add_two_ints__builder.hpp
[1.763s] -- Up-to-date: /home/DATA/DogRobot/ros2_ws/install/custom_interfaces/include/custom_interfaces/custom_interfaces/srv/add_two_ints.hpp
[1.763s] -- Up-to-date: /home/DATA/DogRobot/ros2_ws/install/custom_interfaces/include/custom_interfaces/custom_interfaces/msg
[1.764s] -- Up-to-date: /home/DATA/DogRobot/ros2_ws/install/custom_interfaces/include/custom_interfaces/custom_interfaces/msg/rosidl_generator_cpp__visibility_control.hpp
[1.764s] -- Up-to-date: /home/DATA/DogRobot/ros2_ws/install/custom_interfaces/include/custom_interfaces/custom_interfaces
[1.764s] -- Up-to-date: /home/DATA/DogRobot/ros2_ws/install/custom_interfaces/include/custom_interfaces/custom_interfaces/srv
[1.764s] -- Up-to-date: /home/DATA/DogRobot/ros2_ws/install/custom_interfaces/include/custom_interfaces/custom_interfaces/srv/detail
[1.764s] -- Up-to-date: /home/DATA/DogRobot/ros2_ws/install/custom_interfaces/include/custom_interfaces/custom_interfaces/srv/detail/add_two_ints__rosidl_typesupport_fastrtps_cpp.hpp
[1.764s] -- Up-to-date: /home/DATA/DogRobot/ros2_ws/install/custom_interfaces/include/custom_interfaces/custom_interfaces/srv/detail/dds_fastrtps
[1.764s] -- Up-to-date: /home/DATA/DogRobot/ros2_ws/install/custom_interfaces/include/custom_interfaces/custom_interfaces/msg
[1.764s] -- Up-to-date: /home/DATA/DogRobot/ros2_ws/install/custom_interfaces/include/custom_interfaces/custom_interfaces/msg/rosidl_typesupport_fastrtps_cpp__visibility_control.h
[1.764s] -- Up-to-date: /home/DATA/DogRobot/ros2_ws/install/custom_interfaces/lib/libcustom_interfaces__rosidl_typesupport_fastrtps_cpp.so
[1.765s] -- Up-to-date: /home/DATA/DogRobot/ros2_ws/install/custom_interfaces/include/custom_interfaces/custom_interfaces
[1.765s] -- Up-to-date: /home/DATA/DogRobot/ros2_ws/install/custom_interfaces/include/custom_interfaces/custom_interfaces/srv
[1.765s] -- Up-to-date: /home/DATA/DogRobot/ros2_ws/install/custom_interfaces/include/custom_interfaces/custom_interfaces/srv/detail
[1.765s] -- Up-to-date: /home/DATA/DogRobot/ros2_ws/install/custom_interfaces/include/custom_interfaces/custom_interfaces/srv/detail/add_two_ints__type_support.cpp
[1.765s] -- Up-to-date: /home/DATA/DogRobot/ros2_ws/install/custom_interfaces/include/custom_interfaces/custom_interfaces/srv/detail/add_two_ints__rosidl_typesupport_introspection_cpp.hpp
[1.765s] -- Up-to-date: /home/DATA/DogRobot/ros2_ws/install/custom_interfaces/lib/libcustom_interfaces__rosidl_typesupport_introspection_cpp.so
[1.765s] -- Up-to-date: /home/DATA/DogRobot/ros2_ws/install/custom_interfaces/lib/libcustom_interfaces__rosidl_typesupport_cpp.so
[1.765s] -- Up-to-date: /home/DATA/DogRobot/ros2_ws/install/custom_interfaces/share/custom_interfaces/environment/pythonpath.sh
[1.766s] -- Up-to-date: /home/DATA/DogRobot/ros2_ws/install/custom_interfaces/share/custom_interfaces/environment/pythonpath.dsv
[1.766s] -- Up-to-date: /home/DATA/DogRobot/ros2_ws/install/custom_interfaces/lib/python3.12/site-packages/custom_interfaces-0.0.0-py3.12.egg-info
[1.766s] -- Installing: /home/DATA/DogRobot/ros2_ws/install/custom_interfaces/lib/python3.12/site-packages/custom_interfaces-0.0.0-py3.12.egg-info/dependency_links.txt
[1.766s] -- Installing: /home/DATA/DogRobot/ros2_ws/install/custom_interfaces/lib/python3.12/site-packages/custom_interfaces-0.0.0-py3.12.egg-info/SOURCES.txt
[1.766s] -- Installing: /home/DATA/DogRobot/ros2_ws/install/custom_interfaces/lib/python3.12/site-packages/custom_interfaces-0.0.0-py3.12.egg-info/PKG-INFO
[1.766s] -- Installing: /home/DATA/DogRobot/ros2_ws/install/custom_interfaces/lib/python3.12/site-packages/custom_interfaces-0.0.0-py3.12.egg-info/top_level.txt
[1.766s] -- Up-to-date: /home/DATA/DogRobot/ros2_ws/install/custom_interfaces/lib/python3.12/site-packages/custom_interfaces
[1.766s] -- Up-to-date: /home/DATA/DogRobot/ros2_ws/install/custom_interfaces/lib/python3.12/site-packages/custom_interfaces/custom_interfaces_s__rosidl_typesupport_fastrtps_c.so
[1.766s] -- Up-to-date: /home/DATA/DogRobot/ros2_ws/install/custom_interfaces/lib/python3.12/site-packages/custom_interfaces/srv
[1.767s] -- Up-to-date: /home/DATA/DogRobot/ros2_ws/install/custom_interfaces/lib/python3.12/site-packages/custom_interfaces/srv/__init__.py
[1.767s] -- Up-to-date: /home/DATA/DogRobot/ros2_ws/install/custom_interfaces/lib/python3.12/site-packages/custom_interfaces/srv/_add_two_ints.py
[1.767s] -- Up-to-date: /home/DATA/DogRobot/ros2_ws/install/custom_interfaces/lib/python3.12/site-packages/custom_interfaces/srv/_add_two_ints_s.c
[1.767s] -- Up-to-date: /home/DATA/DogRobot/ros2_ws/install/custom_interfaces/lib/python3.12/site-packages/custom_interfaces/_custom_interfaces_s.ep.rosidl_typesupport_c.c
[1.767s] -- Installing: /home/DATA/DogRobot/ros2_ws/install/custom_interfaces/lib/python3.12/site-packages/custom_interfaces/__init__.py
[1.767s] -- Up-to-date: /home/DATA/DogRobot/ros2_ws/install/custom_interfaces/lib/python3.12/site-packages/custom_interfaces/custom_interfaces_s__rosidl_typesupport_c.so
[1.767s] -- Up-to-date: /home/DATA/DogRobot/ros2_ws/install/custom_interfaces/lib/python3.12/site-packages/custom_interfaces/_custom_interfaces_s.ep.rosidl_typesupport_fastrtps_c.c
[1.767s] -- Up-to-date: /home/DATA/DogRobot/ros2_ws/install/custom_interfaces/lib/python3.12/site-packages/custom_interfaces/_custom_interfaces_s.ep.rosidl_typesupport_introspection_c.c
[1.767s] -- Up-to-date: /home/DATA/DogRobot/ros2_ws/install/custom_interfaces/lib/python3.12/site-packages/custom_interfaces/custom_interfaces_s__rosidl_typesupport_introspection_c.so
[1.805s] Listing '/home/DATA/DogRobot/ros2_ws/install/custom_interfaces/lib/python3.12/site-packages/custom_interfaces'...
[1.805s] Compiling '/home/DATA/DogRobot/ros2_ws/install/custom_interfaces/lib/python3.12/site-packages/custom_interfaces/__init__.py'...
[1.806s] Listing '/home/DATA/DogRobot/ros2_ws/install/custom_interfaces/lib/python3.12/site-packages/custom_interfaces/srv'...
[1.813s] -- Up-to-date: /home/DATA/DogRobot/ros2_ws/install/custom_interfaces/lib/python3.12/site-packages/custom_interfaces/custom_interfaces_s__rosidl_typesupport_fastrtps_c.so
[1.814s] -- Up-to-date: /home/DATA/DogRobot/ros2_ws/install/custom_interfaces/lib/python3.12/site-packages/custom_interfaces/custom_interfaces_s__rosidl_typesupport_introspection_c.so
[1.814s] -- Up-to-date: /home/DATA/DogRobot/ros2_ws/install/custom_interfaces/lib/python3.12/site-packages/custom_interfaces/custom_interfaces_s__rosidl_typesupport_c.so
[1.815s] -- Up-to-date: /home/DATA/DogRobot/ros2_ws/install/custom_interfaces/lib/libcustom_interfaces__rosidl_generator_py.so
[1.815s] -- Up-to-date: /home/DATA/DogRobot/ros2_ws/install/custom_interfaces/share/custom_interfaces/srv/AddTwoInts.idl
[1.815s] -- Up-to-date: /home/DATA/DogRobot/ros2_ws/install/custom_interfaces/share/custom_interfaces/srv/AddTwoInts.srv
[1.815s] -- Up-to-date: /home/DATA/DogRobot/ros2_ws/install/custom_interfaces/share/ament_index/resource_index/package_run_dependencies/custom_interfaces
[1.815s] -- Installing: /home/DATA/DogRobot/ros2_ws/install/custom_interfaces/share/ament_index/resource_index/parent_prefix_path/custom_interfaces
[1.815s] -- Up-to-date: /home/DATA/DogRobot/ros2_ws/install/custom_interfaces/share/custom_interfaces/environment/ament_prefix_path.sh
[1.816s] -- Up-to-date: /home/DATA/DogRobot/ros2_ws/install/custom_interfaces/share/custom_interfaces/environment/ament_prefix_path.dsv
[1.816s] -- Up-to-date: /home/DATA/DogRobot/ros2_ws/install/custom_interfaces/share/custom_interfaces/environment/path.sh
[1.816s] -- Up-to-date: /home/DATA/DogRobot/ros2_ws/install/custom_interfaces/share/custom_interfaces/environment/path.dsv
[1.816s] -- Up-to-date: /home/DATA/DogRobot/ros2_ws/install/custom_interfaces/share/custom_interfaces/local_setup.bash
[1.816s] -- Up-to-date: /home/DATA/DogRobot/ros2_ws/install/custom_interfaces/share/custom_interfaces/local_setup.sh
[1.816s] -- Up-to-date: /home/DATA/DogRobot/ros2_ws/install/custom_interfaces/share/custom_interfaces/local_setup.zsh
[1.816s] -- Up-to-date: /home/DATA/DogRobot/ros2_ws/install/custom_interfaces/share/custom_interfaces/local_setup.dsv
[1.816s] -- Installing: /home/DATA/DogRobot/ros2_ws/install/custom_interfaces/share/custom_interfaces/package.dsv
[1.817s] -- Up-to-date: /home/DATA/DogRobot/ros2_ws/install/custom_interfaces/share/ament_index/resource_index/packages/custom_interfaces
[1.817s] -- Up-to-date: /home/DATA/DogRobot/ros2_ws/install/custom_interfaces/share/custom_interfaces/cmake/export_custom_interfaces__rosidl_generator_cExport.cmake
[1.817s] -- Up-to-date: /home/DATA/DogRobot/ros2_ws/install/custom_interfaces/share/custom_interfaces/cmake/export_custom_interfaces__rosidl_generator_cExport-noconfig.cmake
[1.817s] -- Up-to-date: /home/DATA/DogRobot/ros2_ws/install/custom_interfaces/share/custom_interfaces/cmake/export_custom_interfaces__rosidl_typesupport_fastrtps_cExport.cmake
[1.817s] -- Up-to-date: /home/DATA/DogRobot/ros2_ws/install/custom_interfaces/share/custom_interfaces/cmake/export_custom_interfaces__rosidl_typesupport_fastrtps_cExport-noconfig.cmake
[1.817s] -- Up-to-date: /home/DATA/DogRobot/ros2_ws/install/custom_interfaces/share/custom_interfaces/cmake/custom_interfaces__rosidl_typesupport_introspection_cExport.cmake
[1.817s] -- Up-to-date: /home/DATA/DogRobot/ros2_ws/install/custom_interfaces/share/custom_interfaces/cmake/custom_interfaces__rosidl_typesupport_introspection_cExport-noconfig.cmake
[1.818s] -- Up-to-date: /home/DATA/DogRobot/ros2_ws/install/custom_interfaces/share/custom_interfaces/cmake/custom_interfaces__rosidl_typesupport_cExport.cmake
[1.818s] -- Up-to-date: /home/DATA/DogRobot/ros2_ws/install/custom_interfaces/share/custom_interfaces/cmake/custom_interfaces__rosidl_typesupport_cExport-noconfig.cmake
[1.818s] -- Up-to-date: /home/DATA/DogRobot/ros2_ws/install/custom_interfaces/share/custom_interfaces/cmake/export_custom_interfaces__rosidl_generator_cppExport.cmake
[1.818s] -- Up-to-date: /home/DATA/DogRobot/ros2_ws/install/custom_interfaces/share/custom_interfaces/cmake/export_custom_interfaces__rosidl_typesupport_fastrtps_cppExport.cmake
[1.818s] -- Up-to-date: /home/DATA/DogRobot/ros2_ws/install/custom_interfaces/share/custom_interfaces/cmake/export_custom_interfaces__rosidl_typesupport_fastrtps_cppExport-noconfig.cmake
[1.818s] -- Up-to-date: /home/DATA/DogRobot/ros2_ws/install/custom_interfaces/share/custom_interfaces/cmake/custom_interfaces__rosidl_typesupport_introspection_cppExport.cmake
[1.818s] -- Up-to-date: /home/DATA/DogRobot/ros2_ws/install/custom_interfaces/share/custom_interfaces/cmake/custom_interfaces__rosidl_typesupport_introspection_cppExport-noconfig.cmake
[1.819s] -- Up-to-date: /home/DATA/DogRobot/ros2_ws/install/custom_interfaces/share/custom_interfaces/cmake/custom_interfaces__rosidl_typesupport_cppExport.cmake
[1.819s] -- Up-to-date: /home/DATA/DogRobot/ros2_ws/install/custom_interfaces/share/custom_interfaces/cmake/custom_interfaces__rosidl_typesupport_cppExport-noconfig.cmake
[1.819s] -- Up-to-date: /home/DATA/DogRobot/ros2_ws/install/custom_interfaces/share/custom_interfaces/cmake/export_custom_interfaces__rosidl_generator_pyExport.cmake
[1.819s] -- Up-to-date: /home/DATA/DogRobot/ros2_ws/install/custom_interfaces/share/custom_interfaces/cmake/export_custom_interfaces__rosidl_generator_pyExport-noconfig.cmake
[1.819s] -- Up-to-date: /home/DATA/DogRobot/ros2_ws/install/custom_interfaces/share/custom_interfaces/cmake/rosidl_cmake-extras.cmake
[1.819s] -- Up-to-date: /home/DATA/DogRobot/ros2_ws/install/custom_interfaces/share/custom_interfaces/cmake/ament_cmake_export_dependencies-extras.cmake
[1.819s] -- Up-to-date: /home/DATA/DogRobot/ros2_ws/install/custom_interfaces/share/custom_interfaces/cmake/ament_cmake_export_include_directories-extras.cmake
[1.819s] -- Up-to-date: /home/DATA/DogRobot/ros2_ws/install/custom_interfaces/share/custom_interfaces/cmake/ament_cmake_export_libraries-extras.cmake
[1.820s] -- Up-to-date: /home/DATA/DogRobot/ros2_ws/install/custom_interfaces/share/custom_interfaces/cmake/ament_cmake_export_targets-extras.cmake
[1.820s] -- Up-to-date: /home/DATA/DogRobot/ros2_ws/install/custom_interfaces/share/custom_interfaces/cmake/rosidl_cmake_export_typesupport_targets-extras.cmake
[1.820s] -- Up-to-date: /home/DATA/DogRobot/ros2_ws/install/custom_interfaces/share/custom_interfaces/cmake/rosidl_cmake_export_typesupport_libraries-extras.cmake
[1.820s] -- Up-to-date: /home/DATA/DogRobot/ros2_ws/install/custom_interfaces/share/custom_interfaces/cmake/custom_interfacesConfig.cmake
[1.820s] -- Up-to-date: /home/DATA/DogRobot/ros2_ws/install/custom_interfaces/share/custom_interfaces/cmake/custom_interfacesConfig-version.cmake
[1.820s] -- Up-to-date: /home/DATA/DogRobot/ros2_ws/install/custom_interfaces/share/custom_interfaces/package.xml
[1.821s] Invoked command in '/home/DATA/DogRobot/ros2_ws/build/custom_interfaces' returned '0': CMAKE_PREFIX_PATH=${CMAKE_PREFIX_PATH}:/home/DATA/DogRobot/ros2_ws/install/my_launch_package:/home/DATA/DogRobot/ros2_ws/install/gamepad_node:/home/DATA/DogRobot/ros2_ws/install/controller:/home/DATA/DogRobot/ros2_ws/install/add_integers:/home/DATA/DogRobot/ros2_ws/install/can_node:/opt/ros/jazzy DEBUGINFOD_URLS=https://debuginfod.ubuntu.com /usr/bin/cmake --install /home/DATA/DogRobot/ros2_ws/build/custom_interfaces
