[0.017s] Invoking command in '/home/DATA/DogRobot/ros2_ws/build/custom_interfaces': CMAKE_PREFIX_PATH=${CMAKE_PREFIX_PATH}:/opt/ros/jazzy DEBUGINFOD_URLS=https://debuginfod.ubuntu.com /usr/bin/cmake --build /home/DATA/DogRobot/ros2_ws/build/custom_interfaces -- -j8 -l8
[0.419s] [  1%] Built target custom_interfaces__rosidl_generator_type_description
[0.420s] [  1%] Built target ament_cmake_python_copy_custom_interfaces
[0.421s] [  3%] Built target custom_interfaces__cpp
[0.421s] [ 24%] Built target custom_interfaces__rosidl_generator_c
[0.421s] [ 33%] Built target custom_interfaces__rosidl_typesupport_cpp
[0.421s] [ 51%] Built target custom_interfaces__rosidl_typesupport_introspection_cpp
[0.421s] [ 50%] Built target custom_interfaces__rosidl_typesupport_introspection_c
[0.421s] [ 61%] Built target custom_interfaces__rosidl_typesupport_fastrtps_cpp
[0.422s] [ 70%] Built target custom_interfaces__rosidl_typesupport_c
[0.422s] [ 79%] Built target custom_interfaces__rosidl_typesupport_fastrtps_c
[0.422s] [ 79%] Built target custom_interfaces
[0.423s] [ 81%] Built target custom_interfaces__py
[0.424s] [ 88%] Built target custom_interfaces__rosidl_generator_py
[0.424s] [ 92%] Built target custom_interfaces_s__rosidl_typesupport_introspection_c
[0.424s] [ 96%] Built target custom_interfaces_s__rosidl_typesupport_fastrtps_c
[0.424s] [100%] Built target custom_interfaces_s__rosidl_typesupport_c
[0.540s] running egg_info
[0.598s] writing custom_interfaces.egg-info/PKG-INFO
[0.599s] writing dependency_links to custom_interfaces.egg-info/dependency_links.txt
[0.604s] writing top-level names to custom_interfaces.egg-info/top_level.txt
[0.780s] reading manifest file 'custom_interfaces.egg-info/SOURCES.txt'
[0.781s] writing manifest file 'custom_interfaces.egg-info/SOURCES.txt'
[0.856s] [100%] Built target ament_cmake_python_build_custom_interfaces_egg
[0.878s] Invoked command in '/home/DATA/DogRobot/ros2_ws/build/custom_interfaces' returned '0': CMAKE_PREFIX_PATH=${CMAKE_PREFIX_PATH}:/opt/ros/jazzy DEBUGINFOD_URLS=https://debuginfod.ubuntu.com /usr/bin/cmake --build /home/DATA/DogRobot/ros2_ws/build/custom_interfaces -- -j8 -l8
[1.050s] Invoking command in '/home/DATA/DogRobot/ros2_ws/build/custom_interfaces': CMAKE_PREFIX_PATH=${CMAKE_PREFIX_PATH}:/opt/ros/jazzy DEBUGINFOD_URLS=https://debuginfod.ubuntu.com /usr/bin/cmake --install /home/DATA/DogRobot/ros2_ws/build/custom_interfaces
[1.064s] -- Install configuration: ""
[1.064s] -- Installing: /home/DATA/DogRobot/ros2_ws/install/custom_interfaces/share/ament_index/resource_index/rosidl_interfaces/custom_interfaces
[1.064s] -- Installing: /home/DATA/DogRobot/ros2_ws/install/custom_interfaces/share/custom_interfaces/srv/GamepadSrv.json
[1.064s] -- Installing: /home/DATA/DogRobot/ros2_ws/install/custom_interfaces/share/custom_interfaces/msg/PublishMessage.json
[1.065s] -- Installing: /home/DATA/DogRobot/ros2_ws/install/custom_interfaces/share/custom_interfaces/srv/IMU.json
[1.065s] -- Up-to-date: /home/DATA/DogRobot/ros2_ws/install/custom_interfaces/include/custom_interfaces/custom_interfaces
[1.065s] -- Up-to-date: /home/DATA/DogRobot/ros2_ws/install/custom_interfaces/include/custom_interfaces/custom_interfaces/srv
[1.065s] -- Installing: /home/DATA/DogRobot/ros2_ws/install/custom_interfaces/include/custom_interfaces/custom_interfaces/srv/imu.h
[1.065s] -- Up-to-date: /home/DATA/DogRobot/ros2_ws/install/custom_interfaces/include/custom_interfaces/custom_interfaces/srv/add_two_ints.h
[1.065s] -- Installing: /home/DATA/DogRobot/ros2_ws/install/custom_interfaces/include/custom_interfaces/custom_interfaces/srv/gamepad_srv.h
[1.065s] -- Up-to-date: /home/DATA/DogRobot/ros2_ws/install/custom_interfaces/include/custom_interfaces/custom_interfaces/srv/detail
[1.066s] -- Up-to-date: /home/DATA/DogRobot/ros2_ws/install/custom_interfaces/include/custom_interfaces/custom_interfaces/srv/detail/add_two_ints__type_support.c
[1.066s] -- Installing: /home/DATA/DogRobot/ros2_ws/install/custom_interfaces/include/custom_interfaces/custom_interfaces/srv/detail/gamepad_srv__type_support.c
[1.066s] -- Up-to-date: /home/DATA/DogRobot/ros2_ws/install/custom_interfaces/include/custom_interfaces/custom_interfaces/srv/detail/add_two_ints__functions.h
[1.066s] -- Up-to-date: /home/DATA/DogRobot/ros2_ws/install/custom_interfaces/include/custom_interfaces/custom_interfaces/srv/detail/add_two_ints__struct.h
[1.066s] -- Installing: /home/DATA/DogRobot/ros2_ws/install/custom_interfaces/include/custom_interfaces/custom_interfaces/srv/detail/imu__functions.h
[1.067s] -- Installing: /home/DATA/DogRobot/ros2_ws/install/custom_interfaces/include/custom_interfaces/custom_interfaces/srv/detail/gamepad_srv__description.c
[1.067s] -- Installing: /home/DATA/DogRobot/ros2_ws/install/custom_interfaces/include/custom_interfaces/custom_interfaces/srv/detail/gamepad_srv__type_support.h
[1.067s] -- Installing: /home/DATA/DogRobot/ros2_ws/install/custom_interfaces/include/custom_interfaces/custom_interfaces/srv/detail/gamepad_srv__struct.h
[1.067s] -- Installing: /home/DATA/DogRobot/ros2_ws/install/custom_interfaces/include/custom_interfaces/custom_interfaces/srv/detail/imu__functions.c
[1.067s] -- Up-to-date: /home/DATA/DogRobot/ros2_ws/install/custom_interfaces/include/custom_interfaces/custom_interfaces/srv/detail/add_two_ints__functions.c
[1.067s] -- Installing: /home/DATA/DogRobot/ros2_ws/install/custom_interfaces/include/custom_interfaces/custom_interfaces/srv/detail/gamepad_srv__functions.c
[1.068s] -- Up-to-date: /home/DATA/DogRobot/ros2_ws/install/custom_interfaces/include/custom_interfaces/custom_interfaces/srv/detail/add_two_ints__type_support.h
[1.068s] -- Installing: /home/DATA/DogRobot/ros2_ws/install/custom_interfaces/include/custom_interfaces/custom_interfaces/srv/detail/imu__description.c
[1.068s] -- Installing: /home/DATA/DogRobot/ros2_ws/install/custom_interfaces/include/custom_interfaces/custom_interfaces/srv/detail/imu__type_support.c
[1.068s] -- Installing: /home/DATA/DogRobot/ros2_ws/install/custom_interfaces/include/custom_interfaces/custom_interfaces/srv/detail/gamepad_srv__functions.h
[1.068s] -- Installing: /home/DATA/DogRobot/ros2_ws/install/custom_interfaces/include/custom_interfaces/custom_interfaces/srv/detail/imu__type_support.h
[1.068s] -- Up-to-date: /home/DATA/DogRobot/ros2_ws/install/custom_interfaces/include/custom_interfaces/custom_interfaces/srv/detail/add_two_ints__description.c
[1.068s] -- Installing: /home/DATA/DogRobot/ros2_ws/install/custom_interfaces/include/custom_interfaces/custom_interfaces/srv/detail/imu__struct.h
[1.068s] -- Up-to-date: /home/DATA/DogRobot/ros2_ws/install/custom_interfaces/include/custom_interfaces/custom_interfaces/msg
[1.069s] -- Up-to-date: /home/DATA/DogRobot/ros2_ws/install/custom_interfaces/include/custom_interfaces/custom_interfaces/msg/rosidl_generator_c__visibility_control.h
[1.069s] -- Up-to-date: /home/DATA/DogRobot/ros2_ws/install/custom_interfaces/include/custom_interfaces/custom_interfaces/msg/ca_nmessage.h
[1.069s] -- Installing: /home/DATA/DogRobot/ros2_ws/install/custom_interfaces/include/custom_interfaces/custom_interfaces/msg/publish_message.h
[1.069s] -- Up-to-date: /home/DATA/DogRobot/ros2_ws/install/custom_interfaces/include/custom_interfaces/custom_interfaces/msg/detail
[1.069s] -- Installing: /home/DATA/DogRobot/ros2_ws/install/custom_interfaces/include/custom_interfaces/custom_interfaces/msg/detail/publish_message__functions.h
[1.069s] -- Installing: /home/DATA/DogRobot/ros2_ws/install/custom_interfaces/include/custom_interfaces/custom_interfaces/msg/detail/publish_message__type_support.c
[1.069s] -- Up-to-date: /home/DATA/DogRobot/ros2_ws/install/custom_interfaces/include/custom_interfaces/custom_interfaces/msg/detail/ca_nmessage__functions.h
[1.070s] -- Up-to-date: /home/DATA/DogRobot/ros2_ws/install/custom_interfaces/include/custom_interfaces/custom_interfaces/msg/detail/ca_nmessage__struct.h
[1.070s] -- Up-to-date: /home/DATA/DogRobot/ros2_ws/install/custom_interfaces/include/custom_interfaces/custom_interfaces/msg/detail/ca_nmessage__type_support.c
[1.070s] -- Installing: /home/DATA/DogRobot/ros2_ws/install/custom_interfaces/include/custom_interfaces/custom_interfaces/msg/detail/publish_message__struct.h
[1.070s] -- Installing: /home/DATA/DogRobot/ros2_ws/install/custom_interfaces/include/custom_interfaces/custom_interfaces/msg/detail/publish_message__functions.c
[1.070s] -- Installing: /home/DATA/DogRobot/ros2_ws/install/custom_interfaces/include/custom_interfaces/custom_interfaces/msg/detail/publish_message__description.c
[1.071s] -- Installing: /home/DATA/DogRobot/ros2_ws/install/custom_interfaces/include/custom_interfaces/custom_interfaces/msg/detail/publish_message__type_support.h
[1.071s] -- Up-to-date: /home/DATA/DogRobot/ros2_ws/install/custom_interfaces/include/custom_interfaces/custom_interfaces/msg/detail/ca_nmessage__type_support.h
[1.071s] -- Up-to-date: /home/DATA/DogRobot/ros2_ws/install/custom_interfaces/include/custom_interfaces/custom_interfaces/msg/detail/ca_nmessage__description.c
[1.071s] -- Up-to-date: /home/DATA/DogRobot/ros2_ws/install/custom_interfaces/include/custom_interfaces/custom_interfaces/msg/detail/ca_nmessage__functions.c
[1.071s] -- Up-to-date: /home/DATA/DogRobot/ros2_ws/install/custom_interfaces/share/custom_interfaces/environment/library_path.sh
[1.071s] -- Up-to-date: /home/DATA/DogRobot/ros2_ws/install/custom_interfaces/share/custom_interfaces/environment/library_path.dsv
[1.071s] -- Installing: /home/DATA/DogRobot/ros2_ws/install/custom_interfaces/lib/libcustom_interfaces__rosidl_generator_c.so
[1.072s] -- Set non-toolchain portion of runtime path of "/home/DATA/DogRobot/ros2_ws/install/custom_interfaces/lib/libcustom_interfaces__rosidl_generator_c.so" to ""
[1.072s] -- Up-to-date: /home/DATA/DogRobot/ros2_ws/install/custom_interfaces/include/custom_interfaces/custom_interfaces
[1.072s] -- Up-to-date: /home/DATA/DogRobot/ros2_ws/install/custom_interfaces/include/custom_interfaces/custom_interfaces/srv
[1.072s] -- Up-to-date: /home/DATA/DogRobot/ros2_ws/install/custom_interfaces/include/custom_interfaces/custom_interfaces/srv/detail
[1.072s] -- Installing: /home/DATA/DogRobot/ros2_ws/install/custom_interfaces/include/custom_interfaces/custom_interfaces/srv/detail/imu__rosidl_typesupport_fastrtps_c.h
[1.073s] -- Installing: /home/DATA/DogRobot/ros2_ws/install/custom_interfaces/include/custom_interfaces/custom_interfaces/srv/detail/gamepad_srv__rosidl_typesupport_fastrtps_c.h
[1.073s] -- Up-to-date: /home/DATA/DogRobot/ros2_ws/install/custom_interfaces/include/custom_interfaces/custom_interfaces/srv/detail/add_two_ints__rosidl_typesupport_fastrtps_c.h
[1.073s] -- Up-to-date: /home/DATA/DogRobot/ros2_ws/install/custom_interfaces/include/custom_interfaces/custom_interfaces/msg
[1.073s] -- Up-to-date: /home/DATA/DogRobot/ros2_ws/install/custom_interfaces/include/custom_interfaces/custom_interfaces/msg/rosidl_typesupport_fastrtps_c__visibility_control.h
[1.073s] -- Up-to-date: /home/DATA/DogRobot/ros2_ws/install/custom_interfaces/include/custom_interfaces/custom_interfaces/msg/detail
[1.074s] -- Up-to-date: /home/DATA/DogRobot/ros2_ws/install/custom_interfaces/include/custom_interfaces/custom_interfaces/msg/detail/ca_nmessage__rosidl_typesupport_fastrtps_c.h
[1.074s] -- Installing: /home/DATA/DogRobot/ros2_ws/install/custom_interfaces/include/custom_interfaces/custom_interfaces/msg/detail/publish_message__rosidl_typesupport_fastrtps_c.h
[1.074s] -- Installing: /home/DATA/DogRobot/ros2_ws/install/custom_interfaces/lib/libcustom_interfaces__rosidl_typesupport_fastrtps_c.so
[1.074s] -- Set non-toolchain portion of runtime path of "/home/DATA/DogRobot/ros2_ws/install/custom_interfaces/lib/libcustom_interfaces__rosidl_typesupport_fastrtps_c.so" to ""
[1.074s] -- Up-to-date: /home/DATA/DogRobot/ros2_ws/install/custom_interfaces/include/custom_interfaces/custom_interfaces
[1.074s] -- Up-to-date: /home/DATA/DogRobot/ros2_ws/install/custom_interfaces/include/custom_interfaces/custom_interfaces/srv
[1.074s] -- Up-to-date: /home/DATA/DogRobot/ros2_ws/install/custom_interfaces/include/custom_interfaces/custom_interfaces/srv/detail
[1.075s] -- Up-to-date: /home/DATA/DogRobot/ros2_ws/install/custom_interfaces/include/custom_interfaces/custom_interfaces/srv/detail/add_two_ints__type_support.c
[1.075s] -- Installing: /home/DATA/DogRobot/ros2_ws/install/custom_interfaces/include/custom_interfaces/custom_interfaces/srv/detail/gamepad_srv__type_support.c
[1.075s] -- Installing: /home/DATA/DogRobot/ros2_ws/install/custom_interfaces/include/custom_interfaces/custom_interfaces/srv/detail/gamepad_srv__rosidl_typesupport_introspection_c.h
[1.075s] -- Up-to-date: /home/DATA/DogRobot/ros2_ws/install/custom_interfaces/include/custom_interfaces/custom_interfaces/srv/detail/add_two_ints__rosidl_typesupport_introspection_c.h
[1.075s] -- Installing: /home/DATA/DogRobot/ros2_ws/install/custom_interfaces/include/custom_interfaces/custom_interfaces/srv/detail/imu__rosidl_typesupport_introspection_c.h
[1.075s] -- Installing: /home/DATA/DogRobot/ros2_ws/install/custom_interfaces/include/custom_interfaces/custom_interfaces/srv/detail/imu__type_support.c
[1.075s] -- Up-to-date: /home/DATA/DogRobot/ros2_ws/install/custom_interfaces/include/custom_interfaces/custom_interfaces/msg
[1.076s] -- Up-to-date: /home/DATA/DogRobot/ros2_ws/install/custom_interfaces/include/custom_interfaces/custom_interfaces/msg/rosidl_typesupport_introspection_c__visibility_control.h
[1.076s] -- Up-to-date: /home/DATA/DogRobot/ros2_ws/install/custom_interfaces/include/custom_interfaces/custom_interfaces/msg/detail
[1.076s] -- Installing: /home/DATA/DogRobot/ros2_ws/install/custom_interfaces/include/custom_interfaces/custom_interfaces/msg/detail/publish_message__type_support.c
[1.076s] -- Up-to-date: /home/DATA/DogRobot/ros2_ws/install/custom_interfaces/include/custom_interfaces/custom_interfaces/msg/detail/ca_nmessage__rosidl_typesupport_introspection_c.h
[1.076s] -- Up-to-date: /home/DATA/DogRobot/ros2_ws/install/custom_interfaces/include/custom_interfaces/custom_interfaces/msg/detail/ca_nmessage__type_support.c
[1.076s] -- Installing: /home/DATA/DogRobot/ros2_ws/install/custom_interfaces/include/custom_interfaces/custom_interfaces/msg/detail/publish_message__rosidl_typesupport_introspection_c.h
[1.076s] -- Installing: /home/DATA/DogRobot/ros2_ws/install/custom_interfaces/lib/libcustom_interfaces__rosidl_typesupport_introspection_c.so
[1.077s] -- Set non-toolchain portion of runtime path of "/home/DATA/DogRobot/ros2_ws/install/custom_interfaces/lib/libcustom_interfaces__rosidl_typesupport_introspection_c.so" to ""
[1.077s] -- Installing: /home/DATA/DogRobot/ros2_ws/install/custom_interfaces/lib/libcustom_interfaces__rosidl_typesupport_c.so
[1.077s] -- Set non-toolchain portion of runtime path of "/home/DATA/DogRobot/ros2_ws/install/custom_interfaces/lib/libcustom_interfaces__rosidl_typesupport_c.so" to ""
[1.077s] -- Up-to-date: /home/DATA/DogRobot/ros2_ws/install/custom_interfaces/include/custom_interfaces/custom_interfaces
[1.077s] -- Up-to-date: /home/DATA/DogRobot/ros2_ws/install/custom_interfaces/include/custom_interfaces/custom_interfaces/srv
[1.077s] -- Installing: /home/DATA/DogRobot/ros2_ws/install/custom_interfaces/include/custom_interfaces/custom_interfaces/srv/imu.hpp
[1.078s] -- Up-to-date: /home/DATA/DogRobot/ros2_ws/install/custom_interfaces/include/custom_interfaces/custom_interfaces/srv/detail
[1.078s] -- Installing: /home/DATA/DogRobot/ros2_ws/install/custom_interfaces/include/custom_interfaces/custom_interfaces/srv/detail/gamepad_srv__struct.hpp
[1.078s] -- Installing: /home/DATA/DogRobot/ros2_ws/install/custom_interfaces/include/custom_interfaces/custom_interfaces/srv/detail/imu__type_support.hpp
[1.078s] -- Installing: /home/DATA/DogRobot/ros2_ws/install/custom_interfaces/include/custom_interfaces/custom_interfaces/srv/detail/imu__traits.hpp
[1.078s] -- Installing: /home/DATA/DogRobot/ros2_ws/install/custom_interfaces/include/custom_interfaces/custom_interfaces/srv/detail/gamepad_srv__builder.hpp
[1.078s] -- Up-to-date: /home/DATA/DogRobot/ros2_ws/install/custom_interfaces/include/custom_interfaces/custom_interfaces/srv/detail/add_two_ints__type_support.hpp
[1.078s] -- Up-to-date: /home/DATA/DogRobot/ros2_ws/install/custom_interfaces/include/custom_interfaces/custom_interfaces/srv/detail/add_two_ints__struct.hpp
[1.078s] -- Installing: /home/DATA/DogRobot/ros2_ws/install/custom_interfaces/include/custom_interfaces/custom_interfaces/srv/detail/imu__builder.hpp
[1.079s] -- Installing: /home/DATA/DogRobot/ros2_ws/install/custom_interfaces/include/custom_interfaces/custom_interfaces/srv/detail/imu__struct.hpp
[1.079s] -- Up-to-date: /home/DATA/DogRobot/ros2_ws/install/custom_interfaces/include/custom_interfaces/custom_interfaces/srv/detail/add_two_ints__traits.hpp
[1.079s] -- Installing: /home/DATA/DogRobot/ros2_ws/install/custom_interfaces/include/custom_interfaces/custom_interfaces/srv/detail/gamepad_srv__traits.hpp
[1.079s] -- Installing: /home/DATA/DogRobot/ros2_ws/install/custom_interfaces/include/custom_interfaces/custom_interfaces/srv/detail/gamepad_srv__type_support.hpp
[1.079s] -- Up-to-date: /home/DATA/DogRobot/ros2_ws/install/custom_interfaces/include/custom_interfaces/custom_interfaces/srv/detail/add_two_ints__builder.hpp
[1.079s] -- Installing: /home/DATA/DogRobot/ros2_ws/install/custom_interfaces/include/custom_interfaces/custom_interfaces/srv/gamepad_srv.hpp
[1.080s] -- Up-to-date: /home/DATA/DogRobot/ros2_ws/install/custom_interfaces/include/custom_interfaces/custom_interfaces/srv/add_two_ints.hpp
[1.080s] -- Up-to-date: /home/DATA/DogRobot/ros2_ws/install/custom_interfaces/include/custom_interfaces/custom_interfaces/msg
[1.080s] -- Installing: /home/DATA/DogRobot/ros2_ws/install/custom_interfaces/include/custom_interfaces/custom_interfaces/msg/rosidl_generator_cpp__visibility_control.hpp
[1.080s] -- Up-to-date: /home/DATA/DogRobot/ros2_ws/install/custom_interfaces/include/custom_interfaces/custom_interfaces/msg/ca_nmessage.hpp
[1.080s] -- Up-to-date: /home/DATA/DogRobot/ros2_ws/install/custom_interfaces/include/custom_interfaces/custom_interfaces/msg/detail
[1.081s] -- Installing: /home/DATA/DogRobot/ros2_ws/install/custom_interfaces/include/custom_interfaces/custom_interfaces/msg/detail/publish_message__builder.hpp
[1.081s] -- Installing: /home/DATA/DogRobot/ros2_ws/install/custom_interfaces/include/custom_interfaces/custom_interfaces/msg/detail/publish_message__traits.hpp
[1.081s] -- Up-to-date: /home/DATA/DogRobot/ros2_ws/install/custom_interfaces/include/custom_interfaces/custom_interfaces/msg/detail/ca_nmessage__builder.hpp
[1.081s] -- Installing: /home/DATA/DogRobot/ros2_ws/install/custom_interfaces/include/custom_interfaces/custom_interfaces/msg/detail/publish_message__struct.hpp
[1.081s] -- Installing: /home/DATA/DogRobot/ros2_ws/install/custom_interfaces/include/custom_interfaces/custom_interfaces/msg/detail/publish_message__type_support.hpp
[1.081s] -- Up-to-date: /home/DATA/DogRobot/ros2_ws/install/custom_interfaces/include/custom_interfaces/custom_interfaces/msg/detail/ca_nmessage__traits.hpp
[1.082s] -- Up-to-date: /home/DATA/DogRobot/ros2_ws/install/custom_interfaces/include/custom_interfaces/custom_interfaces/msg/detail/ca_nmessage__type_support.hpp
[1.082s] -- Up-to-date: /home/DATA/DogRobot/ros2_ws/install/custom_interfaces/include/custom_interfaces/custom_interfaces/msg/detail/ca_nmessage__struct.hpp
[1.082s] -- Installing: /home/DATA/DogRobot/ros2_ws/install/custom_interfaces/include/custom_interfaces/custom_interfaces/msg/publish_message.hpp
[1.082s] -- Up-to-date: /home/DATA/DogRobot/ros2_ws/install/custom_interfaces/include/custom_interfaces/custom_interfaces
[1.082s] -- Up-to-date: /home/DATA/DogRobot/ros2_ws/install/custom_interfaces/include/custom_interfaces/custom_interfaces/srv
[1.082s] -- Up-to-date: /home/DATA/DogRobot/ros2_ws/install/custom_interfaces/include/custom_interfaces/custom_interfaces/srv/detail
[1.082s] -- Installing: /home/DATA/DogRobot/ros2_ws/install/custom_interfaces/include/custom_interfaces/custom_interfaces/srv/detail/gamepad_srv__rosidl_typesupport_fastrtps_cpp.hpp
[1.083s] -- Installing: /home/DATA/DogRobot/ros2_ws/install/custom_interfaces/include/custom_interfaces/custom_interfaces/srv/detail/imu__rosidl_typesupport_fastrtps_cpp.hpp
[1.083s] -- Up-to-date: /home/DATA/DogRobot/ros2_ws/install/custom_interfaces/include/custom_interfaces/custom_interfaces/srv/detail/add_two_ints__rosidl_typesupport_fastrtps_cpp.hpp
[1.083s] -- Up-to-date: /home/DATA/DogRobot/ros2_ws/install/custom_interfaces/include/custom_interfaces/custom_interfaces/srv/detail/dds_fastrtps
[1.083s] -- Up-to-date: /home/DATA/DogRobot/ros2_ws/install/custom_interfaces/include/custom_interfaces/custom_interfaces/msg
[1.083s] -- Up-to-date: /home/DATA/DogRobot/ros2_ws/install/custom_interfaces/include/custom_interfaces/custom_interfaces/msg/rosidl_typesupport_fastrtps_cpp__visibility_control.h
[1.083s] -- Up-to-date: /home/DATA/DogRobot/ros2_ws/install/custom_interfaces/include/custom_interfaces/custom_interfaces/msg/detail
[1.084s] -- Installing: /home/DATA/DogRobot/ros2_ws/install/custom_interfaces/include/custom_interfaces/custom_interfaces/msg/detail/publish_message__rosidl_typesupport_fastrtps_cpp.hpp
[1.084s] -- Up-to-date: /home/DATA/DogRobot/ros2_ws/install/custom_interfaces/include/custom_interfaces/custom_interfaces/msg/detail/ca_nmessage__rosidl_typesupport_fastrtps_cpp.hpp
[1.084s] -- Up-to-date: /home/DATA/DogRobot/ros2_ws/install/custom_interfaces/include/custom_interfaces/custom_interfaces/msg/detail/dds_fastrtps
[1.084s] -- Installing: /home/DATA/DogRobot/ros2_ws/install/custom_interfaces/lib/libcustom_interfaces__rosidl_typesupport_fastrtps_cpp.so
[1.084s] -- Set non-toolchain portion of runtime path of "/home/DATA/DogRobot/ros2_ws/install/custom_interfaces/lib/libcustom_interfaces__rosidl_typesupport_fastrtps_cpp.so" to ""
[1.084s] -- Up-to-date: /home/DATA/DogRobot/ros2_ws/install/custom_interfaces/include/custom_interfaces/custom_interfaces
[1.084s] -- Up-to-date: /home/DATA/DogRobot/ros2_ws/install/custom_interfaces/include/custom_interfaces/custom_interfaces/srv
[1.085s] -- Up-to-date: /home/DATA/DogRobot/ros2_ws/install/custom_interfaces/include/custom_interfaces/custom_interfaces/srv/detail
[1.085s] -- Up-to-date: /home/DATA/DogRobot/ros2_ws/install/custom_interfaces/include/custom_interfaces/custom_interfaces/srv/detail/add_two_ints__type_support.cpp
[1.085s] -- Up-to-date: /home/DATA/DogRobot/ros2_ws/install/custom_interfaces/include/custom_interfaces/custom_interfaces/srv/detail/add_two_ints__rosidl_typesupport_introspection_cpp.hpp
[1.085s] -- Installing: /home/DATA/DogRobot/ros2_ws/install/custom_interfaces/include/custom_interfaces/custom_interfaces/srv/detail/imu__rosidl_typesupport_introspection_cpp.hpp
[1.085s] -- Installing: /home/DATA/DogRobot/ros2_ws/install/custom_interfaces/include/custom_interfaces/custom_interfaces/srv/detail/gamepad_srv__rosidl_typesupport_introspection_cpp.hpp
[1.086s] -- Installing: /home/DATA/DogRobot/ros2_ws/install/custom_interfaces/include/custom_interfaces/custom_interfaces/srv/detail/imu__type_support.cpp
[1.086s] -- Installing: /home/DATA/DogRobot/ros2_ws/install/custom_interfaces/include/custom_interfaces/custom_interfaces/srv/detail/gamepad_srv__type_support.cpp
[1.086s] -- Up-to-date: /home/DATA/DogRobot/ros2_ws/install/custom_interfaces/include/custom_interfaces/custom_interfaces/msg
[1.086s] -- Up-to-date: /home/DATA/DogRobot/ros2_ws/install/custom_interfaces/include/custom_interfaces/custom_interfaces/msg/detail
[1.086s] -- Up-to-date: /home/DATA/DogRobot/ros2_ws/install/custom_interfaces/include/custom_interfaces/custom_interfaces/msg/detail/ca_nmessage__rosidl_typesupport_introspection_cpp.hpp
[1.086s] -- Up-to-date: /home/DATA/DogRobot/ros2_ws/install/custom_interfaces/include/custom_interfaces/custom_interfaces/msg/detail/ca_nmessage__type_support.cpp
[1.087s] -- Installing: /home/DATA/DogRobot/ros2_ws/install/custom_interfaces/include/custom_interfaces/custom_interfaces/msg/detail/publish_message__rosidl_typesupport_introspection_cpp.hpp
[1.087s] -- Installing: /home/DATA/DogRobot/ros2_ws/install/custom_interfaces/include/custom_interfaces/custom_interfaces/msg/detail/publish_message__type_support.cpp
[1.087s] -- Installing: /home/DATA/DogRobot/ros2_ws/install/custom_interfaces/lib/libcustom_interfaces__rosidl_typesupport_introspection_cpp.so
[1.087s] -- Set non-toolchain portion of runtime path of "/home/DATA/DogRobot/ros2_ws/install/custom_interfaces/lib/libcustom_interfaces__rosidl_typesupport_introspection_cpp.so" to ""
[1.087s] -- Installing: /home/DATA/DogRobot/ros2_ws/install/custom_interfaces/lib/libcustom_interfaces__rosidl_typesupport_cpp.so
[1.087s] -- Set non-toolchain portion of runtime path of "/home/DATA/DogRobot/ros2_ws/install/custom_interfaces/lib/libcustom_interfaces__rosidl_typesupport_cpp.so" to ""
[1.087s] -- Up-to-date: /home/DATA/DogRobot/ros2_ws/install/custom_interfaces/share/custom_interfaces/environment/pythonpath.sh
[1.087s] -- Up-to-date: /home/DATA/DogRobot/ros2_ws/install/custom_interfaces/share/custom_interfaces/environment/pythonpath.dsv
[1.088s] -- Up-to-date: /home/DATA/DogRobot/ros2_ws/install/custom_interfaces/lib/python3.12/site-packages/custom_interfaces-0.0.0-py3.12.egg-info
[1.088s] -- Installing: /home/DATA/DogRobot/ros2_ws/install/custom_interfaces/lib/python3.12/site-packages/custom_interfaces-0.0.0-py3.12.egg-info/dependency_links.txt
[1.088s] -- Installing: /home/DATA/DogRobot/ros2_ws/install/custom_interfaces/lib/python3.12/site-packages/custom_interfaces-0.0.0-py3.12.egg-info/SOURCES.txt
[1.088s] -- Installing: /home/DATA/DogRobot/ros2_ws/install/custom_interfaces/lib/python3.12/site-packages/custom_interfaces-0.0.0-py3.12.egg-info/PKG-INFO
[1.088s] -- Installing: /home/DATA/DogRobot/ros2_ws/install/custom_interfaces/lib/python3.12/site-packages/custom_interfaces-0.0.0-py3.12.egg-info/top_level.txt
[1.088s] -- Up-to-date: /home/DATA/DogRobot/ros2_ws/install/custom_interfaces/lib/python3.12/site-packages/custom_interfaces
[1.089s] -- Installing: /home/DATA/DogRobot/ros2_ws/install/custom_interfaces/lib/python3.12/site-packages/custom_interfaces/custom_interfaces_s__rosidl_typesupport_fastrtps_c.so
[1.089s] -- Up-to-date: /home/DATA/DogRobot/ros2_ws/install/custom_interfaces/lib/python3.12/site-packages/custom_interfaces/srv
[1.089s] -- Installing: /home/DATA/DogRobot/ros2_ws/install/custom_interfaces/lib/python3.12/site-packages/custom_interfaces/srv/_imu.py
[1.092s] -- Installing: /home/DATA/DogRobot/ros2_ws/install/custom_interfaces/lib/python3.12/site-packages/custom_interfaces/srv/_imu_s.c
[1.092s] -- Installing: /home/DATA/DogRobot/ros2_ws/install/custom_interfaces/lib/python3.12/site-packages/custom_interfaces/srv/_gamepad_srv.py
[1.092s] -- Installing: /home/DATA/DogRobot/ros2_ws/install/custom_interfaces/lib/python3.12/site-packages/custom_interfaces/srv/__init__.py
[1.092s] -- Up-to-date: /home/DATA/DogRobot/ros2_ws/install/custom_interfaces/lib/python3.12/site-packages/custom_interfaces/srv/_add_two_ints.py
[1.092s] -- Up-to-date: /home/DATA/DogRobot/ros2_ws/install/custom_interfaces/lib/python3.12/site-packages/custom_interfaces/srv/_add_two_ints_s.c
[1.092s] -- Installing: /home/DATA/DogRobot/ros2_ws/install/custom_interfaces/lib/python3.12/site-packages/custom_interfaces/srv/_gamepad_srv_s.c
[1.093s] -- Up-to-date: /home/DATA/DogRobot/ros2_ws/install/custom_interfaces/lib/python3.12/site-packages/custom_interfaces/msg
[1.093s] -- Up-to-date: /home/DATA/DogRobot/ros2_ws/install/custom_interfaces/lib/python3.12/site-packages/custom_interfaces/msg/_ca_nmessage_s.c
[1.093s] -- Installing: /home/DATA/DogRobot/ros2_ws/install/custom_interfaces/lib/python3.12/site-packages/custom_interfaces/msg/_publish_message_s.c
[1.093s] -- Installing: /home/DATA/DogRobot/ros2_ws/install/custom_interfaces/lib/python3.12/site-packages/custom_interfaces/msg/__init__.py
[1.093s] -- Up-to-date: /home/DATA/DogRobot/ros2_ws/install/custom_interfaces/lib/python3.12/site-packages/custom_interfaces/msg/_ca_nmessage.py
[1.093s] -- Installing: /home/DATA/DogRobot/ros2_ws/install/custom_interfaces/lib/python3.12/site-packages/custom_interfaces/msg/_publish_message.py
[1.093s] -- Installing: /home/DATA/DogRobot/ros2_ws/install/custom_interfaces/lib/python3.12/site-packages/custom_interfaces/_custom_interfaces_s.ep.rosidl_typesupport_c.c
[1.093s] -- Installing: /home/DATA/DogRobot/ros2_ws/install/custom_interfaces/lib/python3.12/site-packages/custom_interfaces/__init__.py
[1.094s] -- Installing: /home/DATA/DogRobot/ros2_ws/install/custom_interfaces/lib/python3.12/site-packages/custom_interfaces/custom_interfaces_s__rosidl_typesupport_c.so
[1.094s] -- Installing: /home/DATA/DogRobot/ros2_ws/install/custom_interfaces/lib/python3.12/site-packages/custom_interfaces/_custom_interfaces_s.ep.rosidl_typesupport_fastrtps_c.c
[1.094s] -- Installing: /home/DATA/DogRobot/ros2_ws/install/custom_interfaces/lib/python3.12/site-packages/custom_interfaces/_custom_interfaces_s.ep.rosidl_typesupport_introspection_c.c
[1.094s] -- Installing: /home/DATA/DogRobot/ros2_ws/install/custom_interfaces/lib/python3.12/site-packages/custom_interfaces/custom_interfaces_s__rosidl_typesupport_introspection_c.so
[1.170s] Listing '/home/DATA/DogRobot/ros2_ws/install/custom_interfaces/lib/python3.12/site-packages/custom_interfaces'...
[1.170s] Compiling '/home/DATA/DogRobot/ros2_ws/install/custom_interfaces/lib/python3.12/site-packages/custom_interfaces/__init__.py'...
[1.170s] Listing '/home/DATA/DogRobot/ros2_ws/install/custom_interfaces/lib/python3.12/site-packages/custom_interfaces/msg'...
[1.171s] Compiling '/home/DATA/DogRobot/ros2_ws/install/custom_interfaces/lib/python3.12/site-packages/custom_interfaces/msg/__init__.py'...
[1.171s] Compiling '/home/DATA/DogRobot/ros2_ws/install/custom_interfaces/lib/python3.12/site-packages/custom_interfaces/msg/_publish_message.py'...
[1.171s] Listing '/home/DATA/DogRobot/ros2_ws/install/custom_interfaces/lib/python3.12/site-packages/custom_interfaces/srv'...
[1.171s] Compiling '/home/DATA/DogRobot/ros2_ws/install/custom_interfaces/lib/python3.12/site-packages/custom_interfaces/srv/__init__.py'...
[1.171s] Compiling '/home/DATA/DogRobot/ros2_ws/install/custom_interfaces/lib/python3.12/site-packages/custom_interfaces/srv/_gamepad_srv.py'...
[1.171s] Compiling '/home/DATA/DogRobot/ros2_ws/install/custom_interfaces/lib/python3.12/site-packages/custom_interfaces/srv/_imu.py'...
[1.191s] -- Installing: /home/DATA/DogRobot/ros2_ws/install/custom_interfaces/lib/python3.12/site-packages/custom_interfaces/custom_interfaces_s__rosidl_typesupport_fastrtps_c.so
[1.192s] -- Set non-toolchain portion of runtime path of "/home/DATA/DogRobot/ros2_ws/install/custom_interfaces/lib/python3.12/site-packages/custom_interfaces/custom_interfaces_s__rosidl_typesupport_fastrtps_c.so" to ""
[1.192s] -- Installing: /home/DATA/DogRobot/ros2_ws/install/custom_interfaces/lib/python3.12/site-packages/custom_interfaces/custom_interfaces_s__rosidl_typesupport_introspection_c.so
[1.193s] -- Set non-toolchain portion of runtime path of "/home/DATA/DogRobot/ros2_ws/install/custom_interfaces/lib/python3.12/site-packages/custom_interfaces/custom_interfaces_s__rosidl_typesupport_introspection_c.so" to ""
[1.194s] -- Installing: /home/DATA/DogRobot/ros2_ws/install/custom_interfaces/lib/python3.12/site-packages/custom_interfaces/custom_interfaces_s__rosidl_typesupport_c.so
[1.195s] -- Set non-toolchain portion of runtime path of "/home/DATA/DogRobot/ros2_ws/install/custom_interfaces/lib/python3.12/site-packages/custom_interfaces/custom_interfaces_s__rosidl_typesupport_c.so" to ""
[1.196s] -- Installing: /home/DATA/DogRobot/ros2_ws/install/custom_interfaces/lib/libcustom_interfaces__rosidl_generator_py.so
[1.197s] -- Set non-toolchain portion of runtime path of "/home/DATA/DogRobot/ros2_ws/install/custom_interfaces/lib/libcustom_interfaces__rosidl_generator_py.so" to ""
[1.197s] -- Up-to-date: /home/DATA/DogRobot/ros2_ws/install/custom_interfaces/share/custom_interfaces/srv/GamepadSrv.idl
[1.198s] -- Up-to-date: /home/DATA/DogRobot/ros2_ws/install/custom_interfaces/share/custom_interfaces/msg/PublishMessage.idl
[1.198s] -- Installing: /home/DATA/DogRobot/ros2_ws/install/custom_interfaces/share/custom_interfaces/srv/IMU.idl
[1.199s] -- Up-to-date: /home/DATA/DogRobot/ros2_ws/install/custom_interfaces/share/custom_interfaces/srv/GamepadSrv.srv
[1.199s] -- Up-to-date: /home/DATA/DogRobot/ros2_ws/install/custom_interfaces/share/custom_interfaces/msg/PublishMessage.msg
[1.199s] -- Installing: /home/DATA/DogRobot/ros2_ws/install/custom_interfaces/share/custom_interfaces/srv/IMU.srv
[1.200s] -- Up-to-date: /home/DATA/DogRobot/ros2_ws/install/custom_interfaces/share/ament_index/resource_index/package_run_dependencies/custom_interfaces
[1.200s] -- Installing: /home/DATA/DogRobot/ros2_ws/install/custom_interfaces/share/ament_index/resource_index/parent_prefix_path/custom_interfaces
[1.201s] -- Up-to-date: /home/DATA/DogRobot/ros2_ws/install/custom_interfaces/share/custom_interfaces/environment/ament_prefix_path.sh
[1.201s] -- Up-to-date: /home/DATA/DogRobot/ros2_ws/install/custom_interfaces/share/custom_interfaces/environment/ament_prefix_path.dsv
[1.202s] -- Up-to-date: /home/DATA/DogRobot/ros2_ws/install/custom_interfaces/share/custom_interfaces/environment/path.sh
[1.202s] -- Up-to-date: /home/DATA/DogRobot/ros2_ws/install/custom_interfaces/share/custom_interfaces/environment/path.dsv
[1.203s] -- Up-to-date: /home/DATA/DogRobot/ros2_ws/install/custom_interfaces/share/custom_interfaces/local_setup.bash
[1.204s] -- Up-to-date: /home/DATA/DogRobot/ros2_ws/install/custom_interfaces/share/custom_interfaces/local_setup.sh
[1.204s] -- Up-to-date: /home/DATA/DogRobot/ros2_ws/install/custom_interfaces/share/custom_interfaces/local_setup.zsh
[1.205s] -- Up-to-date: /home/DATA/DogRobot/ros2_ws/install/custom_interfaces/share/custom_interfaces/local_setup.dsv
[1.205s] -- Installing: /home/DATA/DogRobot/ros2_ws/install/custom_interfaces/share/custom_interfaces/package.dsv
[1.205s] -- Up-to-date: /home/DATA/DogRobot/ros2_ws/install/custom_interfaces/share/ament_index/resource_index/packages/custom_interfaces
[1.205s] -- Up-to-date: /home/DATA/DogRobot/ros2_ws/install/custom_interfaces/share/custom_interfaces/cmake/export_custom_interfaces__rosidl_generator_cExport.cmake
[1.205s] -- Up-to-date: /home/DATA/DogRobot/ros2_ws/install/custom_interfaces/share/custom_interfaces/cmake/export_custom_interfaces__rosidl_generator_cExport-noconfig.cmake
[1.205s] -- Up-to-date: /home/DATA/DogRobot/ros2_ws/install/custom_interfaces/share/custom_interfaces/cmake/export_custom_interfaces__rosidl_typesupport_fastrtps_cExport.cmake
[1.206s] -- Up-to-date: /home/DATA/DogRobot/ros2_ws/install/custom_interfaces/share/custom_interfaces/cmake/export_custom_interfaces__rosidl_typesupport_fastrtps_cExport-noconfig.cmake
[1.206s] -- Up-to-date: /home/DATA/DogRobot/ros2_ws/install/custom_interfaces/share/custom_interfaces/cmake/custom_interfaces__rosidl_typesupport_introspection_cExport.cmake
[1.206s] -- Up-to-date: /home/DATA/DogRobot/ros2_ws/install/custom_interfaces/share/custom_interfaces/cmake/custom_interfaces__rosidl_typesupport_introspection_cExport-noconfig.cmake
[1.207s] -- Up-to-date: /home/DATA/DogRobot/ros2_ws/install/custom_interfaces/share/custom_interfaces/cmake/custom_interfaces__rosidl_typesupport_cExport.cmake
[1.207s] -- Up-to-date: /home/DATA/DogRobot/ros2_ws/install/custom_interfaces/share/custom_interfaces/cmake/custom_interfaces__rosidl_typesupport_cExport-noconfig.cmake
[1.207s] -- Up-to-date: /home/DATA/DogRobot/ros2_ws/install/custom_interfaces/share/custom_interfaces/cmake/export_custom_interfaces__rosidl_generator_cppExport.cmake
[1.208s] -- Up-to-date: /home/DATA/DogRobot/ros2_ws/install/custom_interfaces/share/custom_interfaces/cmake/export_custom_interfaces__rosidl_typesupport_fastrtps_cppExport.cmake
[1.208s] -- Up-to-date: /home/DATA/DogRobot/ros2_ws/install/custom_interfaces/share/custom_interfaces/cmake/export_custom_interfaces__rosidl_typesupport_fastrtps_cppExport-noconfig.cmake
[1.208s] -- Up-to-date: /home/DATA/DogRobot/ros2_ws/install/custom_interfaces/share/custom_interfaces/cmake/custom_interfaces__rosidl_typesupport_introspection_cppExport.cmake
[1.208s] -- Up-to-date: /home/DATA/DogRobot/ros2_ws/install/custom_interfaces/share/custom_interfaces/cmake/custom_interfaces__rosidl_typesupport_introspection_cppExport-noconfig.cmake
[1.208s] -- Up-to-date: /home/DATA/DogRobot/ros2_ws/install/custom_interfaces/share/custom_interfaces/cmake/custom_interfaces__rosidl_typesupport_cppExport.cmake
[1.208s] -- Up-to-date: /home/DATA/DogRobot/ros2_ws/install/custom_interfaces/share/custom_interfaces/cmake/custom_interfaces__rosidl_typesupport_cppExport-noconfig.cmake
[1.208s] -- Up-to-date: /home/DATA/DogRobot/ros2_ws/install/custom_interfaces/share/custom_interfaces/cmake/export_custom_interfaces__rosidl_generator_pyExport.cmake
[1.208s] -- Up-to-date: /home/DATA/DogRobot/ros2_ws/install/custom_interfaces/share/custom_interfaces/cmake/export_custom_interfaces__rosidl_generator_pyExport-noconfig.cmake
[1.209s] -- Installing: /home/DATA/DogRobot/ros2_ws/install/custom_interfaces/share/custom_interfaces/cmake/rosidl_cmake-extras.cmake
[1.209s] -- Installing: /home/DATA/DogRobot/ros2_ws/install/custom_interfaces/share/custom_interfaces/cmake/ament_cmake_export_dependencies-extras.cmake
[1.209s] -- Up-to-date: /home/DATA/DogRobot/ros2_ws/install/custom_interfaces/share/custom_interfaces/cmake/ament_cmake_export_include_directories-extras.cmake
[1.209s] -- Up-to-date: /home/DATA/DogRobot/ros2_ws/install/custom_interfaces/share/custom_interfaces/cmake/ament_cmake_export_libraries-extras.cmake
[1.209s] -- Up-to-date: /home/DATA/DogRobot/ros2_ws/install/custom_interfaces/share/custom_interfaces/cmake/ament_cmake_export_targets-extras.cmake
[1.209s] -- Up-to-date: /home/DATA/DogRobot/ros2_ws/install/custom_interfaces/share/custom_interfaces/cmake/rosidl_cmake_export_typesupport_targets-extras.cmake
[1.209s] -- Up-to-date: /home/DATA/DogRobot/ros2_ws/install/custom_interfaces/share/custom_interfaces/cmake/rosidl_cmake_export_typesupport_libraries-extras.cmake
[1.210s] -- Up-to-date: /home/DATA/DogRobot/ros2_ws/install/custom_interfaces/share/custom_interfaces/cmake/custom_interfacesConfig.cmake
[1.210s] -- Up-to-date: /home/DATA/DogRobot/ros2_ws/install/custom_interfaces/share/custom_interfaces/cmake/custom_interfacesConfig-version.cmake
[1.210s] -- Up-to-date: /home/DATA/DogRobot/ros2_ws/install/custom_interfaces/share/custom_interfaces/package.xml
[1.215s] Invoked command in '/home/DATA/DogRobot/ros2_ws/build/custom_interfaces' returned '0': CMAKE_PREFIX_PATH=${CMAKE_PREFIX_PATH}:/opt/ros/jazzy DEBUGINFOD_URLS=https://debuginfod.ubuntu.com /usr/bin/cmake --install /home/DATA/DogRobot/ros2_ws/build/custom_interfaces
