[3.678s] Invoking command in '/home/DATA/DogRobot/ros2_ws/src/controller': DEBUGINFOD_URLS=https://debuginfod.ubuntu.com PYTHONPATH=/home/DATA/DogRobot/ros2_ws/build/controller/prefix_override:/usr/lib/python3/dist-packages/colcon_core/task/python/colcon_distutils_commands:/home/DATA/DogRobot/ros2_ws/install/controller/lib/python3.12/site-packages:${PYTHONPATH} /usr/bin/python3 -W ignore:setup.py install is deprecated setup.py egg_info --egg-base ../../build/controller build --build-base /home/DATA/DogRobot/ros2_ws/build/controller/build install --record /home/DATA/DogRobot/ros2_ws/build/controller/install.log --single-version-externally-managed install_data
[4.383s] running egg_info
[4.446s] writing ../../build/controller/controller.egg-info/PKG-INFO
[4.447s] writing dependency_links to ../../build/controller/controller.egg-info/dependency_links.txt
[4.448s] deleting ../../build/controller/controller.egg-info/entry_points.txt
[4.449s] writing requirements to ../../build/controller/controller.egg-info/requires.txt
[4.449s] writing top-level names to ../../build/controller/controller.egg-info/top_level.txt
[4.558s] reading manifest file '../../build/controller/controller.egg-info/SOURCES.txt'
[4.558s] writing manifest file '../../build/controller/controller.egg-info/SOURCES.txt'
[4.559s] running build
[4.559s] running build_py
[4.559s] copying controller/move_control.py -> /home/DATA/DogRobot/ros2_ws/build/controller/build/lib/controller
[4.559s] running install
[4.569s] running install_lib
[4.594s] copying /home/DATA/DogRobot/ros2_ws/build/controller/build/lib/controller/move_control.py -> /home/DATA/DogRobot/ros2_ws/install/controller/lib/python3.12/site-packages/controller
[4.595s] byte-compiling /home/DATA/DogRobot/ros2_ws/install/controller/lib/python3.12/site-packages/controller/move_control.py to move_control.cpython-312.pyc
[4.595s] running install_data
[4.595s] running install_egg_info
[4.626s] removing '/home/DATA/DogRobot/ros2_ws/install/controller/lib/python3.12/site-packages/controller-0.0.0-py3.12.egg-info' (and everything under it)
[4.626s] Copying ../../build/controller/controller.egg-info to /home/DATA/DogRobot/ros2_ws/install/controller/lib/python3.12/site-packages/controller-0.0.0-py3.12.egg-info
[4.627s] running install_scripts
[4.785s] writing list of installed files to '/home/DATA/DogRobot/ros2_ws/build/controller/install.log'
[5.092s] Invoked command in '/home/DATA/DogRobot/ros2_ws/src/controller' returned '0': DEBUGINFOD_URLS=https://debuginfod.ubuntu.com PYTHONPATH=/home/DATA/DogRobot/ros2_ws/build/controller/prefix_override:/usr/lib/python3/dist-packages/colcon_core/task/python/colcon_distutils_commands:/home/DATA/DogRobot/ros2_ws/install/controller/lib/python3.12/site-packages:${PYTHONPATH} /usr/bin/python3 -W ignore:setup.py install is deprecated setup.py egg_info --egg-base ../../build/controller build --build-base /home/DATA/DogRobot/ros2_ws/build/controller/build install --record /home/DATA/DogRobot/ros2_ws/build/controller/install.log --single-version-externally-managed install_data
