[1.849s] Invoking command in '/home/DATA/DogRobot/ros2_ws/src/controller': AMENT_PREFIX_PATH=/home/DATA/DogRobot/ros2_ws/install/can_node:/home/DATA/DogRobot/ros2_ws/install/custom_interfaces:${AMENT_PREFIX_PATH} CMAKE_PREFIX_PATH=/home/DATA/DogRobot/ros2_ws/install/custom_interfaces:${CMAKE_PREFIX_PATH} DEBUGINFOD_URLS=https://debuginfod.ubuntu.com LD_LIBRARY_PATH=/home/DATA/DogRobot/ros2_ws/install/custom_interfaces/lib:${LD_LIBRARY_PATH} PYTHONPATH=/home/DATA/DogRobot/ros2_ws/build/controller/prefix_override:/usr/lib/python3/dist-packages/colcon_core/task/python/colcon_distutils_commands:/home/DATA/DogRobot/ros2_ws/install/controller/lib/python3.12/site-packages:/home/DATA/DogRobot/ros2_ws/install/can_node/lib/python3.12/site-packages:/home/DATA/DogRobot/ros2_ws/install/custom_interfaces/lib/python3.12/site-packages:${PYTHONPATH} /usr/bin/python3 -W ignore:setup.py install is deprecated setup.py egg_info --egg-base ../../build/controller build --build-base /home/DATA/DogRobot/ros2_ws/build/controller/build install --record /home/DATA/DogRobot/ros2_ws/build/controller/install.log --single-version-externally-managed install_data
[2.242s] running egg_info
[2.272s] writing ../../build/controller/controller.egg-info/PKG-INFO
[2.272s] writing dependency_links to ../../build/controller/controller.egg-info/dependency_links.txt
[2.272s] writing entry points to ../../build/controller/controller.egg-info/entry_points.txt
[2.272s] writing requirements to ../../build/controller/controller.egg-info/requires.txt
[2.272s] writing top-level names to ../../build/controller/controller.egg-info/top_level.txt
[2.330s] reading manifest file '../../build/controller/controller.egg-info/SOURCES.txt'
[2.332s] writing manifest file '../../build/controller/controller.egg-info/SOURCES.txt'
[2.332s] running build
[2.332s] running build_py
[2.333s] running install
[2.341s] running install_lib
[2.370s] running install_data
[2.370s] running install_egg_info
[2.400s] removing '/home/DATA/DogRobot/ros2_ws/install/controller/lib/python3.12/site-packages/controller-0.0.0-py3.12.egg-info' (and everything under it)
[2.401s] Copying ../../build/controller/controller.egg-info to /home/DATA/DogRobot/ros2_ws/install/controller/lib/python3.12/site-packages/controller-0.0.0-py3.12.egg-info
[2.402s] running install_scripts
[2.595s] Installing control script to /home/DATA/DogRobot/ros2_ws/install/controller/lib/controller
[2.596s] writing list of installed files to '/home/DATA/DogRobot/ros2_ws/build/controller/install.log'
[2.647s] Invoked command in '/home/DATA/DogRobot/ros2_ws/src/controller' returned '0': AMENT_PREFIX_PATH=/home/DATA/DogRobot/ros2_ws/install/can_node:/home/DATA/DogRobot/ros2_ws/install/custom_interfaces:${AMENT_PREFIX_PATH} CMAKE_PREFIX_PATH=/home/DATA/DogRobot/ros2_ws/install/custom_interfaces:${CMAKE_PREFIX_PATH} DEBUGINFOD_URLS=https://debuginfod.ubuntu.com LD_LIBRARY_PATH=/home/DATA/DogRobot/ros2_ws/install/custom_interfaces/lib:${LD_LIBRARY_PATH} PYTHONPATH=/home/DATA/DogRobot/ros2_ws/build/controller/prefix_override:/usr/lib/python3/dist-packages/colcon_core/task/python/colcon_distutils_commands:/home/DATA/DogRobot/ros2_ws/install/controller/lib/python3.12/site-packages:/home/DATA/DogRobot/ros2_ws/install/can_node/lib/python3.12/site-packages:/home/DATA/DogRobot/ros2_ws/install/custom_interfaces/lib/python3.12/site-packages:${PYTHONPATH} /usr/bin/python3 -W ignore:setup.py install is deprecated setup.py egg_info --egg-base ../../build/controller build --build-base /home/DATA/DogRobot/ros2_ws/build/controller/build install --record /home/DATA/DogRobot/ros2_ws/build/controller/install.log --single-version-externally-managed install_data
