[0.021s] Invoking command in '/home/DATA/DogRobot/ros2_ws/build/custom_interfaces': CMAKE_PREFIX_PATH=${CMAKE_PREFIX_PATH}:/home/DATA/DogRobot/ros2_ws/install/my_launch_package:/home/DATA/DogRobot/ros2_ws/install/gamepad_node:/home/DATA/DogRobot/ros2_ws/install/controller:/home/DATA/DogRobot/ros2_ws/install/add_integers:/home/DATA/DogRobot/ros2_ws/install/can_node:/opt/ros/jazzy DEBUGINFOD_URLS=https://debuginfod.ubuntu.com /usr/bin/cmake --build /home/DATA/DogRobot/ros2_ws/build/custom_interfaces -- -j8 -l8
[0.261s] -- Found ament_cmake: 2.5.2 (/opt/ros/jazzy/share/ament_cmake/cmake)
[0.261s] -- Found rosidl_default_generators: 1.6.0 (/opt/ros/jazzy/share/rosidl_default_generators/cmake)
[0.262s] -- Using all available rosidl_typesupport_c: rosidl_typesupport_fastrtps_c;rosidl_typesupport_introspection_c
[0.262s] -- Using all available rosidl_typesupport_cpp: rosidl_typesupport_fastrtps_cpp;rosidl_typesupport_introspection_cpp
[0.262s] -- Found rosidl_adapter: 4.6.4 (/opt/ros/jazzy/share/rosidl_adapter/cmake)
[0.560s] -- Found ament_cmake_ros: 0.12.0 (/opt/ros/jazzy/share/ament_cmake_ros/cmake)
[0.669s] -- Using all available rosidl_typesupport_c: rosidl_typesupport_fastrtps_c;rosidl_typesupport_introspection_c
[0.793s] -- Using all available rosidl_typesupport_cpp: rosidl_typesupport_fastrtps_cpp;rosidl_typesupport_introspection_cpp
[0.794s] -- Found python_cmake_module: 0.11.1 (/opt/ros/jazzy/share/python_cmake_module/cmake)
[1.073s] -- Found Python3: /usr/bin/python3 (found version "3.12.3") found components: Interpreter Development NumPy Development.Module Development.Embed 
[1.083s] -- Found ament_lint_auto: 0.17.1 (/opt/ros/jazzy/share/ament_lint_auto/cmake)
[1.092s] -- Added test 'lint_cmake' to check CMake code style
[1.093s] -- Added test 'xmllint' to check XML markup files
[1.095s] -- Configuring done (1.1s)
[1.131s] -- Generating done (0.0s)
[1.135s] -- Build files have been written to: /home/DATA/DogRobot/ros2_ws/build/custom_interfaces
[1.169s] [  2%] [34m[1mGenerating type hashes for ROS interfaces[0m
[1.179s] [  2%] Built target ament_cmake_python_copy_custom_interfaces
[1.428s] [  2%] Built target custom_interfaces__rosidl_generator_type_description
[1.443s] [  4%] [34m[1mGenerating C code for ROS interfaces[0m
[1.450s] running egg_info
[1.451s] [  6%] [34m[1mGenerating C++ code for ROS interfaces[0m
[1.476s] writing custom_interfaces.egg-info/PKG-INFO
[1.476s] writing dependency_links to custom_interfaces.egg-info/dependency_links.txt
[1.477s] writing top-level names to custom_interfaces.egg-info/top_level.txt
[1.547s] reading manifest file 'custom_interfaces.egg-info/SOURCES.txt'
[1.548s] writing manifest file 'custom_interfaces.egg-info/SOURCES.txt'
[1.579s] [  6%] Built target ament_cmake_python_build_custom_interfaces_egg
[1.899s] [ 11%] [32mBuilding C object CMakeFiles/custom_interfaces__rosidl_generator_c.dir/rosidl_generator_c/custom_interfaces/srv/detail/add_two_ints__description.c.o[0m
[1.900s] [ 11%] [32mBuilding C object CMakeFiles/custom_interfaces__rosidl_generator_c.dir/rosidl_generator_c/custom_interfaces/srv/detail/add_two_ints__type_support.c.o[0m
[1.900s] [ 15%] [32mBuilding C object CMakeFiles/custom_interfaces__rosidl_generator_c.dir/rosidl_generator_c/custom_interfaces/msg/detail/ca_nmessage__description.c.o[0m
[1.900s] [ 15%] [32mBuilding C object CMakeFiles/custom_interfaces__rosidl_generator_c.dir/rosidl_generator_c/custom_interfaces/msg/detail/ca_nmessage__functions.c.o[0m
[1.904s] [ 15%] Built target custom_interfaces__cpp
[1.904s] [ 18%] [32mBuilding C object CMakeFiles/custom_interfaces__rosidl_generator_c.dir/rosidl_generator_c/custom_interfaces/srv/detail/add_two_ints__functions.c.o[0m
[1.905s] [ 20%] [32mBuilding C object CMakeFiles/custom_interfaces__rosidl_generator_c.dir/rosidl_generator_c/custom_interfaces/msg/detail/ca_nmessage__type_support.c.o[0m
[2.017s] [ 22%] [32m[1mLinking C shared library libcustom_interfaces__rosidl_generator_c.so[0m
[2.055s] [ 22%] Built target custom_interfaces__rosidl_generator_c
[2.067s] [ 25%] [34m[1mGenerating C++ introspection for ROS interfaces[0m
[2.070s] [ 34%] [34m[1mGenerating C++ type support for eProsima Fast-RTPS[0m
[2.071s] [ 34%] [34m[1mGenerating C introspection for ROS interfaces[0m
[2.071s] [ 34%] [34m[1mGenerating C type support for eProsima Fast-RTPS[0m
[2.071s] [ 34%] [34m[1mGenerating C type support dispatch for ROS interfaces[0m
[2.071s] [ 36%] [34m[1mGenerating C++ type support dispatch for ROS interfaces[0m
[2.420s] [ 38%] [32mBuilding CXX object CMakeFiles/custom_interfaces__rosidl_typesupport_introspection_cpp.dir/rosidl_typesupport_introspection_cpp/custom_interfaces/msg/detail/ca_nmessage__type_support.cpp.o[0m
[2.425s] [ 40%] [32mBuilding CXX object CMakeFiles/custom_interfaces__rosidl_typesupport_introspection_cpp.dir/rosidl_typesupport_introspection_cpp/custom_interfaces/srv/detail/add_two_ints__type_support.cpp.o[0m
[2.495s] [ 45%] [32mBuilding C object CMakeFiles/custom_interfaces__rosidl_typesupport_introspection_c.dir/rosidl_typesupport_introspection_c/custom_interfaces/msg/detail/ca_nmessage__type_support.c.o[0m
[2.495s] [ 45%] [32mBuilding C object CMakeFiles/custom_interfaces__rosidl_typesupport_introspection_c.dir/rosidl_typesupport_introspection_c/custom_interfaces/srv/detail/add_two_ints__type_support.c.o[0m
[2.581s] [ 47%] [32m[1mLinking C shared library libcustom_interfaces__rosidl_typesupport_introspection_c.so[0m
[2.593s] [ 50%] [32mBuilding CXX object CMakeFiles/custom_interfaces__rosidl_typesupport_c.dir/rosidl_typesupport_c/custom_interfaces/srv/add_two_ints__type_support.cpp.o[0m
[2.594s] [ 52%] [32mBuilding CXX object CMakeFiles/custom_interfaces__rosidl_typesupport_cpp.dir/rosidl_typesupport_cpp/custom_interfaces/srv/add_two_ints__type_support.cpp.o[0m
[2.610s] [ 54%] [32mBuilding CXX object CMakeFiles/custom_interfaces__rosidl_typesupport_c.dir/rosidl_typesupport_c/custom_interfaces/msg/ca_nmessage__type_support.cpp.o[0m
[2.640s] [ 54%] Built target custom_interfaces__rosidl_typesupport_introspection_c
[2.654s] [ 56%] [32mBuilding CXX object CMakeFiles/custom_interfaces__rosidl_typesupport_cpp.dir/rosidl_typesupport_cpp/custom_interfaces/msg/ca_nmessage__type_support.cpp.o[0m
[2.694s] [ 59%] [32m[1mLinking CXX shared library libcustom_interfaces__rosidl_typesupport_c.so[0m
[2.771s] [ 59%] Built target custom_interfaces__rosidl_typesupport_c
[2.779s] [ 61%] [32mBuilding CXX object CMakeFiles/custom_interfaces__rosidl_typesupport_fastrtps_cpp.dir/rosidl_typesupport_fastrtps_cpp/custom_interfaces/srv/detail/dds_fastrtps/add_two_ints__type_support.cpp.o[0m
[2.782s] [ 63%] [32mBuilding CXX object CMakeFiles/custom_interfaces__rosidl_typesupport_fastrtps_cpp.dir/rosidl_typesupport_fastrtps_cpp/custom_interfaces/msg/detail/dds_fastrtps/ca_nmessage__type_support.cpp.o[0m
[2.819s] [ 68%] [32mBuilding CXX object CMakeFiles/custom_interfaces__rosidl_typesupport_fastrtps_c.dir/rosidl_typesupport_fastrtps_c/custom_interfaces/msg/detail/ca_nmessage__type_support_c.cpp.o[0m
[2.820s] [ 68%] [32mBuilding CXX object CMakeFiles/custom_interfaces__rosidl_typesupport_fastrtps_c.dir/rosidl_typesupport_fastrtps_c/custom_interfaces/srv/detail/add_two_ints__type_support_c.cpp.o[0m
[3.405s] [ 70%] [32m[1mLinking CXX shared library libcustom_interfaces__rosidl_typesupport_introspection_cpp.so[0m
[3.430s] [ 72%] [32m[1mLinking CXX shared library libcustom_interfaces__rosidl_typesupport_cpp.so[0m
[3.577s] [ 72%] Built target custom_interfaces__rosidl_typesupport_introspection_cpp
[3.598s] [ 72%] Built target custom_interfaces__rosidl_typesupport_cpp
[3.736s] [ 75%] [32m[1mLinking CXX shared library libcustom_interfaces__rosidl_typesupport_fastrtps_c.so[0m
[3.819s] [ 75%] Built target custom_interfaces__rosidl_typesupport_fastrtps_c
[3.883s] [ 77%] [32m[1mLinking CXX shared library libcustom_interfaces__rosidl_typesupport_fastrtps_cpp.so[0m
[3.957s] [ 77%] Built target custom_interfaces__rosidl_typesupport_fastrtps_cpp
[3.977s] [ 77%] Built target custom_interfaces
[3.998s] [ 79%] [34m[1mGenerating Python code for ROS interfaces[0m
[4.459s] [ 79%] Built target custom_interfaces__py
[4.484s] [ 84%] [32mBuilding C object CMakeFiles/custom_interfaces__rosidl_generator_py.dir/rosidl_generator_py/custom_interfaces/msg/_ca_nmessage_s.c.o[0m
[4.485s] [ 84%] [32mBuilding C object CMakeFiles/custom_interfaces__rosidl_generator_py.dir/rosidl_generator_py/custom_interfaces/srv/_add_two_ints_s.c.o[0m
[4.691s] [ 86%] [32m[1mLinking C shared library libcustom_interfaces__rosidl_generator_py.so[0m
[4.730s] [ 86%] Built target custom_interfaces__rosidl_generator_py
[4.753s] [ 93%] [32mBuilding C object CMakeFiles/custom_interfaces_s__rosidl_typesupport_c.dir/rosidl_generator_py/custom_interfaces/_custom_interfaces_s.ep.rosidl_typesupport_c.c.o[0m
[4.754s] [ 93%] [32mBuilding C object CMakeFiles/custom_interfaces_s__rosidl_typesupport_introspection_c.dir/rosidl_generator_py/custom_interfaces/_custom_interfaces_s.ep.rosidl_typesupport_introspection_c.c.o[0m
[4.754s] [ 93%] [32mBuilding C object CMakeFiles/custom_interfaces_s__rosidl_typesupport_fastrtps_c.dir/rosidl_generator_py/custom_interfaces/_custom_interfaces_s.ep.rosidl_typesupport_fastrtps_c.c.o[0m
[4.872s] [ 97%] [32m[1mLinking C shared module rosidl_generator_py/custom_interfaces/custom_interfaces_s__rosidl_typesupport_introspection_c.so[0m
[4.872s] [ 97%] [32m[1mLinking C shared module rosidl_generator_py/custom_interfaces/custom_interfaces_s__rosidl_typesupport_c.so[0m
[4.876s] [100%] [32m[1mLinking C shared module rosidl_generator_py/custom_interfaces/custom_interfaces_s__rosidl_typesupport_fastrtps_c.so[0m
[4.902s] [100%] Built target custom_interfaces_s__rosidl_typesupport_c
[4.902s] [100%] Built target custom_interfaces_s__rosidl_typesupport_introspection_c
[4.906s] [100%] Built target custom_interfaces_s__rosidl_typesupport_fastrtps_c
[4.917s] Invoked command in '/home/DATA/DogRobot/ros2_ws/build/custom_interfaces' returned '0': CMAKE_PREFIX_PATH=${CMAKE_PREFIX_PATH}:/home/DATA/DogRobot/ros2_ws/install/my_launch_package:/home/DATA/DogRobot/ros2_ws/install/gamepad_node:/home/DATA/DogRobot/ros2_ws/install/controller:/home/DATA/DogRobot/ros2_ws/install/add_integers:/home/DATA/DogRobot/ros2_ws/install/can_node:/opt/ros/jazzy DEBUGINFOD_URLS=https://debuginfod.ubuntu.com /usr/bin/cmake --build /home/DATA/DogRobot/ros2_ws/build/custom_interfaces -- -j8 -l8
[4.989s] Invoking command in '/home/DATA/DogRobot/ros2_ws/build/custom_interfaces': CMAKE_PREFIX_PATH=${CMAKE_PREFIX_PATH}:/home/DATA/DogRobot/ros2_ws/install/my_launch_package:/home/DATA/DogRobot/ros2_ws/install/gamepad_node:/home/DATA/DogRobot/ros2_ws/install/controller:/home/DATA/DogRobot/ros2_ws/install/add_integers:/home/DATA/DogRobot/ros2_ws/install/can_node:/opt/ros/jazzy DEBUGINFOD_URLS=https://debuginfod.ubuntu.com /usr/bin/cmake --install /home/DATA/DogRobot/ros2_ws/build/custom_interfaces
[4.997s] -- Install configuration: ""
[4.997s] -- Installing: /home/DATA/DogRobot/ros2_ws/install/custom_interfaces/share/ament_index/resource_index/rosidl_interfaces/custom_interfaces
[4.997s] -- Installing: /home/DATA/DogRobot/ros2_ws/install/custom_interfaces/share/custom_interfaces/srv/AddTwoInts.json
[4.997s] -- Installing: /home/DATA/DogRobot/ros2_ws/install/custom_interfaces/share/custom_interfaces/msg/CANmessage.json
[4.998s] -- Up-to-date: /home/DATA/DogRobot/ros2_ws/install/custom_interfaces/include/custom_interfaces/custom_interfaces
[4.998s] -- Up-to-date: /home/DATA/DogRobot/ros2_ws/install/custom_interfaces/include/custom_interfaces/custom_interfaces/srv
[4.998s] -- Installing: /home/DATA/DogRobot/ros2_ws/install/custom_interfaces/include/custom_interfaces/custom_interfaces/srv/add_two_ints.h
[4.998s] -- Up-to-date: /home/DATA/DogRobot/ros2_ws/install/custom_interfaces/include/custom_interfaces/custom_interfaces/srv/detail
[4.998s] -- Installing: /home/DATA/DogRobot/ros2_ws/install/custom_interfaces/include/custom_interfaces/custom_interfaces/srv/detail/add_two_ints__type_support.c
[4.998s] -- Installing: /home/DATA/DogRobot/ros2_ws/install/custom_interfaces/include/custom_interfaces/custom_interfaces/srv/detail/add_two_ints__functions.h
[4.998s] -- Installing: /home/DATA/DogRobot/ros2_ws/install/custom_interfaces/include/custom_interfaces/custom_interfaces/srv/detail/add_two_ints__struct.h
[4.998s] -- Installing: /home/DATA/DogRobot/ros2_ws/install/custom_interfaces/include/custom_interfaces/custom_interfaces/srv/detail/add_two_ints__functions.c
[4.998s] -- Installing: /home/DATA/DogRobot/ros2_ws/install/custom_interfaces/include/custom_interfaces/custom_interfaces/srv/detail/add_two_ints__type_support.h
[4.998s] -- Installing: /home/DATA/DogRobot/ros2_ws/install/custom_interfaces/include/custom_interfaces/custom_interfaces/srv/detail/add_two_ints__description.c
[4.998s] -- Up-to-date: /home/DATA/DogRobot/ros2_ws/install/custom_interfaces/include/custom_interfaces/custom_interfaces/msg
[4.999s] -- Up-to-date: /home/DATA/DogRobot/ros2_ws/install/custom_interfaces/include/custom_interfaces/custom_interfaces/msg/rosidl_generator_c__visibility_control.h
[4.999s] -- Installing: /home/DATA/DogRobot/ros2_ws/install/custom_interfaces/include/custom_interfaces/custom_interfaces/msg/ca_nmessage.h
[4.999s] -- Installing: /home/DATA/DogRobot/ros2_ws/install/custom_interfaces/include/custom_interfaces/custom_interfaces/msg/detail
[4.999s] -- Installing: /home/DATA/DogRobot/ros2_ws/install/custom_interfaces/include/custom_interfaces/custom_interfaces/msg/detail/ca_nmessage__functions.h
[4.999s] -- Installing: /home/DATA/DogRobot/ros2_ws/install/custom_interfaces/include/custom_interfaces/custom_interfaces/msg/detail/ca_nmessage__struct.h
[4.999s] -- Installing: /home/DATA/DogRobot/ros2_ws/install/custom_interfaces/include/custom_interfaces/custom_interfaces/msg/detail/ca_nmessage__type_support.c
[4.999s] -- Installing: /home/DATA/DogRobot/ros2_ws/install/custom_interfaces/include/custom_interfaces/custom_interfaces/msg/detail/ca_nmessage__type_support.h
[4.999s] -- Installing: /home/DATA/DogRobot/ros2_ws/install/custom_interfaces/include/custom_interfaces/custom_interfaces/msg/detail/ca_nmessage__description.c
[4.999s] -- Installing: /home/DATA/DogRobot/ros2_ws/install/custom_interfaces/include/custom_interfaces/custom_interfaces/msg/detail/ca_nmessage__functions.c
[4.999s] -- Up-to-date: /home/DATA/DogRobot/ros2_ws/install/custom_interfaces/share/custom_interfaces/environment/library_path.sh
[4.999s] -- Up-to-date: /home/DATA/DogRobot/ros2_ws/install/custom_interfaces/share/custom_interfaces/environment/library_path.dsv
[4.999s] -- Installing: /home/DATA/DogRobot/ros2_ws/install/custom_interfaces/lib/libcustom_interfaces__rosidl_generator_c.so
[5.000s] -- Set non-toolchain portion of runtime path of "/home/DATA/DogRobot/ros2_ws/install/custom_interfaces/lib/libcustom_interfaces__rosidl_generator_c.so" to ""
[5.000s] -- Up-to-date: /home/DATA/DogRobot/ros2_ws/install/custom_interfaces/include/custom_interfaces/custom_interfaces
[5.000s] -- Up-to-date: /home/DATA/DogRobot/ros2_ws/install/custom_interfaces/include/custom_interfaces/custom_interfaces/srv
[5.000s] -- Up-to-date: /home/DATA/DogRobot/ros2_ws/install/custom_interfaces/include/custom_interfaces/custom_interfaces/srv/detail
[5.000s] -- Installing: /home/DATA/DogRobot/ros2_ws/install/custom_interfaces/include/custom_interfaces/custom_interfaces/srv/detail/add_two_ints__rosidl_typesupport_fastrtps_c.h
[5.000s] -- Up-to-date: /home/DATA/DogRobot/ros2_ws/install/custom_interfaces/include/custom_interfaces/custom_interfaces/msg
[5.000s] -- Up-to-date: /home/DATA/DogRobot/ros2_ws/install/custom_interfaces/include/custom_interfaces/custom_interfaces/msg/rosidl_typesupport_fastrtps_c__visibility_control.h
[5.000s] -- Up-to-date: /home/DATA/DogRobot/ros2_ws/install/custom_interfaces/include/custom_interfaces/custom_interfaces/msg/detail
[5.000s] -- Installing: /home/DATA/DogRobot/ros2_ws/install/custom_interfaces/include/custom_interfaces/custom_interfaces/msg/detail/ca_nmessage__rosidl_typesupport_fastrtps_c.h
[5.000s] -- Installing: /home/DATA/DogRobot/ros2_ws/install/custom_interfaces/lib/libcustom_interfaces__rosidl_typesupport_fastrtps_c.so
[5.000s] -- Set non-toolchain portion of runtime path of "/home/DATA/DogRobot/ros2_ws/install/custom_interfaces/lib/libcustom_interfaces__rosidl_typesupport_fastrtps_c.so" to ""
[5.001s] -- Up-to-date: /home/DATA/DogRobot/ros2_ws/install/custom_interfaces/include/custom_interfaces/custom_interfaces
[5.001s] -- Up-to-date: /home/DATA/DogRobot/ros2_ws/install/custom_interfaces/include/custom_interfaces/custom_interfaces/srv
[5.001s] -- Up-to-date: /home/DATA/DogRobot/ros2_ws/install/custom_interfaces/include/custom_interfaces/custom_interfaces/srv/detail
[5.001s] -- Up-to-date: /home/DATA/DogRobot/ros2_ws/install/custom_interfaces/include/custom_interfaces/custom_interfaces/srv/detail/add_two_ints__type_support.c
[5.001s] -- Installing: /home/DATA/DogRobot/ros2_ws/install/custom_interfaces/include/custom_interfaces/custom_interfaces/srv/detail/add_two_ints__rosidl_typesupport_introspection_c.h
[5.001s] -- Up-to-date: /home/DATA/DogRobot/ros2_ws/install/custom_interfaces/include/custom_interfaces/custom_interfaces/msg
[5.001s] -- Up-to-date: /home/DATA/DogRobot/ros2_ws/install/custom_interfaces/include/custom_interfaces/custom_interfaces/msg/rosidl_typesupport_introspection_c__visibility_control.h
[5.001s] -- Up-to-date: /home/DATA/DogRobot/ros2_ws/install/custom_interfaces/include/custom_interfaces/custom_interfaces/msg/detail
[5.001s] -- Installing: /home/DATA/DogRobot/ros2_ws/install/custom_interfaces/include/custom_interfaces/custom_interfaces/msg/detail/ca_nmessage__rosidl_typesupport_introspection_c.h
[5.001s] -- Up-to-date: /home/DATA/DogRobot/ros2_ws/install/custom_interfaces/include/custom_interfaces/custom_interfaces/msg/detail/ca_nmessage__type_support.c
[5.001s] -- Installing: /home/DATA/DogRobot/ros2_ws/install/custom_interfaces/lib/libcustom_interfaces__rosidl_typesupport_introspection_c.so
[5.001s] -- Set non-toolchain portion of runtime path of "/home/DATA/DogRobot/ros2_ws/install/custom_interfaces/lib/libcustom_interfaces__rosidl_typesupport_introspection_c.so" to ""
[5.002s] -- Installing: /home/DATA/DogRobot/ros2_ws/install/custom_interfaces/lib/libcustom_interfaces__rosidl_typesupport_c.so
[5.002s] -- Set non-toolchain portion of runtime path of "/home/DATA/DogRobot/ros2_ws/install/custom_interfaces/lib/libcustom_interfaces__rosidl_typesupport_c.so" to ""
[5.002s] -- Up-to-date: /home/DATA/DogRobot/ros2_ws/install/custom_interfaces/include/custom_interfaces/custom_interfaces
[5.002s] -- Up-to-date: /home/DATA/DogRobot/ros2_ws/install/custom_interfaces/include/custom_interfaces/custom_interfaces/srv
[5.002s] -- Up-to-date: /home/DATA/DogRobot/ros2_ws/install/custom_interfaces/include/custom_interfaces/custom_interfaces/srv/detail
[5.002s] -- Installing: /home/DATA/DogRobot/ros2_ws/install/custom_interfaces/include/custom_interfaces/custom_interfaces/srv/detail/add_two_ints__type_support.hpp
[5.002s] -- Installing: /home/DATA/DogRobot/ros2_ws/install/custom_interfaces/include/custom_interfaces/custom_interfaces/srv/detail/add_two_ints__struct.hpp
[5.002s] -- Installing: /home/DATA/DogRobot/ros2_ws/install/custom_interfaces/include/custom_interfaces/custom_interfaces/srv/detail/add_two_ints__traits.hpp
[5.002s] -- Installing: /home/DATA/DogRobot/ros2_ws/install/custom_interfaces/include/custom_interfaces/custom_interfaces/srv/detail/add_two_ints__builder.hpp
[5.002s] -- Installing: /home/DATA/DogRobot/ros2_ws/install/custom_interfaces/include/custom_interfaces/custom_interfaces/srv/add_two_ints.hpp
[5.002s] -- Up-to-date: /home/DATA/DogRobot/ros2_ws/install/custom_interfaces/include/custom_interfaces/custom_interfaces/msg
[5.003s] -- Installing: /home/DATA/DogRobot/ros2_ws/install/custom_interfaces/include/custom_interfaces/custom_interfaces/msg/rosidl_generator_cpp__visibility_control.hpp
[5.003s] -- Installing: /home/DATA/DogRobot/ros2_ws/install/custom_interfaces/include/custom_interfaces/custom_interfaces/msg/ca_nmessage.hpp
[5.003s] -- Up-to-date: /home/DATA/DogRobot/ros2_ws/install/custom_interfaces/include/custom_interfaces/custom_interfaces/msg/detail
[5.003s] -- Installing: /home/DATA/DogRobot/ros2_ws/install/custom_interfaces/include/custom_interfaces/custom_interfaces/msg/detail/ca_nmessage__builder.hpp
[5.003s] -- Installing: /home/DATA/DogRobot/ros2_ws/install/custom_interfaces/include/custom_interfaces/custom_interfaces/msg/detail/ca_nmessage__traits.hpp
[5.003s] -- Installing: /home/DATA/DogRobot/ros2_ws/install/custom_interfaces/include/custom_interfaces/custom_interfaces/msg/detail/ca_nmessage__type_support.hpp
[5.003s] -- Installing: /home/DATA/DogRobot/ros2_ws/install/custom_interfaces/include/custom_interfaces/custom_interfaces/msg/detail/ca_nmessage__struct.hpp
[5.003s] -- Up-to-date: /home/DATA/DogRobot/ros2_ws/install/custom_interfaces/include/custom_interfaces/custom_interfaces
[5.003s] -- Up-to-date: /home/DATA/DogRobot/ros2_ws/install/custom_interfaces/include/custom_interfaces/custom_interfaces/srv
[5.003s] -- Up-to-date: /home/DATA/DogRobot/ros2_ws/install/custom_interfaces/include/custom_interfaces/custom_interfaces/srv/detail
[5.003s] -- Installing: /home/DATA/DogRobot/ros2_ws/install/custom_interfaces/include/custom_interfaces/custom_interfaces/srv/detail/add_two_ints__rosidl_typesupport_fastrtps_cpp.hpp
[5.004s] -- Up-to-date: /home/DATA/DogRobot/ros2_ws/install/custom_interfaces/include/custom_interfaces/custom_interfaces/srv/detail/dds_fastrtps
[5.004s] -- Up-to-date: /home/DATA/DogRobot/ros2_ws/install/custom_interfaces/include/custom_interfaces/custom_interfaces/msg
[5.004s] -- Up-to-date: /home/DATA/DogRobot/ros2_ws/install/custom_interfaces/include/custom_interfaces/custom_interfaces/msg/rosidl_typesupport_fastrtps_cpp__visibility_control.h
[5.004s] -- Up-to-date: /home/DATA/DogRobot/ros2_ws/install/custom_interfaces/include/custom_interfaces/custom_interfaces/msg/detail
[5.004s] -- Installing: /home/DATA/DogRobot/ros2_ws/install/custom_interfaces/include/custom_interfaces/custom_interfaces/msg/detail/ca_nmessage__rosidl_typesupport_fastrtps_cpp.hpp
[5.004s] -- Installing: /home/DATA/DogRobot/ros2_ws/install/custom_interfaces/include/custom_interfaces/custom_interfaces/msg/detail/dds_fastrtps
[5.004s] -- Installing: /home/DATA/DogRobot/ros2_ws/install/custom_interfaces/lib/libcustom_interfaces__rosidl_typesupport_fastrtps_cpp.so
[5.004s] -- Set non-toolchain portion of runtime path of "/home/DATA/DogRobot/ros2_ws/install/custom_interfaces/lib/libcustom_interfaces__rosidl_typesupport_fastrtps_cpp.so" to ""
[5.004s] -- Up-to-date: /home/DATA/DogRobot/ros2_ws/install/custom_interfaces/include/custom_interfaces/custom_interfaces
[5.004s] -- Up-to-date: /home/DATA/DogRobot/ros2_ws/install/custom_interfaces/include/custom_interfaces/custom_interfaces/srv
[5.004s] -- Up-to-date: /home/DATA/DogRobot/ros2_ws/install/custom_interfaces/include/custom_interfaces/custom_interfaces/srv/detail
[5.004s] -- Installing: /home/DATA/DogRobot/ros2_ws/install/custom_interfaces/include/custom_interfaces/custom_interfaces/srv/detail/add_two_ints__type_support.cpp
[5.004s] -- Installing: /home/DATA/DogRobot/ros2_ws/install/custom_interfaces/include/custom_interfaces/custom_interfaces/srv/detail/add_two_ints__rosidl_typesupport_introspection_cpp.hpp
[5.005s] -- Up-to-date: /home/DATA/DogRobot/ros2_ws/install/custom_interfaces/include/custom_interfaces/custom_interfaces/msg
[5.005s] -- Up-to-date: /home/DATA/DogRobot/ros2_ws/install/custom_interfaces/include/custom_interfaces/custom_interfaces/msg/detail
[5.005s] -- Installing: /home/DATA/DogRobot/ros2_ws/install/custom_interfaces/include/custom_interfaces/custom_interfaces/msg/detail/ca_nmessage__rosidl_typesupport_introspection_cpp.hpp
[5.005s] -- Installing: /home/DATA/DogRobot/ros2_ws/install/custom_interfaces/include/custom_interfaces/custom_interfaces/msg/detail/ca_nmessage__type_support.cpp
[5.005s] -- Installing: /home/DATA/DogRobot/ros2_ws/install/custom_interfaces/lib/libcustom_interfaces__rosidl_typesupport_introspection_cpp.so
[5.005s] -- Set non-toolchain portion of runtime path of "/home/DATA/DogRobot/ros2_ws/install/custom_interfaces/lib/libcustom_interfaces__rosidl_typesupport_introspection_cpp.so" to ""
[5.005s] -- Installing: /home/DATA/DogRobot/ros2_ws/install/custom_interfaces/lib/libcustom_interfaces__rosidl_typesupport_cpp.so
[5.005s] -- Set non-toolchain portion of runtime path of "/home/DATA/DogRobot/ros2_ws/install/custom_interfaces/lib/libcustom_interfaces__rosidl_typesupport_cpp.so" to ""
[5.006s] -- Up-to-date: /home/DATA/DogRobot/ros2_ws/install/custom_interfaces/share/custom_interfaces/environment/pythonpath.sh
[5.006s] -- Up-to-date: /home/DATA/DogRobot/ros2_ws/install/custom_interfaces/share/custom_interfaces/environment/pythonpath.dsv
[5.006s] -- Up-to-date: /home/DATA/DogRobot/ros2_ws/install/custom_interfaces/lib/python3.12/site-packages/custom_interfaces-0.0.0-py3.12.egg-info
[5.006s] -- Installing: /home/DATA/DogRobot/ros2_ws/install/custom_interfaces/lib/python3.12/site-packages/custom_interfaces-0.0.0-py3.12.egg-info/dependency_links.txt
[5.006s] -- Installing: /home/DATA/DogRobot/ros2_ws/install/custom_interfaces/lib/python3.12/site-packages/custom_interfaces-0.0.0-py3.12.egg-info/SOURCES.txt
[5.006s] -- Installing: /home/DATA/DogRobot/ros2_ws/install/custom_interfaces/lib/python3.12/site-packages/custom_interfaces-0.0.0-py3.12.egg-info/PKG-INFO
[5.006s] -- Installing: /home/DATA/DogRobot/ros2_ws/install/custom_interfaces/lib/python3.12/site-packages/custom_interfaces-0.0.0-py3.12.egg-info/top_level.txt
[5.006s] -- Up-to-date: /home/DATA/DogRobot/ros2_ws/install/custom_interfaces/lib/python3.12/site-packages/custom_interfaces
[5.006s] -- Installing: /home/DATA/DogRobot/ros2_ws/install/custom_interfaces/lib/python3.12/site-packages/custom_interfaces/custom_interfaces_s__rosidl_typesupport_fastrtps_c.so
[5.006s] -- Up-to-date: /home/DATA/DogRobot/ros2_ws/install/custom_interfaces/lib/python3.12/site-packages/custom_interfaces/srv
[5.006s] -- Installing: /home/DATA/DogRobot/ros2_ws/install/custom_interfaces/lib/python3.12/site-packages/custom_interfaces/srv/__init__.py
[5.006s] -- Installing: /home/DATA/DogRobot/ros2_ws/install/custom_interfaces/lib/python3.12/site-packages/custom_interfaces/srv/_add_two_ints.py
[5.007s] -- Installing: /home/DATA/DogRobot/ros2_ws/install/custom_interfaces/lib/python3.12/site-packages/custom_interfaces/srv/_add_two_ints_s.c
[5.007s] -- Installing: /home/DATA/DogRobot/ros2_ws/install/custom_interfaces/lib/python3.12/site-packages/custom_interfaces/msg
[5.007s] -- Installing: /home/DATA/DogRobot/ros2_ws/install/custom_interfaces/lib/python3.12/site-packages/custom_interfaces/msg/_ca_nmessage_s.c
[5.007s] -- Installing: /home/DATA/DogRobot/ros2_ws/install/custom_interfaces/lib/python3.12/site-packages/custom_interfaces/msg/__init__.py
[5.007s] -- Installing: /home/DATA/DogRobot/ros2_ws/install/custom_interfaces/lib/python3.12/site-packages/custom_interfaces/msg/_ca_nmessage.py
[5.007s] -- Installing: /home/DATA/DogRobot/ros2_ws/install/custom_interfaces/lib/python3.12/site-packages/custom_interfaces/_custom_interfaces_s.ep.rosidl_typesupport_c.c
[5.007s] -- Installing: /home/DATA/DogRobot/ros2_ws/install/custom_interfaces/lib/python3.12/site-packages/custom_interfaces/__init__.py
[5.007s] -- Installing: /home/DATA/DogRobot/ros2_ws/install/custom_interfaces/lib/python3.12/site-packages/custom_interfaces/custom_interfaces_s__rosidl_typesupport_c.so
[5.007s] -- Installing: /home/DATA/DogRobot/ros2_ws/install/custom_interfaces/lib/python3.12/site-packages/custom_interfaces/_custom_interfaces_s.ep.rosidl_typesupport_fastrtps_c.c
[5.007s] -- Installing: /home/DATA/DogRobot/ros2_ws/install/custom_interfaces/lib/python3.12/site-packages/custom_interfaces/_custom_interfaces_s.ep.rosidl_typesupport_introspection_c.c
[5.007s] -- Installing: /home/DATA/DogRobot/ros2_ws/install/custom_interfaces/lib/python3.12/site-packages/custom_interfaces/custom_interfaces_s__rosidl_typesupport_introspection_c.so
[5.049s] Listing '/home/DATA/DogRobot/ros2_ws/install/custom_interfaces/lib/python3.12/site-packages/custom_interfaces'...
[5.049s] Compiling '/home/DATA/DogRobot/ros2_ws/install/custom_interfaces/lib/python3.12/site-packages/custom_interfaces/__init__.py'...
[5.049s] Listing '/home/DATA/DogRobot/ros2_ws/install/custom_interfaces/lib/python3.12/site-packages/custom_interfaces/msg'...
[5.049s] Compiling '/home/DATA/DogRobot/ros2_ws/install/custom_interfaces/lib/python3.12/site-packages/custom_interfaces/msg/__init__.py'...
[5.049s] Compiling '/home/DATA/DogRobot/ros2_ws/install/custom_interfaces/lib/python3.12/site-packages/custom_interfaces/msg/_ca_nmessage.py'...
[5.049s] Listing '/home/DATA/DogRobot/ros2_ws/install/custom_interfaces/lib/python3.12/site-packages/custom_interfaces/srv'...
[5.050s] Compiling '/home/DATA/DogRobot/ros2_ws/install/custom_interfaces/lib/python3.12/site-packages/custom_interfaces/srv/__init__.py'...
[5.050s] Compiling '/home/DATA/DogRobot/ros2_ws/install/custom_interfaces/lib/python3.12/site-packages/custom_interfaces/srv/_add_two_ints.py'...
[5.055s] -- Installing: /home/DATA/DogRobot/ros2_ws/install/custom_interfaces/lib/python3.12/site-packages/custom_interfaces/custom_interfaces_s__rosidl_typesupport_fastrtps_c.so
[5.055s] -- Set non-toolchain portion of runtime path of "/home/DATA/DogRobot/ros2_ws/install/custom_interfaces/lib/python3.12/site-packages/custom_interfaces/custom_interfaces_s__rosidl_typesupport_fastrtps_c.so" to ""
[5.055s] -- Installing: /home/DATA/DogRobot/ros2_ws/install/custom_interfaces/lib/python3.12/site-packages/custom_interfaces/custom_interfaces_s__rosidl_typesupport_introspection_c.so
[5.055s] -- Set non-toolchain portion of runtime path of "/home/DATA/DogRobot/ros2_ws/install/custom_interfaces/lib/python3.12/site-packages/custom_interfaces/custom_interfaces_s__rosidl_typesupport_introspection_c.so" to ""
[5.055s] -- Installing: /home/DATA/DogRobot/ros2_ws/install/custom_interfaces/lib/python3.12/site-packages/custom_interfaces/custom_interfaces_s__rosidl_typesupport_c.so
[5.056s] -- Set non-toolchain portion of runtime path of "/home/DATA/DogRobot/ros2_ws/install/custom_interfaces/lib/python3.12/site-packages/custom_interfaces/custom_interfaces_s__rosidl_typesupport_c.so" to ""
[5.056s] -- Installing: /home/DATA/DogRobot/ros2_ws/install/custom_interfaces/lib/libcustom_interfaces__rosidl_generator_py.so
[5.056s] -- Set non-toolchain portion of runtime path of "/home/DATA/DogRobot/ros2_ws/install/custom_interfaces/lib/libcustom_interfaces__rosidl_generator_py.so" to ""
[5.056s] -- Up-to-date: /home/DATA/DogRobot/ros2_ws/install/custom_interfaces/share/custom_interfaces/srv/AddTwoInts.idl
[5.056s] -- Installing: /home/DATA/DogRobot/ros2_ws/install/custom_interfaces/share/custom_interfaces/msg/CANmessage.idl
[5.057s] -- Up-to-date: /home/DATA/DogRobot/ros2_ws/install/custom_interfaces/share/custom_interfaces/srv/AddTwoInts.srv
[5.057s] -- Installing: /home/DATA/DogRobot/ros2_ws/install/custom_interfaces/share/custom_interfaces/msg/CANmessage.msg
[5.057s] -- Up-to-date: /home/DATA/DogRobot/ros2_ws/install/custom_interfaces/share/ament_index/resource_index/package_run_dependencies/custom_interfaces
[5.057s] -- Up-to-date: /home/DATA/DogRobot/ros2_ws/install/custom_interfaces/share/ament_index/resource_index/parent_prefix_path/custom_interfaces
[5.057s] -- Up-to-date: /home/DATA/DogRobot/ros2_ws/install/custom_interfaces/share/custom_interfaces/environment/ament_prefix_path.sh
[5.057s] -- Up-to-date: /home/DATA/DogRobot/ros2_ws/install/custom_interfaces/share/custom_interfaces/environment/ament_prefix_path.dsv
[5.057s] -- Up-to-date: /home/DATA/DogRobot/ros2_ws/install/custom_interfaces/share/custom_interfaces/environment/path.sh
[5.057s] -- Up-to-date: /home/DATA/DogRobot/ros2_ws/install/custom_interfaces/share/custom_interfaces/environment/path.dsv
[5.058s] -- Up-to-date: /home/DATA/DogRobot/ros2_ws/install/custom_interfaces/share/custom_interfaces/local_setup.bash
[5.058s] -- Up-to-date: /home/DATA/DogRobot/ros2_ws/install/custom_interfaces/share/custom_interfaces/local_setup.sh
[5.058s] -- Up-to-date: /home/DATA/DogRobot/ros2_ws/install/custom_interfaces/share/custom_interfaces/local_setup.zsh
[5.058s] -- Up-to-date: /home/DATA/DogRobot/ros2_ws/install/custom_interfaces/share/custom_interfaces/local_setup.dsv
[5.058s] -- Installing: /home/DATA/DogRobot/ros2_ws/install/custom_interfaces/share/custom_interfaces/package.dsv
[5.058s] -- Up-to-date: /home/DATA/DogRobot/ros2_ws/install/custom_interfaces/share/ament_index/resource_index/packages/custom_interfaces
[5.058s] -- Up-to-date: /home/DATA/DogRobot/ros2_ws/install/custom_interfaces/share/custom_interfaces/cmake/export_custom_interfaces__rosidl_generator_cExport.cmake
[5.058s] -- Up-to-date: /home/DATA/DogRobot/ros2_ws/install/custom_interfaces/share/custom_interfaces/cmake/export_custom_interfaces__rosidl_generator_cExport-noconfig.cmake
[5.058s] -- Up-to-date: /home/DATA/DogRobot/ros2_ws/install/custom_interfaces/share/custom_interfaces/cmake/export_custom_interfaces__rosidl_typesupport_fastrtps_cExport.cmake
[5.058s] -- Up-to-date: /home/DATA/DogRobot/ros2_ws/install/custom_interfaces/share/custom_interfaces/cmake/export_custom_interfaces__rosidl_typesupport_fastrtps_cExport-noconfig.cmake
[5.058s] -- Up-to-date: /home/DATA/DogRobot/ros2_ws/install/custom_interfaces/share/custom_interfaces/cmake/custom_interfaces__rosidl_typesupport_introspection_cExport.cmake
[5.059s] -- Up-to-date: /home/DATA/DogRobot/ros2_ws/install/custom_interfaces/share/custom_interfaces/cmake/custom_interfaces__rosidl_typesupport_introspection_cExport-noconfig.cmake
[5.059s] -- Up-to-date: /home/DATA/DogRobot/ros2_ws/install/custom_interfaces/share/custom_interfaces/cmake/custom_interfaces__rosidl_typesupport_cExport.cmake
[5.059s] -- Up-to-date: /home/DATA/DogRobot/ros2_ws/install/custom_interfaces/share/custom_interfaces/cmake/custom_interfaces__rosidl_typesupport_cExport-noconfig.cmake
[5.059s] -- Up-to-date: /home/DATA/DogRobot/ros2_ws/install/custom_interfaces/share/custom_interfaces/cmake/export_custom_interfaces__rosidl_generator_cppExport.cmake
[5.059s] -- Up-to-date: /home/DATA/DogRobot/ros2_ws/install/custom_interfaces/share/custom_interfaces/cmake/export_custom_interfaces__rosidl_typesupport_fastrtps_cppExport.cmake
[5.059s] -- Up-to-date: /home/DATA/DogRobot/ros2_ws/install/custom_interfaces/share/custom_interfaces/cmake/export_custom_interfaces__rosidl_typesupport_fastrtps_cppExport-noconfig.cmake
[5.059s] -- Up-to-date: /home/DATA/DogRobot/ros2_ws/install/custom_interfaces/share/custom_interfaces/cmake/custom_interfaces__rosidl_typesupport_introspection_cppExport.cmake
[5.059s] -- Up-to-date: /home/DATA/DogRobot/ros2_ws/install/custom_interfaces/share/custom_interfaces/cmake/custom_interfaces__rosidl_typesupport_introspection_cppExport-noconfig.cmake
[5.059s] -- Up-to-date: /home/DATA/DogRobot/ros2_ws/install/custom_interfaces/share/custom_interfaces/cmake/custom_interfaces__rosidl_typesupport_cppExport.cmake
[5.059s] -- Up-to-date: /home/DATA/DogRobot/ros2_ws/install/custom_interfaces/share/custom_interfaces/cmake/custom_interfaces__rosidl_typesupport_cppExport-noconfig.cmake
[5.059s] -- Up-to-date: /home/DATA/DogRobot/ros2_ws/install/custom_interfaces/share/custom_interfaces/cmake/export_custom_interfaces__rosidl_generator_pyExport.cmake
[5.059s] -- Up-to-date: /home/DATA/DogRobot/ros2_ws/install/custom_interfaces/share/custom_interfaces/cmake/export_custom_interfaces__rosidl_generator_pyExport-noconfig.cmake
[5.059s] -- Installing: /home/DATA/DogRobot/ros2_ws/install/custom_interfaces/share/custom_interfaces/cmake/rosidl_cmake-extras.cmake
[5.059s] -- Up-to-date: /home/DATA/DogRobot/ros2_ws/install/custom_interfaces/share/custom_interfaces/cmake/ament_cmake_export_dependencies-extras.cmake
[5.060s] -- Up-to-date: /home/DATA/DogRobot/ros2_ws/install/custom_interfaces/share/custom_interfaces/cmake/ament_cmake_export_include_directories-extras.cmake
[5.060s] -- Up-to-date: /home/DATA/DogRobot/ros2_ws/install/custom_interfaces/share/custom_interfaces/cmake/ament_cmake_export_libraries-extras.cmake
[5.060s] -- Up-to-date: /home/DATA/DogRobot/ros2_ws/install/custom_interfaces/share/custom_interfaces/cmake/ament_cmake_export_targets-extras.cmake
[5.060s] -- Up-to-date: /home/DATA/DogRobot/ros2_ws/install/custom_interfaces/share/custom_interfaces/cmake/rosidl_cmake_export_typesupport_targets-extras.cmake
[5.060s] -- Up-to-date: /home/DATA/DogRobot/ros2_ws/install/custom_interfaces/share/custom_interfaces/cmake/rosidl_cmake_export_typesupport_libraries-extras.cmake
[5.060s] -- Up-to-date: /home/DATA/DogRobot/ros2_ws/install/custom_interfaces/share/custom_interfaces/cmake/custom_interfacesConfig.cmake
[5.060s] -- Up-to-date: /home/DATA/DogRobot/ros2_ws/install/custom_interfaces/share/custom_interfaces/cmake/custom_interfacesConfig-version.cmake
[5.060s] -- Up-to-date: /home/DATA/DogRobot/ros2_ws/install/custom_interfaces/share/custom_interfaces/package.xml
[5.061s] Invoked command in '/home/DATA/DogRobot/ros2_ws/build/custom_interfaces' returned '0': CMAKE_PREFIX_PATH=${CMAKE_PREFIX_PATH}:/home/DATA/DogRobot/ros2_ws/install/my_launch_package:/home/DATA/DogRobot/ros2_ws/install/gamepad_node:/home/DATA/DogRobot/ros2_ws/install/controller:/home/DATA/DogRobot/ros2_ws/install/add_integers:/home/DATA/DogRobot/ros2_ws/install/can_node:/opt/ros/jazzy DEBUGINFOD_URLS=https://debuginfod.ubuntu.com /usr/bin/cmake --install /home/DATA/DogRobot/ros2_ws/build/custom_interfaces
