[1.177s] Invoking command in '/home/DATA/DogRobot/ros2_ws/src/simulation_control': AMENT_PREFIX_PATH=/home/DATA/DogRobot/ros2_ws/install/custom_interfaces:${AMENT_PREFIX_PATH} CMAKE_PREFIX_PATH=/home/DATA/DogRobot/ros2_ws/install/custom_interfaces:${CMAKE_PREFIX_PATH} DEBUGINFOD_URLS=https://debuginfod.ubuntu.com LD_LIBRARY_PATH=/home/DATA/DogRobot/ros2_ws/install/custom_interfaces/lib:${LD_LIBRARY_PATH} PYTHONPATH=/home/DATA/DogRobot/ros2_ws/build/control/prefix_override:/usr/lib/python3/dist-packages/colcon_core/task/python/colcon_distutils_commands:/home/DATA/DogRobot/ros2_ws/install/control/lib/python3.12/site-packages:/home/DATA/DogRobot/ros2_ws/install/custom_interfaces/lib/python3.12/site-packages:${PYTHONPATH} /usr/bin/python3 -W ignore:setup.py install is deprecated setup.py egg_info --egg-base ../../build/control build --build-base /home/DATA/DogRobot/ros2_ws/build/control/build install --record /home/DATA/DogRobot/ros2_ws/build/control/install.log --single-version-externally-managed install_data
[1.519s] running egg_info
[1.548s] writing ../../build/control/control.egg-info/PKG-INFO
[1.548s] writing dependency_links to ../../build/control/control.egg-info/dependency_links.txt
[1.548s] writing entry points to ../../build/control/control.egg-info/entry_points.txt
[1.548s] writing requirements to ../../build/control/control.egg-info/requires.txt
[1.548s] writing top-level names to ../../build/control/control.egg-info/top_level.txt
[1.598s] reading manifest file '../../build/control/control.egg-info/SOURCES.txt'
[1.599s] adding license file 'LICENSE'
[1.599s] writing manifest file '../../build/control/control.egg-info/SOURCES.txt'
[1.600s] running build
[1.600s] running build_py
[1.600s] copying control/publish.py -> /home/DATA/DogRobot/ros2_ws/build/control/build/lib/control
[1.600s] running install
[1.608s] running install_lib
[1.636s] copying /home/DATA/DogRobot/ros2_ws/build/control/build/lib/control/publish.py -> /home/DATA/DogRobot/ros2_ws/install/control/lib/python3.12/site-packages/control
[1.637s] byte-compiling /home/DATA/DogRobot/ros2_ws/install/control/lib/python3.12/site-packages/control/publish.py to publish.cpython-312.pyc
[1.638s] running install_data
[1.638s] running install_egg_info
[1.666s] removing '/home/DATA/DogRobot/ros2_ws/install/control/lib/python3.12/site-packages/control-0.0.0-py3.12.egg-info' (and everything under it)
[1.666s] Copying ../../build/control/control.egg-info to /home/DATA/DogRobot/ros2_ws/install/control/lib/python3.12/site-packages/control-0.0.0-py3.12.egg-info
[1.667s] running install_scripts
[1.837s] Installing sim script to /home/DATA/DogRobot/ros2_ws/install/control/lib/control
[1.837s] writing list of installed files to '/home/DATA/DogRobot/ros2_ws/build/control/install.log'
[1.866s] Invoked command in '/home/DATA/DogRobot/ros2_ws/src/simulation_control' returned '0': AMENT_PREFIX_PATH=/home/DATA/DogRobot/ros2_ws/install/custom_interfaces:${AMENT_PREFIX_PATH} CMAKE_PREFIX_PATH=/home/DATA/DogRobot/ros2_ws/install/custom_interfaces:${CMAKE_PREFIX_PATH} DEBUGINFOD_URLS=https://debuginfod.ubuntu.com LD_LIBRARY_PATH=/home/DATA/DogRobot/ros2_ws/install/custom_interfaces/lib:${LD_LIBRARY_PATH} PYTHONPATH=/home/DATA/DogRobot/ros2_ws/build/control/prefix_override:/usr/lib/python3/dist-packages/colcon_core/task/python/colcon_distutils_commands:/home/DATA/DogRobot/ros2_ws/install/control/lib/python3.12/site-packages:/home/DATA/DogRobot/ros2_ws/install/custom_interfaces/lib/python3.12/site-packages:${PYTHONPATH} /usr/bin/python3 -W ignore:setup.py install is deprecated setup.py egg_info --egg-base ../../build/control build --build-base /home/DATA/DogRobot/ros2_ws/build/control/build install --record /home/DATA/DogRobot/ros2_ws/build/control/install.log --single-version-externally-managed install_data
