[4.997s] Invoking command in '/home/vuong/Project/ROS2/ros2_ws/src/controller': DEBUGINFOD_URLS=https://debuginfod.ubuntu.com PYTHONPATH=/home/vuong/Project/ROS2/ros2_ws/build/controller/prefix_override:/usr/lib/python3/dist-packages/colcon_core/task/python/colcon_distutils_commands:/home/vuong/Project/ROS2/ros2_ws/install/controller/lib/python3.12/site-packages:${PYTHONPATH} /usr/bin/python3 -W ignore:setup.py install is deprecated setup.py egg_info --egg-base ../../build/controller build --build-base /home/vuong/Project/ROS2/ros2_ws/build/controller/build install --record /home/vuong/Project/ROS2/ros2_ws/build/controller/install.log --single-version-externally-managed install_data
[5.704s] running egg_info
[5.706s] creating ../../build/controller/controller.egg-info
[5.732s] writing ../../build/controller/controller.egg-info/PKG-INFO
[5.734s] writing dependency_links to ../../build/controller/controller.egg-info/dependency_links.txt
[5.734s] writing entry points to ../../build/controller/controller.egg-info/entry_points.txt
[5.734s] writing requirements to ../../build/controller/controller.egg-info/requires.txt
[5.736s] writing top-level names to ../../build/controller/controller.egg-info/top_level.txt
[5.736s] writing manifest file '../../build/controller/controller.egg-info/SOURCES.txt'
[5.785s] reading manifest file '../../build/controller/controller.egg-info/SOURCES.txt'
[5.785s] writing manifest file '../../build/controller/controller.egg-info/SOURCES.txt'
[5.786s] running build
[5.786s] running build_py
[5.787s] creating /home/vuong/Project/ROS2/ros2_ws/build/controller/build
[5.787s] creating /home/vuong/Project/ROS2/ros2_ws/build/controller/build/lib
[5.787s] creating /home/vuong/Project/ROS2/ros2_ws/build/controller/build/lib/controller
[5.787s] copying controller/can_controller.py -> /home/vuong/Project/ROS2/ros2_ws/build/controller/build/lib/controller
[5.787s] copying controller/__init__.py -> /home/vuong/Project/ROS2/ros2_ws/build/controller/build/lib/controller
[5.787s] copying controller/subcriber.py -> /home/vuong/Project/ROS2/ros2_ws/build/controller/build/lib/controller
[5.788s] copying controller/publisher.py -> /home/vuong/Project/ROS2/ros2_ws/build/controller/build/lib/controller
[5.788s] running install
[5.797s] running install_lib
[5.826s] creating /home/vuong/Project/ROS2/ros2_ws/install/controller/lib/python3.12/site-packages/controller
[5.826s] copying /home/vuong/Project/ROS2/ros2_ws/build/controller/build/lib/controller/can_controller.py -> /home/vuong/Project/ROS2/ros2_ws/install/controller/lib/python3.12/site-packages/controller
[5.826s] copying /home/vuong/Project/ROS2/ros2_ws/build/controller/build/lib/controller/__init__.py -> /home/vuong/Project/ROS2/ros2_ws/install/controller/lib/python3.12/site-packages/controller
[5.827s] copying /home/vuong/Project/ROS2/ros2_ws/build/controller/build/lib/controller/subcriber.py -> /home/vuong/Project/ROS2/ros2_ws/install/controller/lib/python3.12/site-packages/controller
[5.827s] copying /home/vuong/Project/ROS2/ros2_ws/build/controller/build/lib/controller/publisher.py -> /home/vuong/Project/ROS2/ros2_ws/install/controller/lib/python3.12/site-packages/controller
[5.828s] byte-compiling /home/vuong/Project/ROS2/ros2_ws/install/controller/lib/python3.12/site-packages/controller/can_controller.py to can_controller.cpython-312.pyc
[5.832s] byte-compiling /home/vuong/Project/ROS2/ros2_ws/install/controller/lib/python3.12/site-packages/controller/__init__.py to __init__.cpython-312.pyc
[5.832s] byte-compiling /home/vuong/Project/ROS2/ros2_ws/install/controller/lib/python3.12/site-packages/controller/subcriber.py to subcriber.cpython-312.pyc
[5.832s] byte-compiling /home/vuong/Project/ROS2/ros2_ws/install/controller/lib/python3.12/site-packages/controller/publisher.py to publisher.cpython-312.pyc
[5.834s] running install_data
[5.834s] creating /home/vuong/Project/ROS2/ros2_ws/install/controller/share/ament_index
[5.834s] creating /home/vuong/Project/ROS2/ros2_ws/install/controller/share/ament_index/resource_index
[5.834s] creating /home/vuong/Project/ROS2/ros2_ws/install/controller/share/ament_index/resource_index/packages
[5.834s] copying resource/controller -> /home/vuong/Project/ROS2/ros2_ws/install/controller/share/ament_index/resource_index/packages
[5.834s] copying package.xml -> /home/vuong/Project/ROS2/ros2_ws/install/controller/share/controller
[5.835s] running install_egg_info
[5.866s] Copying ../../build/controller/controller.egg-info to /home/vuong/Project/ROS2/ros2_ws/install/controller/lib/python3.12/site-packages/controller-0.0.0-py3.12.egg-info
[5.868s] running install_scripts
[6.140s] Installing test_node script to /home/vuong/Project/ROS2/ros2_ws/install/controller/lib/controller
[6.141s] writing list of installed files to '/home/vuong/Project/ROS2/ros2_ws/build/controller/install.log'
[6.180s] Invoked command in '/home/vuong/Project/ROS2/ros2_ws/src/controller' returned '0': DEBUGINFOD_URLS=https://debuginfod.ubuntu.com PYTHONPATH=/home/vuong/Project/ROS2/ros2_ws/build/controller/prefix_override:/usr/lib/python3/dist-packages/colcon_core/task/python/colcon_distutils_commands:/home/vuong/Project/ROS2/ros2_ws/install/controller/lib/python3.12/site-packages:${PYTHONPATH} /usr/bin/python3 -W ignore:setup.py install is deprecated setup.py egg_info --egg-base ../../build/controller build --build-base /home/vuong/Project/ROS2/ros2_ws/build/controller/build install --record /home/vuong/Project/ROS2/ros2_ws/build/controller/install.log --single-version-externally-managed install_data
