[0.305s] Invoking command in '/home/DATA/DogRobot/ros2_ws/build/simulation': CMAKE_PREFIX_PATH=${CMAKE_PREFIX_PATH}:/opt/ros/jazzy DEBUGINFOD_URLS=https://debuginfod.ubuntu.com /usr/bin/cmake --build /home/DATA/DogRobot/ros2_ws/build/simulation -- -j8 -l8
[0.345s] Invoked command in '/home/DATA/DogRobot/ros2_ws/build/simulation' returned '0': CMAKE_PREFIX_PATH=${CMAKE_PREFIX_PATH}:/opt/ros/jazzy DEBUGINFOD_URLS=https://debuginfod.ubuntu.com /usr/bin/cmake --build /home/DATA/DogRobot/ros2_ws/build/simulation -- -j8 -l8
[0.373s] Invoking command in '/home/DATA/DogRobot/ros2_ws/build/simulation': CMAKE_PREFIX_PATH=${CMAKE_PREFIX_PATH}:/opt/ros/jazzy DEBUGINFOD_URLS=https://debuginfod.ubuntu.com /usr/bin/cmake --install /home/DATA/DogRobot/ros2_ws/build/simulation
[0.383s] -- Install configuration: ""
[0.384s] -- Up-to-date: /home/DATA/DogRobot/ros2_ws/install/simulation/share/simulation/images
[0.384s] -- Up-to-date: /home/DATA/DogRobot/ros2_ws/install/simulation/share/simulation/images/multipleshapes.png
[0.384s] -- Up-to-date: /home/DATA/DogRobot/ros2_ws/install/simulation/share/simulation/images/flexible.png
[0.384s] -- Up-to-date: /home/DATA/DogRobot/ros2_ws/install/simulation/share/simulation/images/materials.png
[0.384s] -- Up-to-date: /home/DATA/DogRobot/ros2_ws/install/simulation/share/simulation/images/origins.png
[0.384s] -- Up-to-date: /home/DATA/DogRobot/ros2_ws/install/simulation/share/simulation/images/myfirst.png
[0.385s] -- Up-to-date: /home/DATA/DogRobot/ros2_ws/install/simulation/share/simulation/images/visual.png
[0.385s] -- Up-to-date: /home/DATA/DogRobot/ros2_ws/install/simulation/share/simulation/launch
[0.385s] -- Up-to-date: /home/DATA/DogRobot/ros2_ws/install/simulation/share/simulation/launch/display.launch.py
[0.385s] -- Up-to-date: /home/DATA/DogRobot/ros2_ws/install/simulation/share/simulation/meshes
[0.385s] -- Up-to-date: /home/DATA/DogRobot/ros2_ws/install/simulation/share/simulation/meshes/l_finger_tip_color.png
[0.386s] -- Up-to-date: /home/DATA/DogRobot/ros2_ws/install/simulation/share/simulation/meshes/l_finger_color.png
[0.386s] -- Up-to-date: /home/DATA/DogRobot/ros2_ws/install/simulation/share/simulation/meshes/l_finger_tip.dae
[0.386s] -- Up-to-date: /home/DATA/DogRobot/ros2_ws/install/simulation/share/simulation/meshes/l_finger.dae
[0.386s] -- Up-to-date: /home/DATA/DogRobot/ros2_ws/install/simulation/share/simulation/rviz
[0.386s] -- Up-to-date: /home/DATA/DogRobot/ros2_ws/install/simulation/share/simulation/rviz/urdf.rviz
[0.386s] -- Up-to-date: /home/DATA/DogRobot/ros2_ws/install/simulation/share/simulation/urdf
[0.386s] -- Up-to-date: /home/DATA/DogRobot/ros2_ws/install/simulation/share/simulation/urdf/robot.urdf
[0.387s] -- Up-to-date: /home/DATA/DogRobot/ros2_ws/install/simulation/share/ament_index/resource_index/package_run_dependencies/simulation
[0.387s] -- Up-to-date: /home/DATA/DogRobot/ros2_ws/install/simulation/share/ament_index/resource_index/parent_prefix_path/simulation
[0.387s] -- Up-to-date: /home/DATA/DogRobot/ros2_ws/install/simulation/share/simulation/environment/ament_prefix_path.sh
[0.387s] -- Up-to-date: /home/DATA/DogRobot/ros2_ws/install/simulation/share/simulation/environment/ament_prefix_path.dsv
[0.388s] -- Up-to-date: /home/DATA/DogRobot/ros2_ws/install/simulation/share/simulation/environment/path.sh
[0.390s] -- Up-to-date: /home/DATA/DogRobot/ros2_ws/install/simulation/share/simulation/environment/path.dsv
[0.391s] -- Up-to-date: /home/DATA/DogRobot/ros2_ws/install/simulation/share/simulation/local_setup.bash
[0.391s] -- Up-to-date: /home/DATA/DogRobot/ros2_ws/install/simulation/share/simulation/local_setup.sh
[0.391s] -- Up-to-date: /home/DATA/DogRobot/ros2_ws/install/simulation/share/simulation/local_setup.zsh
[0.391s] -- Up-to-date: /home/DATA/DogRobot/ros2_ws/install/simulation/share/simulation/local_setup.dsv
[0.392s] -- Installing: /home/DATA/DogRobot/ros2_ws/install/simulation/share/simulation/package.dsv
[0.392s] -- Up-to-date: /home/DATA/DogRobot/ros2_ws/install/simulation/share/ament_index/resource_index/packages/simulation
[0.392s] -- Up-to-date: /home/DATA/DogRobot/ros2_ws/install/simulation/share/simulation/cmake/simulationConfig.cmake
[0.392s] -- Up-to-date: /home/DATA/DogRobot/ros2_ws/install/simulation/share/simulation/cmake/simulationConfig-version.cmake
[0.392s] -- Up-to-date: /home/DATA/DogRobot/ros2_ws/install/simulation/share/simulation/package.xml
[0.393s] Invoked command in '/home/DATA/DogRobot/ros2_ws/build/simulation' returned '0': CMAKE_PREFIX_PATH=${CMAKE_PREFIX_PATH}:/opt/ros/jazzy DEBUGINFOD_URLS=https://debuginfod.ubuntu.com /usr/bin/cmake --install /home/DATA/DogRobot/ros2_ws/build/simulation
