[2.003s] Invoking command in '/home/DATA/DogRobot/ros2_ws/src/controller': DEBUGINFOD_URLS=https://debuginfod.ubuntu.com PYTHONPATH=/home/DATA/DogRobot/ros2_ws/build/controller/prefix_override:/usr/lib/python3/dist-packages/colcon_core/task/python/colcon_distutils_commands:/home/DATA/DogRobot/ros2_ws/install/controller/lib/python3.12/site-packages:${PYTHONPATH} /usr/bin/python3 -W ignore:setup.py install is deprecated setup.py egg_info --egg-base ../../build/controller build --build-base /home/DATA/DogRobot/ros2_ws/build/controller/build install --record /home/DATA/DogRobot/ros2_ws/build/controller/install.log --single-version-externally-managed install_data
[2.352s] running egg_info
[2.378s] writing ../../build/controller/controller.egg-info/PKG-INFO
[2.378s] writing dependency_links to ../../build/controller/controller.egg-info/dependency_links.txt
[2.379s] writing entry points to ../../build/controller/controller.egg-info/entry_points.txt
[2.379s] writing requirements to ../../build/controller/controller.egg-info/requires.txt
[2.379s] writing top-level names to ../../build/controller/controller.egg-info/top_level.txt
[2.441s] reading manifest file '../../build/controller/controller.egg-info/SOURCES.txt'
[2.443s] writing manifest file '../../build/controller/controller.egg-info/SOURCES.txt'
[2.445s] running build
[2.445s] running build_py
[2.445s] copying controller/readIMU.py -> /home/DATA/DogRobot/ros2_ws/build/controller/build/lib/controller
[2.446s] copying controller/kinematicRobot.py -> /home/DATA/DogRobot/ros2_ws/build/controller/build/lib/controller
[2.446s] copying controller/quadrupedRobot.py -> /home/DATA/DogRobot/ros2_ws/build/controller/build/lib/controller
[2.446s] running install
[2.454s] running install_lib
[2.479s] copying /home/DATA/DogRobot/ros2_ws/build/controller/build/lib/controller/readIMU.py -> /home/DATA/DogRobot/ros2_ws/install/controller/lib/python3.12/site-packages/controller
[2.479s] copying /home/DATA/DogRobot/ros2_ws/build/controller/build/lib/controller/kinematicRobot.py -> /home/DATA/DogRobot/ros2_ws/install/controller/lib/python3.12/site-packages/controller
[2.479s] copying /home/DATA/DogRobot/ros2_ws/build/controller/build/lib/controller/quadrupedRobot.py -> /home/DATA/DogRobot/ros2_ws/install/controller/lib/python3.12/site-packages/controller
[2.481s] byte-compiling /home/DATA/DogRobot/ros2_ws/install/controller/lib/python3.12/site-packages/controller/readIMU.py to readIMU.cpython-312.pyc
[2.481s] byte-compiling /home/DATA/DogRobot/ros2_ws/install/controller/lib/python3.12/site-packages/controller/kinematicRobot.py to kinematicRobot.cpython-312.pyc
[2.486s] byte-compiling /home/DATA/DogRobot/ros2_ws/install/controller/lib/python3.12/site-packages/controller/quadrupedRobot.py to quadrupedRobot.cpython-312.pyc
[2.488s] running install_data
[2.488s] running install_egg_info
[2.516s] removing '/home/DATA/DogRobot/ros2_ws/install/controller/lib/python3.12/site-packages/controller-0.0.0-py3.12.egg-info' (and everything under it)
[2.519s] Copying ../../build/controller/controller.egg-info to /home/DATA/DogRobot/ros2_ws/install/controller/lib/python3.12/site-packages/controller-0.0.0-py3.12.egg-info
[2.520s] running install_scripts
[2.687s] Installing control script to /home/DATA/DogRobot/ros2_ws/install/controller/lib/controller
[2.688s] writing list of installed files to '/home/DATA/DogRobot/ros2_ws/build/controller/install.log'
[2.752s] Invoked command in '/home/DATA/DogRobot/ros2_ws/src/controller' returned '0': DEBUGINFOD_URLS=https://debuginfod.ubuntu.com PYTHONPATH=/home/DATA/DogRobot/ros2_ws/build/controller/prefix_override:/usr/lib/python3/dist-packages/colcon_core/task/python/colcon_distutils_commands:/home/DATA/DogRobot/ros2_ws/install/controller/lib/python3.12/site-packages:${PYTHONPATH} /usr/bin/python3 -W ignore:setup.py install is deprecated setup.py egg_info --egg-base ../../build/controller build --build-base /home/DATA/DogRobot/ros2_ws/build/controller/build install --record /home/DATA/DogRobot/ros2_ws/build/controller/install.log --single-version-externally-managed install_data
