running egg_info
creating ../../build/controller/controller.egg-info
writing ../../build/controller/controller.egg-info/PKG-INFO
writing dependency_links to ../../build/controller/controller.egg-info/dependency_links.txt
writing entry points to ../../build/controller/controller.egg-info/entry_points.txt
writing requirements to ../../build/controller/controller.egg-info/requires.txt
writing top-level names to ../../build/controller/controller.egg-info/top_level.txt
writing manifest file '../../build/controller/controller.egg-info/SOURCES.txt'
reading manifest file '../../build/controller/controller.egg-info/SOURCES.txt'
writing manifest file '../../build/controller/controller.egg-info/SOURCES.txt'
running build
running build_py
creating /home/DATA/DogRobot/ros2_ws/build/controller/build
creating /home/DATA/DogRobot/ros2_ws/build/controller/build/lib
creating /home/DATA/DogRobot/ros2_ws/build/controller/build/lib/controller
copying controller/convertGlobal2LocalCoordinate.py -> /home/DATA/DogRobot/ros2_ws/build/controller/build/lib/controller
copying controller/readIMU.py -> /home/DATA/DogRobot/ros2_ws/build/controller/build/lib/controller
copying controller/kinematicRobot.py -> /home/DATA/DogRobot/ros2_ws/build/controller/build/lib/controller
copying controller/move_control.py -> /home/DATA/DogRobot/ros2_ws/build/controller/build/lib/controller
copying controller/__init__.py -> /home/DATA/DogRobot/ros2_ws/build/controller/build/lib/controller
copying controller/quadrupedRobot.py -> /home/DATA/DogRobot/ros2_ws/build/controller/build/lib/controller
copying controller/convertAngle2Position.py -> /home/DATA/DogRobot/ros2_ws/build/controller/build/lib/controller
running install
running install_lib
creating /home/DATA/DogRobot/ros2_ws/install/controller/lib/python3.12/site-packages/controller
copying /home/DATA/DogRobot/ros2_ws/build/controller/build/lib/controller/convertGlobal2LocalCoordinate.py -> /home/DATA/DogRobot/ros2_ws/install/controller/lib/python3.12/site-packages/controller
copying /home/DATA/DogRobot/ros2_ws/build/controller/build/lib/controller/readIMU.py -> /home/DATA/DogRobot/ros2_ws/install/controller/lib/python3.12/site-packages/controller
copying /home/DATA/DogRobot/ros2_ws/build/controller/build/lib/controller/kinematicRobot.py -> /home/DATA/DogRobot/ros2_ws/install/controller/lib/python3.12/site-packages/controller
copying /home/DATA/DogRobot/ros2_ws/build/controller/build/lib/controller/move_control.py -> /home/DATA/DogRobot/ros2_ws/install/controller/lib/python3.12/site-packages/controller
copying /home/DATA/DogRobot/ros2_ws/build/controller/build/lib/controller/__init__.py -> /home/DATA/DogRobot/ros2_ws/install/controller/lib/python3.12/site-packages/controller
copying /home/DATA/DogRobot/ros2_ws/build/controller/build/lib/controller/quadrupedRobot.py -> /home/DATA/DogRobot/ros2_ws/install/controller/lib/python3.12/site-packages/controller
copying /home/DATA/DogRobot/ros2_ws/build/controller/build/lib/controller/convertAngle2Position.py -> /home/DATA/DogRobot/ros2_ws/install/controller/lib/python3.12/site-packages/controller
byte-compiling /home/DATA/DogRobot/ros2_ws/install/controller/lib/python3.12/site-packages/controller/convertGlobal2LocalCoordinate.py to convertGlobal2LocalCoordinate.cpython-312.pyc
byte-compiling /home/DATA/DogRobot/ros2_ws/install/controller/lib/python3.12/site-packages/controller/readIMU.py to readIMU.cpython-312.pyc
byte-compiling /home/DATA/DogRobot/ros2_ws/install/controller/lib/python3.12/site-packages/controller/kinematicRobot.py to kinematicRobot.cpython-312.pyc
byte-compiling /home/DATA/DogRobot/ros2_ws/install/controller/lib/python3.12/site-packages/controller/move_control.py to move_control.cpython-312.pyc
byte-compiling /home/DATA/DogRobot/ros2_ws/install/controller/lib/python3.12/site-packages/controller/__init__.py to __init__.cpython-312.pyc
byte-compiling /home/DATA/DogRobot/ros2_ws/install/controller/lib/python3.12/site-packages/controller/quadrupedRobot.py to quadrupedRobot.cpython-312.pyc
byte-compiling /home/DATA/DogRobot/ros2_ws/install/controller/lib/python3.12/site-packages/controller/convertAngle2Position.py to convertAngle2Position.cpython-312.pyc
running install_data
creating /home/DATA/DogRobot/ros2_ws/install/controller/share/ament_index
creating /home/DATA/DogRobot/ros2_ws/install/controller/share/ament_index/resource_index
creating /home/DATA/DogRobot/ros2_ws/install/controller/share/ament_index/resource_index/packages
copying resource/controller -> /home/DATA/DogRobot/ros2_ws/install/controller/share/ament_index/resource_index/packages
copying package.xml -> /home/DATA/DogRobot/ros2_ws/install/controller/share/controller
running install_egg_info
Copying ../../build/controller/controller.egg-info to /home/DATA/DogRobot/ros2_ws/install/controller/lib/python3.12/site-packages/controller-0.0.0-py3.12.egg-info
running install_scripts
Installing control script to /home/DATA/DogRobot/ros2_ws/install/controller/lib/controller
writing list of installed files to '/home/DATA/DogRobot/ros2_ws/build/controller/install.log'
