[2.045s] Invoking command in '/home/DATA/DogRobot/ros2_ws/src/simulation_control': DEBUGINFOD_URLS=https://debuginfod.ubuntu.com PYTHONPATH=/home/DATA/DogRobot/ros2_ws/build/control/prefix_override:/usr/lib/python3/dist-packages/colcon_core/task/python/colcon_distutils_commands:/home/DATA/DogRobot/ros2_ws/install/control/lib/python3.12/site-packages:${PYTHONPATH} /usr/bin/python3 -W ignore:setup.py install is deprecated setup.py egg_info --egg-base ../../build/control build --build-base /home/DATA/DogRobot/ros2_ws/build/control/build install --record /home/DATA/DogRobot/ros2_ws/build/control/install.log --single-version-externally-managed install_data
[2.523s] running egg_info
[2.561s] writing ../../build/control/control.egg-info/PKG-INFO
[2.562s] writing dependency_links to ../../build/control/control.egg-info/dependency_links.txt
[2.563s] writing entry points to ../../build/control/control.egg-info/entry_points.txt
[2.563s] writing requirements to ../../build/control/control.egg-info/requires.txt
[2.563s] writing top-level names to ../../build/control/control.egg-info/top_level.txt
[2.620s] reading manifest file '../../build/control/control.egg-info/SOURCES.txt'
[2.621s] adding license file 'LICENSE'
[2.621s] writing manifest file '../../build/control/control.egg-info/SOURCES.txt'
[2.622s] running build
[2.622s] running build_py
[2.624s] running install
[2.633s] running install_lib
[2.665s] running install_data
[2.666s] running install_egg_info
[2.694s] removing '/home/DATA/DogRobot/ros2_ws/install/control/lib/python3.12/site-packages/control-0.0.0-py3.12.egg-info' (and everything under it)
[2.694s] Copying ../../build/control/control.egg-info to /home/DATA/DogRobot/ros2_ws/install/control/lib/python3.12/site-packages/control-0.0.0-py3.12.egg-info
[2.695s] running install_scripts
[2.877s] Installing control script to /home/DATA/DogRobot/ros2_ws/install/control/lib/control
[2.877s] writing list of installed files to '/home/DATA/DogRobot/ros2_ws/build/control/install.log'
[2.941s] Invoked command in '/home/DATA/DogRobot/ros2_ws/src/simulation_control' returned '0': DEBUGINFOD_URLS=https://debuginfod.ubuntu.com PYTHONPATH=/home/DATA/DogRobot/ros2_ws/build/control/prefix_override:/usr/lib/python3/dist-packages/colcon_core/task/python/colcon_distutils_commands:/home/DATA/DogRobot/ros2_ws/install/control/lib/python3.12/site-packages:${PYTHONPATH} /usr/bin/python3 -W ignore:setup.py install is deprecated setup.py egg_info --egg-base ../../build/control build --build-base /home/DATA/DogRobot/ros2_ws/build/control/build install --record /home/DATA/DogRobot/ros2_ws/build/control/install.log --single-version-externally-managed install_data
