running egg_info
writing ../../build/can_node/can_node.egg-info/PKG-INFO
writing dependency_links to ../../build/can_node/can_node.egg-info/dependency_links.txt
writing entry points to ../../build/can_node/can_node.egg-info/entry_points.txt
writing requirements to ../../build/can_node/can_node.egg-info/requires.txt
writing top-level names to ../../build/can_node/can_node.egg-info/top_level.txt
reading manifest file '../../build/can_node/can_node.egg-info/SOURCES.txt'
writing manifest file '../../build/can_node/can_node.egg-info/SOURCES.txt'
running build
running build_py
copying can_node/publisher.py -> /home/DATA/DogRobot/ros2_ws/build/can_node/build/lib/can_node
copying can_node/subcriber.py -> /home/DATA/DogRobot/ros2_ws/build/can_node/build/lib/can_node
running install
running install_lib
copying /home/DATA/DogRobot/ros2_ws/build/can_node/build/lib/can_node/publisher.py -> /home/DATA/DogRobot/ros2_ws/install/can_node/lib/python3.12/site-packages/can_node
copying /home/DATA/DogRobot/ros2_ws/build/can_node/build/lib/can_node/subcriber.py -> /home/DATA/DogRobot/ros2_ws/install/can_node/lib/python3.12/site-packages/can_node
byte-compiling /home/DATA/DogRobot/ros2_ws/install/can_node/lib/python3.12/site-packages/can_node/publisher.py to publisher.cpython-312.pyc
byte-compiling /home/DATA/DogRobot/ros2_ws/install/can_node/lib/python3.12/site-packages/can_node/subcriber.py to subcriber.cpython-312.pyc
running install_data
copying package.xml -> /home/DATA/DogRobot/ros2_ws/install/can_node/share/can_node
running install_egg_info
removing '/home/DATA/DogRobot/ros2_ws/install/can_node/lib/python3.12/site-packages/can_node-0.0.0-py3.12.egg-info' (and everything under it)
Copying ../../build/can_node/can_node.egg-info to /home/DATA/DogRobot/ros2_ws/install/can_node/lib/python3.12/site-packages/can_node-0.0.0-py3.12.egg-info
running install_scripts
Installing listener script to /home/DATA/DogRobot/ros2_ws/install/can_node/lib/can_node
Installing talker script to /home/DATA/DogRobot/ros2_ws/install/can_node/lib/can_node
writing list of installed files to '/home/DATA/DogRobot/ros2_ws/build/can_node/install.log'
