[0.977s] Invoking command in '/home/DATA/DogRobot/ros2_ws/src/controller': DEBUGINFOD_URLS=https://debuginfod.ubuntu.com PYTHONPATH=/home/DATA/DogRobot/ros2_ws/build/controller/prefix_override:/usr/lib/python3/dist-packages/colcon_core/task/python/colcon_distutils_commands:/home/DATA/DogRobot/ros2_ws/install/controller/lib/python3.12/site-packages:${PYTHONPATH} /usr/bin/python3 -W ignore:setup.py install is deprecated setup.py egg_info --egg-base ../../build/controller build --build-base /home/DATA/DogRobot/ros2_ws/build/controller/build install --record /home/DATA/DogRobot/ros2_ws/build/controller/install.log --single-version-externally-managed install_data
[1.275s] running egg_info
[1.297s] writing ../../build/controller/controller.egg-info/PKG-INFO
[1.297s] writing dependency_links to ../../build/controller/controller.egg-info/dependency_links.txt
[1.298s] writing entry points to ../../build/controller/controller.egg-info/entry_points.txt
[1.298s] writing requirements to ../../build/controller/controller.egg-info/requires.txt
[1.298s] writing top-level names to ../../build/controller/controller.egg-info/top_level.txt
[1.354s] reading manifest file '../../build/controller/controller.egg-info/SOURCES.txt'
[1.355s] writing manifest file '../../build/controller/controller.egg-info/SOURCES.txt'
[1.355s] running build
[1.355s] running build_py
[1.356s] copying controller/quadrupedRobot.py -> /home/DATA/DogRobot/ros2_ws/build/controller/build/lib/controller
[1.356s] running install
[1.366s] running install_lib
[1.404s] copying /home/DATA/DogRobot/ros2_ws/build/controller/build/lib/controller/quadrupedRobot.py -> /home/DATA/DogRobot/ros2_ws/install/controller/lib/python3.12/site-packages/controller
[1.404s] byte-compiling /home/DATA/DogRobot/ros2_ws/install/controller/lib/python3.12/site-packages/controller/quadrupedRobot.py to quadrupedRobot.cpython-312.pyc
[1.406s] running install_data
[1.407s] running install_egg_info
[1.437s] removing '/home/DATA/DogRobot/ros2_ws/install/controller/lib/python3.12/site-packages/controller-0.0.0-py3.12.egg-info' (and everything under it)
[1.437s] Copying ../../build/controller/controller.egg-info to /home/DATA/DogRobot/ros2_ws/install/controller/lib/python3.12/site-packages/controller-0.0.0-py3.12.egg-info
[1.438s] running install_scripts
[1.602s] Installing control script to /home/DATA/DogRobot/ros2_ws/install/controller/lib/controller
[1.602s] writing list of installed files to '/home/DATA/DogRobot/ros2_ws/build/controller/install.log'
[1.635s] Invoked command in '/home/DATA/DogRobot/ros2_ws/src/controller' returned '0': DEBUGINFOD_URLS=https://debuginfod.ubuntu.com PYTHONPATH=/home/DATA/DogRobot/ros2_ws/build/controller/prefix_override:/usr/lib/python3/dist-packages/colcon_core/task/python/colcon_distutils_commands:/home/DATA/DogRobot/ros2_ws/install/controller/lib/python3.12/site-packages:${PYTHONPATH} /usr/bin/python3 -W ignore:setup.py install is deprecated setup.py egg_info --egg-base ../../build/controller build --build-base /home/DATA/DogRobot/ros2_ws/build/controller/build install --record /home/DATA/DogRobot/ros2_ws/build/controller/install.log --single-version-externally-managed install_data
