[0.850s] Invoking command in '/home/DATA/DogRobot/ros2_ws/src/add_integers': AMENT_PREFIX_PATH=/home/DATA/DogRobot/ros2_ws/install/custom_interfaces:${AMENT_PREFIX_PATH} CMAKE_PREFIX_PATH=/home/DATA/DogRobot/ros2_ws/install/custom_interfaces:${CMAKE_PREFIX_PATH} DEBUGINFOD_URLS=https://debuginfod.ubuntu.com LD_LIBRARY_PATH=/home/DATA/DogRobot/ros2_ws/install/custom_interfaces/lib:${LD_LIBRARY_PATH} PYTHONPATH=/home/DATA/DogRobot/ros2_ws/build/add_integers/prefix_override:/usr/lib/python3/dist-packages/colcon_core/task/python/colcon_distutils_commands:/home/DATA/DogRobot/ros2_ws/install/add_integers/lib/python3.12/site-packages:/home/DATA/DogRobot/ros2_ws/install/custom_interfaces/lib/python3.12/site-packages:${PYTHONPATH} /usr/bin/python3 -W ignore:setup.py install is deprecated setup.py egg_info --egg-base ../../build/add_integers build --build-base /home/DATA/DogRobot/ros2_ws/build/add_integers/build install --record /home/DATA/DogRobot/ros2_ws/build/add_integers/install.log --single-version-externally-managed install_data
[1.135s] running egg_info
[1.156s] writing ../../build/add_integers/add_integers.egg-info/PKG-INFO
[1.157s] writing dependency_links to ../../build/add_integers/add_integers.egg-info/dependency_links.txt
[1.157s] writing entry points to ../../build/add_integers/add_integers.egg-info/entry_points.txt
[1.157s] writing requirements to ../../build/add_integers/add_integers.egg-info/requires.txt
[1.157s] writing top-level names to ../../build/add_integers/add_integers.egg-info/top_level.txt
[1.201s] reading manifest file '../../build/add_integers/add_integers.egg-info/SOURCES.txt'
[1.201s] writing manifest file '../../build/add_integers/add_integers.egg-info/SOURCES.txt'
[1.201s] running build
[1.202s] running build_py
[1.202s] copying add_integers/client_node.py -> /home/DATA/DogRobot/ros2_ws/build/add_integers/build/lib/add_integers
[1.202s] copying add_integers/service_node.py -> /home/DATA/DogRobot/ros2_ws/build/add_integers/build/lib/add_integers
[1.202s] running install
[1.208s] running install_lib
[1.230s] copying /home/DATA/DogRobot/ros2_ws/build/add_integers/build/lib/add_integers/client_node.py -> /home/DATA/DogRobot/ros2_ws/install/add_integers/lib/python3.12/site-packages/add_integers
[1.230s] copying /home/DATA/DogRobot/ros2_ws/build/add_integers/build/lib/add_integers/service_node.py -> /home/DATA/DogRobot/ros2_ws/install/add_integers/lib/python3.12/site-packages/add_integers
[1.230s] byte-compiling /home/DATA/DogRobot/ros2_ws/install/add_integers/lib/python3.12/site-packages/add_integers/client_node.py to client_node.cpython-312.pyc
[1.231s] byte-compiling /home/DATA/DogRobot/ros2_ws/install/add_integers/lib/python3.12/site-packages/add_integers/service_node.py to service_node.cpython-312.pyc
[1.231s] running install_data
[1.232s] running install_egg_info
[1.254s] removing '/home/DATA/DogRobot/ros2_ws/install/add_integers/lib/python3.12/site-packages/add_integers-0.0.0-py3.12.egg-info' (and everything under it)
[1.254s] Copying ../../build/add_integers/add_integers.egg-info to /home/DATA/DogRobot/ros2_ws/install/add_integers/lib/python3.12/site-packages/add_integers-0.0.0-py3.12.egg-info
[1.255s] running install_scripts
[1.394s] Installing addition_client script to /home/DATA/DogRobot/ros2_ws/install/add_integers/lib/add_integers
[1.394s] Installing addition_service script to /home/DATA/DogRobot/ros2_ws/install/add_integers/lib/add_integers
[1.394s] writing list of installed files to '/home/DATA/DogRobot/ros2_ws/build/add_integers/install.log'
[1.421s] Invoked command in '/home/DATA/DogRobot/ros2_ws/src/add_integers' returned '0': AMENT_PREFIX_PATH=/home/DATA/DogRobot/ros2_ws/install/custom_interfaces:${AMENT_PREFIX_PATH} CMAKE_PREFIX_PATH=/home/DATA/DogRobot/ros2_ws/install/custom_interfaces:${CMAKE_PREFIX_PATH} DEBUGINFOD_URLS=https://debuginfod.ubuntu.com LD_LIBRARY_PATH=/home/DATA/DogRobot/ros2_ws/install/custom_interfaces/lib:${LD_LIBRARY_PATH} PYTHONPATH=/home/DATA/DogRobot/ros2_ws/build/add_integers/prefix_override:/usr/lib/python3/dist-packages/colcon_core/task/python/colcon_distutils_commands:/home/DATA/DogRobot/ros2_ws/install/add_integers/lib/python3.12/site-packages:/home/DATA/DogRobot/ros2_ws/install/custom_interfaces/lib/python3.12/site-packages:${PYTHONPATH} /usr/bin/python3 -W ignore:setup.py install is deprecated setup.py egg_info --egg-base ../../build/add_integers build --build-base /home/DATA/DogRobot/ros2_ws/build/add_integers/build install --record /home/DATA/DogRobot/ros2_ws/build/add_integers/install.log --single-version-externally-managed install_data
