-- Install configuration: ""
-- Up-to-date: /home/DATA/DogRobot/ros2_ws/install/simulation/share/simulation/images
-- Up-to-date: /home/DATA/DogRobot/ros2_ws/install/simulation/share/simulation/images/multipleshapes.png
-- Up-to-date: /home/DATA/DogRobot/ros2_ws/install/simulation/share/simulation/images/flexible.png
-- Up-to-date: /home/DATA/DogRobot/ros2_ws/install/simulation/share/simulation/images/materials.png
-- Up-to-date: /home/DATA/DogRobot/ros2_ws/install/simulation/share/simulation/images/origins.png
-- Up-to-date: /home/DATA/DogRobot/ros2_ws/install/simulation/share/simulation/images/myfirst.png
-- Up-to-date: /home/DATA/DogRobot/ros2_ws/install/simulation/share/simulation/images/visual.png
-- Up-to-date: /home/DATA/DogRobot/ros2_ws/install/simulation/share/simulation/launch
-- Up-to-date: /home/DATA/DogRobot/ros2_ws/install/simulation/share/simulation/launch/display.launch.py
-- Up-to-date: /home/DATA/DogRobot/ros2_ws/install/simulation/share/simulation/meshes
-- Up-to-date: /home/DATA/DogRobot/ros2_ws/install/simulation/share/simulation/meshes/l_finger_tip_color.png
-- Up-to-date: /home/DATA/DogRobot/ros2_ws/install/simulation/share/simulation/meshes/l_finger_color.png
-- Up-to-date: /home/DATA/DogRobot/ros2_ws/install/simulation/share/simulation/meshes/l_finger_tip.dae
-- Up-to-date: /home/DATA/DogRobot/ros2_ws/install/simulation/share/simulation/meshes/l_finger.dae
-- Up-to-date: /home/DATA/DogRobot/ros2_ws/install/simulation/share/simulation/rviz
-- Up-to-date: /home/DATA/DogRobot/ros2_ws/install/simulation/share/simulation/rviz/urdf.rviz
-- Up-to-date: /home/DATA/DogRobot/ros2_ws/install/simulation/share/simulation/urdf
-- Up-to-date: /home/DATA/DogRobot/ros2_ws/install/simulation/share/simulation/urdf/01-myfirst.urdf
-- Up-to-date: /home/DATA/DogRobot/ros2_ws/install/simulation/share/simulation/urdf/06-flexible.urdf
-- Up-to-date: /home/DATA/DogRobot/ros2_ws/install/simulation/share/simulation/urdf/02-multipleshapes.urdf
-- Up-to-date: /home/DATA/DogRobot/ros2_ws/install/simulation/share/simulation/urdf/03-origins.urdf
-- Installing: /home/DATA/DogRobot/ros2_ws/install/simulation/share/simulation/urdf/robot.urdf
-- Up-to-date: /home/DATA/DogRobot/ros2_ws/install/simulation/share/simulation/urdf/08-macroed.urdf.xacro
-- Up-to-date: /home/DATA/DogRobot/ros2_ws/install/simulation/share/simulation/urdf/05-visual.urdf
-- Up-to-date: /home/DATA/DogRobot/ros2_ws/install/simulation/share/simulation/urdf/04-materials.urdf
-- Up-to-date: /home/DATA/DogRobot/ros2_ws/install/simulation/share/simulation/urdf/07-physics.urdf
-- Up-to-date: /home/DATA/DogRobot/ros2_ws/install/simulation/share/ament_index/resource_index/package_run_dependencies/simulation
-- Up-to-date: /home/DATA/DogRobot/ros2_ws/install/simulation/share/ament_index/resource_index/parent_prefix_path/simulation
-- Up-to-date: /home/DATA/DogRobot/ros2_ws/install/simulation/share/simulation/environment/ament_prefix_path.sh
-- Up-to-date: /home/DATA/DogRobot/ros2_ws/install/simulation/share/simulation/environment/ament_prefix_path.dsv
-- Up-to-date: /home/DATA/DogRobot/ros2_ws/install/simulation/share/simulation/environment/path.sh
-- Up-to-date: /home/DATA/DogRobot/ros2_ws/install/simulation/share/simulation/environment/path.dsv
-- Up-to-date: /home/DATA/DogRobot/ros2_ws/install/simulation/share/simulation/local_setup.bash
-- Up-to-date: /home/DATA/DogRobot/ros2_ws/install/simulation/share/simulation/local_setup.sh
-- Up-to-date: /home/DATA/DogRobot/ros2_ws/install/simulation/share/simulation/local_setup.zsh
-- Up-to-date: /home/DATA/DogRobot/ros2_ws/install/simulation/share/simulation/local_setup.dsv
-- Installing: /home/DATA/DogRobot/ros2_ws/install/simulation/share/simulation/package.dsv
-- Up-to-date: /home/DATA/DogRobot/ros2_ws/install/simulation/share/ament_index/resource_index/packages/simulation
-- Up-to-date: /home/DATA/DogRobot/ros2_ws/install/simulation/share/simulation/cmake/simulationConfig.cmake
-- Up-to-date: /home/DATA/DogRobot/ros2_ws/install/simulation/share/simulation/cmake/simulationConfig-version.cmake
-- Up-to-date: /home/DATA/DogRobot/ros2_ws/install/simulation/share/simulation/package.xml
