[1.994s] Invoking command in '/home/DATA/DogRobot/ros2_ws/src/simulation_control': AMENT_PREFIX_PATH=/home/DATA/DogRobot/ros2_ws/install/custom_interfaces:${AMENT_PREFIX_PATH} CMAKE_PREFIX_PATH=/home/DATA/DogRobot/ros2_ws/install/custom_interfaces:${CMAKE_PREFIX_PATH} DEBUGINFOD_URLS=https://debuginfod.ubuntu.com LD_LIBRARY_PATH=/home/DATA/DogRobot/ros2_ws/install/custom_interfaces/lib:${LD_LIBRARY_PATH} PYTHONPATH=/home/DATA/DogRobot/ros2_ws/build/control/prefix_override:/usr/lib/python3/dist-packages/colcon_core/task/python/colcon_distutils_commands:/home/DATA/DogRobot/ros2_ws/install/control/lib/python3.12/site-packages:/home/DATA/DogRobot/ros2_ws/install/custom_interfaces/lib/python3.12/site-packages:${PYTHONPATH} /usr/bin/python3 -W ignore:setup.py install is deprecated setup.py egg_info --egg-base ../../build/control build --build-base /home/DATA/DogRobot/ros2_ws/build/control/build install --record /home/DATA/DogRobot/ros2_ws/build/control/install.log --single-version-externally-managed install_data
[2.669s] running egg_info
[2.714s] writing ../../build/control/control.egg-info/PKG-INFO
[2.714s] writing dependency_links to ../../build/control/control.egg-info/dependency_links.txt
[2.716s] writing entry points to ../../build/control/control.egg-info/entry_points.txt
[2.716s] writing requirements to ../../build/control/control.egg-info/requires.txt
[2.716s] writing top-level names to ../../build/control/control.egg-info/top_level.txt
[2.806s] reading manifest file '../../build/control/control.egg-info/SOURCES.txt'
[2.806s] adding license file 'LICENSE'
[2.807s] writing manifest file '../../build/control/control.egg-info/SOURCES.txt'
[2.808s] running build
[2.808s] running build_py
[2.808s] running install
[2.821s] running install_lib
[2.865s] running install_data
[2.865s] running install_egg_info
[2.897s] removing '/home/DATA/DogRobot/ros2_ws/install/control/lib/python3.12/site-packages/control-0.0.0-py3.12.egg-info' (and everything under it)
[2.898s] Copying ../../build/control/control.egg-info to /home/DATA/DogRobot/ros2_ws/install/control/lib/python3.12/site-packages/control-0.0.0-py3.12.egg-info
[2.899s] running install_scripts
[3.174s] Installing sim script to /home/DATA/DogRobot/ros2_ws/install/control/lib/control
[3.175s] writing list of installed files to '/home/DATA/DogRobot/ros2_ws/build/control/install.log'
[3.230s] Invoked command in '/home/DATA/DogRobot/ros2_ws/src/simulation_control' returned '0': AMENT_PREFIX_PATH=/home/DATA/DogRobot/ros2_ws/install/custom_interfaces:${AMENT_PREFIX_PATH} CMAKE_PREFIX_PATH=/home/DATA/DogRobot/ros2_ws/install/custom_interfaces:${CMAKE_PREFIX_PATH} DEBUGINFOD_URLS=https://debuginfod.ubuntu.com LD_LIBRARY_PATH=/home/DATA/DogRobot/ros2_ws/install/custom_interfaces/lib:${LD_LIBRARY_PATH} PYTHONPATH=/home/DATA/DogRobot/ros2_ws/build/control/prefix_override:/usr/lib/python3/dist-packages/colcon_core/task/python/colcon_distutils_commands:/home/DATA/DogRobot/ros2_ws/install/control/lib/python3.12/site-packages:/home/DATA/DogRobot/ros2_ws/install/custom_interfaces/lib/python3.12/site-packages:${PYTHONPATH} /usr/bin/python3 -W ignore:setup.py install is deprecated setup.py egg_info --egg-base ../../build/control build --build-base /home/DATA/DogRobot/ros2_ws/build/control/build install --record /home/DATA/DogRobot/ros2_ws/build/control/install.log --single-version-externally-managed install_data
