[2.434s] Invoking command in '/home/DATA/DogRobot/ros2_ws/src/add_integers': AMENT_PREFIX_PATH=/home/DATA/DogRobot/ros2_ws/install/custom_interfaces:${AMENT_PREFIX_PATH} CMAKE_PREFIX_PATH=/home/DATA/DogRobot/ros2_ws/install/custom_interfaces:${CMAKE_PREFIX_PATH} DEBUGINFOD_URLS=https://debuginfod.ubuntu.com LD_LIBRARY_PATH=/home/DATA/DogRobot/ros2_ws/install/custom_interfaces/lib:${LD_LIBRARY_PATH} PYTHONPATH=/home/DATA/DogRobot/ros2_ws/build/add_integers/prefix_override:/usr/lib/python3/dist-packages/colcon_core/task/python/colcon_distutils_commands:/home/DATA/DogRobot/ros2_ws/install/add_integers/lib/python3.12/site-packages:/home/DATA/DogRobot/ros2_ws/install/custom_interfaces/lib/python3.12/site-packages:${PYTHONPATH} /usr/bin/python3 -W ignore:setup.py install is deprecated setup.py egg_info --egg-base ../../build/add_integers build --build-base /home/DATA/DogRobot/ros2_ws/build/add_integers/build install --record /home/DATA/DogRobot/ros2_ws/build/add_integers/install.log --single-version-externally-managed install_data
[2.841s] running egg_info
[2.869s] writing ../../build/add_integers/add_integers.egg-info/PKG-INFO
[2.869s] writing dependency_links to ../../build/add_integers/add_integers.egg-info/dependency_links.txt
[2.870s] writing entry points to ../../build/add_integers/add_integers.egg-info/entry_points.txt
[2.870s] writing requirements to ../../build/add_integers/add_integers.egg-info/requires.txt
[2.870s] writing top-level names to ../../build/add_integers/add_integers.egg-info/top_level.txt
[2.937s] reading manifest file '../../build/add_integers/add_integers.egg-info/SOURCES.txt'
[2.938s] writing manifest file '../../build/add_integers/add_integers.egg-info/SOURCES.txt'
[2.938s] running build
[2.938s] running build_py
[2.941s] running install
[2.951s] running install_lib
[2.992s] running install_data
[2.993s] running install_egg_info
[3.039s] removing '/home/DATA/DogRobot/ros2_ws/install/add_integers/lib/python3.12/site-packages/add_integers-0.0.0-py3.12.egg-info' (and everything under it)
[3.041s] Copying ../../build/add_integers/add_integers.egg-info to /home/DATA/DogRobot/ros2_ws/install/add_integers/lib/python3.12/site-packages/add_integers-0.0.0-py3.12.egg-info
[3.044s] running install_scripts
[3.266s] Installing addition_client script to /home/DATA/DogRobot/ros2_ws/install/add_integers/lib/add_integers
[3.268s] Installing addition_service script to /home/DATA/DogRobot/ros2_ws/install/add_integers/lib/add_integers
[3.268s] writing list of installed files to '/home/DATA/DogRobot/ros2_ws/build/add_integers/install.log'
[3.671s] Invoked command in '/home/DATA/DogRobot/ros2_ws/src/add_integers' returned '0': AMENT_PREFIX_PATH=/home/DATA/DogRobot/ros2_ws/install/custom_interfaces:${AMENT_PREFIX_PATH} CMAKE_PREFIX_PATH=/home/DATA/DogRobot/ros2_ws/install/custom_interfaces:${CMAKE_PREFIX_PATH} DEBUGINFOD_URLS=https://debuginfod.ubuntu.com LD_LIBRARY_PATH=/home/DATA/DogRobot/ros2_ws/install/custom_interfaces/lib:${LD_LIBRARY_PATH} PYTHONPATH=/home/DATA/DogRobot/ros2_ws/build/add_integers/prefix_override:/usr/lib/python3/dist-packages/colcon_core/task/python/colcon_distutils_commands:/home/DATA/DogRobot/ros2_ws/install/add_integers/lib/python3.12/site-packages:/home/DATA/DogRobot/ros2_ws/install/custom_interfaces/lib/python3.12/site-packages:${PYTHONPATH} /usr/bin/python3 -W ignore:setup.py install is deprecated setup.py egg_info --egg-base ../../build/add_integers build --build-base /home/DATA/DogRobot/ros2_ws/build/add_integers/build install --record /home/DATA/DogRobot/ros2_ws/build/add_integers/install.log --single-version-externally-managed install_data
