[0.453s] DEBUG:colcon:Command line arguments: ['/usr/bin/colcon', 'build', '--symlink-install']
[0.453s] DEBUG:colcon:Parsed command line arguments: Namespace(log_base=None, log_level=None, verb_name='build', build_base='build', install_base='install', merge_install=False, symlink_install=True, test_result_base=None, continue_on_error=False, executor='parallel', parallel_workers=2, event_handlers=None, ignore_user_meta=False, metas=['./colcon.meta'], base_paths=['.'], packages_ignore=None, packages_ignore_regex=None, paths=None, packages_up_to=None, packages_up_to_regex=None, packages_above=None, packages_above_and_dependencies=None, packages_above_depth=None, packages_select_by_dep=None, packages_skip_by_dep=None, packages_skip_up_to=None, packages_select_build_failed=False, packages_skip_build_finished=False, packages_select_test_failures=False, packages_skip_test_passed=False, packages_select=None, packages_skip=None, packages_select_regex=None, packages_skip_regex=None, packages_start=None, packages_end=None, allow_overriding=[], cmake_args=None, cmake_target=None, cmake_target_skip_unavailable=False, cmake_clean_cache=False, cmake_clean_first=False, cmake_force_configure=False, ament_cmake_args=None, catkin_cmake_args=None, catkin_skip_building_tests=False, mixin_files=None, mixin=None, verb_parser=<colcon_mixin.mixin.mixin_argument.MixinArgumentDecorator object at 0x771b4cb7eed0>, verb_extension=<colcon_core.verb.build.BuildVerb object at 0x771b4cb7e690>, main=<bound method BuildVerb.main of <colcon_core.verb.build.BuildVerb object at 0x771b4cb7e690>>, mixin_verb=('build',))
[0.630s] Level 1:colcon.colcon_core.package_discovery:discover_packages(colcon_meta) check parameters
[0.631s] Level 1:colcon.colcon_core.package_discovery:discover_packages(recursive) check parameters
[0.631s] Level 1:colcon.colcon_core.package_discovery:discover_packages(ignore) check parameters
[0.631s] Level 1:colcon.colcon_core.package_discovery:discover_packages(path) check parameters
[0.631s] Level 1:colcon.colcon_core.package_discovery:discover_packages(colcon_meta) discover
[0.631s] Level 1:colcon.colcon_core.package_discovery:discover_packages(recursive) discover
[0.631s] INFO:colcon.colcon_core.package_discovery:Crawling recursively for packages in '/home/vuong/Project/ROS2/ros2_ws'
[0.631s] Level 1:colcon.colcon_core.package_identification:_identify(.) by extensions ['ignore', 'ignore_ament_install']
[0.632s] Level 1:colcon.colcon_core.package_identification:_identify(.) by extension 'ignore'
[0.632s] Level 1:colcon.colcon_core.package_identification:_identify(.) by extension 'ignore_ament_install'
[0.632s] Level 1:colcon.colcon_core.package_identification:_identify(.) by extensions ['colcon_pkg']
[0.632s] Level 1:colcon.colcon_core.package_identification:_identify(.) by extension 'colcon_pkg'
[0.632s] Level 1:colcon.colcon_core.package_identification:_identify(.) by extensions ['colcon_meta']
[0.632s] Level 1:colcon.colcon_core.package_identification:_identify(.) by extension 'colcon_meta'
[0.632s] Level 1:colcon.colcon_core.package_identification:_identify(.) by extensions ['ros']
[0.632s] Level 1:colcon.colcon_core.package_identification:_identify(.) by extension 'ros'
[0.767s] Level 1:colcon.colcon_core.package_identification:_identify(.) by extensions ['cmake', 'python']
[0.768s] Level 1:colcon.colcon_core.package_identification:_identify(.) by extension 'cmake'
[0.768s] Level 1:colcon.colcon_core.package_identification:_identify(.) by extension 'python'
[0.768s] Level 1:colcon.colcon_core.package_identification:_identify(.) by extensions ['python_setup_py']
[0.768s] Level 1:colcon.colcon_core.package_identification:_identify(.) by extension 'python_setup_py'
[0.768s] Level 1:colcon.colcon_core.package_identification:_identify(build) by extensions ['ignore', 'ignore_ament_install']
[0.768s] Level 1:colcon.colcon_core.package_identification:_identify(build) by extension 'ignore'
[0.768s] Level 1:colcon.colcon_core.package_identification:_identify(build) ignored
[0.768s] Level 1:colcon.colcon_core.package_identification:_identify(install) by extensions ['ignore', 'ignore_ament_install']
[0.769s] Level 1:colcon.colcon_core.package_identification:_identify(install) by extension 'ignore'
[0.769s] Level 1:colcon.colcon_core.package_identification:_identify(install) ignored
[0.769s] Level 1:colcon.colcon_core.package_identification:_identify(log) by extensions ['ignore', 'ignore_ament_install']
[0.769s] Level 1:colcon.colcon_core.package_identification:_identify(log) by extension 'ignore'
[0.769s] Level 1:colcon.colcon_core.package_identification:_identify(log) ignored
[0.769s] Level 1:colcon.colcon_core.package_identification:_identify(src) by extensions ['ignore', 'ignore_ament_install']
[0.769s] Level 1:colcon.colcon_core.package_identification:_identify(src) by extension 'ignore'
[0.769s] Level 1:colcon.colcon_core.package_identification:_identify(src) by extension 'ignore_ament_install'
[0.770s] Level 1:colcon.colcon_core.package_identification:_identify(src) by extensions ['colcon_pkg']
[0.770s] Level 1:colcon.colcon_core.package_identification:_identify(src) by extension 'colcon_pkg'
[0.770s] Level 1:colcon.colcon_core.package_identification:_identify(src) by extensions ['colcon_meta']
[0.770s] Level 1:colcon.colcon_core.package_identification:_identify(src) by extension 'colcon_meta'
[0.770s] Level 1:colcon.colcon_core.package_identification:_identify(src) by extensions ['ros']
[0.770s] Level 1:colcon.colcon_core.package_identification:_identify(src) by extension 'ros'
[0.770s] Level 1:colcon.colcon_core.package_identification:_identify(src) by extensions ['cmake', 'python']
[0.770s] Level 1:colcon.colcon_core.package_identification:_identify(src) by extension 'cmake'
[0.770s] Level 1:colcon.colcon_core.package_identification:_identify(src) by extension 'python'
[0.770s] Level 1:colcon.colcon_core.package_identification:_identify(src) by extensions ['python_setup_py']
[0.770s] Level 1:colcon.colcon_core.package_identification:_identify(src) by extension 'python_setup_py'
[0.770s] Level 1:colcon.colcon_core.package_identification:_identify(src/controller) by extensions ['ignore', 'ignore_ament_install']
[0.771s] Level 1:colcon.colcon_core.package_identification:_identify(src/controller) by extension 'ignore'
[0.771s] Level 1:colcon.colcon_core.package_identification:_identify(src/controller) by extension 'ignore_ament_install'
[0.771s] Level 1:colcon.colcon_core.package_identification:_identify(src/controller) by extensions ['colcon_pkg']
[0.771s] Level 1:colcon.colcon_core.package_identification:_identify(src/controller) by extension 'colcon_pkg'
[0.771s] Level 1:colcon.colcon_core.package_identification:_identify(src/controller) by extensions ['colcon_meta']
[0.771s] Level 1:colcon.colcon_core.package_identification:_identify(src/controller) by extension 'colcon_meta'
[0.771s] Level 1:colcon.colcon_core.package_identification:_identify(src/controller) by extensions ['ros']
[0.771s] Level 1:colcon.colcon_core.package_identification:_identify(src/controller) by extension 'ros'
[0.781s] DEBUG:colcon.colcon_core.package_identification:Package 'src/controller' with type 'ros.ament_python' and name 'controller'
[0.781s] Level 1:colcon.colcon_core.package_discovery:discover_packages(recursive) using defaults
[0.781s] Level 1:colcon.colcon_core.package_discovery:discover_packages(ignore) discover
[0.781s] Level 1:colcon.colcon_core.package_discovery:discover_packages(ignore) using defaults
[0.781s] Level 1:colcon.colcon_core.package_discovery:discover_packages(path) discover
[0.781s] Level 1:colcon.colcon_core.package_discovery:discover_packages(path) using defaults
[0.882s] Level 1:colcon.colcon_core.package_discovery:discover_packages(prefix_path) check parameters
[0.882s] Level 1:colcon.colcon_core.package_discovery:discover_packages(prefix_path) discover
[0.890s] DEBUG:colcon.colcon_installed_package_information.package_discovery:Found 1 installed packages in /home/vuong/Project/ROS2/ros2_ws/install
[0.893s] DEBUG:colcon.colcon_installed_package_information.package_discovery:Found 361 installed packages in /opt/ros/jazzy
[0.897s] Level 1:colcon.colcon_core.package_discovery:discover_packages(prefix_path) using defaults
[1.071s] Level 5:colcon.colcon_core.verb:set package 'controller' build argument 'cmake_args' from command line to 'None'
[1.071s] Level 5:colcon.colcon_core.verb:set package 'controller' build argument 'cmake_target' from command line to 'None'
[1.071s] Level 5:colcon.colcon_core.verb:set package 'controller' build argument 'cmake_target_skip_unavailable' from command line to 'False'
[1.071s] Level 5:colcon.colcon_core.verb:set package 'controller' build argument 'cmake_clean_cache' from command line to 'False'
[1.071s] Level 5:colcon.colcon_core.verb:set package 'controller' build argument 'cmake_clean_first' from command line to 'False'
[1.071s] Level 5:colcon.colcon_core.verb:set package 'controller' build argument 'cmake_force_configure' from command line to 'False'
[1.071s] Level 5:colcon.colcon_core.verb:set package 'controller' build argument 'ament_cmake_args' from command line to 'None'
[1.071s] Level 5:colcon.colcon_core.verb:set package 'controller' build argument 'catkin_cmake_args' from command line to 'None'
[1.071s] Level 5:colcon.colcon_core.verb:set package 'controller' build argument 'catkin_skip_building_tests' from command line to 'False'
[1.071s] DEBUG:colcon.colcon_core.verb:Building package 'controller' with the following arguments: {'ament_cmake_args': None, 'build_base': '/home/vuong/Project/ROS2/ros2_ws/build/controller', 'catkin_cmake_args': None, 'catkin_skip_building_tests': False, 'cmake_args': None, 'cmake_clean_cache': False, 'cmake_clean_first': False, 'cmake_force_configure': False, 'cmake_target': None, 'cmake_target_skip_unavailable': False, 'install_base': '/home/vuong/Project/ROS2/ros2_ws/install/controller', 'merge_install': False, 'path': '/home/vuong/Project/ROS2/ros2_ws/src/controller', 'symlink_install': True, 'test_result_base': None}
[1.072s] INFO:colcon.colcon_core.executor:Executing jobs using 'parallel' executor
[1.077s] DEBUG:colcon.colcon_parallel_executor.executor.parallel:run_until_complete
[1.080s] INFO:colcon.colcon_ros.task.ament_python.build:Building ROS package in '/home/vuong/Project/ROS2/ros2_ws/src/controller' with build type 'ament_python'
[1.080s] Level 1:colcon.colcon_core.shell:create_environment_hook('controller', 'ament_prefix_path')
[1.087s] INFO:colcon.colcon_core.plugin_system:Skipping extension 'colcon_core.shell.bat': Not used on non-Windows systems
[1.087s] INFO:colcon.colcon_core.shell:Creating environment hook '/home/vuong/Project/ROS2/ros2_ws/install/controller/share/controller/hook/ament_prefix_path.ps1'
[1.089s] INFO:colcon.colcon_core.shell:Creating environment descriptor '/home/vuong/Project/ROS2/ros2_ws/install/controller/share/controller/hook/ament_prefix_path.dsv'
[1.091s] INFO:colcon.colcon_core.shell:Creating environment hook '/home/vuong/Project/ROS2/ros2_ws/install/controller/share/controller/hook/ament_prefix_path.sh'
[1.092s] INFO:colcon.colcon_core.shell:Skip shell extension 'powershell' for command environment: Not usable outside of PowerShell
[1.092s] DEBUG:colcon.colcon_core.shell:Skip shell extension 'dsv' for command environment
[1.867s] INFO:colcon.colcon_core.task.python.build:Building Python package in '/home/vuong/Project/ROS2/ros2_ws/src/controller'
[1.868s] INFO:colcon.colcon_core.shell:Skip shell extension 'powershell' for command environment: Not usable outside of PowerShell
[1.868s] DEBUG:colcon.colcon_core.shell:Skip shell extension 'dsv' for command environment
[5.067s] DEBUG:colcon.colcon_core.task.python.build:While undoing a previous installation files outside the Python library path are being ignored: /home/vuong/Project/ROS2/ros2_ws/install/controller/share/ament_index/resource_index/packages/controller
[5.067s] DEBUG:colcon.colcon_core.task.python.build:While undoing a previous installation files outside the Python library path are being ignored: /home/vuong/Project/ROS2/ros2_ws/install/controller/share/controller/package.xml
[5.067s] DEBUG:colcon.colcon_core.task.python.build:While undoing a previous installation files outside the Python library path are being ignored: /home/vuong/Project/ROS2/ros2_ws/install/controller/lib/controller/test_node
[5.082s] DEBUG:colcon.colcon_core.event_handler.log_command:Invoking command in '/home/vuong/Project/ROS2/ros2_ws/build/controller': DEBUGINFOD_URLS=https://debuginfod.ubuntu.com PYTHONPATH=/home/vuong/Project/ROS2/ros2_ws/build/controller/prefix_override:/usr/lib/python3/dist-packages/colcon_core/task/python/colcon_distutils_commands:/home/vuong/Project/ROS2/ros2_ws/install/controller/lib/python3.12/site-packages:${PYTHONPATH} /usr/bin/python3 -W ignore:setup.py install is deprecated setup.py develop --editable --build-directory /home/vuong/Project/ROS2/ros2_ws/build/controller/build --no-deps symlink_data --force
[8.099s] Level 1:colcon.colcon_core.shell:create_environment_hook('controller', 'pythonpath_develop')
[8.100s] INFO:colcon.colcon_core.shell:Creating environment hook '/home/vuong/Project/ROS2/ros2_ws/build/controller/share/controller/hook/pythonpath_develop.ps1'
[8.100s] DEBUG:colcon.colcon_core.event_handler.log_command:Invoked command in '/home/vuong/Project/ROS2/ros2_ws/build/controller' returned '0': DEBUGINFOD_URLS=https://debuginfod.ubuntu.com PYTHONPATH=/home/vuong/Project/ROS2/ros2_ws/build/controller/prefix_override:/usr/lib/python3/dist-packages/colcon_core/task/python/colcon_distutils_commands:/home/vuong/Project/ROS2/ros2_ws/install/controller/lib/python3.12/site-packages:${PYTHONPATH} /usr/bin/python3 -W ignore:setup.py install is deprecated setup.py develop --editable --build-directory /home/vuong/Project/ROS2/ros2_ws/build/controller/build --no-deps symlink_data --force
[8.103s] INFO:colcon.colcon_core.shell:Creating environment descriptor '/home/vuong/Project/ROS2/ros2_ws/build/controller/share/controller/hook/pythonpath_develop.dsv'
[8.105s] INFO:colcon.colcon_core.shell:Creating environment hook '/home/vuong/Project/ROS2/ros2_ws/build/controller/share/controller/hook/pythonpath_develop.sh'
[8.114s] Level 1:colcon.colcon_core.environment:checking '/home/vuong/Project/ROS2/ros2_ws/install/controller' for CMake module files
[8.116s] Level 1:colcon.colcon_core.environment:checking '/home/vuong/Project/ROS2/ros2_ws/install/controller' for CMake config files
[8.118s] Level 1:colcon.colcon_core.environment:checking '/home/vuong/Project/ROS2/ros2_ws/install/controller/lib'
[8.118s] Level 1:colcon.colcon_core.environment:checking '/home/vuong/Project/ROS2/ros2_ws/install/controller/bin'
[8.118s] Level 1:colcon.colcon_core.environment:checking '/home/vuong/Project/ROS2/ros2_ws/install/controller/lib/pkgconfig/controller.pc'
[8.120s] Level 1:colcon.colcon_core.environment:checking '/home/vuong/Project/ROS2/ros2_ws/install/controller/lib/python3.12/site-packages'
[8.120s] Level 1:colcon.colcon_core.shell:create_environment_hook('controller', 'pythonpath')
[8.121s] INFO:colcon.colcon_core.shell:Creating environment hook '/home/vuong/Project/ROS2/ros2_ws/install/controller/share/controller/hook/pythonpath.ps1'
[8.122s] INFO:colcon.colcon_core.shell:Creating environment descriptor '/home/vuong/Project/ROS2/ros2_ws/install/controller/share/controller/hook/pythonpath.dsv'
[8.123s] INFO:colcon.colcon_core.shell:Creating environment hook '/home/vuong/Project/ROS2/ros2_ws/install/controller/share/controller/hook/pythonpath.sh'
[8.126s] Level 1:colcon.colcon_core.environment:checking '/home/vuong/Project/ROS2/ros2_ws/install/controller/bin'
[8.126s] Level 1:colcon.colcon_core.environment:create_environment_scripts_only(controller)
[8.126s] INFO:colcon.colcon_core.shell:Creating package script '/home/vuong/Project/ROS2/ros2_ws/install/controller/share/controller/package.ps1'
[8.128s] INFO:colcon.colcon_core.shell:Creating package descriptor '/home/vuong/Project/ROS2/ros2_ws/install/controller/share/controller/package.dsv'
[8.129s] INFO:colcon.colcon_core.shell:Creating package script '/home/vuong/Project/ROS2/ros2_ws/install/controller/share/controller/package.sh'
[8.131s] INFO:colcon.colcon_core.shell:Creating package script '/home/vuong/Project/ROS2/ros2_ws/install/controller/share/controller/package.bash'
[8.133s] INFO:colcon.colcon_core.shell:Creating package script '/home/vuong/Project/ROS2/ros2_ws/install/controller/share/controller/package.zsh'
[8.134s] Level 1:colcon.colcon_core.environment:create_file_with_runtime_dependencies(/home/vuong/Project/ROS2/ros2_ws/install/controller/share/colcon-core/packages/controller)
[8.138s] DEBUG:colcon.colcon_parallel_executor.executor.parallel:closing loop
[8.139s] DEBUG:colcon.colcon_parallel_executor.executor.parallel:loop closed
[8.139s] DEBUG:colcon.colcon_parallel_executor.executor.parallel:run_until_complete finished with '0'
[8.139s] DEBUG:colcon.colcon_core.event_reactor:joining thread
[8.200s] INFO:colcon.colcon_core.plugin_system:Skipping extension 'colcon_notification.desktop_notification.terminal_notifier': Not used on non-Darwin systems
[8.201s] INFO:colcon.colcon_core.plugin_system:Skipping extension 'colcon_notification.desktop_notification.win32': Not used on non-Windows systems
[8.201s] INFO:colcon.colcon_notification.desktop_notification:Sending desktop notification using 'notify2'
[8.635s] DEBUG:colcon.colcon_core.event_reactor:joined thread
[8.636s] INFO:colcon.colcon_core.shell:Creating prefix script '/home/vuong/Project/ROS2/ros2_ws/install/local_setup.ps1'
[8.646s] INFO:colcon.colcon_core.shell:Creating prefix util module '/home/vuong/Project/ROS2/ros2_ws/install/_local_setup_util_ps1.py'
[8.652s] INFO:colcon.colcon_core.shell:Creating prefix chain script '/home/vuong/Project/ROS2/ros2_ws/install/setup.ps1'
[8.657s] INFO:colcon.colcon_core.shell:Creating prefix script '/home/vuong/Project/ROS2/ros2_ws/install/local_setup.sh'
[8.661s] INFO:colcon.colcon_core.shell:Creating prefix util module '/home/vuong/Project/ROS2/ros2_ws/install/_local_setup_util_sh.py'
[8.671s] INFO:colcon.colcon_core.shell:Creating prefix chain script '/home/vuong/Project/ROS2/ros2_ws/install/setup.sh'
[8.675s] INFO:colcon.colcon_core.shell:Creating prefix script '/home/vuong/Project/ROS2/ros2_ws/install/local_setup.bash'
[8.677s] INFO:colcon.colcon_core.shell:Creating prefix chain script '/home/vuong/Project/ROS2/ros2_ws/install/setup.bash'
[8.680s] INFO:colcon.colcon_core.shell:Creating prefix script '/home/vuong/Project/ROS2/ros2_ws/install/local_setup.zsh'
[8.687s] INFO:colcon.colcon_core.shell:Creating prefix chain script '/home/vuong/Project/ROS2/ros2_ws/install/setup.zsh'
