[0.013s] Invoking command in '/home/DATA/DogRobot/ros2_ws/build/custom_interfaces': CMAKE_PREFIX_PATH=${CMAKE_PREFIX_PATH}:/opt/ros/jazzy DEBUGINFOD_URLS=https://debuginfod.ubuntu.com /usr/bin/cmake --build /home/DATA/DogRobot/ros2_ws/build/custom_interfaces -- -j8 -l8
[0.038s] -- Found ament_cmake: 2.5.2 (/opt/ros/jazzy/share/ament_cmake/cmake)
[0.141s] -- Found rosidl_default_generators: 1.6.0 (/opt/ros/jazzy/share/rosidl_default_generators/cmake)
[0.143s] -- Using all available rosidl_typesupport_c: rosidl_typesupport_fastrtps_c;rosidl_typesupport_introspection_c
[0.177s] -- Using all available rosidl_typesupport_cpp: rosidl_typesupport_fastrtps_cpp;rosidl_typesupport_introspection_cpp
[0.207s] -- Found rosidl_adapter: 4.6.4 (/opt/ros/jazzy/share/rosidl_adapter/cmake)
[0.369s] [31mCMake Error at /opt/ros/jazzy/share/rosidl_adapter/cmake/rosidl_adapt_interfaces.cmake:57 (message):
[0.369s]   execute_process(/usr/bin/python3 -m rosidl_adapter --package-name
[0.369s]   custom_interfaces --arguments-file
[0.369s]   /home/DATA/DogRobot/ros2_ws/build/custom_interfaces/rosidl_adapter__arguments__custom_interfaces.json
[0.369s]   --output-dir
[0.369s]   /home/DATA/DogRobot/ros2_ws/build/custom_interfaces/rosidl_adapter/custom_interfaces
[0.370s]   --output-file
[0.370s]   /home/DATA/DogRobot/ros2_ws/build/custom_interfaces/rosidl_adapter/custom_interfaces.idls)
[0.370s]   returned error code 1:
[0.370s] 
[0.370s]   Traceback (most recent call last):
[0.370s] 
[0.370s]     File "<frozen runpy>", line 198, in _run_module_as_main
[0.371s]     File "<frozen runpy>", line 88, in _run_code
[0.371s]     File "/opt/ros/jazzy/lib/python3.12/site-packages/rosidl_adapter/__main__.py", line 19, in <module>
[0.371s]       sys.exit(main())
[0.371s]                ^^^^^^
[0.371s]     File "/opt/ros/jazzy/lib/python3.12/site-packages/rosidl_adapter/main.py", line 53, in main
[0.371s]       abs_idl_file = convert_to_idl(
[0.371s]                      ^^^^^^^^^^^^^^^
[0.372s]     File "/opt/ros/jazzy/lib/python3.12/site-packages/rosidl_adapter/__init__.py", line 24, in convert_to_idl
[0.372s]       return convert_srv_to_idl(
[0.372s]              ^^^^^^^^^^^^^^^^^^^
[0.372s]     File "/opt/ros/jazzy/lib/python3.12/site-packages/rosidl_adapter/srv/__init__.py", line 28, in convert_srv_to_idl
[0.372s]       srv = parse_service_string(package_name, input_file.stem, content)
[0.372s]             ^^^^^^^^^^^^^^^^^^^^^^^^^^^^^^^^^^^^^^^^^^^^^^^^^^^^^^^^^^^^
[0.373s]     File "/opt/ros/jazzy/lib/python3.12/site-packages/rosidl_adapter/parser.py", line 860, in parse_service_string
[0.373s]       request_message = parse_message_string(
[0.373s]                         ^^^^^^^^^^^^^^^^^^^^^
[0.373s]     File "/opt/ros/jazzy/lib/python3.12/site-packages/rosidl_adapter/parser.py", line 545, in parse_message_string
[0.373s]       msg = MessageSpecification(pkg_name, msg_name, fields, constants)
[0.373s]             ^^^^^^^^^^^^^^^^^^^^^^^^^^^^^^^^^^^^^^^^^^^^^^^^^^^^^^^^^^^
[0.373s]     File "/opt/ros/jazzy/lib/python3.12/site-packages/rosidl_adapter/parser.py", line 389, in __init__
[0.374s]       self.base_type = BaseType(
[0.374s]                        ^^^^^^^^^
[0.374s]     File "/opt/ros/jazzy/lib/python3.12/site-packages/rosidl_adapter/parser.py", line 206, in __init__
[0.374s]       raise InvalidResourceName(
[0.374s] 
[0.374s]   rosidl_adapter.parser.InvalidResourceName: 'gamepad_srv_Request' is an
[0.374s]   invalid message name.  It should have the pattern '^[A-Z][A-Za-z0-9]*$'
[0.375s] 
[0.375s] Call Stack (most recent call first):
[0.375s]   /opt/ros/jazzy/share/rosidl_cmake/cmake/rosidl_generate_interfaces.cmake:132 (rosidl_adapt_interfaces)
[0.375s]   CMakeLists.txt:17 (rosidl_generate_interfaces)
[0.376s] 
[0.376s] [0m
[0.376s] -- Configuring incomplete, errors occurred!
[0.377s] gmake: *** [Makefile:1085: cmake_check_build_system] Error 1
[0.377s] Invoked command in '/home/DATA/DogRobot/ros2_ws/build/custom_interfaces' returned '2': CMAKE_PREFIX_PATH=${CMAKE_PREFIX_PATH}:/opt/ros/jazzy DEBUGINFOD_URLS=https://debuginfod.ubuntu.com /usr/bin/cmake --build /home/DATA/DogRobot/ros2_ws/build/custom_interfaces -- -j8 -l8
