[1.419s] Invoking command in '/home/DATA/DogRobot/ros2_ws/src/gamepad_node': DEBUGINFOD_URLS=https://debuginfod.ubuntu.com PYTHONPATH=/home/DATA/DogRobot/ros2_ws/build/gamepad_node/prefix_override:/usr/lib/python3/dist-packages/colcon_core/task/python/colcon_distutils_commands:/home/DATA/DogRobot/ros2_ws/install/gamepad_node/lib/python3.12/site-packages:/home/DATA/DogRobot/ros2_ws/install/custom_interfaces/lib/python3.12/site-packages:/home/DATA/DogRobot/ros2_ws/install/my_launch_package/lib/python3.12/site-packages:/home/DATA/DogRobot/ros2_ws/install/gamepad_node/lib/python3.12/site-packages:/home/DATA/DogRobot/ros2_ws/install/controller/lib/python3.12/site-packages:/home/DATA/DogRobot/ros2_ws/install/can_node/lib/python3.12/site-packages:/home/DATA/DogRobot/ros2_ws/install/add_integers/lib/python3.12/site-packages:/opt/ros/jazzy/lib/python3.12/site-packages /usr/bin/python3 -W ignore:setup.py install is deprecated setup.py egg_info --egg-base ../../build/gamepad_node build --build-base /home/DATA/DogRobot/ros2_ws/build/gamepad_node/build install --record /home/DATA/DogRobot/ros2_ws/build/gamepad_node/install.log --single-version-externally-managed install_data
[1.727s] running egg_info
[1.751s] writing ../../build/gamepad_node/gamepad_node.egg-info/PKG-INFO
[1.751s] writing dependency_links to ../../build/gamepad_node/gamepad_node.egg-info/dependency_links.txt
[1.751s] writing entry points to ../../build/gamepad_node/gamepad_node.egg-info/entry_points.txt
[1.751s] writing requirements to ../../build/gamepad_node/gamepad_node.egg-info/requires.txt
[1.752s] writing top-level names to ../../build/gamepad_node/gamepad_node.egg-info/top_level.txt
[1.798s] reading manifest file '../../build/gamepad_node/gamepad_node.egg-info/SOURCES.txt'
[1.799s] writing manifest file '../../build/gamepad_node/gamepad_node.egg-info/SOURCES.txt'
[1.799s] running build
[1.799s] running build_py
[1.800s] running install
[1.806s] running install_lib
[1.830s] running install_data
[1.830s] running install_egg_info
[1.854s] removing '/home/DATA/DogRobot/ros2_ws/install/gamepad_node/lib/python3.12/site-packages/gamepad_node-0.0.0-py3.12.egg-info' (and everything under it)
[1.855s] Copying ../../build/gamepad_node/gamepad_node.egg-info to /home/DATA/DogRobot/ros2_ws/install/gamepad_node/lib/python3.12/site-packages/gamepad_node-0.0.0-py3.12.egg-info
[1.856s] running install_scripts
[2.003s] Installing gamepad script to /home/DATA/DogRobot/ros2_ws/install/gamepad_node/lib/gamepad_node
[2.003s] writing list of installed files to '/home/DATA/DogRobot/ros2_ws/build/gamepad_node/install.log'
[2.062s] Invoked command in '/home/DATA/DogRobot/ros2_ws/src/gamepad_node' returned '0': DEBUGINFOD_URLS=https://debuginfod.ubuntu.com PYTHONPATH=/home/DATA/DogRobot/ros2_ws/build/gamepad_node/prefix_override:/usr/lib/python3/dist-packages/colcon_core/task/python/colcon_distutils_commands:/home/DATA/DogRobot/ros2_ws/install/gamepad_node/lib/python3.12/site-packages:/home/DATA/DogRobot/ros2_ws/install/custom_interfaces/lib/python3.12/site-packages:/home/DATA/DogRobot/ros2_ws/install/my_launch_package/lib/python3.12/site-packages:/home/DATA/DogRobot/ros2_ws/install/gamepad_node/lib/python3.12/site-packages:/home/DATA/DogRobot/ros2_ws/install/controller/lib/python3.12/site-packages:/home/DATA/DogRobot/ros2_ws/install/can_node/lib/python3.12/site-packages:/home/DATA/DogRobot/ros2_ws/install/add_integers/lib/python3.12/site-packages:/opt/ros/jazzy/lib/python3.12/site-packages /usr/bin/python3 -W ignore:setup.py install is deprecated setup.py egg_info --egg-base ../../build/gamepad_node build --build-base /home/DATA/DogRobot/ros2_ws/build/gamepad_node/build install --record /home/DATA/DogRobot/ros2_ws/build/gamepad_node/install.log --single-version-externally-managed install_data
