[0.046s] Invoking command in '/home/DATA/DogRobot/ros2_ws/build/custom_interfaces': CMAKE_PREFIX_PATH=${CMAKE_PREFIX_PATH}:/home/DATA/DogRobot/ros2_ws/install/my_launch_package:/home/DATA/DogRobot/ros2_ws/install/gamepad_node:/home/DATA/DogRobot/ros2_ws/install/controller:/home/DATA/DogRobot/ros2_ws/install/can_node:/home/DATA/DogRobot/ros2_ws/install/add_integers:/opt/ros/jazzy DEBUGINFOD_URLS=https://debuginfod.ubuntu.com /usr/bin/cmake --build /home/DATA/DogRobot/ros2_ws/build/custom_interfaces -- -j8 -l8
[0.352s] [  2%] Built target custom_interfaces__rosidl_generator_type_description
[0.396s] [  4%] Built target custom_interfaces__cpp
[0.399s] [  4%] Built target ament_cmake_python_copy_custom_interfaces
[0.435s] [ 22%] Built target custom_interfaces__rosidl_generator_c
[0.534s] [ 31%] Built target custom_interfaces__rosidl_typesupport_introspection_c
[0.549s] [ 40%] Built target custom_interfaces__rosidl_typesupport_fastrtps_c
[0.562s] [ 50%] Built target custom_interfaces__rosidl_typesupport_c
[0.563s] [ 59%] Built target custom_interfaces__rosidl_typesupport_fastrtps_cpp
[0.596s] [ 72%] Built target custom_interfaces__rosidl_typesupport_introspection_cpp
[0.597s] [ 77%] Built target custom_interfaces__rosidl_typesupport_cpp
[0.685s] [ 77%] Built target custom_interfaces
[0.841s] [ 79%] Built target custom_interfaces__py
[0.986s] [ 86%] Built target custom_interfaces__rosidl_generator_py
[1.016s] running egg_info
[1.047s] writing custom_interfaces.egg-info/PKG-INFO
[1.204s] writing dependency_links to custom_interfaces.egg-info/dependency_links.txt
[1.209s] writing top-level names to custom_interfaces.egg-info/top_level.txt
[1.248s] [ 90%] Built target custom_interfaces_s__rosidl_typesupport_introspection_c
[1.248s] [ 95%] Built target custom_interfaces_s__rosidl_typesupport_fastrtps_c
[1.250s] [100%] Built target custom_interfaces_s__rosidl_typesupport_c
[1.380s] reading manifest file 'custom_interfaces.egg-info/SOURCES.txt'
[1.381s] writing manifest file 'custom_interfaces.egg-info/SOURCES.txt'
[1.438s] [100%] Built target ament_cmake_python_build_custom_interfaces_egg
[1.480s] Invoked command in '/home/DATA/DogRobot/ros2_ws/build/custom_interfaces' returned '0': CMAKE_PREFIX_PATH=${CMAKE_PREFIX_PATH}:/home/DATA/DogRobot/ros2_ws/install/my_launch_package:/home/DATA/DogRobot/ros2_ws/install/gamepad_node:/home/DATA/DogRobot/ros2_ws/install/controller:/home/DATA/DogRobot/ros2_ws/install/can_node:/home/DATA/DogRobot/ros2_ws/install/add_integers:/opt/ros/jazzy DEBUGINFOD_URLS=https://debuginfod.ubuntu.com /usr/bin/cmake --build /home/DATA/DogRobot/ros2_ws/build/custom_interfaces -- -j8 -l8
[1.738s] Invoking command in '/home/DATA/DogRobot/ros2_ws/build/custom_interfaces': CMAKE_PREFIX_PATH=${CMAKE_PREFIX_PATH}:/home/DATA/DogRobot/ros2_ws/install/my_launch_package:/home/DATA/DogRobot/ros2_ws/install/gamepad_node:/home/DATA/DogRobot/ros2_ws/install/controller:/home/DATA/DogRobot/ros2_ws/install/can_node:/home/DATA/DogRobot/ros2_ws/install/add_integers:/opt/ros/jazzy DEBUGINFOD_URLS=https://debuginfod.ubuntu.com /usr/bin/cmake --install /home/DATA/DogRobot/ros2_ws/build/custom_interfaces
[1.762s] -- Install configuration: ""
[1.766s] -- Up-to-date: /home/DATA/DogRobot/ros2_ws/install/custom_interfaces/share/ament_index/resource_index/rosidl_interfaces/custom_interfaces
[1.766s] -- Up-to-date: /home/DATA/DogRobot/ros2_ws/install/custom_interfaces/share/custom_interfaces/srv/GamepadSrv.json
[1.767s] -- Up-to-date: /home/DATA/DogRobot/ros2_ws/install/custom_interfaces/share/custom_interfaces/msg/PublishMessage.json
[1.767s] -- Up-to-date: /home/DATA/DogRobot/ros2_ws/install/custom_interfaces/include/custom_interfaces/custom_interfaces
[1.767s] -- Up-to-date: /home/DATA/DogRobot/ros2_ws/install/custom_interfaces/include/custom_interfaces/custom_interfaces/srv
[1.768s] -- Up-to-date: /home/DATA/DogRobot/ros2_ws/install/custom_interfaces/include/custom_interfaces/custom_interfaces/srv/add_two_ints.h
[1.768s] -- Up-to-date: /home/DATA/DogRobot/ros2_ws/install/custom_interfaces/include/custom_interfaces/custom_interfaces/srv/detail
[1.768s] -- Up-to-date: /home/DATA/DogRobot/ros2_ws/install/custom_interfaces/include/custom_interfaces/custom_interfaces/srv/detail/gamepad_srv__description.c
[1.768s] -- Up-to-date: /home/DATA/DogRobot/ros2_ws/install/custom_interfaces/include/custom_interfaces/custom_interfaces/srv/detail/gamepad_srv__functions.c
[1.769s] -- Up-to-date: /home/DATA/DogRobot/ros2_ws/install/custom_interfaces/include/custom_interfaces/custom_interfaces/srv/detail/gamepad_srv__functions.h
[1.769s] -- Up-to-date: /home/DATA/DogRobot/ros2_ws/install/custom_interfaces/include/custom_interfaces/custom_interfaces/srv/detail/add_two_ints__struct.h
[1.769s] -- Up-to-date: /home/DATA/DogRobot/ros2_ws/install/custom_interfaces/include/custom_interfaces/custom_interfaces/srv/detail/add_two_ints__description.c
[1.769s] -- Up-to-date: /home/DATA/DogRobot/ros2_ws/install/custom_interfaces/include/custom_interfaces/custom_interfaces/srv/detail/gamepad_srv__struct.h
[1.769s] -- Up-to-date: /home/DATA/DogRobot/ros2_ws/install/custom_interfaces/include/custom_interfaces/custom_interfaces/srv/detail/gamepad_srv__type_support.h
[1.770s] -- Up-to-date: /home/DATA/DogRobot/ros2_ws/install/custom_interfaces/include/custom_interfaces/custom_interfaces/srv/detail/add_two_ints__type_support.h
[1.770s] -- Up-to-date: /home/DATA/DogRobot/ros2_ws/install/custom_interfaces/include/custom_interfaces/custom_interfaces/srv/detail/add_two_ints__type_support.c
[1.770s] -- Up-to-date: /home/DATA/DogRobot/ros2_ws/install/custom_interfaces/include/custom_interfaces/custom_interfaces/srv/detail/add_two_ints__functions.c
[1.770s] -- Up-to-date: /home/DATA/DogRobot/ros2_ws/install/custom_interfaces/include/custom_interfaces/custom_interfaces/srv/detail/add_two_ints__functions.h
[1.770s] -- Up-to-date: /home/DATA/DogRobot/ros2_ws/install/custom_interfaces/include/custom_interfaces/custom_interfaces/srv/detail/gamepad_srv__type_support.c
[1.770s] -- Up-to-date: /home/DATA/DogRobot/ros2_ws/install/custom_interfaces/include/custom_interfaces/custom_interfaces/srv/gamepad_srv.h
[1.770s] -- Up-to-date: /home/DATA/DogRobot/ros2_ws/install/custom_interfaces/include/custom_interfaces/custom_interfaces/msg
[1.770s] -- Up-to-date: /home/DATA/DogRobot/ros2_ws/install/custom_interfaces/include/custom_interfaces/custom_interfaces/msg/publish_message.h
[1.770s] -- Up-to-date: /home/DATA/DogRobot/ros2_ws/install/custom_interfaces/include/custom_interfaces/custom_interfaces/msg/detail
[1.771s] -- Up-to-date: /home/DATA/DogRobot/ros2_ws/install/custom_interfaces/include/custom_interfaces/custom_interfaces/msg/detail/publish_message__struct.h
[1.771s] -- Up-to-date: /home/DATA/DogRobot/ros2_ws/install/custom_interfaces/include/custom_interfaces/custom_interfaces/msg/detail/publish_message__description.c
[1.771s] -- Up-to-date: /home/DATA/DogRobot/ros2_ws/install/custom_interfaces/include/custom_interfaces/custom_interfaces/msg/detail/publish_message__functions.c
[1.771s] -- Up-to-date: /home/DATA/DogRobot/ros2_ws/install/custom_interfaces/include/custom_interfaces/custom_interfaces/msg/detail/ca_nmessage__type_support.c
[1.771s] -- Up-to-date: /home/DATA/DogRobot/ros2_ws/install/custom_interfaces/include/custom_interfaces/custom_interfaces/msg/detail/ca_nmessage__struct.h
[1.771s] -- Installing: /home/DATA/DogRobot/ros2_ws/install/custom_interfaces/include/custom_interfaces/custom_interfaces/msg/detail/publish_message__type_support.c
[1.771s] -- Up-to-date: /home/DATA/DogRobot/ros2_ws/install/custom_interfaces/include/custom_interfaces/custom_interfaces/msg/detail/ca_nmessage__functions.c
[1.772s] -- Up-to-date: /home/DATA/DogRobot/ros2_ws/install/custom_interfaces/include/custom_interfaces/custom_interfaces/msg/detail/ca_nmessage__functions.h
[1.772s] -- Up-to-date: /home/DATA/DogRobot/ros2_ws/install/custom_interfaces/include/custom_interfaces/custom_interfaces/msg/detail/ca_nmessage__type_support.h
[1.773s] -- Up-to-date: /home/DATA/DogRobot/ros2_ws/install/custom_interfaces/include/custom_interfaces/custom_interfaces/msg/detail/publish_message__type_support.h
[1.773s] -- Up-to-date: /home/DATA/DogRobot/ros2_ws/install/custom_interfaces/include/custom_interfaces/custom_interfaces/msg/detail/publish_message__functions.h
[1.773s] -- Up-to-date: /home/DATA/DogRobot/ros2_ws/install/custom_interfaces/include/custom_interfaces/custom_interfaces/msg/detail/ca_nmessage__description.c
[1.773s] -- Up-to-date: /home/DATA/DogRobot/ros2_ws/install/custom_interfaces/include/custom_interfaces/custom_interfaces/msg/rosidl_generator_c__visibility_control.h
[1.774s] -- Up-to-date: /home/DATA/DogRobot/ros2_ws/install/custom_interfaces/include/custom_interfaces/custom_interfaces/msg/ca_nmessage.h
[1.774s] -- Up-to-date: /home/DATA/DogRobot/ros2_ws/install/custom_interfaces/share/custom_interfaces/environment/library_path.sh
[1.774s] -- Up-to-date: /home/DATA/DogRobot/ros2_ws/install/custom_interfaces/share/custom_interfaces/environment/library_path.dsv
[1.776s] -- Up-to-date: /home/DATA/DogRobot/ros2_ws/install/custom_interfaces/lib/libcustom_interfaces__rosidl_generator_c.so
[1.777s] -- Up-to-date: /home/DATA/DogRobot/ros2_ws/install/custom_interfaces/include/custom_interfaces/custom_interfaces
[1.777s] -- Up-to-date: /home/DATA/DogRobot/ros2_ws/install/custom_interfaces/include/custom_interfaces/custom_interfaces/srv
[1.778s] -- Up-to-date: /home/DATA/DogRobot/ros2_ws/install/custom_interfaces/include/custom_interfaces/custom_interfaces/srv/detail
[1.778s] -- Up-to-date: /home/DATA/DogRobot/ros2_ws/install/custom_interfaces/include/custom_interfaces/custom_interfaces/srv/detail/add_two_ints__rosidl_typesupport_fastrtps_c.h
[1.778s] -- Up-to-date: /home/DATA/DogRobot/ros2_ws/install/custom_interfaces/include/custom_interfaces/custom_interfaces/srv/detail/gamepad_srv__rosidl_typesupport_fastrtps_c.h
[1.778s] -- Up-to-date: /home/DATA/DogRobot/ros2_ws/install/custom_interfaces/include/custom_interfaces/custom_interfaces/msg
[1.778s] -- Up-to-date: /home/DATA/DogRobot/ros2_ws/install/custom_interfaces/include/custom_interfaces/custom_interfaces/msg/detail
[1.778s] -- Up-to-date: /home/DATA/DogRobot/ros2_ws/install/custom_interfaces/include/custom_interfaces/custom_interfaces/msg/detail/publish_message__rosidl_typesupport_fastrtps_c.h
[1.778s] -- Up-to-date: /home/DATA/DogRobot/ros2_ws/install/custom_interfaces/include/custom_interfaces/custom_interfaces/msg/detail/ca_nmessage__rosidl_typesupport_fastrtps_c.h
[1.779s] -- Up-to-date: /home/DATA/DogRobot/ros2_ws/install/custom_interfaces/include/custom_interfaces/custom_interfaces/msg/rosidl_typesupport_fastrtps_c__visibility_control.h
[1.780s] -- Up-to-date: /home/DATA/DogRobot/ros2_ws/install/custom_interfaces/lib/libcustom_interfaces__rosidl_typesupport_fastrtps_c.so
[1.780s] -- Up-to-date: /home/DATA/DogRobot/ros2_ws/install/custom_interfaces/include/custom_interfaces/custom_interfaces
[1.781s] -- Up-to-date: /home/DATA/DogRobot/ros2_ws/install/custom_interfaces/include/custom_interfaces/custom_interfaces/srv
[1.781s] -- Up-to-date: /home/DATA/DogRobot/ros2_ws/install/custom_interfaces/include/custom_interfaces/custom_interfaces/srv/detail
[1.782s] -- Up-to-date: /home/DATA/DogRobot/ros2_ws/install/custom_interfaces/include/custom_interfaces/custom_interfaces/srv/detail/add_two_ints__rosidl_typesupport_introspection_c.h
[1.782s] -- Up-to-date: /home/DATA/DogRobot/ros2_ws/install/custom_interfaces/include/custom_interfaces/custom_interfaces/srv/detail/gamepad_srv__rosidl_typesupport_introspection_c.h
[1.782s] -- Up-to-date: /home/DATA/DogRobot/ros2_ws/install/custom_interfaces/include/custom_interfaces/custom_interfaces/srv/detail/add_two_ints__type_support.c
[1.782s] -- Up-to-date: /home/DATA/DogRobot/ros2_ws/install/custom_interfaces/include/custom_interfaces/custom_interfaces/srv/detail/gamepad_srv__type_support.c
[1.782s] -- Up-to-date: /home/DATA/DogRobot/ros2_ws/install/custom_interfaces/include/custom_interfaces/custom_interfaces/msg
[1.782s] -- Up-to-date: /home/DATA/DogRobot/ros2_ws/install/custom_interfaces/include/custom_interfaces/custom_interfaces/msg/detail
[1.782s] -- Up-to-date: /home/DATA/DogRobot/ros2_ws/install/custom_interfaces/include/custom_interfaces/custom_interfaces/msg/detail/ca_nmessage__type_support.c
[1.782s] -- Up-to-date: /home/DATA/DogRobot/ros2_ws/install/custom_interfaces/include/custom_interfaces/custom_interfaces/msg/detail/ca_nmessage__rosidl_typesupport_introspection_c.h
[1.782s] -- Installing: /home/DATA/DogRobot/ros2_ws/install/custom_interfaces/include/custom_interfaces/custom_interfaces/msg/detail/publish_message__type_support.c
[1.783s] -- Up-to-date: /home/DATA/DogRobot/ros2_ws/install/custom_interfaces/include/custom_interfaces/custom_interfaces/msg/detail/publish_message__rosidl_typesupport_introspection_c.h
[1.783s] -- Up-to-date: /home/DATA/DogRobot/ros2_ws/install/custom_interfaces/include/custom_interfaces/custom_interfaces/msg/rosidl_typesupport_introspection_c__visibility_control.h
[1.784s] -- Up-to-date: /home/DATA/DogRobot/ros2_ws/install/custom_interfaces/lib/libcustom_interfaces__rosidl_typesupport_introspection_c.so
[1.785s] -- Up-to-date: /home/DATA/DogRobot/ros2_ws/install/custom_interfaces/lib/libcustom_interfaces__rosidl_typesupport_c.so
[1.785s] -- Up-to-date: /home/DATA/DogRobot/ros2_ws/install/custom_interfaces/include/custom_interfaces/custom_interfaces
[1.785s] -- Up-to-date: /home/DATA/DogRobot/ros2_ws/install/custom_interfaces/include/custom_interfaces/custom_interfaces/srv
[1.785s] -- Up-to-date: /home/DATA/DogRobot/ros2_ws/install/custom_interfaces/include/custom_interfaces/custom_interfaces/srv/detail
[1.786s] -- Up-to-date: /home/DATA/DogRobot/ros2_ws/install/custom_interfaces/include/custom_interfaces/custom_interfaces/srv/detail/gamepad_srv__builder.hpp
[1.786s] -- Up-to-date: /home/DATA/DogRobot/ros2_ws/install/custom_interfaces/include/custom_interfaces/custom_interfaces/srv/detail/add_two_ints__traits.hpp
[1.786s] -- Up-to-date: /home/DATA/DogRobot/ros2_ws/install/custom_interfaces/include/custom_interfaces/custom_interfaces/srv/detail/gamepad_srv__traits.hpp
[1.786s] -- Up-to-date: /home/DATA/DogRobot/ros2_ws/install/custom_interfaces/include/custom_interfaces/custom_interfaces/srv/detail/gamepad_srv__struct.hpp
[1.786s] -- Up-to-date: /home/DATA/DogRobot/ros2_ws/install/custom_interfaces/include/custom_interfaces/custom_interfaces/srv/detail/gamepad_srv__type_support.hpp
[1.786s] -- Up-to-date: /home/DATA/DogRobot/ros2_ws/install/custom_interfaces/include/custom_interfaces/custom_interfaces/srv/detail/add_two_ints__type_support.hpp
[1.786s] -- Up-to-date: /home/DATA/DogRobot/ros2_ws/install/custom_interfaces/include/custom_interfaces/custom_interfaces/srv/detail/add_two_ints__builder.hpp
[1.786s] -- Up-to-date: /home/DATA/DogRobot/ros2_ws/install/custom_interfaces/include/custom_interfaces/custom_interfaces/srv/detail/add_two_ints__struct.hpp
[1.787s] -- Up-to-date: /home/DATA/DogRobot/ros2_ws/install/custom_interfaces/include/custom_interfaces/custom_interfaces/srv/add_two_ints.hpp
[1.787s] -- Up-to-date: /home/DATA/DogRobot/ros2_ws/install/custom_interfaces/include/custom_interfaces/custom_interfaces/srv/gamepad_srv.hpp
[1.787s] -- Up-to-date: /home/DATA/DogRobot/ros2_ws/install/custom_interfaces/include/custom_interfaces/custom_interfaces/msg
[1.787s] -- Up-to-date: /home/DATA/DogRobot/ros2_ws/install/custom_interfaces/include/custom_interfaces/custom_interfaces/msg/detail
[1.787s] -- Up-to-date: /home/DATA/DogRobot/ros2_ws/install/custom_interfaces/include/custom_interfaces/custom_interfaces/msg/detail/ca_nmessage__builder.hpp
[1.787s] -- Up-to-date: /home/DATA/DogRobot/ros2_ws/install/custom_interfaces/include/custom_interfaces/custom_interfaces/msg/detail/publish_message__type_support.hpp
[1.787s] -- Up-to-date: /home/DATA/DogRobot/ros2_ws/install/custom_interfaces/include/custom_interfaces/custom_interfaces/msg/detail/publish_message__traits.hpp
[1.787s] -- Up-to-date: /home/DATA/DogRobot/ros2_ws/install/custom_interfaces/include/custom_interfaces/custom_interfaces/msg/detail/ca_nmessage__struct.hpp
[1.787s] -- Up-to-date: /home/DATA/DogRobot/ros2_ws/install/custom_interfaces/include/custom_interfaces/custom_interfaces/msg/detail/ca_nmessage__type_support.hpp
[1.787s] -- Up-to-date: /home/DATA/DogRobot/ros2_ws/install/custom_interfaces/include/custom_interfaces/custom_interfaces/msg/detail/ca_nmessage__traits.hpp
[1.787s] -- Up-to-date: /home/DATA/DogRobot/ros2_ws/install/custom_interfaces/include/custom_interfaces/custom_interfaces/msg/detail/publish_message__builder.hpp
[1.787s] -- Up-to-date: /home/DATA/DogRobot/ros2_ws/install/custom_interfaces/include/custom_interfaces/custom_interfaces/msg/detail/publish_message__struct.hpp
[1.787s] -- Up-to-date: /home/DATA/DogRobot/ros2_ws/install/custom_interfaces/include/custom_interfaces/custom_interfaces/msg/publish_message.hpp
[1.787s] -- Up-to-date: /home/DATA/DogRobot/ros2_ws/install/custom_interfaces/include/custom_interfaces/custom_interfaces/msg/ca_nmessage.hpp
[1.788s] -- Up-to-date: /home/DATA/DogRobot/ros2_ws/install/custom_interfaces/include/custom_interfaces/custom_interfaces/msg/rosidl_generator_cpp__visibility_control.hpp
[1.788s] -- Up-to-date: /home/DATA/DogRobot/ros2_ws/install/custom_interfaces/include/custom_interfaces/custom_interfaces
[1.788s] -- Up-to-date: /home/DATA/DogRobot/ros2_ws/install/custom_interfaces/include/custom_interfaces/custom_interfaces/srv
[1.788s] -- Up-to-date: /home/DATA/DogRobot/ros2_ws/install/custom_interfaces/include/custom_interfaces/custom_interfaces/srv/detail
[1.788s] -- Up-to-date: /home/DATA/DogRobot/ros2_ws/install/custom_interfaces/include/custom_interfaces/custom_interfaces/srv/detail/add_two_ints__rosidl_typesupport_fastrtps_cpp.hpp
[1.788s] -- Up-to-date: /home/DATA/DogRobot/ros2_ws/install/custom_interfaces/include/custom_interfaces/custom_interfaces/srv/detail/gamepad_srv__rosidl_typesupport_fastrtps_cpp.hpp
[1.788s] -- Up-to-date: /home/DATA/DogRobot/ros2_ws/install/custom_interfaces/include/custom_interfaces/custom_interfaces/srv/detail/dds_fastrtps
[1.788s] -- Up-to-date: /home/DATA/DogRobot/ros2_ws/install/custom_interfaces/include/custom_interfaces/custom_interfaces/msg
[1.788s] -- Up-to-date: /home/DATA/DogRobot/ros2_ws/install/custom_interfaces/include/custom_interfaces/custom_interfaces/msg/detail
[1.788s] -- Up-to-date: /home/DATA/DogRobot/ros2_ws/install/custom_interfaces/include/custom_interfaces/custom_interfaces/msg/detail/dds_fastrtps
[1.788s] -- Up-to-date: /home/DATA/DogRobot/ros2_ws/install/custom_interfaces/include/custom_interfaces/custom_interfaces/msg/detail/publish_message__rosidl_typesupport_fastrtps_cpp.hpp
[1.788s] -- Up-to-date: /home/DATA/DogRobot/ros2_ws/install/custom_interfaces/include/custom_interfaces/custom_interfaces/msg/detail/ca_nmessage__rosidl_typesupport_fastrtps_cpp.hpp
[1.789s] -- Up-to-date: /home/DATA/DogRobot/ros2_ws/install/custom_interfaces/include/custom_interfaces/custom_interfaces/msg/rosidl_typesupport_fastrtps_cpp__visibility_control.h
[1.790s] -- Up-to-date: /home/DATA/DogRobot/ros2_ws/install/custom_interfaces/lib/libcustom_interfaces__rosidl_typesupport_fastrtps_cpp.so
[1.790s] -- Up-to-date: /home/DATA/DogRobot/ros2_ws/install/custom_interfaces/include/custom_interfaces/custom_interfaces
[1.791s] -- Up-to-date: /home/DATA/DogRobot/ros2_ws/install/custom_interfaces/include/custom_interfaces/custom_interfaces/srv
[1.791s] -- Up-to-date: /home/DATA/DogRobot/ros2_ws/install/custom_interfaces/include/custom_interfaces/custom_interfaces/srv/detail
[1.792s] -- Up-to-date: /home/DATA/DogRobot/ros2_ws/install/custom_interfaces/include/custom_interfaces/custom_interfaces/srv/detail/gamepad_srv__type_support.cpp
[1.792s] -- Up-to-date: /home/DATA/DogRobot/ros2_ws/install/custom_interfaces/include/custom_interfaces/custom_interfaces/srv/detail/add_two_ints__rosidl_typesupport_introspection_cpp.hpp
[1.792s] -- Up-to-date: /home/DATA/DogRobot/ros2_ws/install/custom_interfaces/include/custom_interfaces/custom_interfaces/srv/detail/gamepad_srv__rosidl_typesupport_introspection_cpp.hpp
[1.792s] -- Up-to-date: /home/DATA/DogRobot/ros2_ws/install/custom_interfaces/include/custom_interfaces/custom_interfaces/srv/detail/add_two_ints__type_support.cpp
[1.792s] -- Up-to-date: /home/DATA/DogRobot/ros2_ws/install/custom_interfaces/include/custom_interfaces/custom_interfaces/msg
[1.792s] -- Up-to-date: /home/DATA/DogRobot/ros2_ws/install/custom_interfaces/include/custom_interfaces/custom_interfaces/msg/detail
[1.792s] -- Up-to-date: /home/DATA/DogRobot/ros2_ws/install/custom_interfaces/include/custom_interfaces/custom_interfaces/msg/detail/ca_nmessage__rosidl_typesupport_introspection_cpp.hpp
[1.792s] -- Up-to-date: /home/DATA/DogRobot/ros2_ws/install/custom_interfaces/include/custom_interfaces/custom_interfaces/msg/detail/ca_nmessage__type_support.cpp
[1.792s] -- Up-to-date: /home/DATA/DogRobot/ros2_ws/install/custom_interfaces/include/custom_interfaces/custom_interfaces/msg/detail/publish_message__type_support.cpp
[1.792s] -- Up-to-date: /home/DATA/DogRobot/ros2_ws/install/custom_interfaces/include/custom_interfaces/custom_interfaces/msg/detail/publish_message__rosidl_typesupport_introspection_cpp.hpp
[1.793s] -- Up-to-date: /home/DATA/DogRobot/ros2_ws/install/custom_interfaces/lib/libcustom_interfaces__rosidl_typesupport_introspection_cpp.so
[1.795s] -- Up-to-date: /home/DATA/DogRobot/ros2_ws/install/custom_interfaces/lib/libcustom_interfaces__rosidl_typesupport_cpp.so
[1.795s] -- Up-to-date: /home/DATA/DogRobot/ros2_ws/install/custom_interfaces/share/custom_interfaces/environment/pythonpath.sh
[1.795s] -- Up-to-date: /home/DATA/DogRobot/ros2_ws/install/custom_interfaces/share/custom_interfaces/environment/pythonpath.dsv
[1.795s] -- Up-to-date: /home/DATA/DogRobot/ros2_ws/install/custom_interfaces/lib/python3.12/site-packages/custom_interfaces-0.0.0-py3.12.egg-info
[1.796s] -- Installing: /home/DATA/DogRobot/ros2_ws/install/custom_interfaces/lib/python3.12/site-packages/custom_interfaces-0.0.0-py3.12.egg-info/top_level.txt
[1.796s] -- Installing: /home/DATA/DogRobot/ros2_ws/install/custom_interfaces/lib/python3.12/site-packages/custom_interfaces-0.0.0-py3.12.egg-info/PKG-INFO
[1.796s] -- Installing: /home/DATA/DogRobot/ros2_ws/install/custom_interfaces/lib/python3.12/site-packages/custom_interfaces-0.0.0-py3.12.egg-info/SOURCES.txt
[1.797s] -- Installing: /home/DATA/DogRobot/ros2_ws/install/custom_interfaces/lib/python3.12/site-packages/custom_interfaces-0.0.0-py3.12.egg-info/dependency_links.txt
[1.798s] -- Up-to-date: /home/DATA/DogRobot/ros2_ws/install/custom_interfaces/lib/python3.12/site-packages/custom_interfaces
[1.798s] -- Up-to-date: /home/DATA/DogRobot/ros2_ws/install/custom_interfaces/lib/python3.12/site-packages/custom_interfaces/srv
[1.798s] -- Up-to-date: /home/DATA/DogRobot/ros2_ws/install/custom_interfaces/lib/python3.12/site-packages/custom_interfaces/srv/_add_two_ints.py
[1.798s] -- Up-to-date: /home/DATA/DogRobot/ros2_ws/install/custom_interfaces/lib/python3.12/site-packages/custom_interfaces/srv/_add_two_ints_s.c
[1.798s] -- Up-to-date: /home/DATA/DogRobot/ros2_ws/install/custom_interfaces/lib/python3.12/site-packages/custom_interfaces/srv/__init__.py
[1.799s] -- Up-to-date: /home/DATA/DogRobot/ros2_ws/install/custom_interfaces/lib/python3.12/site-packages/custom_interfaces/srv/_gamepad_srv_s.c
[1.799s] -- Up-to-date: /home/DATA/DogRobot/ros2_ws/install/custom_interfaces/lib/python3.12/site-packages/custom_interfaces/srv/_gamepad_srv.py
[1.799s] -- Up-to-date: /home/DATA/DogRobot/ros2_ws/install/custom_interfaces/lib/python3.12/site-packages/custom_interfaces/__init__.py
[1.799s] -- Up-to-date: /home/DATA/DogRobot/ros2_ws/install/custom_interfaces/lib/python3.12/site-packages/custom_interfaces/_custom_interfaces_s.ep.rosidl_typesupport_introspection_c.c
[1.799s] -- Up-to-date: /home/DATA/DogRobot/ros2_ws/install/custom_interfaces/lib/python3.12/site-packages/custom_interfaces/msg
[1.799s] -- Up-to-date: /home/DATA/DogRobot/ros2_ws/install/custom_interfaces/lib/python3.12/site-packages/custom_interfaces/msg/_ca_nmessage_s.c
[1.799s] -- Up-to-date: /home/DATA/DogRobot/ros2_ws/install/custom_interfaces/lib/python3.12/site-packages/custom_interfaces/msg/__init__.py
[1.799s] -- Up-to-date: /home/DATA/DogRobot/ros2_ws/install/custom_interfaces/lib/python3.12/site-packages/custom_interfaces/msg/_publish_message_s.c
[1.800s] -- Up-to-date: /home/DATA/DogRobot/ros2_ws/install/custom_interfaces/lib/python3.12/site-packages/custom_interfaces/msg/_ca_nmessage.py
[1.800s] -- Up-to-date: /home/DATA/DogRobot/ros2_ws/install/custom_interfaces/lib/python3.12/site-packages/custom_interfaces/msg/_publish_message.py
[1.800s] -- Up-to-date: /home/DATA/DogRobot/ros2_ws/install/custom_interfaces/lib/python3.12/site-packages/custom_interfaces/custom_interfaces_s__rosidl_typesupport_c.so
[1.800s] -- Up-to-date: /home/DATA/DogRobot/ros2_ws/install/custom_interfaces/lib/python3.12/site-packages/custom_interfaces/custom_interfaces_s__rosidl_typesupport_fastrtps_c.so
[1.800s] -- Up-to-date: /home/DATA/DogRobot/ros2_ws/install/custom_interfaces/lib/python3.12/site-packages/custom_interfaces/_custom_interfaces_s.ep.rosidl_typesupport_fastrtps_c.c
[1.800s] -- Up-to-date: /home/DATA/DogRobot/ros2_ws/install/custom_interfaces/lib/python3.12/site-packages/custom_interfaces/custom_interfaces_s__rosidl_typesupport_introspection_c.so
[1.800s] -- Up-to-date: /home/DATA/DogRobot/ros2_ws/install/custom_interfaces/lib/python3.12/site-packages/custom_interfaces/_custom_interfaces_s.ep.rosidl_typesupport_c.c
[1.858s] Listing '/home/DATA/DogRobot/ros2_ws/install/custom_interfaces/lib/python3.12/site-packages/custom_interfaces'...
[1.858s] Listing '/home/DATA/DogRobot/ros2_ws/install/custom_interfaces/lib/python3.12/site-packages/custom_interfaces/msg'...
[1.858s] Listing '/home/DATA/DogRobot/ros2_ws/install/custom_interfaces/lib/python3.12/site-packages/custom_interfaces/srv'...
[1.872s] -- Up-to-date: /home/DATA/DogRobot/ros2_ws/install/custom_interfaces/lib/python3.12/site-packages/custom_interfaces/custom_interfaces_s__rosidl_typesupport_fastrtps_c.so
[1.874s] -- Up-to-date: /home/DATA/DogRobot/ros2_ws/install/custom_interfaces/lib/python3.12/site-packages/custom_interfaces/custom_interfaces_s__rosidl_typesupport_introspection_c.so
[1.875s] -- Up-to-date: /home/DATA/DogRobot/ros2_ws/install/custom_interfaces/lib/python3.12/site-packages/custom_interfaces/custom_interfaces_s__rosidl_typesupport_c.so
[1.877s] -- Up-to-date: /home/DATA/DogRobot/ros2_ws/install/custom_interfaces/lib/libcustom_interfaces__rosidl_generator_py.so
[1.877s] -- Up-to-date: /home/DATA/DogRobot/ros2_ws/install/custom_interfaces/share/custom_interfaces/srv/GamepadSrv.idl
[1.878s] -- Up-to-date: /home/DATA/DogRobot/ros2_ws/install/custom_interfaces/share/custom_interfaces/msg/PublishMessage.idl
[1.878s] -- Up-to-date: /home/DATA/DogRobot/ros2_ws/install/custom_interfaces/share/custom_interfaces/srv/GamepadSrv.srv
[1.879s] -- Up-to-date: /home/DATA/DogRobot/ros2_ws/install/custom_interfaces/share/custom_interfaces/msg/PublishMessage.msg
[1.879s] -- Up-to-date: /home/DATA/DogRobot/ros2_ws/install/custom_interfaces/share/ament_index/resource_index/package_run_dependencies/custom_interfaces
[1.879s] -- Up-to-date: /home/DATA/DogRobot/ros2_ws/install/custom_interfaces/share/ament_index/resource_index/parent_prefix_path/custom_interfaces
[1.879s] -- Up-to-date: /home/DATA/DogRobot/ros2_ws/install/custom_interfaces/share/custom_interfaces/environment/ament_prefix_path.sh
[1.879s] -- Up-to-date: /home/DATA/DogRobot/ros2_ws/install/custom_interfaces/share/custom_interfaces/environment/ament_prefix_path.dsv
[1.880s] -- Up-to-date: /home/DATA/DogRobot/ros2_ws/install/custom_interfaces/share/custom_interfaces/environment/path.sh
[1.880s] -- Up-to-date: /home/DATA/DogRobot/ros2_ws/install/custom_interfaces/share/custom_interfaces/environment/path.dsv
[1.880s] -- Up-to-date: /home/DATA/DogRobot/ros2_ws/install/custom_interfaces/share/custom_interfaces/local_setup.bash
[1.880s] -- Up-to-date: /home/DATA/DogRobot/ros2_ws/install/custom_interfaces/share/custom_interfaces/local_setup.sh
[1.880s] -- Up-to-date: /home/DATA/DogRobot/ros2_ws/install/custom_interfaces/share/custom_interfaces/local_setup.zsh
[1.880s] -- Up-to-date: /home/DATA/DogRobot/ros2_ws/install/custom_interfaces/share/custom_interfaces/local_setup.dsv
[1.880s] -- Installing: /home/DATA/DogRobot/ros2_ws/install/custom_interfaces/share/custom_interfaces/package.dsv
[1.884s] -- Up-to-date: /home/DATA/DogRobot/ros2_ws/install/custom_interfaces/share/ament_index/resource_index/packages/custom_interfaces
[1.884s] -- Up-to-date: /home/DATA/DogRobot/ros2_ws/install/custom_interfaces/share/custom_interfaces/cmake/export_custom_interfaces__rosidl_generator_cExport.cmake
[1.884s] -- Up-to-date: /home/DATA/DogRobot/ros2_ws/install/custom_interfaces/share/custom_interfaces/cmake/export_custom_interfaces__rosidl_generator_cExport-noconfig.cmake
[1.885s] -- Up-to-date: /home/DATA/DogRobot/ros2_ws/install/custom_interfaces/share/custom_interfaces/cmake/export_custom_interfaces__rosidl_typesupport_fastrtps_cExport.cmake
[1.885s] -- Up-to-date: /home/DATA/DogRobot/ros2_ws/install/custom_interfaces/share/custom_interfaces/cmake/export_custom_interfaces__rosidl_typesupport_fastrtps_cExport-noconfig.cmake
[1.886s] -- Up-to-date: /home/DATA/DogRobot/ros2_ws/install/custom_interfaces/share/custom_interfaces/cmake/custom_interfaces__rosidl_typesupport_introspection_cExport.cmake
[1.886s] -- Up-to-date: /home/DATA/DogRobot/ros2_ws/install/custom_interfaces/share/custom_interfaces/cmake/custom_interfaces__rosidl_typesupport_introspection_cExport-noconfig.cmake
[1.888s] -- Up-to-date: /home/DATA/DogRobot/ros2_ws/install/custom_interfaces/share/custom_interfaces/cmake/custom_interfaces__rosidl_typesupport_cExport.cmake
[1.888s] -- Up-to-date: /home/DATA/DogRobot/ros2_ws/install/custom_interfaces/share/custom_interfaces/cmake/custom_interfaces__rosidl_typesupport_cExport-noconfig.cmake
[1.889s] -- Up-to-date: /home/DATA/DogRobot/ros2_ws/install/custom_interfaces/share/custom_interfaces/cmake/export_custom_interfaces__rosidl_generator_cppExport.cmake
[1.889s] -- Up-to-date: /home/DATA/DogRobot/ros2_ws/install/custom_interfaces/share/custom_interfaces/cmake/export_custom_interfaces__rosidl_typesupport_fastrtps_cppExport.cmake
[1.890s] -- Up-to-date: /home/DATA/DogRobot/ros2_ws/install/custom_interfaces/share/custom_interfaces/cmake/export_custom_interfaces__rosidl_typesupport_fastrtps_cppExport-noconfig.cmake
[1.890s] -- Up-to-date: /home/DATA/DogRobot/ros2_ws/install/custom_interfaces/share/custom_interfaces/cmake/custom_interfaces__rosidl_typesupport_introspection_cppExport.cmake
[1.891s] -- Up-to-date: /home/DATA/DogRobot/ros2_ws/install/custom_interfaces/share/custom_interfaces/cmake/custom_interfaces__rosidl_typesupport_introspection_cppExport-noconfig.cmake
[1.891s] -- Up-to-date: /home/DATA/DogRobot/ros2_ws/install/custom_interfaces/share/custom_interfaces/cmake/custom_interfaces__rosidl_typesupport_cppExport.cmake
[1.892s] -- Up-to-date: /home/DATA/DogRobot/ros2_ws/install/custom_interfaces/share/custom_interfaces/cmake/custom_interfaces__rosidl_typesupport_cppExport-noconfig.cmake
[1.892s] -- Up-to-date: /home/DATA/DogRobot/ros2_ws/install/custom_interfaces/share/custom_interfaces/cmake/export_custom_interfaces__rosidl_generator_pyExport.cmake
[1.892s] -- Up-to-date: /home/DATA/DogRobot/ros2_ws/install/custom_interfaces/share/custom_interfaces/cmake/export_custom_interfaces__rosidl_generator_pyExport-noconfig.cmake
[1.892s] -- Up-to-date: /home/DATA/DogRobot/ros2_ws/install/custom_interfaces/share/custom_interfaces/cmake/rosidl_cmake-extras.cmake
[1.892s] -- Up-to-date: /home/DATA/DogRobot/ros2_ws/install/custom_interfaces/share/custom_interfaces/cmake/ament_cmake_export_dependencies-extras.cmake
[1.893s] -- Up-to-date: /home/DATA/DogRobot/ros2_ws/install/custom_interfaces/share/custom_interfaces/cmake/ament_cmake_export_include_directories-extras.cmake
[1.893s] -- Up-to-date: /home/DATA/DogRobot/ros2_ws/install/custom_interfaces/share/custom_interfaces/cmake/ament_cmake_export_libraries-extras.cmake
[1.893s] -- Up-to-date: /home/DATA/DogRobot/ros2_ws/install/custom_interfaces/share/custom_interfaces/cmake/ament_cmake_export_targets-extras.cmake
[1.893s] -- Up-to-date: /home/DATA/DogRobot/ros2_ws/install/custom_interfaces/share/custom_interfaces/cmake/rosidl_cmake_export_typesupport_targets-extras.cmake
[1.894s] -- Up-to-date: /home/DATA/DogRobot/ros2_ws/install/custom_interfaces/share/custom_interfaces/cmake/rosidl_cmake_export_typesupport_libraries-extras.cmake
[1.894s] -- Up-to-date: /home/DATA/DogRobot/ros2_ws/install/custom_interfaces/share/custom_interfaces/cmake/custom_interfacesConfig.cmake
[1.894s] -- Up-to-date: /home/DATA/DogRobot/ros2_ws/install/custom_interfaces/share/custom_interfaces/cmake/custom_interfacesConfig-version.cmake
[1.894s] -- Up-to-date: /home/DATA/DogRobot/ros2_ws/install/custom_interfaces/share/custom_interfaces/package.xml
[1.907s] Invoked command in '/home/DATA/DogRobot/ros2_ws/build/custom_interfaces' returned '0': CMAKE_PREFIX_PATH=${CMAKE_PREFIX_PATH}:/home/DATA/DogRobot/ros2_ws/install/my_launch_package:/home/DATA/DogRobot/ros2_ws/install/gamepad_node:/home/DATA/DogRobot/ros2_ws/install/controller:/home/DATA/DogRobot/ros2_ws/install/can_node:/home/DATA/DogRobot/ros2_ws/install/add_integers:/opt/ros/jazzy DEBUGINFOD_URLS=https://debuginfod.ubuntu.com /usr/bin/cmake --install /home/DATA/DogRobot/ros2_ws/build/custom_interfaces
