[1.299s] Invoking command in '/home/DATA/DogRobot/ros2_ws/src/can_node': DEBUGINFOD_URLS=https://debuginfod.ubuntu.com PYTHONPATH=/home/DATA/DogRobot/ros2_ws/build/can_node/prefix_override:/usr/lib/python3/dist-packages/colcon_core/task/python/colcon_distutils_commands:/home/DATA/DogRobot/ros2_ws/install/can_node/lib/python3.12/site-packages:${PYTHONPATH} /usr/bin/python3 -W ignore:setup.py install is deprecated setup.py egg_info --egg-base ../../build/can_node build --build-base /home/DATA/DogRobot/ros2_ws/build/can_node/build install --record /home/DATA/DogRobot/ros2_ws/build/can_node/install.log --single-version-externally-managed install_data
[1.623s] running egg_info
[1.644s] writing ../../build/can_node/can_node.egg-info/PKG-INFO
[1.644s] writing dependency_links to ../../build/can_node/can_node.egg-info/dependency_links.txt
[1.645s] writing entry points to ../../build/can_node/can_node.egg-info/entry_points.txt
[1.645s] writing requirements to ../../build/can_node/can_node.egg-info/requires.txt
[1.645s] writing top-level names to ../../build/can_node/can_node.egg-info/top_level.txt
[1.688s] reading manifest file '../../build/can_node/can_node.egg-info/SOURCES.txt'
[1.688s] writing manifest file '../../build/can_node/can_node.egg-info/SOURCES.txt'
[1.689s] running build
[1.689s] running build_py
[1.689s] running install
[1.695s] running install_lib
[1.718s] running install_data
[1.718s] running install_egg_info
[1.740s] removing '/home/DATA/DogRobot/ros2_ws/install/can_node/lib/python3.12/site-packages/can_node-0.0.0-py3.12.egg-info' (and everything under it)
[1.740s] Copying ../../build/can_node/can_node.egg-info to /home/DATA/DogRobot/ros2_ws/install/can_node/lib/python3.12/site-packages/can_node-0.0.0-py3.12.egg-info
[1.741s] running install_scripts
[1.881s] Installing listener script to /home/DATA/DogRobot/ros2_ws/install/can_node/lib/can_node
[1.881s] Installing talker script to /home/DATA/DogRobot/ros2_ws/install/can_node/lib/can_node
[1.881s] writing list of installed files to '/home/DATA/DogRobot/ros2_ws/build/can_node/install.log'
