[1.907s] Invoking command in '/home/DATA/DogRobot/ros2_ws/src/can_node': CMAKE_PREFIX_PATH=/home/DATA/DogRobot/ros2_ws/install/custom_interfaces:/home/DATA/DogRobot/ros2_ws/install/wit_pkg:/home/DATA/DogRobot/ros2_ws/install/urdf_tutorial:/home/DATA/DogRobot/ros2_ws/install/simulation:/opt/ros/jazzy/opt/gz_sim_vendor:/opt/ros/jazzy/opt/gz_sensors_vendor:/opt/ros/jazzy/opt/gz_physics_vendor:/opt/ros/jazzy/opt/sdformat_vendor:/opt/ros/jazzy/opt/gz_gui_vendor:/opt/ros/jazzy/opt/gz_transport_vendor:/opt/ros/jazzy/opt/gz_rendering_vendor:/opt/ros/jazzy/opt/gz_plugin_vendor:/opt/ros/jazzy/opt/gz_fuel_tools_vendor:/opt/ros/jazzy/opt/gz_msgs_vendor:/opt/ros/jazzy/opt/gz_common_vendor:/opt/ros/jazzy/opt/gz_math_vendor:/opt/ros/jazzy/opt/gz_utils_vendor:/opt/ros/jazzy/opt/gz_tools_vendor:/opt/ros/jazzy/opt/gz_ogre_next_vendor:/opt/ros/jazzy/opt/gz_dartsim_vendor:/opt/ros/jazzy/opt/gz_cmake_vendor DEBUGINFOD_URLS=https://debuginfod.ubuntu.com LD_LIBRARY_PATH=/home/DATA/DogRobot/ros2_ws/install/custom_interfaces/lib:/home/DATA/DogRobot/ros2_ws/install/wit_pkg/lib:/opt/ros/jazzy/opt/gz_sim_vendor/lib:/opt/ros/jazzy/opt/gz_sensors_vendor/lib:/opt/ros/jazzy/opt/gz_physics_vendor/lib:/opt/ros/jazzy/opt/sdformat_vendor/lib:/opt/ros/jazzy/opt/rviz_ogre_vendor/lib:/opt/ros/jazzy/lib/x86_64-linux-gnu:/opt/ros/jazzy/opt/gz_gui_vendor/lib:/opt/ros/jazzy/opt/gz_transport_vendor/lib:/opt/ros/jazzy/opt/gz_rendering_vendor/lib:/opt/ros/jazzy/opt/gz_plugin_vendor/lib:/opt/ros/jazzy/opt/gz_fuel_tools_vendor/lib:/opt/ros/jazzy/opt/gz_msgs_vendor/lib:/opt/ros/jazzy/opt/gz_common_vendor/lib:/opt/ros/jazzy/opt/gz_math_vendor/lib:/opt/ros/jazzy/opt/gz_utils_vendor/lib:/opt/ros/jazzy/opt/gz_tools_vendor/lib:/opt/ros/jazzy/opt/gz_ogre_next_vendor/lib:/opt/ros/jazzy/opt/gz_dartsim_vendor/lib:/opt/ros/jazzy/opt/gz_cmake_vendor/lib:/opt/ros/jazzy/lib PYTHONPATH=/home/DATA/DogRobot/ros2_ws/build/can_node/prefix_override:/usr/lib/python3/dist-packages/colcon_core/task/python/colcon_distutils_commands:/home/DATA/DogRobot/ros2_ws/install/can_node/lib/python3.12/site-packages:/home/DATA/DogRobot/ros2_ws/install/custom_interfaces/lib/python3.12/site-packages:/home/DATA/DogRobot/ros2_ws/install/my_launch_package/lib/python3.12/site-packages:/home/DATA/DogRobot/ros2_ws/install/gamepad_node/lib/python3.12/site-packages:/home/DATA/DogRobot/ros2_ws/install/controller/lib/python3.12/site-packages:/home/DATA/DogRobot/ros2_ws/install/can_node/lib/python3.12/site-packages:/home/DATA/DogRobot/ros2_ws/install/add_integers/lib/python3.12/site-packages:/home/DATA/DogRobot/ros2_ws/install/control/lib/python3.12/site-packages:/opt/ros/jazzy/lib/python3.12/site-packages /usr/bin/python3 -W ignore:setup.py install is deprecated setup.py egg_info --egg-base ../../build/can_node build --build-base /home/DATA/DogRobot/ros2_ws/build/can_node/build install --record /home/DATA/DogRobot/ros2_ws/build/can_node/install.log --single-version-externally-managed install_data
[2.294s] running egg_info
[2.294s] creating ../../build/can_node/can_node.egg-info
[2.328s] writing ../../build/can_node/can_node.egg-info/PKG-INFO
[2.328s] writing dependency_links to ../../build/can_node/can_node.egg-info/dependency_links.txt
[2.329s] writing entry points to ../../build/can_node/can_node.egg-info/entry_points.txt
[2.329s] writing requirements to ../../build/can_node/can_node.egg-info/requires.txt
[2.329s] writing top-level names to ../../build/can_node/can_node.egg-info/top_level.txt
[2.329s] writing manifest file '../../build/can_node/can_node.egg-info/SOURCES.txt'
[2.385s] reading manifest file '../../build/can_node/can_node.egg-info/SOURCES.txt'
[2.386s] writing manifest file '../../build/can_node/can_node.egg-info/SOURCES.txt'
[2.386s] running build
[2.387s] running build_py
[2.387s] creating /home/DATA/DogRobot/ros2_ws/build/can_node/build
[2.387s] creating /home/DATA/DogRobot/ros2_ws/build/can_node/build/lib
[2.387s] creating /home/DATA/DogRobot/ros2_ws/build/can_node/build/lib/can_node
[2.387s] copying can_node/publisher.py -> /home/DATA/DogRobot/ros2_ws/build/can_node/build/lib/can_node
[2.388s] copying can_node/canController.py -> /home/DATA/DogRobot/ros2_ws/build/can_node/build/lib/can_node
[2.388s] copying can_node/__init__.py -> /home/DATA/DogRobot/ros2_ws/build/can_node/build/lib/can_node
[2.388s] copying can_node/subcriber.py -> /home/DATA/DogRobot/ros2_ws/build/can_node/build/lib/can_node
[2.388s] running install
[2.395s] running install_lib
[2.424s] creating /home/DATA/DogRobot/ros2_ws/install/can_node/lib/python3.12/site-packages/can_node
[2.424s] copying /home/DATA/DogRobot/ros2_ws/build/can_node/build/lib/can_node/publisher.py -> /home/DATA/DogRobot/ros2_ws/install/can_node/lib/python3.12/site-packages/can_node
[2.425s] copying /home/DATA/DogRobot/ros2_ws/build/can_node/build/lib/can_node/canController.py -> /home/DATA/DogRobot/ros2_ws/install/can_node/lib/python3.12/site-packages/can_node
[2.425s] copying /home/DATA/DogRobot/ros2_ws/build/can_node/build/lib/can_node/__init__.py -> /home/DATA/DogRobot/ros2_ws/install/can_node/lib/python3.12/site-packages/can_node
[2.425s] copying /home/DATA/DogRobot/ros2_ws/build/can_node/build/lib/can_node/subcriber.py -> /home/DATA/DogRobot/ros2_ws/install/can_node/lib/python3.12/site-packages/can_node
[2.425s] byte-compiling /home/DATA/DogRobot/ros2_ws/install/can_node/lib/python3.12/site-packages/can_node/publisher.py to publisher.cpython-312.pyc
[2.426s] byte-compiling /home/DATA/DogRobot/ros2_ws/install/can_node/lib/python3.12/site-packages/can_node/canController.py to canController.cpython-312.pyc
[2.428s] byte-compiling /home/DATA/DogRobot/ros2_ws/install/can_node/lib/python3.12/site-packages/can_node/__init__.py to __init__.cpython-312.pyc
[2.428s] byte-compiling /home/DATA/DogRobot/ros2_ws/install/can_node/lib/python3.12/site-packages/can_node/subcriber.py to subcriber.cpython-312.pyc
[2.429s] running install_data
[2.429s] creating /home/DATA/DogRobot/ros2_ws/install/can_node/share/ament_index
[2.429s] creating /home/DATA/DogRobot/ros2_ws/install/can_node/share/ament_index/resource_index
[2.429s] creating /home/DATA/DogRobot/ros2_ws/install/can_node/share/ament_index/resource_index/packages
[2.429s] copying resource/can_node -> /home/DATA/DogRobot/ros2_ws/install/can_node/share/ament_index/resource_index/packages
[2.429s] copying package.xml -> /home/DATA/DogRobot/ros2_ws/install/can_node/share/can_node
[2.429s] running install_egg_info
[2.458s] Copying ../../build/can_node/can_node.egg-info to /home/DATA/DogRobot/ros2_ws/install/can_node/lib/python3.12/site-packages/can_node-0.0.0-py3.12.egg-info
[2.459s] running install_scripts
[2.685s] Installing can script to /home/DATA/DogRobot/ros2_ws/install/can_node/lib/can_node
[2.686s] Installing listener script to /home/DATA/DogRobot/ros2_ws/install/can_node/lib/can_node
[2.686s] Installing talker script to /home/DATA/DogRobot/ros2_ws/install/can_node/lib/can_node
[2.686s] writing list of installed files to '/home/DATA/DogRobot/ros2_ws/build/can_node/install.log'
[2.750s] Invoked command in '/home/DATA/DogRobot/ros2_ws/src/can_node' returned '0': CMAKE_PREFIX_PATH=/home/DATA/DogRobot/ros2_ws/install/custom_interfaces:/home/DATA/DogRobot/ros2_ws/install/wit_pkg:/home/DATA/DogRobot/ros2_ws/install/urdf_tutorial:/home/DATA/DogRobot/ros2_ws/install/simulation:/opt/ros/jazzy/opt/gz_sim_vendor:/opt/ros/jazzy/opt/gz_sensors_vendor:/opt/ros/jazzy/opt/gz_physics_vendor:/opt/ros/jazzy/opt/sdformat_vendor:/opt/ros/jazzy/opt/gz_gui_vendor:/opt/ros/jazzy/opt/gz_transport_vendor:/opt/ros/jazzy/opt/gz_rendering_vendor:/opt/ros/jazzy/opt/gz_plugin_vendor:/opt/ros/jazzy/opt/gz_fuel_tools_vendor:/opt/ros/jazzy/opt/gz_msgs_vendor:/opt/ros/jazzy/opt/gz_common_vendor:/opt/ros/jazzy/opt/gz_math_vendor:/opt/ros/jazzy/opt/gz_utils_vendor:/opt/ros/jazzy/opt/gz_tools_vendor:/opt/ros/jazzy/opt/gz_ogre_next_vendor:/opt/ros/jazzy/opt/gz_dartsim_vendor:/opt/ros/jazzy/opt/gz_cmake_vendor DEBUGINFOD_URLS=https://debuginfod.ubuntu.com LD_LIBRARY_PATH=/home/DATA/DogRobot/ros2_ws/install/custom_interfaces/lib:/home/DATA/DogRobot/ros2_ws/install/wit_pkg/lib:/opt/ros/jazzy/opt/gz_sim_vendor/lib:/opt/ros/jazzy/opt/gz_sensors_vendor/lib:/opt/ros/jazzy/opt/gz_physics_vendor/lib:/opt/ros/jazzy/opt/sdformat_vendor/lib:/opt/ros/jazzy/opt/rviz_ogre_vendor/lib:/opt/ros/jazzy/lib/x86_64-linux-gnu:/opt/ros/jazzy/opt/gz_gui_vendor/lib:/opt/ros/jazzy/opt/gz_transport_vendor/lib:/opt/ros/jazzy/opt/gz_rendering_vendor/lib:/opt/ros/jazzy/opt/gz_plugin_vendor/lib:/opt/ros/jazzy/opt/gz_fuel_tools_vendor/lib:/opt/ros/jazzy/opt/gz_msgs_vendor/lib:/opt/ros/jazzy/opt/gz_common_vendor/lib:/opt/ros/jazzy/opt/gz_math_vendor/lib:/opt/ros/jazzy/opt/gz_utils_vendor/lib:/opt/ros/jazzy/opt/gz_tools_vendor/lib:/opt/ros/jazzy/opt/gz_ogre_next_vendor/lib:/opt/ros/jazzy/opt/gz_dartsim_vendor/lib:/opt/ros/jazzy/opt/gz_cmake_vendor/lib:/opt/ros/jazzy/lib PYTHONPATH=/home/DATA/DogRobot/ros2_ws/build/can_node/prefix_override:/usr/lib/python3/dist-packages/colcon_core/task/python/colcon_distutils_commands:/home/DATA/DogRobot/ros2_ws/install/can_node/lib/python3.12/site-packages:/home/DATA/DogRobot/ros2_ws/install/custom_interfaces/lib/python3.12/site-packages:/home/DATA/DogRobot/ros2_ws/install/my_launch_package/lib/python3.12/site-packages:/home/DATA/DogRobot/ros2_ws/install/gamepad_node/lib/python3.12/site-packages:/home/DATA/DogRobot/ros2_ws/install/controller/lib/python3.12/site-packages:/home/DATA/DogRobot/ros2_ws/install/can_node/lib/python3.12/site-packages:/home/DATA/DogRobot/ros2_ws/install/add_integers/lib/python3.12/site-packages:/home/DATA/DogRobot/ros2_ws/install/control/lib/python3.12/site-packages:/opt/ros/jazzy/lib/python3.12/site-packages /usr/bin/python3 -W ignore:setup.py install is deprecated setup.py egg_info --egg-base ../../build/can_node build --build-base /home/DATA/DogRobot/ros2_ws/build/can_node/build install --record /home/DATA/DogRobot/ros2_ws/build/can_node/install.log --single-version-externally-managed install_data
