[2.190s] Invoking command in '/home/DATA/DogRobot/ros2_ws/src/controller': DEBUGINFOD_URLS=https://debuginfod.ubuntu.com PYTHONPATH=/home/DATA/DogRobot/ros2_ws/build/controller/prefix_override:/usr/lib/python3/dist-packages/colcon_core/task/python/colcon_distutils_commands:/home/DATA/DogRobot/ros2_ws/install/controller/lib/python3.12/site-packages:${PYTHONPATH} /usr/bin/python3 -W ignore:setup.py install is deprecated setup.py egg_info --egg-base ../../build/controller build --build-base /home/DATA/DogRobot/ros2_ws/build/controller/build install --record /home/DATA/DogRobot/ros2_ws/build/controller/install.log --single-version-externally-managed install_data
[2.766s] running egg_info
[2.841s] writing ../../build/controller/controller.egg-info/PKG-INFO
[2.841s] writing dependency_links to ../../build/controller/controller.egg-info/dependency_links.txt
[2.842s] writing entry points to ../../build/controller/controller.egg-info/entry_points.txt
[2.842s] writing requirements to ../../build/controller/controller.egg-info/requires.txt
[2.844s] writing top-level names to ../../build/controller/controller.egg-info/top_level.txt
[3.008s] reading manifest file '../../build/controller/controller.egg-info/SOURCES.txt'
[3.008s] writing manifest file '../../build/controller/controller.egg-info/SOURCES.txt'
[3.009s] running build
[3.009s] running build_py
[3.010s] running install
[3.022s] running install_lib
[3.064s] running install_data
[3.065s] running install_egg_info
[3.142s] removing '/home/DATA/DogRobot/ros2_ws/install/controller/lib/python3.12/site-packages/controller-0.0.0-py3.12.egg-info' (and everything under it)
[3.145s] Copying ../../build/controller/controller.egg-info to /home/DATA/DogRobot/ros2_ws/install/controller/lib/python3.12/site-packages/controller-0.0.0-py3.12.egg-info
[3.147s] running install_scripts
[3.586s] Installing control script to /home/DATA/DogRobot/ros2_ws/install/controller/lib/controller
[3.587s] writing list of installed files to '/home/DATA/DogRobot/ros2_ws/build/controller/install.log'
[3.694s] Invoked command in '/home/DATA/DogRobot/ros2_ws/src/controller' returned '0': DEBUGINFOD_URLS=https://debuginfod.ubuntu.com PYTHONPATH=/home/DATA/DogRobot/ros2_ws/build/controller/prefix_override:/usr/lib/python3/dist-packages/colcon_core/task/python/colcon_distutils_commands:/home/DATA/DogRobot/ros2_ws/install/controller/lib/python3.12/site-packages:${PYTHONPATH} /usr/bin/python3 -W ignore:setup.py install is deprecated setup.py egg_info --egg-base ../../build/controller build --build-base /home/DATA/DogRobot/ros2_ws/build/controller/build install --record /home/DATA/DogRobot/ros2_ws/build/controller/install.log --single-version-externally-managed install_data
