running develop
/usr/lib/python3/dist-packages/setuptools/command/develop.py:40: EasyInstallDeprecationWarning: easy_install command is deprecated.
!!

        ********************************************************************************
        Please avoid running ``setup.py`` and ``easy_install``.
        Instead, use pypa/build, pypa/installer or other
        standards-based tools.

        See https://github.com/pypa/setuptools/issues/917 for details.
        ********************************************************************************

!!
  easy_install.initialize_options(self)
running egg_info
writing controller.egg-info/PKG-INFO
writing dependency_links to controller.egg-info/dependency_links.txt
writing entry points to controller.egg-info/entry_points.txt
writing requirements to controller.egg-info/requires.txt
writing top-level names to controller.egg-info/top_level.txt
reading manifest file 'controller.egg-info/SOURCES.txt'
writing manifest file 'controller.egg-info/SOURCES.txt'
running build_ext
Creating /home/vuong/Project/ROS2/ros2_ws/install/controller/lib/python3.12/site-packages/controller.egg-link (link to .)
Installing listener script to /home/vuong/Project/ROS2/ros2_ws/install/controller/lib/controller
Installing talker script to /home/vuong/Project/ROS2/ros2_ws/install/controller/lib/controller

Installed /home/vuong/Project/ROS2/ros2_ws/build/controller
running symlink_data
