[2.789s] Invoking command in '/home/vuong/Project/ROS2/ros2_ws/build/controller': DEBUGINFOD_URLS=https://debuginfod.ubuntu.com PYTHONPATH=/home/vuong/Project/ROS2/ros2_ws/build/controller/prefix_override:/usr/lib/python3/dist-packages/colcon_core/task/python/colcon_distutils_commands:/home/vuong/Project/ROS2/ros2_ws/install/controller/lib/python3.12/site-packages:${PYTHONPATH} /usr/bin/python3 -W ignore:setup.py install is deprecated setup.py develop --editable --build-directory /home/vuong/Project/ROS2/ros2_ws/build/controller/build --no-deps symlink_data
[3.454s] running develop
[3.456s] /usr/lib/python3/dist-packages/setuptools/command/develop.py:40: EasyInstallDeprecationWarning: easy_install command is deprecated.
[3.456s] !!
[3.457s] 
[3.457s]         ********************************************************************************
[3.457s]         Please avoid running ``setup.py`` and ``easy_install``.
[3.457s]         Instead, use pypa/build, pypa/installer or other
[3.457s]         standards-based tools.
[3.457s] 
[3.457s]         See https://github.com/pypa/setuptools/issues/917 for details.
[3.457s]         ********************************************************************************
[3.457s] 
[3.457s] !!
[3.458s]   easy_install.initialize_options(self)
[3.810s] running egg_info
[3.843s] writing controller.egg-info/PKG-INFO
[3.844s] writing dependency_links to controller.egg-info/dependency_links.txt
[3.846s] writing entry points to controller.egg-info/entry_points.txt
[3.846s] writing requirements to controller.egg-info/requires.txt
[3.848s] writing top-level names to controller.egg-info/top_level.txt
[3.921s] reading manifest file 'controller.egg-info/SOURCES.txt'
[3.921s] writing manifest file 'controller.egg-info/SOURCES.txt'
[3.970s] running build_ext
[3.971s] Creating /home/vuong/Project/ROS2/ros2_ws/install/controller/lib/python3.12/site-packages/controller.egg-link (link to .)
[3.976s] Installing listener script to /home/vuong/Project/ROS2/ros2_ws/install/controller/lib/controller
[3.976s] Installing talker script to /home/vuong/Project/ROS2/ros2_ws/install/controller/lib/controller
[3.976s] 
[3.976s] Installed /home/vuong/Project/ROS2/ros2_ws/build/controller
[3.976s] running symlink_data
[4.088s] Invoked command in '/home/vuong/Project/ROS2/ros2_ws/build/controller' returned '0': DEBUGINFOD_URLS=https://debuginfod.ubuntu.com PYTHONPATH=/home/vuong/Project/ROS2/ros2_ws/build/controller/prefix_override:/usr/lib/python3/dist-packages/colcon_core/task/python/colcon_distutils_commands:/home/vuong/Project/ROS2/ros2_ws/install/controller/lib/python3.12/site-packages:${PYTHONPATH} /usr/bin/python3 -W ignore:setup.py install is deprecated setup.py develop --editable --build-directory /home/vuong/Project/ROS2/ros2_ws/build/controller/build --no-deps symlink_data
