[5.237s] DEBUG:colcon:Command line arguments: ['/usr/bin/colcon', 'list', '-p', '--base-paths', '/home/vuong/Project/ROS2/ros2_ws']
[5.247s] DEBUG:colcon:Parsed command line arguments: Namespace(log_base=None, log_level=None, verb_name='list', build_base='build', ignore_user_meta=False, metas=['./colcon.meta'], base_paths=['/home/vuong/Project/ROS2/ros2_ws'], packages_ignore=None, packages_ignore_regex=None, paths=None, packages_up_to=None, packages_up_to_regex=None, packages_above=None, packages_above_and_dependencies=None, packages_above_depth=None, packages_select_by_dep=None, packages_skip_by_dep=None, packages_skip_up_to=None, packages_select_build_failed=False, packages_skip_build_finished=False, packages_select_test_failures=False, packages_skip_test_passed=False, packages_select=None, packages_skip=None, packages_select_regex=None, packages_skip_regex=None, packages_start=None, packages_end=None, allow_overriding=[], topological_order=False, names_only=False, paths_only=True, topological_graph=False, topological_graph_dot=False, topological_graph_density=False, topological_graph_legend=False, topological_graph_dot_cluster=False, topological_graph_dot_include_skipped=False, mixin_files=None, mixin=None, verb_parser=<colcon_mixin.mixin.mixin_argument.MixinArgumentDecorator object at 0x78a78e97be90>, verb_extension=<colcon_package_information.verb.list.ListVerb object at 0x78a78e97b0b0>, main=<bound method ListVerb.main of <colcon_package_information.verb.list.ListVerb object at 0x78a78e97b0b0>>, mixin_verb=('list',))
[6.887s] Level 1:colcon.colcon_core.package_discovery:discover_packages(colcon_meta) check parameters
[6.891s] Level 1:colcon.colcon_core.package_discovery:discover_packages(recursive) check parameters
[6.892s] Level 1:colcon.colcon_core.package_discovery:discover_packages(ignore) check parameters
[6.892s] Level 1:colcon.colcon_core.package_discovery:discover_packages(path) check parameters
[6.892s] Level 1:colcon.colcon_core.package_discovery:discover_packages(recursive) discover
[6.894s] INFO:colcon.colcon_core.package_discovery:Crawling recursively for packages in '/home/vuong/Project/ROS2/ros2_ws'
[6.903s] Level 1:colcon.colcon_core.package_identification:_identify(/home/vuong/Project/ROS2/ros2_ws) by extensions ['ignore', 'ignore_ament_install']
[6.903s] Level 1:colcon.colcon_core.package_identification:_identify(/home/vuong/Project/ROS2/ros2_ws) by extension 'ignore'
[6.903s] Level 1:colcon.colcon_core.package_identification:_identify(/home/vuong/Project/ROS2/ros2_ws) by extension 'ignore_ament_install'
[6.903s] Level 1:colcon.colcon_core.package_identification:_identify(/home/vuong/Project/ROS2/ros2_ws) by extensions ['colcon_pkg']
[6.904s] Level 1:colcon.colcon_core.package_identification:_identify(/home/vuong/Project/ROS2/ros2_ws) by extension 'colcon_pkg'
[6.904s] Level 1:colcon.colcon_core.package_identification:_identify(/home/vuong/Project/ROS2/ros2_ws) by extensions ['colcon_meta']
[6.904s] Level 1:colcon.colcon_core.package_identification:_identify(/home/vuong/Project/ROS2/ros2_ws) by extension 'colcon_meta'
[6.904s] Level 1:colcon.colcon_core.package_identification:_identify(/home/vuong/Project/ROS2/ros2_ws) by extensions ['ros']
[6.904s] Level 1:colcon.colcon_core.package_identification:_identify(/home/vuong/Project/ROS2/ros2_ws) by extension 'ros'
[7.555s] Level 1:colcon.colcon_core.package_identification:_identify(/home/vuong/Project/ROS2/ros2_ws) by extensions ['cmake', 'python']
[7.564s] Level 1:colcon.colcon_core.package_identification:_identify(/home/vuong/Project/ROS2/ros2_ws) by extension 'cmake'
[7.564s] Level 1:colcon.colcon_core.package_identification:_identify(/home/vuong/Project/ROS2/ros2_ws) by extension 'python'
[7.564s] Level 1:colcon.colcon_core.package_identification:_identify(/home/vuong/Project/ROS2/ros2_ws) by extensions ['python_setup_py']
[7.565s] Level 1:colcon.colcon_core.package_identification:_identify(/home/vuong/Project/ROS2/ros2_ws) by extension 'python_setup_py'
[7.568s] Level 1:colcon.colcon_core.package_identification:_identify(/home/vuong/Project/ROS2/ros2_ws/log) by extensions ['ignore', 'ignore_ament_install']
[7.570s] Level 1:colcon.colcon_core.package_identification:_identify(/home/vuong/Project/ROS2/ros2_ws/log) by extension 'ignore'
[7.571s] Level 1:colcon.colcon_core.package_identification:_identify(/home/vuong/Project/ROS2/ros2_ws/log) ignored
[7.578s] Level 1:colcon.colcon_core.package_identification:_identify(/home/vuong/Project/ROS2/ros2_ws/src) by extensions ['ignore', 'ignore_ament_install']
[7.579s] Level 1:colcon.colcon_core.package_identification:_identify(/home/vuong/Project/ROS2/ros2_ws/src) by extension 'ignore'
[7.579s] Level 1:colcon.colcon_core.package_identification:_identify(/home/vuong/Project/ROS2/ros2_ws/src) by extension 'ignore_ament_install'
[7.579s] Level 1:colcon.colcon_core.package_identification:_identify(/home/vuong/Project/ROS2/ros2_ws/src) by extensions ['colcon_pkg']
[7.579s] Level 1:colcon.colcon_core.package_identification:_identify(/home/vuong/Project/ROS2/ros2_ws/src) by extension 'colcon_pkg'
[7.580s] Level 1:colcon.colcon_core.package_identification:_identify(/home/vuong/Project/ROS2/ros2_ws/src) by extensions ['colcon_meta']
[7.583s] Level 1:colcon.colcon_core.package_identification:_identify(/home/vuong/Project/ROS2/ros2_ws/src) by extension 'colcon_meta'
[7.583s] Level 1:colcon.colcon_core.package_identification:_identify(/home/vuong/Project/ROS2/ros2_ws/src) by extensions ['ros']
[7.583s] Level 1:colcon.colcon_core.package_identification:_identify(/home/vuong/Project/ROS2/ros2_ws/src) by extension 'ros'
[7.584s] Level 1:colcon.colcon_core.package_identification:_identify(/home/vuong/Project/ROS2/ros2_ws/src) by extensions ['cmake', 'python']
[7.584s] Level 1:colcon.colcon_core.package_identification:_identify(/home/vuong/Project/ROS2/ros2_ws/src) by extension 'cmake'
[7.584s] Level 1:colcon.colcon_core.package_identification:_identify(/home/vuong/Project/ROS2/ros2_ws/src) by extension 'python'
[7.584s] Level 1:colcon.colcon_core.package_identification:_identify(/home/vuong/Project/ROS2/ros2_ws/src) by extensions ['python_setup_py']
[7.584s] Level 1:colcon.colcon_core.package_identification:_identify(/home/vuong/Project/ROS2/ros2_ws/src) by extension 'python_setup_py'
[7.589s] Level 1:colcon.colcon_core.package_identification:_identify(/home/vuong/Project/ROS2/ros2_ws/src/controller) by extensions ['ignore', 'ignore_ament_install']
[7.593s] Level 1:colcon.colcon_core.package_identification:_identify(/home/vuong/Project/ROS2/ros2_ws/src/controller) by extension 'ignore'
[7.598s] Level 1:colcon.colcon_core.package_identification:_identify(/home/vuong/Project/ROS2/ros2_ws/src/controller) by extension 'ignore_ament_install'
[7.599s] Level 1:colcon.colcon_core.package_identification:_identify(/home/vuong/Project/ROS2/ros2_ws/src/controller) by extensions ['colcon_pkg']
[7.599s] Level 1:colcon.colcon_core.package_identification:_identify(/home/vuong/Project/ROS2/ros2_ws/src/controller) by extension 'colcon_pkg'
[7.599s] Level 1:colcon.colcon_core.package_identification:_identify(/home/vuong/Project/ROS2/ros2_ws/src/controller) by extensions ['colcon_meta']
[7.599s] Level 1:colcon.colcon_core.package_identification:_identify(/home/vuong/Project/ROS2/ros2_ws/src/controller) by extension 'colcon_meta'
[7.599s] Level 1:colcon.colcon_core.package_identification:_identify(/home/vuong/Project/ROS2/ros2_ws/src/controller) by extensions ['ros']
[7.602s] Level 1:colcon.colcon_core.package_identification:_identify(/home/vuong/Project/ROS2/ros2_ws/src/controller) by extension 'ros'
[7.651s] DEBUG:colcon.colcon_core.package_identification:Package '/home/vuong/Project/ROS2/ros2_ws/src/controller' with type 'ros.ament_python' and name 'controller'
[7.651s] Level 1:colcon.colcon_core.package_discovery:discover_packages(recursive) using defaults
