[0.205s] DEBUG:colcon:Command line arguments: ['/usr/bin/colcon', 'build']
[0.205s] DEBUG:colcon:Parsed command line arguments: Namespace(log_base=None, log_level=None, verb_name='build', build_base='build', install_base='install', merge_install=False, symlink_install=False, test_result_base=None, continue_on_error=False, executor='parallel', parallel_workers=8, event_handlers=None, ignore_user_meta=False, metas=['./colcon.meta'], base_paths=['.'], packages_ignore=None, packages_ignore_regex=None, paths=None, packages_up_to=None, packages_up_to_regex=None, packages_above=None, packages_above_and_dependencies=None, packages_above_depth=None, packages_select_by_dep=None, packages_skip_by_dep=None, packages_skip_up_to=None, packages_select_build_failed=False, packages_skip_build_finished=False, packages_select_test_failures=False, packages_skip_test_passed=False, packages_select=None, packages_skip=None, packages_select_regex=None, packages_skip_regex=None, packages_start=None, packages_end=None, allow_overriding=[], cmake_args=None, cmake_target=None, cmake_target_skip_unavailable=False, cmake_clean_cache=False, cmake_clean_first=False, cmake_force_configure=False, ament_cmake_args=None, catkin_cmake_args=None, catkin_skip_building_tests=False, mixin_files=None, mixin=None, verb_parser=<colcon_mixin.mixin.mixin_argument.MixinArgumentDecorator object at 0x7a70670594f0>, verb_extension=<colcon_core.verb.build.BuildVerb object at 0x7a70671badb0>, main=<bound method BuildVerb.main of <colcon_core.verb.build.BuildVerb object at 0x7a70671badb0>>, mixin_verb=('build',))
[0.268s] Level 1:colcon.colcon_core.package_discovery:discover_packages(colcon_meta) check parameters
[0.269s] Level 1:colcon.colcon_core.package_discovery:discover_packages(recursive) check parameters
[0.269s] Level 1:colcon.colcon_core.package_discovery:discover_packages(ignore) check parameters
[0.269s] Level 1:colcon.colcon_core.package_discovery:discover_packages(path) check parameters
[0.269s] Level 1:colcon.colcon_core.package_discovery:discover_packages(colcon_meta) discover
[0.269s] Level 1:colcon.colcon_core.package_discovery:discover_packages(recursive) discover
[0.270s] INFO:colcon.colcon_core.package_discovery:Crawling recursively for packages in '/home/DATA/DogRobot/ros2_ws'
[0.270s] Level 1:colcon.colcon_core.package_identification:_identify(.) by extensions ['ignore', 'ignore_ament_install']
[0.270s] Level 1:colcon.colcon_core.package_identification:_identify(.) by extension 'ignore'
[0.271s] Level 1:colcon.colcon_core.package_identification:_identify(.) by extension 'ignore_ament_install'
[0.271s] Level 1:colcon.colcon_core.package_identification:_identify(.) by extensions ['colcon_pkg']
[0.271s] Level 1:colcon.colcon_core.package_identification:_identify(.) by extension 'colcon_pkg'
[0.271s] Level 1:colcon.colcon_core.package_identification:_identify(.) by extensions ['colcon_meta']
[0.271s] Level 1:colcon.colcon_core.package_identification:_identify(.) by extension 'colcon_meta'
[0.271s] Level 1:colcon.colcon_core.package_identification:_identify(.) by extensions ['ros']
[0.271s] Level 1:colcon.colcon_core.package_identification:_identify(.) by extension 'ros'
[0.313s] Level 1:colcon.colcon_core.package_identification:_identify(.) by extensions ['cmake', 'python']
[0.313s] Level 1:colcon.colcon_core.package_identification:_identify(.) by extension 'cmake'
[0.313s] Level 1:colcon.colcon_core.package_identification:_identify(.) by extension 'python'
[0.313s] Level 1:colcon.colcon_core.package_identification:_identify(.) by extensions ['python_setup_py']
[0.313s] Level 1:colcon.colcon_core.package_identification:_identify(.) by extension 'python_setup_py'
[0.313s] Level 1:colcon.colcon_core.package_identification:_identify(build) by extensions ['ignore', 'ignore_ament_install']
[0.313s] Level 1:colcon.colcon_core.package_identification:_identify(build) by extension 'ignore'
[0.313s] Level 1:colcon.colcon_core.package_identification:_identify(build) ignored
[0.313s] Level 1:colcon.colcon_core.package_identification:_identify(install) by extensions ['ignore', 'ignore_ament_install']
[0.313s] Level 1:colcon.colcon_core.package_identification:_identify(install) by extension 'ignore'
[0.314s] Level 1:colcon.colcon_core.package_identification:_identify(install) ignored
[0.314s] Level 1:colcon.colcon_core.package_identification:_identify(log) by extensions ['ignore', 'ignore_ament_install']
[0.314s] Level 1:colcon.colcon_core.package_identification:_identify(log) by extension 'ignore'
[0.314s] Level 1:colcon.colcon_core.package_identification:_identify(log) ignored
[0.314s] Level 1:colcon.colcon_core.package_identification:_identify(src) by extensions ['ignore', 'ignore_ament_install']
[0.314s] Level 1:colcon.colcon_core.package_identification:_identify(src) by extension 'ignore'
[0.314s] Level 1:colcon.colcon_core.package_identification:_identify(src) by extension 'ignore_ament_install'
[0.314s] Level 1:colcon.colcon_core.package_identification:_identify(src) by extensions ['colcon_pkg']
[0.314s] Level 1:colcon.colcon_core.package_identification:_identify(src) by extension 'colcon_pkg'
[0.314s] Level 1:colcon.colcon_core.package_identification:_identify(src) by extensions ['colcon_meta']
[0.314s] Level 1:colcon.colcon_core.package_identification:_identify(src) by extension 'colcon_meta'
[0.314s] Level 1:colcon.colcon_core.package_identification:_identify(src) by extensions ['ros']
[0.314s] Level 1:colcon.colcon_core.package_identification:_identify(src) by extension 'ros'
[0.314s] Level 1:colcon.colcon_core.package_identification:_identify(src) by extensions ['cmake', 'python']
[0.315s] Level 1:colcon.colcon_core.package_identification:_identify(src) by extension 'cmake'
[0.315s] Level 1:colcon.colcon_core.package_identification:_identify(src) by extension 'python'
[0.315s] Level 1:colcon.colcon_core.package_identification:_identify(src) by extensions ['python_setup_py']
[0.315s] Level 1:colcon.colcon_core.package_identification:_identify(src) by extension 'python_setup_py'
[0.315s] Level 1:colcon.colcon_core.package_identification:_identify(src/add_integers) by extensions ['ignore', 'ignore_ament_install']
[0.315s] Level 1:colcon.colcon_core.package_identification:_identify(src/add_integers) by extension 'ignore'
[0.315s] Level 1:colcon.colcon_core.package_identification:_identify(src/add_integers) by extension 'ignore_ament_install'
[0.315s] Level 1:colcon.colcon_core.package_identification:_identify(src/add_integers) by extensions ['colcon_pkg']
[0.315s] Level 1:colcon.colcon_core.package_identification:_identify(src/add_integers) by extension 'colcon_pkg'
[0.315s] Level 1:colcon.colcon_core.package_identification:_identify(src/add_integers) by extensions ['colcon_meta']
[0.315s] Level 1:colcon.colcon_core.package_identification:_identify(src/add_integers) by extension 'colcon_meta'
[0.315s] Level 1:colcon.colcon_core.package_identification:_identify(src/add_integers) by extensions ['ros']
[0.315s] Level 1:colcon.colcon_core.package_identification:_identify(src/add_integers) by extension 'ros'
[0.318s] DEBUG:colcon.colcon_core.package_identification:Package 'src/add_integers' with type 'ros.ament_python' and name 'add_integers'
[0.318s] Level 1:colcon.colcon_core.package_identification:_identify(src/can_node) by extensions ['ignore', 'ignore_ament_install']
[0.318s] Level 1:colcon.colcon_core.package_identification:_identify(src/can_node) by extension 'ignore'
[0.318s] Level 1:colcon.colcon_core.package_identification:_identify(src/can_node) by extension 'ignore_ament_install'
[0.318s] Level 1:colcon.colcon_core.package_identification:_identify(src/can_node) by extensions ['colcon_pkg']
[0.318s] Level 1:colcon.colcon_core.package_identification:_identify(src/can_node) by extension 'colcon_pkg'
[0.318s] Level 1:colcon.colcon_core.package_identification:_identify(src/can_node) by extensions ['colcon_meta']
[0.318s] Level 1:colcon.colcon_core.package_identification:_identify(src/can_node) by extension 'colcon_meta'
[0.319s] Level 1:colcon.colcon_core.package_identification:_identify(src/can_node) by extensions ['ros']
[0.319s] Level 1:colcon.colcon_core.package_identification:_identify(src/can_node) by extension 'ros'
[0.319s] DEBUG:colcon.colcon_core.package_identification:Package 'src/can_node' with type 'ros.ament_python' and name 'can_node'
[0.319s] Level 1:colcon.colcon_core.package_identification:_identify(src/controller) by extensions ['ignore', 'ignore_ament_install']
[0.320s] Level 1:colcon.colcon_core.package_identification:_identify(src/controller) by extension 'ignore'
[0.320s] Level 1:colcon.colcon_core.package_identification:_identify(src/controller) by extension 'ignore_ament_install'
[0.320s] Level 1:colcon.colcon_core.package_identification:_identify(src/controller) by extensions ['colcon_pkg']
[0.320s] Level 1:colcon.colcon_core.package_identification:_identify(src/controller) by extension 'colcon_pkg'
[0.320s] Level 1:colcon.colcon_core.package_identification:_identify(src/controller) by extensions ['colcon_meta']
[0.320s] Level 1:colcon.colcon_core.package_identification:_identify(src/controller) by extension 'colcon_meta'
[0.320s] Level 1:colcon.colcon_core.package_identification:_identify(src/controller) by extensions ['ros']
[0.320s] Level 1:colcon.colcon_core.package_identification:_identify(src/controller) by extension 'ros'
[0.321s] DEBUG:colcon.colcon_core.package_identification:Package 'src/controller' with type 'ros.ament_python' and name 'controller'
[0.321s] Level 1:colcon.colcon_core.package_identification:_identify(src/custom_interfaces) by extensions ['ignore', 'ignore_ament_install']
[0.321s] Level 1:colcon.colcon_core.package_identification:_identify(src/custom_interfaces) by extension 'ignore'
[0.321s] Level 1:colcon.colcon_core.package_identification:_identify(src/custom_interfaces) by extension 'ignore_ament_install'
[0.321s] Level 1:colcon.colcon_core.package_identification:_identify(src/custom_interfaces) by extensions ['colcon_pkg']
[0.321s] Level 1:colcon.colcon_core.package_identification:_identify(src/custom_interfaces) by extension 'colcon_pkg'
[0.322s] Level 1:colcon.colcon_core.package_identification:_identify(src/custom_interfaces) by extensions ['colcon_meta']
[0.322s] Level 1:colcon.colcon_core.package_identification:_identify(src/custom_interfaces) by extension 'colcon_meta'
[0.322s] Level 1:colcon.colcon_core.package_identification:_identify(src/custom_interfaces) by extensions ['ros']
[0.322s] Level 1:colcon.colcon_core.package_identification:_identify(src/custom_interfaces) by extension 'ros'
[0.322s] DEBUG:colcon.colcon_core.package_identification:Package 'src/custom_interfaces' with type 'ros.ament_cmake' and name 'custom_interfaces'
[0.322s] Level 1:colcon.colcon_core.package_identification:_identify(src/gamepad_node) by extensions ['ignore', 'ignore_ament_install']
[0.322s] Level 1:colcon.colcon_core.package_identification:_identify(src/gamepad_node) by extension 'ignore'
[0.322s] Level 1:colcon.colcon_core.package_identification:_identify(src/gamepad_node) by extension 'ignore_ament_install'
[0.323s] Level 1:colcon.colcon_core.package_identification:_identify(src/gamepad_node) by extensions ['colcon_pkg']
[0.323s] Level 1:colcon.colcon_core.package_identification:_identify(src/gamepad_node) by extension 'colcon_pkg'
[0.323s] Level 1:colcon.colcon_core.package_identification:_identify(src/gamepad_node) by extensions ['colcon_meta']
[0.323s] Level 1:colcon.colcon_core.package_identification:_identify(src/gamepad_node) by extension 'colcon_meta'
[0.323s] Level 1:colcon.colcon_core.package_identification:_identify(src/gamepad_node) by extensions ['ros']
[0.323s] Level 1:colcon.colcon_core.package_identification:_identify(src/gamepad_node) by extension 'ros'
[0.324s] DEBUG:colcon.colcon_core.package_identification:Package 'src/gamepad_node' with type 'ros.ament_python' and name 'gamepad_node'
[0.324s] Level 1:colcon.colcon_core.package_identification:_identify(src/my_launch_package) by extensions ['ignore', 'ignore_ament_install']
[0.324s] Level 1:colcon.colcon_core.package_identification:_identify(src/my_launch_package) by extension 'ignore'
[0.324s] Level 1:colcon.colcon_core.package_identification:_identify(src/my_launch_package) by extension 'ignore_ament_install'
[0.324s] Level 1:colcon.colcon_core.package_identification:_identify(src/my_launch_package) by extensions ['colcon_pkg']
[0.324s] Level 1:colcon.colcon_core.package_identification:_identify(src/my_launch_package) by extension 'colcon_pkg'
[0.324s] Level 1:colcon.colcon_core.package_identification:_identify(src/my_launch_package) by extensions ['colcon_meta']
[0.324s] Level 1:colcon.colcon_core.package_identification:_identify(src/my_launch_package) by extension 'colcon_meta'
[0.324s] Level 1:colcon.colcon_core.package_identification:_identify(src/my_launch_package) by extensions ['ros']
[0.324s] Level 1:colcon.colcon_core.package_identification:_identify(src/my_launch_package) by extension 'ros'
[0.325s] DEBUG:colcon.colcon_core.package_identification:Package 'src/my_launch_package' with type 'ros.ament_python' and name 'my_launch_package'
[0.325s] Level 1:colcon.colcon_core.package_discovery:discover_packages(recursive) using defaults
[0.325s] Level 1:colcon.colcon_core.package_discovery:discover_packages(ignore) discover
[0.325s] Level 1:colcon.colcon_core.package_discovery:discover_packages(ignore) using defaults
[0.325s] Level 1:colcon.colcon_core.package_discovery:discover_packages(path) discover
[0.325s] Level 1:colcon.colcon_core.package_discovery:discover_packages(path) using defaults
[0.359s] Level 1:colcon.colcon_core.package_discovery:discover_packages(prefix_path) check parameters
[0.359s] Level 1:colcon.colcon_core.package_discovery:discover_packages(prefix_path) discover
[0.360s] WARNING:colcon.colcon_core.prefix_path.colcon:The path '/home/DATA/Test/DogRobot/ros2_ws/install' in the environment variable COLCON_PREFIX_PATH doesn't exist
[0.360s] WARNING:colcon.colcon_ros.prefix_path.ament:The path '/home/DATA/Test/DogRobot/ros2_ws/install/my_launch_package' in the environment variable AMENT_PREFIX_PATH doesn't exist
[0.361s] WARNING:colcon.colcon_ros.prefix_path.ament:The path '/home/DATA/Test/DogRobot/ros2_ws/install/gamepad_node' in the environment variable AMENT_PREFIX_PATH doesn't exist
[0.361s] WARNING:colcon.colcon_ros.prefix_path.ament:The path '/home/DATA/Test/DogRobot/ros2_ws/install/controller' in the environment variable AMENT_PREFIX_PATH doesn't exist
[0.361s] WARNING:colcon.colcon_ros.prefix_path.ament:The path '/home/DATA/Test/DogRobot/ros2_ws/install/can_node' in the environment variable AMENT_PREFIX_PATH doesn't exist
[0.361s] WARNING:colcon.colcon_ros.prefix_path.ament:The path '/home/DATA/Test/DogRobot/ros2_ws/install/add_integers' in the environment variable AMENT_PREFIX_PATH doesn't exist
[0.361s] WARNING:colcon.colcon_ros.prefix_path.ament:The path '/home/DATA/Test/DogRobot/ros2_ws/install/custom_interfaces' in the environment variable AMENT_PREFIX_PATH doesn't exist
[0.361s] WARNING:colcon.colcon_ros.prefix_path.catkin:The path '/home/DATA/Test/DogRobot/ros2_ws/install/custom_interfaces' in the environment variable CMAKE_PREFIX_PATH doesn't exist
[0.362s] DEBUG:colcon.colcon_installed_package_information.package_discovery:Found 6 installed packages in /home/DATA/DogRobot/ros2_ws/install
[0.364s] DEBUG:colcon.colcon_installed_package_information.package_discovery:Found 321 installed packages in /opt/ros/jazzy
[0.366s] Level 1:colcon.colcon_core.package_discovery:discover_packages(prefix_path) using defaults
[0.442s] Level 5:colcon.colcon_core.verb:set package 'custom_interfaces' build argument 'cmake_args' from command line to 'None'
[0.442s] Level 5:colcon.colcon_core.verb:set package 'custom_interfaces' build argument 'cmake_target' from command line to 'None'
[0.442s] Level 5:colcon.colcon_core.verb:set package 'custom_interfaces' build argument 'cmake_target_skip_unavailable' from command line to 'False'
[0.442s] Level 5:colcon.colcon_core.verb:set package 'custom_interfaces' build argument 'cmake_clean_cache' from command line to 'False'
[0.442s] Level 5:colcon.colcon_core.verb:set package 'custom_interfaces' build argument 'cmake_clean_first' from command line to 'False'
[0.442s] Level 5:colcon.colcon_core.verb:set package 'custom_interfaces' build argument 'cmake_force_configure' from command line to 'False'
[0.442s] Level 5:colcon.colcon_core.verb:set package 'custom_interfaces' build argument 'ament_cmake_args' from command line to 'None'
[0.442s] Level 5:colcon.colcon_core.verb:set package 'custom_interfaces' build argument 'catkin_cmake_args' from command line to 'None'
[0.442s] Level 5:colcon.colcon_core.verb:set package 'custom_interfaces' build argument 'catkin_skip_building_tests' from command line to 'False'
[0.442s] DEBUG:colcon.colcon_core.verb:Building package 'custom_interfaces' with the following arguments: {'ament_cmake_args': None, 'build_base': '/home/DATA/DogRobot/ros2_ws/build/custom_interfaces', 'catkin_cmake_args': None, 'catkin_skip_building_tests': False, 'cmake_args': None, 'cmake_clean_cache': False, 'cmake_clean_first': False, 'cmake_force_configure': False, 'cmake_target': None, 'cmake_target_skip_unavailable': False, 'install_base': '/home/DATA/DogRobot/ros2_ws/install/custom_interfaces', 'merge_install': False, 'path': '/home/DATA/DogRobot/ros2_ws/src/custom_interfaces', 'symlink_install': False, 'test_result_base': None}
[0.442s] Level 5:colcon.colcon_core.verb:set package 'my_launch_package' build argument 'cmake_args' from command line to 'None'
[0.442s] Level 5:colcon.colcon_core.verb:set package 'my_launch_package' build argument 'cmake_target' from command line to 'None'
[0.442s] Level 5:colcon.colcon_core.verb:set package 'my_launch_package' build argument 'cmake_target_skip_unavailable' from command line to 'False'
[0.442s] Level 5:colcon.colcon_core.verb:set package 'my_launch_package' build argument 'cmake_clean_cache' from command line to 'False'
[0.442s] Level 5:colcon.colcon_core.verb:set package 'my_launch_package' build argument 'cmake_clean_first' from command line to 'False'
[0.442s] Level 5:colcon.colcon_core.verb:set package 'my_launch_package' build argument 'cmake_force_configure' from command line to 'False'
[0.442s] Level 5:colcon.colcon_core.verb:set package 'my_launch_package' build argument 'ament_cmake_args' from command line to 'None'
[0.442s] Level 5:colcon.colcon_core.verb:set package 'my_launch_package' build argument 'catkin_cmake_args' from command line to 'None'
[0.442s] Level 5:colcon.colcon_core.verb:set package 'my_launch_package' build argument 'catkin_skip_building_tests' from command line to 'False'
[0.442s] DEBUG:colcon.colcon_core.verb:Building package 'my_launch_package' with the following arguments: {'ament_cmake_args': None, 'build_base': '/home/DATA/DogRobot/ros2_ws/build/my_launch_package', 'catkin_cmake_args': None, 'catkin_skip_building_tests': False, 'cmake_args': None, 'cmake_clean_cache': False, 'cmake_clean_first': False, 'cmake_force_configure': False, 'cmake_target': None, 'cmake_target_skip_unavailable': False, 'install_base': '/home/DATA/DogRobot/ros2_ws/install/my_launch_package', 'merge_install': False, 'path': '/home/DATA/DogRobot/ros2_ws/src/my_launch_package', 'symlink_install': False, 'test_result_base': None}
[0.443s] Level 5:colcon.colcon_core.verb:set package 'add_integers' build argument 'cmake_args' from command line to 'None'
[0.443s] Level 5:colcon.colcon_core.verb:set package 'add_integers' build argument 'cmake_target' from command line to 'None'
[0.443s] Level 5:colcon.colcon_core.verb:set package 'add_integers' build argument 'cmake_target_skip_unavailable' from command line to 'False'
[0.443s] Level 5:colcon.colcon_core.verb:set package 'add_integers' build argument 'cmake_clean_cache' from command line to 'False'
[0.443s] Level 5:colcon.colcon_core.verb:set package 'add_integers' build argument 'cmake_clean_first' from command line to 'False'
[0.443s] Level 5:colcon.colcon_core.verb:set package 'add_integers' build argument 'cmake_force_configure' from command line to 'False'
[0.443s] Level 5:colcon.colcon_core.verb:set package 'add_integers' build argument 'ament_cmake_args' from command line to 'None'
[0.443s] Level 5:colcon.colcon_core.verb:set package 'add_integers' build argument 'catkin_cmake_args' from command line to 'None'
[0.443s] Level 5:colcon.colcon_core.verb:set package 'add_integers' build argument 'catkin_skip_building_tests' from command line to 'False'
[0.443s] DEBUG:colcon.colcon_core.verb:Building package 'add_integers' with the following arguments: {'ament_cmake_args': None, 'build_base': '/home/DATA/DogRobot/ros2_ws/build/add_integers', 'catkin_cmake_args': None, 'catkin_skip_building_tests': False, 'cmake_args': None, 'cmake_clean_cache': False, 'cmake_clean_first': False, 'cmake_force_configure': False, 'cmake_target': None, 'cmake_target_skip_unavailable': False, 'install_base': '/home/DATA/DogRobot/ros2_ws/install/add_integers', 'merge_install': False, 'path': '/home/DATA/DogRobot/ros2_ws/src/add_integers', 'symlink_install': False, 'test_result_base': None}
[0.443s] Level 5:colcon.colcon_core.verb:set package 'can_node' build argument 'cmake_args' from command line to 'None'
[0.443s] Level 5:colcon.colcon_core.verb:set package 'can_node' build argument 'cmake_target' from command line to 'None'
[0.443s] Level 5:colcon.colcon_core.verb:set package 'can_node' build argument 'cmake_target_skip_unavailable' from command line to 'False'
[0.443s] Level 5:colcon.colcon_core.verb:set package 'can_node' build argument 'cmake_clean_cache' from command line to 'False'
[0.443s] Level 5:colcon.colcon_core.verb:set package 'can_node' build argument 'cmake_clean_first' from command line to 'False'
[0.444s] Level 5:colcon.colcon_core.verb:set package 'can_node' build argument 'cmake_force_configure' from command line to 'False'
[0.444s] Level 5:colcon.colcon_core.verb:set package 'can_node' build argument 'ament_cmake_args' from command line to 'None'
[0.444s] Level 5:colcon.colcon_core.verb:set package 'can_node' build argument 'catkin_cmake_args' from command line to 'None'
[0.444s] Level 5:colcon.colcon_core.verb:set package 'can_node' build argument 'catkin_skip_building_tests' from command line to 'False'
[0.444s] DEBUG:colcon.colcon_core.verb:Building package 'can_node' with the following arguments: {'ament_cmake_args': None, 'build_base': '/home/DATA/DogRobot/ros2_ws/build/can_node', 'catkin_cmake_args': None, 'catkin_skip_building_tests': False, 'cmake_args': None, 'cmake_clean_cache': False, 'cmake_clean_first': False, 'cmake_force_configure': False, 'cmake_target': None, 'cmake_target_skip_unavailable': False, 'install_base': '/home/DATA/DogRobot/ros2_ws/install/can_node', 'merge_install': False, 'path': '/home/DATA/DogRobot/ros2_ws/src/can_node', 'symlink_install': False, 'test_result_base': None}
[0.444s] Level 5:colcon.colcon_core.verb:set package 'gamepad_node' build argument 'cmake_args' from command line to 'None'
[0.444s] Level 5:colcon.colcon_core.verb:set package 'gamepad_node' build argument 'cmake_target' from command line to 'None'
[0.444s] Level 5:colcon.colcon_core.verb:set package 'gamepad_node' build argument 'cmake_target_skip_unavailable' from command line to 'False'
[0.444s] Level 5:colcon.colcon_core.verb:set package 'gamepad_node' build argument 'cmake_clean_cache' from command line to 'False'
[0.444s] Level 5:colcon.colcon_core.verb:set package 'gamepad_node' build argument 'cmake_clean_first' from command line to 'False'
[0.444s] Level 5:colcon.colcon_core.verb:set package 'gamepad_node' build argument 'cmake_force_configure' from command line to 'False'
[0.444s] Level 5:colcon.colcon_core.verb:set package 'gamepad_node' build argument 'ament_cmake_args' from command line to 'None'
[0.444s] Level 5:colcon.colcon_core.verb:set package 'gamepad_node' build argument 'catkin_cmake_args' from command line to 'None'
[0.444s] Level 5:colcon.colcon_core.verb:set package 'gamepad_node' build argument 'catkin_skip_building_tests' from command line to 'False'
[0.444s] DEBUG:colcon.colcon_core.verb:Building package 'gamepad_node' with the following arguments: {'ament_cmake_args': None, 'build_base': '/home/DATA/DogRobot/ros2_ws/build/gamepad_node', 'catkin_cmake_args': None, 'catkin_skip_building_tests': False, 'cmake_args': None, 'cmake_clean_cache': False, 'cmake_clean_first': False, 'cmake_force_configure': False, 'cmake_target': None, 'cmake_target_skip_unavailable': False, 'install_base': '/home/DATA/DogRobot/ros2_ws/install/gamepad_node', 'merge_install': False, 'path': '/home/DATA/DogRobot/ros2_ws/src/gamepad_node', 'symlink_install': False, 'test_result_base': None}
[0.444s] Level 5:colcon.colcon_core.verb:set package 'controller' build argument 'cmake_args' from command line to 'None'
[0.445s] Level 5:colcon.colcon_core.verb:set package 'controller' build argument 'cmake_target' from command line to 'None'
[0.445s] Level 5:colcon.colcon_core.verb:set package 'controller' build argument 'cmake_target_skip_unavailable' from command line to 'False'
[0.445s] Level 5:colcon.colcon_core.verb:set package 'controller' build argument 'cmake_clean_cache' from command line to 'False'
[0.445s] Level 5:colcon.colcon_core.verb:set package 'controller' build argument 'cmake_clean_first' from command line to 'False'
[0.445s] Level 5:colcon.colcon_core.verb:set package 'controller' build argument 'cmake_force_configure' from command line to 'False'
[0.445s] Level 5:colcon.colcon_core.verb:set package 'controller' build argument 'ament_cmake_args' from command line to 'None'
[0.445s] Level 5:colcon.colcon_core.verb:set package 'controller' build argument 'catkin_cmake_args' from command line to 'None'
[0.445s] Level 5:colcon.colcon_core.verb:set package 'controller' build argument 'catkin_skip_building_tests' from command line to 'False'
[0.445s] DEBUG:colcon.colcon_core.verb:Building package 'controller' with the following arguments: {'ament_cmake_args': None, 'build_base': '/home/DATA/DogRobot/ros2_ws/build/controller', 'catkin_cmake_args': None, 'catkin_skip_building_tests': False, 'cmake_args': None, 'cmake_clean_cache': False, 'cmake_clean_first': False, 'cmake_force_configure': False, 'cmake_target': None, 'cmake_target_skip_unavailable': False, 'install_base': '/home/DATA/DogRobot/ros2_ws/install/controller', 'merge_install': False, 'path': '/home/DATA/DogRobot/ros2_ws/src/controller', 'symlink_install': False, 'test_result_base': None}
[0.445s] INFO:colcon.colcon_core.executor:Executing jobs using 'parallel' executor
[0.446s] DEBUG:colcon.colcon_parallel_executor.executor.parallel:run_until_complete
[0.447s] INFO:colcon.colcon_ros.task.ament_cmake.build:Building ROS package in '/home/DATA/DogRobot/ros2_ws/src/custom_interfaces' with build type 'ament_cmake'
[0.447s] INFO:colcon.colcon_cmake.task.cmake.build:Building CMake package in '/home/DATA/DogRobot/ros2_ws/src/custom_interfaces'
[0.451s] INFO:colcon.colcon_core.plugin_system:Skipping extension 'colcon_core.shell.bat': Not used on non-Windows systems
[0.452s] INFO:colcon.colcon_core.shell:Skip shell extension 'powershell' for command environment: Not usable outside of PowerShell
[0.452s] DEBUG:colcon.colcon_core.shell:Skip shell extension 'dsv' for command environment
[0.457s] INFO:colcon.colcon_ros.task.ament_python.build:Building ROS package in '/home/DATA/DogRobot/ros2_ws/src/my_launch_package' with build type 'ament_python'
[0.457s] Level 1:colcon.colcon_core.shell:create_environment_hook('my_launch_package', 'ament_prefix_path')
[0.457s] INFO:colcon.colcon_core.shell:Creating environment hook '/home/DATA/DogRobot/ros2_ws/install/my_launch_package/share/my_launch_package/hook/ament_prefix_path.ps1'
[0.458s] INFO:colcon.colcon_core.shell:Creating environment descriptor '/home/DATA/DogRobot/ros2_ws/install/my_launch_package/share/my_launch_package/hook/ament_prefix_path.dsv'
[0.459s] INFO:colcon.colcon_core.shell:Creating environment hook '/home/DATA/DogRobot/ros2_ws/install/my_launch_package/share/my_launch_package/hook/ament_prefix_path.sh'
[0.460s] INFO:colcon.colcon_core.shell:Skip shell extension 'powershell' for command environment: Not usable outside of PowerShell
[0.460s] DEBUG:colcon.colcon_core.shell:Skip shell extension 'dsv' for command environment
[0.468s] DEBUG:colcon.colcon_core.event_handler.log_command:Invoking command in '/home/DATA/DogRobot/ros2_ws/build/custom_interfaces': CMAKE_PREFIX_PATH=${CMAKE_PREFIX_PATH}:/home/DATA/Test/DogRobot/ros2_ws/install/my_launch_package:/home/DATA/Test/DogRobot/ros2_ws/install/gamepad_node:/home/DATA/Test/DogRobot/ros2_ws/install/controller:/home/DATA/Test/DogRobot/ros2_ws/install/can_node:/home/DATA/Test/DogRobot/ros2_ws/install/add_integers:/home/DATA/DogRobot/ros2_ws/install/my_launch_package:/home/DATA/DogRobot/ros2_ws/install/gamepad_node:/home/DATA/DogRobot/ros2_ws/install/controller:/home/DATA/DogRobot/ros2_ws/install/can_node:/home/DATA/DogRobot/ros2_ws/install/add_integers:/opt/ros/jazzy DEBUGINFOD_URLS=https://debuginfod.ubuntu.com /usr/bin/cmake --build /home/DATA/DogRobot/ros2_ws/build/custom_interfaces -- -j8 -l8
[0.918s] INFO:colcon.colcon_core.task.python.build:Building Python package in '/home/DATA/DogRobot/ros2_ws/src/my_launch_package'
[0.918s] INFO:colcon.colcon_core.shell:Skip shell extension 'powershell' for command environment: Not usable outside of PowerShell
[0.918s] DEBUG:colcon.colcon_core.shell:Skip shell extension 'dsv' for command environment
[2.000s] DEBUG:colcon.colcon_core.event_handler.log_command:Invoking command in '/home/DATA/DogRobot/ros2_ws/src/my_launch_package': DEBUGINFOD_URLS=https://debuginfod.ubuntu.com PYTHONPATH=/home/DATA/DogRobot/ros2_ws/build/my_launch_package/prefix_override:/usr/lib/python3/dist-packages/colcon_core/task/python/colcon_distutils_commands:/home/DATA/DogRobot/ros2_ws/install/my_launch_package/lib/python3.12/site-packages:${PYTHONPATH} /usr/bin/python3 -W ignore:setup.py install is deprecated setup.py egg_info --egg-base ../../build/my_launch_package build --build-base /home/DATA/DogRobot/ros2_ws/build/my_launch_package/build install --record /home/DATA/DogRobot/ros2_ws/build/my_launch_package/install.log --single-version-externally-managed install_data
[3.025s] DEBUG:colcon.colcon_core.event_handler.log_command:Invoked command in '/home/DATA/DogRobot/ros2_ws/build/custom_interfaces' returned '0': CMAKE_PREFIX_PATH=${CMAKE_PREFIX_PATH}:/home/DATA/Test/DogRobot/ros2_ws/install/my_launch_package:/home/DATA/Test/DogRobot/ros2_ws/install/gamepad_node:/home/DATA/Test/DogRobot/ros2_ws/install/controller:/home/DATA/Test/DogRobot/ros2_ws/install/can_node:/home/DATA/Test/DogRobot/ros2_ws/install/add_integers:/home/DATA/DogRobot/ros2_ws/install/my_launch_package:/home/DATA/DogRobot/ros2_ws/install/gamepad_node:/home/DATA/DogRobot/ros2_ws/install/controller:/home/DATA/DogRobot/ros2_ws/install/can_node:/home/DATA/DogRobot/ros2_ws/install/add_integers:/opt/ros/jazzy DEBUGINFOD_URLS=https://debuginfod.ubuntu.com /usr/bin/cmake --build /home/DATA/DogRobot/ros2_ws/build/custom_interfaces -- -j8 -l8
[3.072s] DEBUG:colcon.colcon_core.event_handler.log_command:Invoked command in '/home/DATA/DogRobot/ros2_ws/src/my_launch_package' returned '0': DEBUGINFOD_URLS=https://debuginfod.ubuntu.com PYTHONPATH=/home/DATA/DogRobot/ros2_ws/build/my_launch_package/prefix_override:/usr/lib/python3/dist-packages/colcon_core/task/python/colcon_distutils_commands:/home/DATA/DogRobot/ros2_ws/install/my_launch_package/lib/python3.12/site-packages:${PYTHONPATH} /usr/bin/python3 -W ignore:setup.py install is deprecated setup.py egg_info --egg-base ../../build/my_launch_package build --build-base /home/DATA/DogRobot/ros2_ws/build/my_launch_package/build install --record /home/DATA/DogRobot/ros2_ws/build/my_launch_package/install.log --single-version-externally-managed install_data
[3.078s] Level 1:colcon.colcon_core.environment:checking '/home/DATA/DogRobot/ros2_ws/install/my_launch_package' for CMake module files
[3.078s] Level 1:colcon.colcon_core.environment:checking '/home/DATA/DogRobot/ros2_ws/install/my_launch_package' for CMake config files
[3.080s] Level 1:colcon.colcon_core.environment:checking '/home/DATA/DogRobot/ros2_ws/install/my_launch_package/lib'
[3.080s] Level 1:colcon.colcon_core.environment:checking '/home/DATA/DogRobot/ros2_ws/install/my_launch_package/bin'
[3.080s] Level 1:colcon.colcon_core.environment:checking '/home/DATA/DogRobot/ros2_ws/install/my_launch_package/lib/pkgconfig/my_launch_package.pc'
[3.081s] Level 1:colcon.colcon_core.environment:checking '/home/DATA/DogRobot/ros2_ws/install/my_launch_package/lib/python3.12/site-packages'
[3.081s] Level 1:colcon.colcon_core.shell:create_environment_hook('my_launch_package', 'pythonpath')
[3.082s] INFO:colcon.colcon_core.shell:Creating environment hook '/home/DATA/DogRobot/ros2_ws/install/my_launch_package/share/my_launch_package/hook/pythonpath.ps1'
[3.084s] INFO:colcon.colcon_core.shell:Creating environment descriptor '/home/DATA/DogRobot/ros2_ws/install/my_launch_package/share/my_launch_package/hook/pythonpath.dsv'
[3.086s] INFO:colcon.colcon_core.shell:Creating environment hook '/home/DATA/DogRobot/ros2_ws/install/my_launch_package/share/my_launch_package/hook/pythonpath.sh'
[3.088s] Level 1:colcon.colcon_core.environment:checking '/home/DATA/DogRobot/ros2_ws/install/my_launch_package/bin'
[3.088s] Level 1:colcon.colcon_core.environment:create_environment_scripts_only(my_launch_package)
[3.089s] INFO:colcon.colcon_core.shell:Creating package script '/home/DATA/DogRobot/ros2_ws/install/my_launch_package/share/my_launch_package/package.ps1'
[3.091s] INFO:colcon.colcon_core.shell:Creating package descriptor '/home/DATA/DogRobot/ros2_ws/install/my_launch_package/share/my_launch_package/package.dsv'
[3.092s] INFO:colcon.colcon_core.shell:Creating package script '/home/DATA/DogRobot/ros2_ws/install/my_launch_package/share/my_launch_package/package.sh'
[3.093s] INFO:colcon.colcon_core.shell:Creating package script '/home/DATA/DogRobot/ros2_ws/install/my_launch_package/share/my_launch_package/package.bash'
[3.095s] INFO:colcon.colcon_core.shell:Creating package script '/home/DATA/DogRobot/ros2_ws/install/my_launch_package/share/my_launch_package/package.zsh'
[3.097s] Level 1:colcon.colcon_core.environment:create_file_with_runtime_dependencies(/home/DATA/DogRobot/ros2_ws/install/my_launch_package/share/colcon-core/packages/my_launch_package)
[3.178s] DEBUG:colcon.colcon_core.event_handler.log_command:Invoking command in '/home/DATA/DogRobot/ros2_ws/build/custom_interfaces': CMAKE_PREFIX_PATH=${CMAKE_PREFIX_PATH}:/home/DATA/Test/DogRobot/ros2_ws/install/my_launch_package:/home/DATA/Test/DogRobot/ros2_ws/install/gamepad_node:/home/DATA/Test/DogRobot/ros2_ws/install/controller:/home/DATA/Test/DogRobot/ros2_ws/install/can_node:/home/DATA/Test/DogRobot/ros2_ws/install/add_integers:/home/DATA/DogRobot/ros2_ws/install/my_launch_package:/home/DATA/DogRobot/ros2_ws/install/gamepad_node:/home/DATA/DogRobot/ros2_ws/install/controller:/home/DATA/DogRobot/ros2_ws/install/can_node:/home/DATA/DogRobot/ros2_ws/install/add_integers:/opt/ros/jazzy DEBUGINFOD_URLS=https://debuginfod.ubuntu.com /usr/bin/cmake --install /home/DATA/DogRobot/ros2_ws/build/custom_interfaces
[3.316s] Level 1:colcon.colcon_core.environment:create_environment_scripts_only(custom_interfaces)
[3.317s] Level 1:colcon.colcon_core.environment:checking '/home/DATA/DogRobot/ros2_ws/install/custom_interfaces' for CMake module files
[3.318s] DEBUG:colcon.colcon_core.event_handler.log_command:Invoked command in '/home/DATA/DogRobot/ros2_ws/build/custom_interfaces' returned '0': CMAKE_PREFIX_PATH=${CMAKE_PREFIX_PATH}:/home/DATA/Test/DogRobot/ros2_ws/install/my_launch_package:/home/DATA/Test/DogRobot/ros2_ws/install/gamepad_node:/home/DATA/Test/DogRobot/ros2_ws/install/controller:/home/DATA/Test/DogRobot/ros2_ws/install/can_node:/home/DATA/Test/DogRobot/ros2_ws/install/add_integers:/home/DATA/DogRobot/ros2_ws/install/my_launch_package:/home/DATA/DogRobot/ros2_ws/install/gamepad_node:/home/DATA/DogRobot/ros2_ws/install/controller:/home/DATA/DogRobot/ros2_ws/install/can_node:/home/DATA/DogRobot/ros2_ws/install/add_integers:/opt/ros/jazzy DEBUGINFOD_URLS=https://debuginfod.ubuntu.com /usr/bin/cmake --install /home/DATA/DogRobot/ros2_ws/build/custom_interfaces
[3.319s] Level 1:colcon.colcon_core.environment:checking '/home/DATA/DogRobot/ros2_ws/install/custom_interfaces' for CMake config files
[3.319s] Level 1:colcon.colcon_core.shell:create_environment_hook('custom_interfaces', 'cmake_prefix_path')
[3.320s] INFO:colcon.colcon_core.shell:Creating environment hook '/home/DATA/DogRobot/ros2_ws/install/custom_interfaces/share/custom_interfaces/hook/cmake_prefix_path.ps1'
[3.321s] INFO:colcon.colcon_core.shell:Creating environment descriptor '/home/DATA/DogRobot/ros2_ws/install/custom_interfaces/share/custom_interfaces/hook/cmake_prefix_path.dsv'
[3.321s] INFO:colcon.colcon_core.shell:Creating environment hook '/home/DATA/DogRobot/ros2_ws/install/custom_interfaces/share/custom_interfaces/hook/cmake_prefix_path.sh'
[3.322s] Level 1:colcon.colcon_core.environment:checking '/home/DATA/DogRobot/ros2_ws/install/custom_interfaces/lib'
[3.322s] Level 1:colcon.colcon_core.shell:create_environment_hook('custom_interfaces', 'ld_library_path_lib')
[3.323s] INFO:colcon.colcon_core.shell:Creating environment hook '/home/DATA/DogRobot/ros2_ws/install/custom_interfaces/share/custom_interfaces/hook/ld_library_path_lib.ps1'
[3.323s] INFO:colcon.colcon_core.shell:Creating environment descriptor '/home/DATA/DogRobot/ros2_ws/install/custom_interfaces/share/custom_interfaces/hook/ld_library_path_lib.dsv'
[3.324s] INFO:colcon.colcon_core.shell:Creating environment hook '/home/DATA/DogRobot/ros2_ws/install/custom_interfaces/share/custom_interfaces/hook/ld_library_path_lib.sh'
[3.324s] Level 1:colcon.colcon_core.environment:checking '/home/DATA/DogRobot/ros2_ws/install/custom_interfaces/bin'
[3.324s] Level 1:colcon.colcon_core.environment:checking '/home/DATA/DogRobot/ros2_ws/install/custom_interfaces/lib/pkgconfig/custom_interfaces.pc'
[3.325s] Level 1:colcon.colcon_core.environment:checking '/home/DATA/DogRobot/ros2_ws/install/custom_interfaces/lib/python3.12/site-packages'
[3.325s] Level 1:colcon.colcon_core.shell:create_environment_hook('custom_interfaces', 'pythonpath')
[3.325s] INFO:colcon.colcon_core.shell:Creating environment hook '/home/DATA/DogRobot/ros2_ws/install/custom_interfaces/share/custom_interfaces/hook/pythonpath.ps1'
[3.326s] INFO:colcon.colcon_core.shell:Creating environment descriptor '/home/DATA/DogRobot/ros2_ws/install/custom_interfaces/share/custom_interfaces/hook/pythonpath.dsv'
[3.326s] INFO:colcon.colcon_core.shell:Creating environment hook '/home/DATA/DogRobot/ros2_ws/install/custom_interfaces/share/custom_interfaces/hook/pythonpath.sh'
[3.327s] Level 1:colcon.colcon_core.environment:checking '/home/DATA/DogRobot/ros2_ws/install/custom_interfaces/bin'
[3.328s] INFO:colcon.colcon_core.shell:Creating package script '/home/DATA/DogRobot/ros2_ws/install/custom_interfaces/share/custom_interfaces/package.ps1'
[3.328s] INFO:colcon.colcon_core.shell:Creating package descriptor '/home/DATA/DogRobot/ros2_ws/install/custom_interfaces/share/custom_interfaces/package.dsv'
[3.329s] INFO:colcon.colcon_core.shell:Creating package script '/home/DATA/DogRobot/ros2_ws/install/custom_interfaces/share/custom_interfaces/package.sh'
[3.329s] INFO:colcon.colcon_core.shell:Creating package script '/home/DATA/DogRobot/ros2_ws/install/custom_interfaces/share/custom_interfaces/package.bash'
[3.330s] INFO:colcon.colcon_core.shell:Creating package script '/home/DATA/DogRobot/ros2_ws/install/custom_interfaces/share/custom_interfaces/package.zsh'
[3.330s] Level 1:colcon.colcon_core.environment:create_file_with_runtime_dependencies(/home/DATA/DogRobot/ros2_ws/install/custom_interfaces/share/colcon-core/packages/custom_interfaces)
[3.446s] Level 1:colcon.colcon_core.environment:create_environment_scripts_only(custom_interfaces)
[3.447s] Level 1:colcon.colcon_core.environment:checking '/home/DATA/DogRobot/ros2_ws/install/custom_interfaces' for CMake module files
[3.448s] Level 1:colcon.colcon_core.environment:checking '/home/DATA/DogRobot/ros2_ws/install/custom_interfaces' for CMake config files
[3.448s] Level 1:colcon.colcon_core.shell:create_environment_hook('custom_interfaces', 'cmake_prefix_path')
[3.449s] INFO:colcon.colcon_core.shell:Creating environment hook '/home/DATA/DogRobot/ros2_ws/install/custom_interfaces/share/custom_interfaces/hook/cmake_prefix_path.ps1'
[3.449s] INFO:colcon.colcon_core.shell:Creating environment descriptor '/home/DATA/DogRobot/ros2_ws/install/custom_interfaces/share/custom_interfaces/hook/cmake_prefix_path.dsv'
[3.450s] INFO:colcon.colcon_core.shell:Creating environment hook '/home/DATA/DogRobot/ros2_ws/install/custom_interfaces/share/custom_interfaces/hook/cmake_prefix_path.sh'
[3.451s] Level 1:colcon.colcon_core.environment:checking '/home/DATA/DogRobot/ros2_ws/install/custom_interfaces/lib'
[3.451s] Level 1:colcon.colcon_core.shell:create_environment_hook('custom_interfaces', 'ld_library_path_lib')
[3.451s] INFO:colcon.colcon_core.shell:Creating environment hook '/home/DATA/DogRobot/ros2_ws/install/custom_interfaces/share/custom_interfaces/hook/ld_library_path_lib.ps1'
[3.452s] INFO:colcon.colcon_core.shell:Creating environment descriptor '/home/DATA/DogRobot/ros2_ws/install/custom_interfaces/share/custom_interfaces/hook/ld_library_path_lib.dsv'
[3.453s] INFO:colcon.colcon_core.shell:Creating environment hook '/home/DATA/DogRobot/ros2_ws/install/custom_interfaces/share/custom_interfaces/hook/ld_library_path_lib.sh'
[3.454s] Level 1:colcon.colcon_core.environment:checking '/home/DATA/DogRobot/ros2_ws/install/custom_interfaces/bin'
[3.454s] Level 1:colcon.colcon_core.environment:checking '/home/DATA/DogRobot/ros2_ws/install/custom_interfaces/lib/pkgconfig/custom_interfaces.pc'
[3.454s] Level 1:colcon.colcon_core.environment:checking '/home/DATA/DogRobot/ros2_ws/install/custom_interfaces/lib/python3.12/site-packages'
[3.455s] Level 1:colcon.colcon_core.shell:create_environment_hook('custom_interfaces', 'pythonpath')
[3.455s] INFO:colcon.colcon_core.shell:Creating environment hook '/home/DATA/DogRobot/ros2_ws/install/custom_interfaces/share/custom_interfaces/hook/pythonpath.ps1'
[3.456s] INFO:colcon.colcon_core.shell:Creating environment descriptor '/home/DATA/DogRobot/ros2_ws/install/custom_interfaces/share/custom_interfaces/hook/pythonpath.dsv'
[3.456s] INFO:colcon.colcon_core.shell:Creating environment hook '/home/DATA/DogRobot/ros2_ws/install/custom_interfaces/share/custom_interfaces/hook/pythonpath.sh'
[3.457s] Level 1:colcon.colcon_core.environment:checking '/home/DATA/DogRobot/ros2_ws/install/custom_interfaces/bin'
[3.457s] INFO:colcon.colcon_core.shell:Creating package script '/home/DATA/DogRobot/ros2_ws/install/custom_interfaces/share/custom_interfaces/package.ps1'
[3.458s] INFO:colcon.colcon_core.shell:Creating package descriptor '/home/DATA/DogRobot/ros2_ws/install/custom_interfaces/share/custom_interfaces/package.dsv'
[3.459s] INFO:colcon.colcon_core.shell:Creating package script '/home/DATA/DogRobot/ros2_ws/install/custom_interfaces/share/custom_interfaces/package.sh'
[3.459s] INFO:colcon.colcon_core.shell:Creating package script '/home/DATA/DogRobot/ros2_ws/install/custom_interfaces/share/custom_interfaces/package.bash'
[3.460s] INFO:colcon.colcon_core.shell:Creating package script '/home/DATA/DogRobot/ros2_ws/install/custom_interfaces/share/custom_interfaces/package.zsh'
[3.460s] Level 1:colcon.colcon_core.environment:create_file_with_runtime_dependencies(/home/DATA/DogRobot/ros2_ws/install/custom_interfaces/share/colcon-core/packages/custom_interfaces)
[3.460s] INFO:colcon.colcon_ros.task.ament_python.build:Building ROS package in '/home/DATA/DogRobot/ros2_ws/src/can_node' with build type 'ament_python'
[3.461s] Level 1:colcon.colcon_core.shell:create_environment_hook('can_node', 'ament_prefix_path')
[3.461s] INFO:colcon.colcon_core.shell:Creating environment hook '/home/DATA/DogRobot/ros2_ws/install/can_node/share/can_node/hook/ament_prefix_path.ps1'
[3.461s] INFO:colcon.colcon_core.shell:Creating environment descriptor '/home/DATA/DogRobot/ros2_ws/install/can_node/share/can_node/hook/ament_prefix_path.dsv'
[3.462s] INFO:colcon.colcon_core.shell:Creating environment hook '/home/DATA/DogRobot/ros2_ws/install/can_node/share/can_node/hook/ament_prefix_path.sh'
[3.463s] INFO:colcon.colcon_core.shell:Skip shell extension 'powershell' for command environment: Not usable outside of PowerShell
[3.463s] DEBUG:colcon.colcon_core.shell:Skip shell extension 'dsv' for command environment
[3.466s] INFO:colcon.colcon_ros.task.ament_python.build:Building ROS package in '/home/DATA/DogRobot/ros2_ws/src/add_integers' with build type 'ament_python'
[3.467s] Level 1:colcon.colcon_core.shell:create_environment_hook('add_integers', 'ament_prefix_path')
[3.467s] INFO:colcon.colcon_core.shell:Creating environment hook '/home/DATA/DogRobot/ros2_ws/install/add_integers/share/add_integers/hook/ament_prefix_path.ps1'
[3.468s] INFO:colcon.colcon_core.shell:Creating environment descriptor '/home/DATA/DogRobot/ros2_ws/install/add_integers/share/add_integers/hook/ament_prefix_path.dsv'
[3.468s] INFO:colcon.colcon_core.shell:Creating environment hook '/home/DATA/DogRobot/ros2_ws/install/add_integers/share/add_integers/hook/ament_prefix_path.sh'
[3.470s] INFO:colcon.colcon_core.shell:Skip shell extension 'powershell' for command environment: Not usable outside of PowerShell
[3.470s] DEBUG:colcon.colcon_core.shell:Skip shell extension 'dsv' for command environment
[3.476s] INFO:colcon.colcon_ros.task.ament_python.build:Building ROS package in '/home/DATA/DogRobot/ros2_ws/src/gamepad_node' with build type 'ament_python'
[3.477s] Level 1:colcon.colcon_core.shell:create_environment_hook('gamepad_node', 'ament_prefix_path')
[3.477s] INFO:colcon.colcon_core.shell:Creating environment hook '/home/DATA/DogRobot/ros2_ws/install/gamepad_node/share/gamepad_node/hook/ament_prefix_path.ps1'
[3.477s] INFO:colcon.colcon_core.shell:Creating environment descriptor '/home/DATA/DogRobot/ros2_ws/install/gamepad_node/share/gamepad_node/hook/ament_prefix_path.dsv'
[3.478s] INFO:colcon.colcon_core.shell:Creating environment hook '/home/DATA/DogRobot/ros2_ws/install/gamepad_node/share/gamepad_node/hook/ament_prefix_path.sh'
[3.479s] INFO:colcon.colcon_core.shell:Skip shell extension 'powershell' for command environment: Not usable outside of PowerShell
[3.479s] DEBUG:colcon.colcon_core.shell:Skip shell extension 'dsv' for command environment
[3.862s] INFO:colcon.colcon_core.task.python.build:Building Python package in '/home/DATA/DogRobot/ros2_ws/src/can_node'
[3.862s] INFO:colcon.colcon_core.shell:Skip shell extension 'powershell' for command environment: Not usable outside of PowerShell
[3.862s] DEBUG:colcon.colcon_core.shell:Skip shell extension 'dsv' for command environment
[4.221s] INFO:colcon.colcon_core.task.python.build:Building Python package in '/home/DATA/DogRobot/ros2_ws/src/add_integers'
[4.221s] INFO:colcon.colcon_core.shell:Skip shell extension 'powershell' for command environment: Not usable outside of PowerShell
[4.221s] DEBUG:colcon.colcon_core.shell:Skip shell extension 'dsv' for command environment
[4.601s] INFO:colcon.colcon_core.task.python.build:Building Python package in '/home/DATA/DogRobot/ros2_ws/src/gamepad_node'
[4.601s] INFO:colcon.colcon_core.shell:Skip shell extension 'powershell' for command environment: Not usable outside of PowerShell
[4.601s] DEBUG:colcon.colcon_core.shell:Skip shell extension 'dsv' for command environment
[5.737s] DEBUG:colcon.colcon_core.event_handler.log_command:Invoking command in '/home/DATA/DogRobot/ros2_ws/src/add_integers': CMAKE_PREFIX_PATH=/home/DATA/DogRobot/ros2_ws/install/custom_interfaces:/home/DATA/Test/DogRobot/ros2_ws/install/custom_interfaces:/opt/ros/jazzy/opt/gz_sim_vendor:/opt/ros/jazzy/opt/gz_sensors_vendor:/opt/ros/jazzy/opt/gz_physics_vendor:/opt/ros/jazzy/opt/sdformat_vendor:/opt/ros/jazzy/opt/gz_gui_vendor:/opt/ros/jazzy/opt/gz_transport_vendor:/opt/ros/jazzy/opt/gz_rendering_vendor:/opt/ros/jazzy/opt/gz_plugin_vendor:/opt/ros/jazzy/opt/gz_fuel_tools_vendor:/opt/ros/jazzy/opt/gz_msgs_vendor:/opt/ros/jazzy/opt/gz_common_vendor:/opt/ros/jazzy/opt/gz_math_vendor:/opt/ros/jazzy/opt/gz_utils_vendor:/opt/ros/jazzy/opt/gz_tools_vendor:/opt/ros/jazzy/opt/gz_ogre_next_vendor:/opt/ros/jazzy/opt/gz_dartsim_vendor:/opt/ros/jazzy/opt/gz_cmake_vendor DEBUGINFOD_URLS=https://debuginfod.ubuntu.com LD_LIBRARY_PATH=/home/DATA/DogRobot/ros2_ws/install/custom_interfaces/lib:/home/DATA/Test/DogRobot/ros2_ws/install/custom_interfaces/lib:/opt/ros/jazzy/opt/gz_sim_vendor/lib:/opt/ros/jazzy/opt/gz_sensors_vendor/lib:/opt/ros/jazzy/opt/gz_physics_vendor/lib:/opt/ros/jazzy/opt/sdformat_vendor/lib:/opt/ros/jazzy/opt/rviz_ogre_vendor/lib:/opt/ros/jazzy/lib/x86_64-linux-gnu:/opt/ros/jazzy/opt/gz_gui_vendor/lib:/opt/ros/jazzy/opt/gz_transport_vendor/lib:/opt/ros/jazzy/opt/gz_rendering_vendor/lib:/opt/ros/jazzy/opt/gz_plugin_vendor/lib:/opt/ros/jazzy/opt/gz_fuel_tools_vendor/lib:/opt/ros/jazzy/opt/gz_msgs_vendor/lib:/opt/ros/jazzy/opt/gz_common_vendor/lib:/opt/ros/jazzy/opt/gz_math_vendor/lib:/opt/ros/jazzy/opt/gz_utils_vendor/lib:/opt/ros/jazzy/opt/gz_tools_vendor/lib:/opt/ros/jazzy/opt/gz_ogre_next_vendor/lib:/opt/ros/jazzy/opt/gz_dartsim_vendor/lib:/opt/ros/jazzy/opt/gz_cmake_vendor/lib:/opt/ros/jazzy/lib PYTHONPATH=/home/DATA/DogRobot/ros2_ws/build/add_integers/prefix_override:/usr/lib/python3/dist-packages/colcon_core/task/python/colcon_distutils_commands:/home/DATA/DogRobot/ros2_ws/install/add_integers/lib/python3.12/site-packages:/home/DATA/DogRobot/ros2_ws/install/custom_interfaces/lib/python3.12/site-packages:/home/DATA/Test/DogRobot/ros2_ws/install/my_launch_package/lib/python3.12/site-packages:/home/DATA/Test/DogRobot/ros2_ws/install/gamepad_node/lib/python3.12/site-packages:/home/DATA/Test/DogRobot/ros2_ws/install/controller/lib/python3.12/site-packages:/home/DATA/Test/DogRobot/ros2_ws/install/can_node/lib/python3.12/site-packages:/home/DATA/Test/DogRobot/ros2_ws/install/add_integers/lib/python3.12/site-packages:/home/DATA/Test/DogRobot/ros2_ws/install/custom_interfaces/lib/python3.12/site-packages:/home/DATA/DogRobot/ros2_ws/install/my_launch_package/lib/python3.12/site-packages:/home/DATA/DogRobot/ros2_ws/install/gamepad_node/lib/python3.12/site-packages:/home/DATA/DogRobot/ros2_ws/install/controller/lib/python3.12/site-packages:/home/DATA/DogRobot/ros2_ws/install/can_node/lib/python3.12/site-packages:/home/DATA/DogRobot/ros2_ws/install/add_integers/lib/python3.12/site-packages:/opt/ros/jazzy/lib/python3.12/site-packages /usr/bin/python3 -W ignore:setup.py install is deprecated setup.py egg_info --egg-base ../../build/add_integers build --build-base /home/DATA/DogRobot/ros2_ws/build/add_integers/build install --record /home/DATA/DogRobot/ros2_ws/build/add_integers/install.log --single-version-externally-managed install_data
[5.744s] DEBUG:colcon.colcon_core.event_handler.log_command:Invoking command in '/home/DATA/DogRobot/ros2_ws/src/can_node': CMAKE_PREFIX_PATH=/home/DATA/DogRobot/ros2_ws/install/custom_interfaces:/home/DATA/Test/DogRobot/ros2_ws/install/custom_interfaces:/opt/ros/jazzy/opt/gz_sim_vendor:/opt/ros/jazzy/opt/gz_sensors_vendor:/opt/ros/jazzy/opt/gz_physics_vendor:/opt/ros/jazzy/opt/sdformat_vendor:/opt/ros/jazzy/opt/gz_gui_vendor:/opt/ros/jazzy/opt/gz_transport_vendor:/opt/ros/jazzy/opt/gz_rendering_vendor:/opt/ros/jazzy/opt/gz_plugin_vendor:/opt/ros/jazzy/opt/gz_fuel_tools_vendor:/opt/ros/jazzy/opt/gz_msgs_vendor:/opt/ros/jazzy/opt/gz_common_vendor:/opt/ros/jazzy/opt/gz_math_vendor:/opt/ros/jazzy/opt/gz_utils_vendor:/opt/ros/jazzy/opt/gz_tools_vendor:/opt/ros/jazzy/opt/gz_ogre_next_vendor:/opt/ros/jazzy/opt/gz_dartsim_vendor:/opt/ros/jazzy/opt/gz_cmake_vendor DEBUGINFOD_URLS=https://debuginfod.ubuntu.com LD_LIBRARY_PATH=/home/DATA/DogRobot/ros2_ws/install/custom_interfaces/lib:/home/DATA/Test/DogRobot/ros2_ws/install/custom_interfaces/lib:/opt/ros/jazzy/opt/gz_sim_vendor/lib:/opt/ros/jazzy/opt/gz_sensors_vendor/lib:/opt/ros/jazzy/opt/gz_physics_vendor/lib:/opt/ros/jazzy/opt/sdformat_vendor/lib:/opt/ros/jazzy/opt/rviz_ogre_vendor/lib:/opt/ros/jazzy/lib/x86_64-linux-gnu:/opt/ros/jazzy/opt/gz_gui_vendor/lib:/opt/ros/jazzy/opt/gz_transport_vendor/lib:/opt/ros/jazzy/opt/gz_rendering_vendor/lib:/opt/ros/jazzy/opt/gz_plugin_vendor/lib:/opt/ros/jazzy/opt/gz_fuel_tools_vendor/lib:/opt/ros/jazzy/opt/gz_msgs_vendor/lib:/opt/ros/jazzy/opt/gz_common_vendor/lib:/opt/ros/jazzy/opt/gz_math_vendor/lib:/opt/ros/jazzy/opt/gz_utils_vendor/lib:/opt/ros/jazzy/opt/gz_tools_vendor/lib:/opt/ros/jazzy/opt/gz_ogre_next_vendor/lib:/opt/ros/jazzy/opt/gz_dartsim_vendor/lib:/opt/ros/jazzy/opt/gz_cmake_vendor/lib:/opt/ros/jazzy/lib PYTHONPATH=/home/DATA/DogRobot/ros2_ws/build/can_node/prefix_override:/usr/lib/python3/dist-packages/colcon_core/task/python/colcon_distutils_commands:/home/DATA/DogRobot/ros2_ws/install/can_node/lib/python3.12/site-packages:/home/DATA/DogRobot/ros2_ws/install/custom_interfaces/lib/python3.12/site-packages:/home/DATA/Test/DogRobot/ros2_ws/install/my_launch_package/lib/python3.12/site-packages:/home/DATA/Test/DogRobot/ros2_ws/install/gamepad_node/lib/python3.12/site-packages:/home/DATA/Test/DogRobot/ros2_ws/install/controller/lib/python3.12/site-packages:/home/DATA/Test/DogRobot/ros2_ws/install/can_node/lib/python3.12/site-packages:/home/DATA/Test/DogRobot/ros2_ws/install/add_integers/lib/python3.12/site-packages:/home/DATA/Test/DogRobot/ros2_ws/install/custom_interfaces/lib/python3.12/site-packages:/home/DATA/DogRobot/ros2_ws/install/my_launch_package/lib/python3.12/site-packages:/home/DATA/DogRobot/ros2_ws/install/gamepad_node/lib/python3.12/site-packages:/home/DATA/DogRobot/ros2_ws/install/controller/lib/python3.12/site-packages:/home/DATA/DogRobot/ros2_ws/install/can_node/lib/python3.12/site-packages:/home/DATA/DogRobot/ros2_ws/install/add_integers/lib/python3.12/site-packages:/opt/ros/jazzy/lib/python3.12/site-packages /usr/bin/python3 -W ignore:setup.py install is deprecated setup.py egg_info --egg-base ../../build/can_node build --build-base /home/DATA/DogRobot/ros2_ws/build/can_node/build install --record /home/DATA/DogRobot/ros2_ws/build/can_node/install.log --single-version-externally-managed install_data
[5.747s] DEBUG:colcon.colcon_core.event_handler.log_command:Invoking command in '/home/DATA/DogRobot/ros2_ws/src/gamepad_node': CMAKE_PREFIX_PATH=/home/DATA/DogRobot/ros2_ws/install/custom_interfaces:/home/DATA/Test/DogRobot/ros2_ws/install/custom_interfaces:/opt/ros/jazzy/opt/gz_sim_vendor:/opt/ros/jazzy/opt/gz_sensors_vendor:/opt/ros/jazzy/opt/gz_physics_vendor:/opt/ros/jazzy/opt/sdformat_vendor:/opt/ros/jazzy/opt/gz_gui_vendor:/opt/ros/jazzy/opt/gz_transport_vendor:/opt/ros/jazzy/opt/gz_rendering_vendor:/opt/ros/jazzy/opt/gz_plugin_vendor:/opt/ros/jazzy/opt/gz_fuel_tools_vendor:/opt/ros/jazzy/opt/gz_msgs_vendor:/opt/ros/jazzy/opt/gz_common_vendor:/opt/ros/jazzy/opt/gz_math_vendor:/opt/ros/jazzy/opt/gz_utils_vendor:/opt/ros/jazzy/opt/gz_tools_vendor:/opt/ros/jazzy/opt/gz_ogre_next_vendor:/opt/ros/jazzy/opt/gz_dartsim_vendor:/opt/ros/jazzy/opt/gz_cmake_vendor DEBUGINFOD_URLS=https://debuginfod.ubuntu.com LD_LIBRARY_PATH=/home/DATA/DogRobot/ros2_ws/install/custom_interfaces/lib:/home/DATA/Test/DogRobot/ros2_ws/install/custom_interfaces/lib:/opt/ros/jazzy/opt/gz_sim_vendor/lib:/opt/ros/jazzy/opt/gz_sensors_vendor/lib:/opt/ros/jazzy/opt/gz_physics_vendor/lib:/opt/ros/jazzy/opt/sdformat_vendor/lib:/opt/ros/jazzy/opt/rviz_ogre_vendor/lib:/opt/ros/jazzy/lib/x86_64-linux-gnu:/opt/ros/jazzy/opt/gz_gui_vendor/lib:/opt/ros/jazzy/opt/gz_transport_vendor/lib:/opt/ros/jazzy/opt/gz_rendering_vendor/lib:/opt/ros/jazzy/opt/gz_plugin_vendor/lib:/opt/ros/jazzy/opt/gz_fuel_tools_vendor/lib:/opt/ros/jazzy/opt/gz_msgs_vendor/lib:/opt/ros/jazzy/opt/gz_common_vendor/lib:/opt/ros/jazzy/opt/gz_math_vendor/lib:/opt/ros/jazzy/opt/gz_utils_vendor/lib:/opt/ros/jazzy/opt/gz_tools_vendor/lib:/opt/ros/jazzy/opt/gz_ogre_next_vendor/lib:/opt/ros/jazzy/opt/gz_dartsim_vendor/lib:/opt/ros/jazzy/opt/gz_cmake_vendor/lib:/opt/ros/jazzy/lib PYTHONPATH=/home/DATA/DogRobot/ros2_ws/build/gamepad_node/prefix_override:/usr/lib/python3/dist-packages/colcon_core/task/python/colcon_distutils_commands:/home/DATA/DogRobot/ros2_ws/install/gamepad_node/lib/python3.12/site-packages:/home/DATA/DogRobot/ros2_ws/install/custom_interfaces/lib/python3.12/site-packages:/home/DATA/Test/DogRobot/ros2_ws/install/my_launch_package/lib/python3.12/site-packages:/home/DATA/Test/DogRobot/ros2_ws/install/gamepad_node/lib/python3.12/site-packages:/home/DATA/Test/DogRobot/ros2_ws/install/controller/lib/python3.12/site-packages:/home/DATA/Test/DogRobot/ros2_ws/install/can_node/lib/python3.12/site-packages:/home/DATA/Test/DogRobot/ros2_ws/install/add_integers/lib/python3.12/site-packages:/home/DATA/Test/DogRobot/ros2_ws/install/custom_interfaces/lib/python3.12/site-packages:/home/DATA/DogRobot/ros2_ws/install/my_launch_package/lib/python3.12/site-packages:/home/DATA/DogRobot/ros2_ws/install/gamepad_node/lib/python3.12/site-packages:/home/DATA/DogRobot/ros2_ws/install/controller/lib/python3.12/site-packages:/home/DATA/DogRobot/ros2_ws/install/can_node/lib/python3.12/site-packages:/home/DATA/DogRobot/ros2_ws/install/add_integers/lib/python3.12/site-packages:/opt/ros/jazzy/lib/python3.12/site-packages /usr/bin/python3 -W ignore:setup.py install is deprecated setup.py egg_info --egg-base ../../build/gamepad_node build --build-base /home/DATA/DogRobot/ros2_ws/build/gamepad_node/build install --record /home/DATA/DogRobot/ros2_ws/build/gamepad_node/install.log --single-version-externally-managed install_data
[6.743s] Level 1:colcon.colcon_core.environment:checking '/home/DATA/DogRobot/ros2_ws/install/add_integers' for CMake module files
[6.744s] DEBUG:colcon.colcon_core.event_handler.log_command:Invoked command in '/home/DATA/DogRobot/ros2_ws/src/add_integers' returned '0': CMAKE_PREFIX_PATH=/home/DATA/DogRobot/ros2_ws/install/custom_interfaces:/home/DATA/Test/DogRobot/ros2_ws/install/custom_interfaces:/opt/ros/jazzy/opt/gz_sim_vendor:/opt/ros/jazzy/opt/gz_sensors_vendor:/opt/ros/jazzy/opt/gz_physics_vendor:/opt/ros/jazzy/opt/sdformat_vendor:/opt/ros/jazzy/opt/gz_gui_vendor:/opt/ros/jazzy/opt/gz_transport_vendor:/opt/ros/jazzy/opt/gz_rendering_vendor:/opt/ros/jazzy/opt/gz_plugin_vendor:/opt/ros/jazzy/opt/gz_fuel_tools_vendor:/opt/ros/jazzy/opt/gz_msgs_vendor:/opt/ros/jazzy/opt/gz_common_vendor:/opt/ros/jazzy/opt/gz_math_vendor:/opt/ros/jazzy/opt/gz_utils_vendor:/opt/ros/jazzy/opt/gz_tools_vendor:/opt/ros/jazzy/opt/gz_ogre_next_vendor:/opt/ros/jazzy/opt/gz_dartsim_vendor:/opt/ros/jazzy/opt/gz_cmake_vendor DEBUGINFOD_URLS=https://debuginfod.ubuntu.com LD_LIBRARY_PATH=/home/DATA/DogRobot/ros2_ws/install/custom_interfaces/lib:/home/DATA/Test/DogRobot/ros2_ws/install/custom_interfaces/lib:/opt/ros/jazzy/opt/gz_sim_vendor/lib:/opt/ros/jazzy/opt/gz_sensors_vendor/lib:/opt/ros/jazzy/opt/gz_physics_vendor/lib:/opt/ros/jazzy/opt/sdformat_vendor/lib:/opt/ros/jazzy/opt/rviz_ogre_vendor/lib:/opt/ros/jazzy/lib/x86_64-linux-gnu:/opt/ros/jazzy/opt/gz_gui_vendor/lib:/opt/ros/jazzy/opt/gz_transport_vendor/lib:/opt/ros/jazzy/opt/gz_rendering_vendor/lib:/opt/ros/jazzy/opt/gz_plugin_vendor/lib:/opt/ros/jazzy/opt/gz_fuel_tools_vendor/lib:/opt/ros/jazzy/opt/gz_msgs_vendor/lib:/opt/ros/jazzy/opt/gz_common_vendor/lib:/opt/ros/jazzy/opt/gz_math_vendor/lib:/opt/ros/jazzy/opt/gz_utils_vendor/lib:/opt/ros/jazzy/opt/gz_tools_vendor/lib:/opt/ros/jazzy/opt/gz_ogre_next_vendor/lib:/opt/ros/jazzy/opt/gz_dartsim_vendor/lib:/opt/ros/jazzy/opt/gz_cmake_vendor/lib:/opt/ros/jazzy/lib PYTHONPATH=/home/DATA/DogRobot/ros2_ws/build/add_integers/prefix_override:/usr/lib/python3/dist-packages/colcon_core/task/python/colcon_distutils_commands:/home/DATA/DogRobot/ros2_ws/install/add_integers/lib/python3.12/site-packages:/home/DATA/DogRobot/ros2_ws/install/custom_interfaces/lib/python3.12/site-packages:/home/DATA/Test/DogRobot/ros2_ws/install/my_launch_package/lib/python3.12/site-packages:/home/DATA/Test/DogRobot/ros2_ws/install/gamepad_node/lib/python3.12/site-packages:/home/DATA/Test/DogRobot/ros2_ws/install/controller/lib/python3.12/site-packages:/home/DATA/Test/DogRobot/ros2_ws/install/can_node/lib/python3.12/site-packages:/home/DATA/Test/DogRobot/ros2_ws/install/add_integers/lib/python3.12/site-packages:/home/DATA/Test/DogRobot/ros2_ws/install/custom_interfaces/lib/python3.12/site-packages:/home/DATA/DogRobot/ros2_ws/install/my_launch_package/lib/python3.12/site-packages:/home/DATA/DogRobot/ros2_ws/install/gamepad_node/lib/python3.12/site-packages:/home/DATA/DogRobot/ros2_ws/install/controller/lib/python3.12/site-packages:/home/DATA/DogRobot/ros2_ws/install/can_node/lib/python3.12/site-packages:/home/DATA/DogRobot/ros2_ws/install/add_integers/lib/python3.12/site-packages:/opt/ros/jazzy/lib/python3.12/site-packages /usr/bin/python3 -W ignore:setup.py install is deprecated setup.py egg_info --egg-base ../../build/add_integers build --build-base /home/DATA/DogRobot/ros2_ws/build/add_integers/build install --record /home/DATA/DogRobot/ros2_ws/build/add_integers/install.log --single-version-externally-managed install_data
[6.745s] Level 1:colcon.colcon_core.environment:checking '/home/DATA/DogRobot/ros2_ws/install/add_integers' for CMake config files
[6.746s] Level 1:colcon.colcon_core.environment:checking '/home/DATA/DogRobot/ros2_ws/install/add_integers/lib'
[6.746s] Level 1:colcon.colcon_core.environment:checking '/home/DATA/DogRobot/ros2_ws/install/add_integers/bin'
[6.746s] Level 1:colcon.colcon_core.environment:checking '/home/DATA/DogRobot/ros2_ws/install/add_integers/lib/pkgconfig/add_integers.pc'
[6.746s] Level 1:colcon.colcon_core.environment:checking '/home/DATA/DogRobot/ros2_ws/install/add_integers/lib/python3.12/site-packages'
[6.747s] Level 1:colcon.colcon_core.shell:create_environment_hook('add_integers', 'pythonpath')
[6.747s] INFO:colcon.colcon_core.shell:Creating environment hook '/home/DATA/DogRobot/ros2_ws/install/add_integers/share/add_integers/hook/pythonpath.ps1'
[6.748s] INFO:colcon.colcon_core.shell:Creating environment descriptor '/home/DATA/DogRobot/ros2_ws/install/add_integers/share/add_integers/hook/pythonpath.dsv'
[6.749s] INFO:colcon.colcon_core.shell:Creating environment hook '/home/DATA/DogRobot/ros2_ws/install/add_integers/share/add_integers/hook/pythonpath.sh'
[6.750s] Level 1:colcon.colcon_core.environment:checking '/home/DATA/DogRobot/ros2_ws/install/add_integers/bin'
[6.751s] Level 1:colcon.colcon_core.environment:create_environment_scripts_only(add_integers)
[6.751s] INFO:colcon.colcon_core.shell:Creating package script '/home/DATA/DogRobot/ros2_ws/install/add_integers/share/add_integers/package.ps1'
[6.753s] INFO:colcon.colcon_core.shell:Creating package descriptor '/home/DATA/DogRobot/ros2_ws/install/add_integers/share/add_integers/package.dsv'
[6.755s] INFO:colcon.colcon_core.shell:Creating package script '/home/DATA/DogRobot/ros2_ws/install/add_integers/share/add_integers/package.sh'
[6.756s] INFO:colcon.colcon_core.shell:Creating package script '/home/DATA/DogRobot/ros2_ws/install/add_integers/share/add_integers/package.bash'
[6.757s] INFO:colcon.colcon_core.shell:Creating package script '/home/DATA/DogRobot/ros2_ws/install/add_integers/share/add_integers/package.zsh'
[6.758s] Level 1:colcon.colcon_core.environment:create_file_with_runtime_dependencies(/home/DATA/DogRobot/ros2_ws/install/add_integers/share/colcon-core/packages/add_integers)
[6.779s] Level 1:colcon.colcon_core.environment:checking '/home/DATA/DogRobot/ros2_ws/install/can_node' for CMake module files
[6.780s] DEBUG:colcon.colcon_core.event_handler.log_command:Invoked command in '/home/DATA/DogRobot/ros2_ws/src/can_node' returned '0': CMAKE_PREFIX_PATH=/home/DATA/DogRobot/ros2_ws/install/custom_interfaces:/home/DATA/Test/DogRobot/ros2_ws/install/custom_interfaces:/opt/ros/jazzy/opt/gz_sim_vendor:/opt/ros/jazzy/opt/gz_sensors_vendor:/opt/ros/jazzy/opt/gz_physics_vendor:/opt/ros/jazzy/opt/sdformat_vendor:/opt/ros/jazzy/opt/gz_gui_vendor:/opt/ros/jazzy/opt/gz_transport_vendor:/opt/ros/jazzy/opt/gz_rendering_vendor:/opt/ros/jazzy/opt/gz_plugin_vendor:/opt/ros/jazzy/opt/gz_fuel_tools_vendor:/opt/ros/jazzy/opt/gz_msgs_vendor:/opt/ros/jazzy/opt/gz_common_vendor:/opt/ros/jazzy/opt/gz_math_vendor:/opt/ros/jazzy/opt/gz_utils_vendor:/opt/ros/jazzy/opt/gz_tools_vendor:/opt/ros/jazzy/opt/gz_ogre_next_vendor:/opt/ros/jazzy/opt/gz_dartsim_vendor:/opt/ros/jazzy/opt/gz_cmake_vendor DEBUGINFOD_URLS=https://debuginfod.ubuntu.com LD_LIBRARY_PATH=/home/DATA/DogRobot/ros2_ws/install/custom_interfaces/lib:/home/DATA/Test/DogRobot/ros2_ws/install/custom_interfaces/lib:/opt/ros/jazzy/opt/gz_sim_vendor/lib:/opt/ros/jazzy/opt/gz_sensors_vendor/lib:/opt/ros/jazzy/opt/gz_physics_vendor/lib:/opt/ros/jazzy/opt/sdformat_vendor/lib:/opt/ros/jazzy/opt/rviz_ogre_vendor/lib:/opt/ros/jazzy/lib/x86_64-linux-gnu:/opt/ros/jazzy/opt/gz_gui_vendor/lib:/opt/ros/jazzy/opt/gz_transport_vendor/lib:/opt/ros/jazzy/opt/gz_rendering_vendor/lib:/opt/ros/jazzy/opt/gz_plugin_vendor/lib:/opt/ros/jazzy/opt/gz_fuel_tools_vendor/lib:/opt/ros/jazzy/opt/gz_msgs_vendor/lib:/opt/ros/jazzy/opt/gz_common_vendor/lib:/opt/ros/jazzy/opt/gz_math_vendor/lib:/opt/ros/jazzy/opt/gz_utils_vendor/lib:/opt/ros/jazzy/opt/gz_tools_vendor/lib:/opt/ros/jazzy/opt/gz_ogre_next_vendor/lib:/opt/ros/jazzy/opt/gz_dartsim_vendor/lib:/opt/ros/jazzy/opt/gz_cmake_vendor/lib:/opt/ros/jazzy/lib PYTHONPATH=/home/DATA/DogRobot/ros2_ws/build/can_node/prefix_override:/usr/lib/python3/dist-packages/colcon_core/task/python/colcon_distutils_commands:/home/DATA/DogRobot/ros2_ws/install/can_node/lib/python3.12/site-packages:/home/DATA/DogRobot/ros2_ws/install/custom_interfaces/lib/python3.12/site-packages:/home/DATA/Test/DogRobot/ros2_ws/install/my_launch_package/lib/python3.12/site-packages:/home/DATA/Test/DogRobot/ros2_ws/install/gamepad_node/lib/python3.12/site-packages:/home/DATA/Test/DogRobot/ros2_ws/install/controller/lib/python3.12/site-packages:/home/DATA/Test/DogRobot/ros2_ws/install/can_node/lib/python3.12/site-packages:/home/DATA/Test/DogRobot/ros2_ws/install/add_integers/lib/python3.12/site-packages:/home/DATA/Test/DogRobot/ros2_ws/install/custom_interfaces/lib/python3.12/site-packages:/home/DATA/DogRobot/ros2_ws/install/my_launch_package/lib/python3.12/site-packages:/home/DATA/DogRobot/ros2_ws/install/gamepad_node/lib/python3.12/site-packages:/home/DATA/DogRobot/ros2_ws/install/controller/lib/python3.12/site-packages:/home/DATA/DogRobot/ros2_ws/install/can_node/lib/python3.12/site-packages:/home/DATA/DogRobot/ros2_ws/install/add_integers/lib/python3.12/site-packages:/opt/ros/jazzy/lib/python3.12/site-packages /usr/bin/python3 -W ignore:setup.py install is deprecated setup.py egg_info --egg-base ../../build/can_node build --build-base /home/DATA/DogRobot/ros2_ws/build/can_node/build install --record /home/DATA/DogRobot/ros2_ws/build/can_node/install.log --single-version-externally-managed install_data
[6.781s] Level 1:colcon.colcon_core.environment:checking '/home/DATA/DogRobot/ros2_ws/install/can_node' for CMake config files
[6.782s] Level 1:colcon.colcon_core.environment:checking '/home/DATA/DogRobot/ros2_ws/install/can_node/lib'
[6.782s] Level 1:colcon.colcon_core.environment:checking '/home/DATA/DogRobot/ros2_ws/install/can_node/bin'
[6.782s] Level 1:colcon.colcon_core.environment:checking '/home/DATA/DogRobot/ros2_ws/install/can_node/lib/pkgconfig/can_node.pc'
[6.783s] Level 1:colcon.colcon_core.environment:checking '/home/DATA/DogRobot/ros2_ws/install/can_node/lib/python3.12/site-packages'
[6.783s] Level 1:colcon.colcon_core.shell:create_environment_hook('can_node', 'pythonpath')
[6.784s] INFO:colcon.colcon_core.shell:Creating environment hook '/home/DATA/DogRobot/ros2_ws/install/can_node/share/can_node/hook/pythonpath.ps1'
[6.784s] INFO:colcon.colcon_core.shell:Creating environment descriptor '/home/DATA/DogRobot/ros2_ws/install/can_node/share/can_node/hook/pythonpath.dsv'
[6.785s] INFO:colcon.colcon_core.shell:Creating environment hook '/home/DATA/DogRobot/ros2_ws/install/can_node/share/can_node/hook/pythonpath.sh'
[6.786s] Level 1:colcon.colcon_core.environment:checking '/home/DATA/DogRobot/ros2_ws/install/can_node/bin'
[6.786s] Level 1:colcon.colcon_core.environment:create_environment_scripts_only(can_node)
[6.786s] INFO:colcon.colcon_core.shell:Creating package script '/home/DATA/DogRobot/ros2_ws/install/can_node/share/can_node/package.ps1'
[6.787s] INFO:colcon.colcon_core.shell:Creating package descriptor '/home/DATA/DogRobot/ros2_ws/install/can_node/share/can_node/package.dsv'
[6.788s] INFO:colcon.colcon_core.shell:Creating package script '/home/DATA/DogRobot/ros2_ws/install/can_node/share/can_node/package.sh'
[6.788s] INFO:colcon.colcon_core.shell:Creating package script '/home/DATA/DogRobot/ros2_ws/install/can_node/share/can_node/package.bash'
[6.789s] INFO:colcon.colcon_core.shell:Creating package script '/home/DATA/DogRobot/ros2_ws/install/can_node/share/can_node/package.zsh'
[6.789s] Level 1:colcon.colcon_core.environment:create_file_with_runtime_dependencies(/home/DATA/DogRobot/ros2_ws/install/can_node/share/colcon-core/packages/can_node)
[6.790s] INFO:colcon.colcon_ros.task.ament_python.build:Building ROS package in '/home/DATA/DogRobot/ros2_ws/src/controller' with build type 'ament_python'
[6.790s] Level 1:colcon.colcon_core.shell:create_environment_hook('controller', 'ament_prefix_path')
[6.790s] INFO:colcon.colcon_core.shell:Creating environment hook '/home/DATA/DogRobot/ros2_ws/install/controller/share/controller/hook/ament_prefix_path.ps1'
[6.791s] INFO:colcon.colcon_core.shell:Creating environment descriptor '/home/DATA/DogRobot/ros2_ws/install/controller/share/controller/hook/ament_prefix_path.dsv'
[6.792s] INFO:colcon.colcon_core.shell:Creating environment hook '/home/DATA/DogRobot/ros2_ws/install/controller/share/controller/hook/ament_prefix_path.sh'
[6.793s] INFO:colcon.colcon_core.shell:Skip shell extension 'powershell' for command environment: Not usable outside of PowerShell
[6.793s] DEBUG:colcon.colcon_core.shell:Skip shell extension 'dsv' for command environment
[6.800s] Level 1:colcon.colcon_core.environment:checking '/home/DATA/DogRobot/ros2_ws/install/gamepad_node' for CMake module files
[6.801s] DEBUG:colcon.colcon_core.event_handler.log_command:Invoked command in '/home/DATA/DogRobot/ros2_ws/src/gamepad_node' returned '0': CMAKE_PREFIX_PATH=/home/DATA/DogRobot/ros2_ws/install/custom_interfaces:/home/DATA/Test/DogRobot/ros2_ws/install/custom_interfaces:/opt/ros/jazzy/opt/gz_sim_vendor:/opt/ros/jazzy/opt/gz_sensors_vendor:/opt/ros/jazzy/opt/gz_physics_vendor:/opt/ros/jazzy/opt/sdformat_vendor:/opt/ros/jazzy/opt/gz_gui_vendor:/opt/ros/jazzy/opt/gz_transport_vendor:/opt/ros/jazzy/opt/gz_rendering_vendor:/opt/ros/jazzy/opt/gz_plugin_vendor:/opt/ros/jazzy/opt/gz_fuel_tools_vendor:/opt/ros/jazzy/opt/gz_msgs_vendor:/opt/ros/jazzy/opt/gz_common_vendor:/opt/ros/jazzy/opt/gz_math_vendor:/opt/ros/jazzy/opt/gz_utils_vendor:/opt/ros/jazzy/opt/gz_tools_vendor:/opt/ros/jazzy/opt/gz_ogre_next_vendor:/opt/ros/jazzy/opt/gz_dartsim_vendor:/opt/ros/jazzy/opt/gz_cmake_vendor DEBUGINFOD_URLS=https://debuginfod.ubuntu.com LD_LIBRARY_PATH=/home/DATA/DogRobot/ros2_ws/install/custom_interfaces/lib:/home/DATA/Test/DogRobot/ros2_ws/install/custom_interfaces/lib:/opt/ros/jazzy/opt/gz_sim_vendor/lib:/opt/ros/jazzy/opt/gz_sensors_vendor/lib:/opt/ros/jazzy/opt/gz_physics_vendor/lib:/opt/ros/jazzy/opt/sdformat_vendor/lib:/opt/ros/jazzy/opt/rviz_ogre_vendor/lib:/opt/ros/jazzy/lib/x86_64-linux-gnu:/opt/ros/jazzy/opt/gz_gui_vendor/lib:/opt/ros/jazzy/opt/gz_transport_vendor/lib:/opt/ros/jazzy/opt/gz_rendering_vendor/lib:/opt/ros/jazzy/opt/gz_plugin_vendor/lib:/opt/ros/jazzy/opt/gz_fuel_tools_vendor/lib:/opt/ros/jazzy/opt/gz_msgs_vendor/lib:/opt/ros/jazzy/opt/gz_common_vendor/lib:/opt/ros/jazzy/opt/gz_math_vendor/lib:/opt/ros/jazzy/opt/gz_utils_vendor/lib:/opt/ros/jazzy/opt/gz_tools_vendor/lib:/opt/ros/jazzy/opt/gz_ogre_next_vendor/lib:/opt/ros/jazzy/opt/gz_dartsim_vendor/lib:/opt/ros/jazzy/opt/gz_cmake_vendor/lib:/opt/ros/jazzy/lib PYTHONPATH=/home/DATA/DogRobot/ros2_ws/build/gamepad_node/prefix_override:/usr/lib/python3/dist-packages/colcon_core/task/python/colcon_distutils_commands:/home/DATA/DogRobot/ros2_ws/install/gamepad_node/lib/python3.12/site-packages:/home/DATA/DogRobot/ros2_ws/install/custom_interfaces/lib/python3.12/site-packages:/home/DATA/Test/DogRobot/ros2_ws/install/my_launch_package/lib/python3.12/site-packages:/home/DATA/Test/DogRobot/ros2_ws/install/gamepad_node/lib/python3.12/site-packages:/home/DATA/Test/DogRobot/ros2_ws/install/controller/lib/python3.12/site-packages:/home/DATA/Test/DogRobot/ros2_ws/install/can_node/lib/python3.12/site-packages:/home/DATA/Test/DogRobot/ros2_ws/install/add_integers/lib/python3.12/site-packages:/home/DATA/Test/DogRobot/ros2_ws/install/custom_interfaces/lib/python3.12/site-packages:/home/DATA/DogRobot/ros2_ws/install/my_launch_package/lib/python3.12/site-packages:/home/DATA/DogRobot/ros2_ws/install/gamepad_node/lib/python3.12/site-packages:/home/DATA/DogRobot/ros2_ws/install/controller/lib/python3.12/site-packages:/home/DATA/DogRobot/ros2_ws/install/can_node/lib/python3.12/site-packages:/home/DATA/DogRobot/ros2_ws/install/add_integers/lib/python3.12/site-packages:/opt/ros/jazzy/lib/python3.12/site-packages /usr/bin/python3 -W ignore:setup.py install is deprecated setup.py egg_info --egg-base ../../build/gamepad_node build --build-base /home/DATA/DogRobot/ros2_ws/build/gamepad_node/build install --record /home/DATA/DogRobot/ros2_ws/build/gamepad_node/install.log --single-version-externally-managed install_data
[6.801s] Level 1:colcon.colcon_core.environment:checking '/home/DATA/DogRobot/ros2_ws/install/gamepad_node' for CMake config files
[6.802s] Level 1:colcon.colcon_core.environment:checking '/home/DATA/DogRobot/ros2_ws/install/gamepad_node/lib'
[6.802s] Level 1:colcon.colcon_core.environment:checking '/home/DATA/DogRobot/ros2_ws/install/gamepad_node/bin'
[6.802s] Level 1:colcon.colcon_core.environment:checking '/home/DATA/DogRobot/ros2_ws/install/gamepad_node/lib/pkgconfig/gamepad_node.pc'
[6.803s] Level 1:colcon.colcon_core.environment:checking '/home/DATA/DogRobot/ros2_ws/install/gamepad_node/lib/python3.12/site-packages'
[6.803s] Level 1:colcon.colcon_core.shell:create_environment_hook('gamepad_node', 'pythonpath')
[6.803s] INFO:colcon.colcon_core.shell:Creating environment hook '/home/DATA/DogRobot/ros2_ws/install/gamepad_node/share/gamepad_node/hook/pythonpath.ps1'
[6.804s] INFO:colcon.colcon_core.shell:Creating environment descriptor '/home/DATA/DogRobot/ros2_ws/install/gamepad_node/share/gamepad_node/hook/pythonpath.dsv'
[6.804s] INFO:colcon.colcon_core.shell:Creating environment hook '/home/DATA/DogRobot/ros2_ws/install/gamepad_node/share/gamepad_node/hook/pythonpath.sh'
[6.805s] Level 1:colcon.colcon_core.environment:checking '/home/DATA/DogRobot/ros2_ws/install/gamepad_node/bin'
[6.806s] Level 1:colcon.colcon_core.environment:create_environment_scripts_only(gamepad_node)
[6.806s] INFO:colcon.colcon_core.shell:Creating package script '/home/DATA/DogRobot/ros2_ws/install/gamepad_node/share/gamepad_node/package.ps1'
[6.807s] INFO:colcon.colcon_core.shell:Creating package descriptor '/home/DATA/DogRobot/ros2_ws/install/gamepad_node/share/gamepad_node/package.dsv'
[6.807s] INFO:colcon.colcon_core.shell:Creating package script '/home/DATA/DogRobot/ros2_ws/install/gamepad_node/share/gamepad_node/package.sh'
[6.808s] INFO:colcon.colcon_core.shell:Creating package script '/home/DATA/DogRobot/ros2_ws/install/gamepad_node/share/gamepad_node/package.bash'
[6.808s] INFO:colcon.colcon_core.shell:Creating package script '/home/DATA/DogRobot/ros2_ws/install/gamepad_node/share/gamepad_node/package.zsh'
[6.809s] Level 1:colcon.colcon_core.environment:create_file_with_runtime_dependencies(/home/DATA/DogRobot/ros2_ws/install/gamepad_node/share/colcon-core/packages/gamepad_node)
[7.208s] INFO:colcon.colcon_core.task.python.build:Building Python package in '/home/DATA/DogRobot/ros2_ws/src/controller'
[7.208s] INFO:colcon.colcon_core.shell:Skip shell extension 'powershell' for command environment: Not usable outside of PowerShell
[7.208s] DEBUG:colcon.colcon_core.shell:Skip shell extension 'dsv' for command environment
[8.235s] DEBUG:colcon.colcon_core.event_handler.log_command:Invoking command in '/home/DATA/DogRobot/ros2_ws/src/controller': AMENT_PREFIX_PATH=/home/DATA/DogRobot/ros2_ws/install/can_node:/home/DATA/Test/DogRobot/ros2_ws/install/my_launch_package:/home/DATA/Test/DogRobot/ros2_ws/install/gamepad_node:/home/DATA/Test/DogRobot/ros2_ws/install/controller:/home/DATA/Test/DogRobot/ros2_ws/install/can_node:/home/DATA/Test/DogRobot/ros2_ws/install/add_integers:/home/DATA/Test/DogRobot/ros2_ws/install/custom_interfaces:/home/DATA/DogRobot/ros2_ws/install/my_launch_package:/home/DATA/DogRobot/ros2_ws/install/gamepad_node:/home/DATA/DogRobot/ros2_ws/install/controller:/home/DATA/DogRobot/ros2_ws/install/add_integers:/home/DATA/DogRobot/ros2_ws/install/custom_interfaces:/opt/ros/jazzy CMAKE_PREFIX_PATH=/home/DATA/DogRobot/ros2_ws/install/custom_interfaces:/home/DATA/Test/DogRobot/ros2_ws/install/custom_interfaces:/opt/ros/jazzy/opt/gz_sim_vendor:/opt/ros/jazzy/opt/gz_sensors_vendor:/opt/ros/jazzy/opt/gz_physics_vendor:/opt/ros/jazzy/opt/sdformat_vendor:/opt/ros/jazzy/opt/gz_gui_vendor:/opt/ros/jazzy/opt/gz_transport_vendor:/opt/ros/jazzy/opt/gz_rendering_vendor:/opt/ros/jazzy/opt/gz_plugin_vendor:/opt/ros/jazzy/opt/gz_fuel_tools_vendor:/opt/ros/jazzy/opt/gz_msgs_vendor:/opt/ros/jazzy/opt/gz_common_vendor:/opt/ros/jazzy/opt/gz_math_vendor:/opt/ros/jazzy/opt/gz_utils_vendor:/opt/ros/jazzy/opt/gz_tools_vendor:/opt/ros/jazzy/opt/gz_ogre_next_vendor:/opt/ros/jazzy/opt/gz_dartsim_vendor:/opt/ros/jazzy/opt/gz_cmake_vendor DEBUGINFOD_URLS=https://debuginfod.ubuntu.com LD_LIBRARY_PATH=/home/DATA/DogRobot/ros2_ws/install/custom_interfaces/lib:/home/DATA/Test/DogRobot/ros2_ws/install/custom_interfaces/lib:/opt/ros/jazzy/opt/gz_sim_vendor/lib:/opt/ros/jazzy/opt/gz_sensors_vendor/lib:/opt/ros/jazzy/opt/gz_physics_vendor/lib:/opt/ros/jazzy/opt/sdformat_vendor/lib:/opt/ros/jazzy/opt/rviz_ogre_vendor/lib:/opt/ros/jazzy/lib/x86_64-linux-gnu:/opt/ros/jazzy/opt/gz_gui_vendor/lib:/opt/ros/jazzy/opt/gz_transport_vendor/lib:/opt/ros/jazzy/opt/gz_rendering_vendor/lib:/opt/ros/jazzy/opt/gz_plugin_vendor/lib:/opt/ros/jazzy/opt/gz_fuel_tools_vendor/lib:/opt/ros/jazzy/opt/gz_msgs_vendor/lib:/opt/ros/jazzy/opt/gz_common_vendor/lib:/opt/ros/jazzy/opt/gz_math_vendor/lib:/opt/ros/jazzy/opt/gz_utils_vendor/lib:/opt/ros/jazzy/opt/gz_tools_vendor/lib:/opt/ros/jazzy/opt/gz_ogre_next_vendor/lib:/opt/ros/jazzy/opt/gz_dartsim_vendor/lib:/opt/ros/jazzy/opt/gz_cmake_vendor/lib:/opt/ros/jazzy/lib PYTHONPATH=/home/DATA/DogRobot/ros2_ws/build/controller/prefix_override:/usr/lib/python3/dist-packages/colcon_core/task/python/colcon_distutils_commands:/home/DATA/DogRobot/ros2_ws/install/controller/lib/python3.12/site-packages:/home/DATA/DogRobot/ros2_ws/install/can_node/lib/python3.12/site-packages:/home/DATA/DogRobot/ros2_ws/install/custom_interfaces/lib/python3.12/site-packages:/home/DATA/Test/DogRobot/ros2_ws/install/my_launch_package/lib/python3.12/site-packages:/home/DATA/Test/DogRobot/ros2_ws/install/gamepad_node/lib/python3.12/site-packages:/home/DATA/Test/DogRobot/ros2_ws/install/controller/lib/python3.12/site-packages:/home/DATA/Test/DogRobot/ros2_ws/install/can_node/lib/python3.12/site-packages:/home/DATA/Test/DogRobot/ros2_ws/install/add_integers/lib/python3.12/site-packages:/home/DATA/Test/DogRobot/ros2_ws/install/custom_interfaces/lib/python3.12/site-packages:/home/DATA/DogRobot/ros2_ws/install/my_launch_package/lib/python3.12/site-packages:/home/DATA/DogRobot/ros2_ws/install/gamepad_node/lib/python3.12/site-packages:/home/DATA/DogRobot/ros2_ws/install/controller/lib/python3.12/site-packages:/home/DATA/DogRobot/ros2_ws/install/add_integers/lib/python3.12/site-packages:/opt/ros/jazzy/lib/python3.12/site-packages /usr/bin/python3 -W ignore:setup.py install is deprecated setup.py egg_info --egg-base ../../build/controller build --build-base /home/DATA/DogRobot/ros2_ws/build/controller/build install --record /home/DATA/DogRobot/ros2_ws/build/controller/install.log --single-version-externally-managed install_data
[9.153s] Level 1:colcon.colcon_core.environment:checking '/home/DATA/DogRobot/ros2_ws/install/controller' for CMake module files
[9.154s] DEBUG:colcon.colcon_core.event_handler.log_command:Invoked command in '/home/DATA/DogRobot/ros2_ws/src/controller' returned '0': AMENT_PREFIX_PATH=/home/DATA/DogRobot/ros2_ws/install/can_node:/home/DATA/Test/DogRobot/ros2_ws/install/my_launch_package:/home/DATA/Test/DogRobot/ros2_ws/install/gamepad_node:/home/DATA/Test/DogRobot/ros2_ws/install/controller:/home/DATA/Test/DogRobot/ros2_ws/install/can_node:/home/DATA/Test/DogRobot/ros2_ws/install/add_integers:/home/DATA/Test/DogRobot/ros2_ws/install/custom_interfaces:/home/DATA/DogRobot/ros2_ws/install/my_launch_package:/home/DATA/DogRobot/ros2_ws/install/gamepad_node:/home/DATA/DogRobot/ros2_ws/install/controller:/home/DATA/DogRobot/ros2_ws/install/add_integers:/home/DATA/DogRobot/ros2_ws/install/custom_interfaces:/opt/ros/jazzy CMAKE_PREFIX_PATH=/home/DATA/DogRobot/ros2_ws/install/custom_interfaces:/home/DATA/Test/DogRobot/ros2_ws/install/custom_interfaces:/opt/ros/jazzy/opt/gz_sim_vendor:/opt/ros/jazzy/opt/gz_sensors_vendor:/opt/ros/jazzy/opt/gz_physics_vendor:/opt/ros/jazzy/opt/sdformat_vendor:/opt/ros/jazzy/opt/gz_gui_vendor:/opt/ros/jazzy/opt/gz_transport_vendor:/opt/ros/jazzy/opt/gz_rendering_vendor:/opt/ros/jazzy/opt/gz_plugin_vendor:/opt/ros/jazzy/opt/gz_fuel_tools_vendor:/opt/ros/jazzy/opt/gz_msgs_vendor:/opt/ros/jazzy/opt/gz_common_vendor:/opt/ros/jazzy/opt/gz_math_vendor:/opt/ros/jazzy/opt/gz_utils_vendor:/opt/ros/jazzy/opt/gz_tools_vendor:/opt/ros/jazzy/opt/gz_ogre_next_vendor:/opt/ros/jazzy/opt/gz_dartsim_vendor:/opt/ros/jazzy/opt/gz_cmake_vendor DEBUGINFOD_URLS=https://debuginfod.ubuntu.com LD_LIBRARY_PATH=/home/DATA/DogRobot/ros2_ws/install/custom_interfaces/lib:/home/DATA/Test/DogRobot/ros2_ws/install/custom_interfaces/lib:/opt/ros/jazzy/opt/gz_sim_vendor/lib:/opt/ros/jazzy/opt/gz_sensors_vendor/lib:/opt/ros/jazzy/opt/gz_physics_vendor/lib:/opt/ros/jazzy/opt/sdformat_vendor/lib:/opt/ros/jazzy/opt/rviz_ogre_vendor/lib:/opt/ros/jazzy/lib/x86_64-linux-gnu:/opt/ros/jazzy/opt/gz_gui_vendor/lib:/opt/ros/jazzy/opt/gz_transport_vendor/lib:/opt/ros/jazzy/opt/gz_rendering_vendor/lib:/opt/ros/jazzy/opt/gz_plugin_vendor/lib:/opt/ros/jazzy/opt/gz_fuel_tools_vendor/lib:/opt/ros/jazzy/opt/gz_msgs_vendor/lib:/opt/ros/jazzy/opt/gz_common_vendor/lib:/opt/ros/jazzy/opt/gz_math_vendor/lib:/opt/ros/jazzy/opt/gz_utils_vendor/lib:/opt/ros/jazzy/opt/gz_tools_vendor/lib:/opt/ros/jazzy/opt/gz_ogre_next_vendor/lib:/opt/ros/jazzy/opt/gz_dartsim_vendor/lib:/opt/ros/jazzy/opt/gz_cmake_vendor/lib:/opt/ros/jazzy/lib PYTHONPATH=/home/DATA/DogRobot/ros2_ws/build/controller/prefix_override:/usr/lib/python3/dist-packages/colcon_core/task/python/colcon_distutils_commands:/home/DATA/DogRobot/ros2_ws/install/controller/lib/python3.12/site-packages:/home/DATA/DogRobot/ros2_ws/install/can_node/lib/python3.12/site-packages:/home/DATA/DogRobot/ros2_ws/install/custom_interfaces/lib/python3.12/site-packages:/home/DATA/Test/DogRobot/ros2_ws/install/my_launch_package/lib/python3.12/site-packages:/home/DATA/Test/DogRobot/ros2_ws/install/gamepad_node/lib/python3.12/site-packages:/home/DATA/Test/DogRobot/ros2_ws/install/controller/lib/python3.12/site-packages:/home/DATA/Test/DogRobot/ros2_ws/install/can_node/lib/python3.12/site-packages:/home/DATA/Test/DogRobot/ros2_ws/install/add_integers/lib/python3.12/site-packages:/home/DATA/Test/DogRobot/ros2_ws/install/custom_interfaces/lib/python3.12/site-packages:/home/DATA/DogRobot/ros2_ws/install/my_launch_package/lib/python3.12/site-packages:/home/DATA/DogRobot/ros2_ws/install/gamepad_node/lib/python3.12/site-packages:/home/DATA/DogRobot/ros2_ws/install/controller/lib/python3.12/site-packages:/home/DATA/DogRobot/ros2_ws/install/add_integers/lib/python3.12/site-packages:/opt/ros/jazzy/lib/python3.12/site-packages /usr/bin/python3 -W ignore:setup.py install is deprecated setup.py egg_info --egg-base ../../build/controller build --build-base /home/DATA/DogRobot/ros2_ws/build/controller/build install --record /home/DATA/DogRobot/ros2_ws/build/controller/install.log --single-version-externally-managed install_data
[9.154s] Level 1:colcon.colcon_core.environment:checking '/home/DATA/DogRobot/ros2_ws/install/controller' for CMake config files
[9.155s] Level 1:colcon.colcon_core.environment:checking '/home/DATA/DogRobot/ros2_ws/install/controller/lib'
[9.155s] Level 1:colcon.colcon_core.environment:checking '/home/DATA/DogRobot/ros2_ws/install/controller/bin'
[9.155s] Level 1:colcon.colcon_core.environment:checking '/home/DATA/DogRobot/ros2_ws/install/controller/lib/pkgconfig/controller.pc'
[9.155s] Level 1:colcon.colcon_core.environment:checking '/home/DATA/DogRobot/ros2_ws/install/controller/lib/python3.12/site-packages'
[9.155s] Level 1:colcon.colcon_core.shell:create_environment_hook('controller', 'pythonpath')
[9.156s] INFO:colcon.colcon_core.shell:Creating environment hook '/home/DATA/DogRobot/ros2_ws/install/controller/share/controller/hook/pythonpath.ps1'
[9.156s] INFO:colcon.colcon_core.shell:Creating environment descriptor '/home/DATA/DogRobot/ros2_ws/install/controller/share/controller/hook/pythonpath.dsv'
[9.157s] INFO:colcon.colcon_core.shell:Creating environment hook '/home/DATA/DogRobot/ros2_ws/install/controller/share/controller/hook/pythonpath.sh'
[9.157s] Level 1:colcon.colcon_core.environment:checking '/home/DATA/DogRobot/ros2_ws/install/controller/bin'
[9.157s] Level 1:colcon.colcon_core.environment:create_environment_scripts_only(controller)
[9.158s] INFO:colcon.colcon_core.shell:Creating package script '/home/DATA/DogRobot/ros2_ws/install/controller/share/controller/package.ps1'
[9.158s] INFO:colcon.colcon_core.shell:Creating package descriptor '/home/DATA/DogRobot/ros2_ws/install/controller/share/controller/package.dsv'
[9.159s] INFO:colcon.colcon_core.shell:Creating package script '/home/DATA/DogRobot/ros2_ws/install/controller/share/controller/package.sh'
[9.159s] INFO:colcon.colcon_core.shell:Creating package script '/home/DATA/DogRobot/ros2_ws/install/controller/share/controller/package.bash'
[9.160s] INFO:colcon.colcon_core.shell:Creating package script '/home/DATA/DogRobot/ros2_ws/install/controller/share/controller/package.zsh'
[9.160s] Level 1:colcon.colcon_core.environment:create_file_with_runtime_dependencies(/home/DATA/DogRobot/ros2_ws/install/controller/share/colcon-core/packages/controller)
[9.161s] DEBUG:colcon.colcon_parallel_executor.executor.parallel:closing loop
[9.161s] DEBUG:colcon.colcon_parallel_executor.executor.parallel:loop closed
[9.161s] DEBUG:colcon.colcon_parallel_executor.executor.parallel:run_until_complete finished with '0'
[9.161s] DEBUG:colcon.colcon_core.event_reactor:joining thread
[9.169s] INFO:colcon.colcon_core.plugin_system:Skipping extension 'colcon_notification.desktop_notification.terminal_notifier': Not used on non-Darwin systems
[9.169s] INFO:colcon.colcon_core.plugin_system:Skipping extension 'colcon_notification.desktop_notification.win32': Not used on non-Windows systems
[9.169s] INFO:colcon.colcon_notification.desktop_notification:Sending desktop notification using 'notify2'
[9.203s] DEBUG:colcon.colcon_core.event_reactor:joined thread
[9.204s] INFO:colcon.colcon_core.shell:Creating prefix script '/home/DATA/DogRobot/ros2_ws/install/local_setup.ps1'
[9.206s] INFO:colcon.colcon_core.shell:Creating prefix util module '/home/DATA/DogRobot/ros2_ws/install/_local_setup_util_ps1.py'
[9.208s] INFO:colcon.colcon_core.shell:Creating prefix chain script '/home/DATA/DogRobot/ros2_ws/install/setup.ps1'
[9.210s] INFO:colcon.colcon_core.shell:Creating prefix script '/home/DATA/DogRobot/ros2_ws/install/local_setup.sh'
[9.211s] INFO:colcon.colcon_core.shell:Creating prefix util module '/home/DATA/DogRobot/ros2_ws/install/_local_setup_util_sh.py'
[9.212s] INFO:colcon.colcon_core.shell:Creating prefix chain script '/home/DATA/DogRobot/ros2_ws/install/setup.sh'
[9.215s] INFO:colcon.colcon_core.shell:Creating prefix script '/home/DATA/DogRobot/ros2_ws/install/local_setup.bash'
[9.215s] INFO:colcon.colcon_core.shell:Creating prefix chain script '/home/DATA/DogRobot/ros2_ws/install/setup.bash'
[9.217s] INFO:colcon.colcon_core.shell:Creating prefix script '/home/DATA/DogRobot/ros2_ws/install/local_setup.zsh'
[9.218s] INFO:colcon.colcon_core.shell:Creating prefix chain script '/home/DATA/DogRobot/ros2_ws/install/setup.zsh'
