[2.454s] Invoking command in '/home/DATA/DogRobot/ros2_ws/src/add_integers': AMENT_PREFIX_PATH=/home/DATA/DogRobot/ros2_ws/install/custom_interfaces:${AMENT_PREFIX_PATH} CMAKE_PREFIX_PATH=/home/DATA/DogRobot/ros2_ws/install/custom_interfaces:${CMAKE_PREFIX_PATH} DEBUGINFOD_URLS=https://debuginfod.ubuntu.com LD_LIBRARY_PATH=/home/DATA/DogRobot/ros2_ws/install/custom_interfaces/lib:${LD_LIBRARY_PATH} PYTHONPATH=/home/DATA/DogRobot/ros2_ws/build/add_integers/prefix_override:/usr/lib/python3/dist-packages/colcon_core/task/python/colcon_distutils_commands:/home/DATA/DogRobot/ros2_ws/install/add_integers/lib/python3.12/site-packages:/home/DATA/DogRobot/ros2_ws/install/custom_interfaces/lib/python3.12/site-packages:${PYTHONPATH} /usr/bin/python3 -W ignore:setup.py install is deprecated setup.py egg_info --egg-base ../../build/add_integers build --build-base /home/DATA/DogRobot/ros2_ws/build/add_integers/build install --record /home/DATA/DogRobot/ros2_ws/build/add_integers/install.log --single-version-externally-managed install_data
[3.120s] running egg_info
[3.173s] writing ../../build/add_integers/add_integers.egg-info/PKG-INFO
[3.173s] writing dependency_links to ../../build/add_integers/add_integers.egg-info/dependency_links.txt
[3.173s] writing entry points to ../../build/add_integers/add_integers.egg-info/entry_points.txt
[3.174s] writing requirements to ../../build/add_integers/add_integers.egg-info/requires.txt
[3.174s] writing top-level names to ../../build/add_integers/add_integers.egg-info/top_level.txt
[3.274s] reading manifest file '../../build/add_integers/add_integers.egg-info/SOURCES.txt'
[3.279s] writing manifest file '../../build/add_integers/add_integers.egg-info/SOURCES.txt'
[3.279s] running build
[3.279s] running build_py
[3.279s] running install
[3.295s] running install_lib
[3.345s] running install_data
[3.346s] running install_egg_info
[3.412s] removing '/home/DATA/DogRobot/ros2_ws/install/add_integers/lib/python3.12/site-packages/add_integers-0.0.0-py3.12.egg-info' (and everything under it)
[3.413s] Copying ../../build/add_integers/add_integers.egg-info to /home/DATA/DogRobot/ros2_ws/install/add_integers/lib/python3.12/site-packages/add_integers-0.0.0-py3.12.egg-info
[3.416s] running install_scripts
[3.765s] Installing addition_client script to /home/DATA/DogRobot/ros2_ws/install/add_integers/lib/add_integers
[3.767s] Installing addition_service script to /home/DATA/DogRobot/ros2_ws/install/add_integers/lib/add_integers
[3.768s] writing list of installed files to '/home/DATA/DogRobot/ros2_ws/build/add_integers/install.log'
[3.912s] Invoked command in '/home/DATA/DogRobot/ros2_ws/src/add_integers' returned '0': AMENT_PREFIX_PATH=/home/DATA/DogRobot/ros2_ws/install/custom_interfaces:${AMENT_PREFIX_PATH} CMAKE_PREFIX_PATH=/home/DATA/DogRobot/ros2_ws/install/custom_interfaces:${CMAKE_PREFIX_PATH} DEBUGINFOD_URLS=https://debuginfod.ubuntu.com LD_LIBRARY_PATH=/home/DATA/DogRobot/ros2_ws/install/custom_interfaces/lib:${LD_LIBRARY_PATH} PYTHONPATH=/home/DATA/DogRobot/ros2_ws/build/add_integers/prefix_override:/usr/lib/python3/dist-packages/colcon_core/task/python/colcon_distutils_commands:/home/DATA/DogRobot/ros2_ws/install/add_integers/lib/python3.12/site-packages:/home/DATA/DogRobot/ros2_ws/install/custom_interfaces/lib/python3.12/site-packages:${PYTHONPATH} /usr/bin/python3 -W ignore:setup.py install is deprecated setup.py egg_info --egg-base ../../build/add_integers build --build-base /home/DATA/DogRobot/ros2_ws/build/add_integers/build install --record /home/DATA/DogRobot/ros2_ws/build/add_integers/install.log --single-version-externally-managed install_data
