[0.015s] Invoking command in '/home/DATA/DogRobot/ros2_ws/build/wit_pkg': AMENT_PREFIX_PATH=/home/DATA/DogRobot/ros2_ws/install/custom_interfaces:${AMENT_PREFIX_PATH} CMAKE_PREFIX_PATH=/home/DATA/DogRobot/ros2_ws/install/custom_interfaces:/opt/ros/jazzy/opt/gz_sim_vendor:/opt/ros/jazzy/opt/gz_sensors_vendor:/opt/ros/jazzy/opt/gz_physics_vendor:/opt/ros/jazzy/opt/sdformat_vendor:/opt/ros/jazzy/opt/gz_gui_vendor:/opt/ros/jazzy/opt/gz_transport_vendor:/opt/ros/jazzy/opt/gz_rendering_vendor:/opt/ros/jazzy/opt/gz_plugin_vendor:/opt/ros/jazzy/opt/gz_fuel_tools_vendor:/opt/ros/jazzy/opt/gz_msgs_vendor:/opt/ros/jazzy/opt/gz_common_vendor:/opt/ros/jazzy/opt/gz_math_vendor:/opt/ros/jazzy/opt/gz_utils_vendor:/opt/ros/jazzy/opt/gz_tools_vendor:/opt/ros/jazzy/opt/gz_ogre_next_vendor:/opt/ros/jazzy/opt/gz_dartsim_vendor:/opt/ros/jazzy/opt/gz_cmake_vendor:/opt/ros/jazzy DEBUGINFOD_URLS=https://debuginfod.ubuntu.com LD_LIBRARY_PATH=/home/DATA/DogRobot/ros2_ws/install/custom_interfaces/lib:${LD_LIBRARY_PATH} PYTHONPATH=/home/DATA/DogRobot/ros2_ws/install/custom_interfaces/lib/python3.12/site-packages:${PYTHONPATH} /usr/bin/cmake --build /home/DATA/DogRobot/ros2_ws/build/wit_pkg -- -j8 -l8
[0.045s] -- Found ament_cmake: 2.5.2 (/opt/ros/jazzy/share/ament_cmake/cmake)
[0.305s] -- Found rclcpp: 28.1.5 (/opt/ros/jazzy/share/rclcpp/cmake)
[0.334s] -- Found rosidl_generator_c: 4.6.4 (/opt/ros/jazzy/share/rosidl_generator_c/cmake)
[0.343s] -- Found rosidl_generator_cpp: 4.6.4 (/opt/ros/jazzy/share/rosidl_generator_cpp/cmake)
[0.355s] -- Using all available rosidl_typesupport_c: rosidl_typesupport_fastrtps_c;rosidl_typesupport_introspection_c
[0.369s] -- Using all available rosidl_typesupport_cpp: rosidl_typesupport_fastrtps_cpp;rosidl_typesupport_introspection_cpp
[0.443s] -- Found rmw_implementation_cmake: 7.3.1 (/opt/ros/jazzy/share/rmw_implementation_cmake/cmake)
[0.445s] -- Found rmw_fastrtps_cpp: 8.4.1 (/opt/ros/jazzy/share/rmw_fastrtps_cpp/cmake)
[0.538s] -- Using RMW implementation 'rmw_fastrtps_cpp' as default
[0.622s] -- Found custom_interfaces: 0.0.0 (/home/DATA/DogRobot/ros2_ws/install/custom_interfaces/share/custom_interfaces/cmake)
[0.754s] -- Configuring done (0.7s)
[0.780s] -- Generating done (0.0s)
[0.783s] -- Build files have been written to: /home/DATA/DogRobot/ros2_ws/build/wit_pkg
[0.830s] [ 33%] Built target wit_c_sdk
[0.830s] [ 66%] Built target serial
[0.856s] [ 83%] [32mBuilding CXX object CMakeFiles/readIMU.dir/src/readIMU.cpp.o[0m
[1.134s] [01m[K/home/DATA/DogRobot/ros2_ws/src/wit_pkg/src/readIMU.cpp:9:10:[m[K [01;31m[Kfatal error: [m[Kcustom_interfaces/srv/IMU.hpp: No such file or directory
[1.134s]     9 | #include [01;31m[K"custom_interfaces/srv/IMU.hpp"[m[K
[1.134s]       |          [01;31m[K^~~~~~~~~~~~~~~~~~~~~~~~~~~~~~~[m[K
[1.134s] compilation terminated.
[1.138s] gmake[2]: *** [CMakeFiles/readIMU.dir/build.make:76: CMakeFiles/readIMU.dir/src/readIMU.cpp.o] Error 1
[1.138s] gmake[1]: *** [CMakeFiles/Makefile2:194: CMakeFiles/readIMU.dir/all] Error 2
[1.138s] gmake: *** [Makefile:146: all] Error 2
[1.141s] Invoked command in '/home/DATA/DogRobot/ros2_ws/build/wit_pkg' returned '2': AMENT_PREFIX_PATH=/home/DATA/DogRobot/ros2_ws/install/custom_interfaces:${AMENT_PREFIX_PATH} CMAKE_PREFIX_PATH=/home/DATA/DogRobot/ros2_ws/install/custom_interfaces:/opt/ros/jazzy/opt/gz_sim_vendor:/opt/ros/jazzy/opt/gz_sensors_vendor:/opt/ros/jazzy/opt/gz_physics_vendor:/opt/ros/jazzy/opt/sdformat_vendor:/opt/ros/jazzy/opt/gz_gui_vendor:/opt/ros/jazzy/opt/gz_transport_vendor:/opt/ros/jazzy/opt/gz_rendering_vendor:/opt/ros/jazzy/opt/gz_plugin_vendor:/opt/ros/jazzy/opt/gz_fuel_tools_vendor:/opt/ros/jazzy/opt/gz_msgs_vendor:/opt/ros/jazzy/opt/gz_common_vendor:/opt/ros/jazzy/opt/gz_math_vendor:/opt/ros/jazzy/opt/gz_utils_vendor:/opt/ros/jazzy/opt/gz_tools_vendor:/opt/ros/jazzy/opt/gz_ogre_next_vendor:/opt/ros/jazzy/opt/gz_dartsim_vendor:/opt/ros/jazzy/opt/gz_cmake_vendor:/opt/ros/jazzy DEBUGINFOD_URLS=https://debuginfod.ubuntu.com LD_LIBRARY_PATH=/home/DATA/DogRobot/ros2_ws/install/custom_interfaces/lib:${LD_LIBRARY_PATH} PYTHONPATH=/home/DATA/DogRobot/ros2_ws/install/custom_interfaces/lib/python3.12/site-packages:${PYTHONPATH} /usr/bin/cmake --build /home/DATA/DogRobot/ros2_ws/build/wit_pkg -- -j8 -l8
