[1.315s] Invoking command in '/home/DATA/DogRobot/ros2_ws/src/gamepad_node': AMENT_PREFIX_PATH=/home/DATA/DogRobot/ros2_ws/install/custom_interfaces:${AMENT_PREFIX_PATH} CMAKE_PREFIX_PATH=/home/DATA/DogRobot/ros2_ws/install/custom_interfaces:${CMAKE_PREFIX_PATH} DEBUGINFOD_URLS=https://debuginfod.ubuntu.com LD_LIBRARY_PATH=/home/DATA/DogRobot/ros2_ws/install/custom_interfaces/lib:${LD_LIBRARY_PATH} PYTHONPATH=/home/DATA/DogRobot/ros2_ws/build/gamepad_node/prefix_override:/usr/lib/python3/dist-packages/colcon_core/task/python/colcon_distutils_commands:/home/DATA/DogRobot/ros2_ws/install/gamepad_node/lib/python3.12/site-packages:/home/DATA/DogRobot/ros2_ws/install/custom_interfaces/lib/python3.12/site-packages:${PYTHONPATH} /usr/bin/python3 -W ignore:setup.py install is deprecated setup.py egg_info --egg-base ../../build/gamepad_node build --build-base /home/DATA/DogRobot/ros2_ws/build/gamepad_node/build install --record /home/DATA/DogRobot/ros2_ws/build/gamepad_node/install.log --single-version-externally-managed install_data
[1.610s] running egg_info
[1.631s] writing ../../build/gamepad_node/gamepad_node.egg-info/PKG-INFO
[1.632s] writing dependency_links to ../../build/gamepad_node/gamepad_node.egg-info/dependency_links.txt
[1.632s] writing entry points to ../../build/gamepad_node/gamepad_node.egg-info/entry_points.txt
[1.632s] writing requirements to ../../build/gamepad_node/gamepad_node.egg-info/requires.txt
[1.632s] writing top-level names to ../../build/gamepad_node/gamepad_node.egg-info/top_level.txt
[1.676s] reading manifest file '../../build/gamepad_node/gamepad_node.egg-info/SOURCES.txt'
[1.677s] writing manifest file '../../build/gamepad_node/gamepad_node.egg-info/SOURCES.txt'
[1.677s] running build
[1.677s] running build_py
[1.677s] copying gamepad_node/gamepad.py -> /home/DATA/DogRobot/ros2_ws/build/gamepad_node/build/lib/gamepad_node
[1.677s] running install
[1.684s] running install_lib
[1.706s] copying /home/DATA/DogRobot/ros2_ws/build/gamepad_node/build/lib/gamepad_node/gamepad.py -> /home/DATA/DogRobot/ros2_ws/install/gamepad_node/lib/python3.12/site-packages/gamepad_node
[1.707s] byte-compiling /home/DATA/DogRobot/ros2_ws/install/gamepad_node/lib/python3.12/site-packages/gamepad_node/gamepad.py to gamepad.cpython-312.pyc
[1.708s] running install_data
[1.708s] running install_egg_info
[1.731s] removing '/home/DATA/DogRobot/ros2_ws/install/gamepad_node/lib/python3.12/site-packages/gamepad_node-0.0.0-py3.12.egg-info' (and everything under it)
[1.731s] Copying ../../build/gamepad_node/gamepad_node.egg-info to /home/DATA/DogRobot/ros2_ws/install/gamepad_node/lib/python3.12/site-packages/gamepad_node-0.0.0-py3.12.egg-info
[1.732s] running install_scripts
[1.873s] Installing gamepad script to /home/DATA/DogRobot/ros2_ws/install/gamepad_node/lib/gamepad_node
[1.874s] writing list of installed files to '/home/DATA/DogRobot/ros2_ws/build/gamepad_node/install.log'
[1.947s] Invoked command in '/home/DATA/DogRobot/ros2_ws/src/gamepad_node' returned '0': AMENT_PREFIX_PATH=/home/DATA/DogRobot/ros2_ws/install/custom_interfaces:${AMENT_PREFIX_PATH} CMAKE_PREFIX_PATH=/home/DATA/DogRobot/ros2_ws/install/custom_interfaces:${CMAKE_PREFIX_PATH} DEBUGINFOD_URLS=https://debuginfod.ubuntu.com LD_LIBRARY_PATH=/home/DATA/DogRobot/ros2_ws/install/custom_interfaces/lib:${LD_LIBRARY_PATH} PYTHONPATH=/home/DATA/DogRobot/ros2_ws/build/gamepad_node/prefix_override:/usr/lib/python3/dist-packages/colcon_core/task/python/colcon_distutils_commands:/home/DATA/DogRobot/ros2_ws/install/gamepad_node/lib/python3.12/site-packages:/home/DATA/DogRobot/ros2_ws/install/custom_interfaces/lib/python3.12/site-packages:${PYTHONPATH} /usr/bin/python3 -W ignore:setup.py install is deprecated setup.py egg_info --egg-base ../../build/gamepad_node build --build-base /home/DATA/DogRobot/ros2_ws/build/gamepad_node/build install --record /home/DATA/DogRobot/ros2_ws/build/gamepad_node/install.log --single-version-externally-managed install_data
