[0.146s] DEBUG:colcon:Command line arguments: ['/usr/bin/colcon', 'build']
[0.146s] DEBUG:colcon:Parsed command line arguments: Namespace(log_base=None, log_level=None, verb_name='build', build_base='build', install_base='install', merge_install=False, symlink_install=False, test_result_base=None, continue_on_error=False, executor='parallel', parallel_workers=8, event_handlers=None, ignore_user_meta=False, metas=['./colcon.meta'], base_paths=['.'], packages_ignore=None, packages_ignore_regex=None, paths=None, packages_up_to=None, packages_up_to_regex=None, packages_above=None, packages_above_and_dependencies=None, packages_above_depth=None, packages_select_by_dep=None, packages_skip_by_dep=None, packages_skip_up_to=None, packages_select_build_failed=False, packages_skip_build_finished=False, packages_select_test_failures=False, packages_skip_test_passed=False, packages_select=None, packages_skip=None, packages_select_regex=None, packages_skip_regex=None, packages_start=None, packages_end=None, allow_overriding=[], cmake_args=None, cmake_target=None, cmake_target_skip_unavailable=False, cmake_clean_cache=False, cmake_clean_first=False, cmake_force_configure=False, ament_cmake_args=None, catkin_cmake_args=None, catkin_skip_building_tests=False, mixin_files=None, mixin=None, verb_parser=<colcon_mixin.mixin.mixin_argument.MixinArgumentDecorator object at 0x70c25bf77a40>, verb_extension=<colcon_core.verb.build.BuildVerb object at 0x70c25bf77800>, main=<bound method BuildVerb.main of <colcon_core.verb.build.BuildVerb object at 0x70c25bf77800>>, mixin_verb=('build',))
[0.221s] Level 1:colcon.colcon_core.package_discovery:discover_packages(colcon_meta) check parameters
[0.221s] Level 1:colcon.colcon_core.package_discovery:discover_packages(recursive) check parameters
[0.221s] Level 1:colcon.colcon_core.package_discovery:discover_packages(ignore) check parameters
[0.221s] Level 1:colcon.colcon_core.package_discovery:discover_packages(path) check parameters
[0.221s] Level 1:colcon.colcon_core.package_discovery:discover_packages(colcon_meta) discover
[0.221s] Level 1:colcon.colcon_core.package_discovery:discover_packages(recursive) discover
[0.221s] INFO:colcon.colcon_core.package_discovery:Crawling recursively for packages in '/home/DATA/DogRobot/ros2_ws'
[0.222s] Level 1:colcon.colcon_core.package_identification:_identify(.) by extensions ['ignore', 'ignore_ament_install']
[0.222s] Level 1:colcon.colcon_core.package_identification:_identify(.) by extension 'ignore'
[0.222s] Level 1:colcon.colcon_core.package_identification:_identify(.) by extension 'ignore_ament_install'
[0.222s] Level 1:colcon.colcon_core.package_identification:_identify(.) by extensions ['colcon_pkg']
[0.222s] Level 1:colcon.colcon_core.package_identification:_identify(.) by extension 'colcon_pkg'
[0.222s] Level 1:colcon.colcon_core.package_identification:_identify(.) by extensions ['colcon_meta']
[0.222s] Level 1:colcon.colcon_core.package_identification:_identify(.) by extension 'colcon_meta'
[0.222s] Level 1:colcon.colcon_core.package_identification:_identify(.) by extensions ['ros']
[0.222s] Level 1:colcon.colcon_core.package_identification:_identify(.) by extension 'ros'
[0.252s] Level 1:colcon.colcon_core.package_identification:_identify(.) by extensions ['cmake', 'python']
[0.252s] Level 1:colcon.colcon_core.package_identification:_identify(.) by extension 'cmake'
[0.252s] Level 1:colcon.colcon_core.package_identification:_identify(.) by extension 'python'
[0.252s] Level 1:colcon.colcon_core.package_identification:_identify(.) by extensions ['python_setup_py']
[0.252s] Level 1:colcon.colcon_core.package_identification:_identify(.) by extension 'python_setup_py'
[0.252s] Level 1:colcon.colcon_core.package_identification:_identify(build) by extensions ['ignore', 'ignore_ament_install']
[0.252s] Level 1:colcon.colcon_core.package_identification:_identify(build) by extension 'ignore'
[0.252s] Level 1:colcon.colcon_core.package_identification:_identify(build) ignored
[0.252s] Level 1:colcon.colcon_core.package_identification:_identify(install) by extensions ['ignore', 'ignore_ament_install']
[0.252s] Level 1:colcon.colcon_core.package_identification:_identify(install) by extension 'ignore'
[0.252s] Level 1:colcon.colcon_core.package_identification:_identify(install) ignored
[0.253s] Level 1:colcon.colcon_core.package_identification:_identify(log) by extensions ['ignore', 'ignore_ament_install']
[0.253s] Level 1:colcon.colcon_core.package_identification:_identify(log) by extension 'ignore'
[0.253s] Level 1:colcon.colcon_core.package_identification:_identify(log) ignored
[0.253s] Level 1:colcon.colcon_core.package_identification:_identify(src) by extensions ['ignore', 'ignore_ament_install']
[0.253s] Level 1:colcon.colcon_core.package_identification:_identify(src) by extension 'ignore'
[0.253s] Level 1:colcon.colcon_core.package_identification:_identify(src) by extension 'ignore_ament_install'
[0.253s] Level 1:colcon.colcon_core.package_identification:_identify(src) by extensions ['colcon_pkg']
[0.253s] Level 1:colcon.colcon_core.package_identification:_identify(src) by extension 'colcon_pkg'
[0.253s] Level 1:colcon.colcon_core.package_identification:_identify(src) by extensions ['colcon_meta']
[0.253s] Level 1:colcon.colcon_core.package_identification:_identify(src) by extension 'colcon_meta'
[0.253s] Level 1:colcon.colcon_core.package_identification:_identify(src) by extensions ['ros']
[0.253s] Level 1:colcon.colcon_core.package_identification:_identify(src) by extension 'ros'
[0.253s] Level 1:colcon.colcon_core.package_identification:_identify(src) by extensions ['cmake', 'python']
[0.253s] Level 1:colcon.colcon_core.package_identification:_identify(src) by extension 'cmake'
[0.253s] Level 1:colcon.colcon_core.package_identification:_identify(src) by extension 'python'
[0.254s] Level 1:colcon.colcon_core.package_identification:_identify(src) by extensions ['python_setup_py']
[0.254s] Level 1:colcon.colcon_core.package_identification:_identify(src) by extension 'python_setup_py'
[0.254s] Level 1:colcon.colcon_core.package_identification:_identify(src/can_node) by extensions ['ignore', 'ignore_ament_install']
[0.254s] Level 1:colcon.colcon_core.package_identification:_identify(src/can_node) by extension 'ignore'
[0.254s] Level 1:colcon.colcon_core.package_identification:_identify(src/can_node) by extension 'ignore_ament_install'
[0.254s] Level 1:colcon.colcon_core.package_identification:_identify(src/can_node) by extensions ['colcon_pkg']
[0.254s] Level 1:colcon.colcon_core.package_identification:_identify(src/can_node) by extension 'colcon_pkg'
[0.254s] Level 1:colcon.colcon_core.package_identification:_identify(src/can_node) by extensions ['colcon_meta']
[0.254s] Level 1:colcon.colcon_core.package_identification:_identify(src/can_node) by extension 'colcon_meta'
[0.254s] Level 1:colcon.colcon_core.package_identification:_identify(src/can_node) by extensions ['ros']
[0.254s] Level 1:colcon.colcon_core.package_identification:_identify(src/can_node) by extension 'ros'
[0.258s] DEBUG:colcon.colcon_core.package_identification:Package 'src/can_node' with type 'ros.ament_python' and name 'can_node'
[0.258s] Level 1:colcon.colcon_core.package_identification:_identify(src/controller) by extensions ['ignore', 'ignore_ament_install']
[0.258s] Level 1:colcon.colcon_core.package_identification:_identify(src/controller) by extension 'ignore'
[0.258s] Level 1:colcon.colcon_core.package_identification:_identify(src/controller) by extension 'ignore_ament_install'
[0.258s] Level 1:colcon.colcon_core.package_identification:_identify(src/controller) by extensions ['colcon_pkg']
[0.258s] Level 1:colcon.colcon_core.package_identification:_identify(src/controller) by extension 'colcon_pkg'
[0.258s] Level 1:colcon.colcon_core.package_identification:_identify(src/controller) by extensions ['colcon_meta']
[0.258s] Level 1:colcon.colcon_core.package_identification:_identify(src/controller) by extension 'colcon_meta'
[0.259s] Level 1:colcon.colcon_core.package_identification:_identify(src/controller) by extensions ['ros']
[0.259s] Level 1:colcon.colcon_core.package_identification:_identify(src/controller) by extension 'ros'
[0.260s] DEBUG:colcon.colcon_core.package_identification:Package 'src/controller' with type 'ros.ament_python' and name 'controller'
[0.260s] Level 1:colcon.colcon_core.package_identification:_identify(src/custom_interfaces) by extensions ['ignore', 'ignore_ament_install']
[0.260s] Level 1:colcon.colcon_core.package_identification:_identify(src/custom_interfaces) by extension 'ignore'
[0.260s] Level 1:colcon.colcon_core.package_identification:_identify(src/custom_interfaces) by extension 'ignore_ament_install'
[0.260s] Level 1:colcon.colcon_core.package_identification:_identify(src/custom_interfaces) by extensions ['colcon_pkg']
[0.260s] Level 1:colcon.colcon_core.package_identification:_identify(src/custom_interfaces) by extension 'colcon_pkg'
[0.260s] Level 1:colcon.colcon_core.package_identification:_identify(src/custom_interfaces) by extensions ['colcon_meta']
[0.260s] Level 1:colcon.colcon_core.package_identification:_identify(src/custom_interfaces) by extension 'colcon_meta'
[0.261s] Level 1:colcon.colcon_core.package_identification:_identify(src/custom_interfaces) by extensions ['ros']
[0.261s] Level 1:colcon.colcon_core.package_identification:_identify(src/custom_interfaces) by extension 'ros'
[0.261s] DEBUG:colcon.colcon_core.package_identification:Package 'src/custom_interfaces' with type 'ros.ament_cmake' and name 'custom_interfaces'
[0.261s] Level 1:colcon.colcon_core.package_identification:_identify(src/gamepad_node) by extensions ['ignore', 'ignore_ament_install']
[0.261s] Level 1:colcon.colcon_core.package_identification:_identify(src/gamepad_node) by extension 'ignore'
[0.261s] Level 1:colcon.colcon_core.package_identification:_identify(src/gamepad_node) by extension 'ignore_ament_install'
[0.261s] Level 1:colcon.colcon_core.package_identification:_identify(src/gamepad_node) by extensions ['colcon_pkg']
[0.261s] Level 1:colcon.colcon_core.package_identification:_identify(src/gamepad_node) by extension 'colcon_pkg'
[0.261s] Level 1:colcon.colcon_core.package_identification:_identify(src/gamepad_node) by extensions ['colcon_meta']
[0.262s] Level 1:colcon.colcon_core.package_identification:_identify(src/gamepad_node) by extension 'colcon_meta'
[0.262s] Level 1:colcon.colcon_core.package_identification:_identify(src/gamepad_node) by extensions ['ros']
[0.262s] Level 1:colcon.colcon_core.package_identification:_identify(src/gamepad_node) by extension 'ros'
[0.262s] DEBUG:colcon.colcon_core.package_identification:Package 'src/gamepad_node' with type 'ros.ament_python' and name 'gamepad_node'
[0.262s] Level 1:colcon.colcon_core.package_discovery:discover_packages(recursive) using defaults
[0.262s] Level 1:colcon.colcon_core.package_discovery:discover_packages(ignore) discover
[0.262s] Level 1:colcon.colcon_core.package_discovery:discover_packages(ignore) using defaults
[0.262s] Level 1:colcon.colcon_core.package_discovery:discover_packages(path) discover
[0.262s] Level 1:colcon.colcon_core.package_discovery:discover_packages(path) using defaults
[0.287s] Level 1:colcon.colcon_core.package_discovery:discover_packages(prefix_path) check parameters
[0.287s] Level 1:colcon.colcon_core.package_discovery:discover_packages(prefix_path) discover
[0.291s] DEBUG:colcon.colcon_installed_package_information.package_discovery:Found 315 installed packages in /opt/ros/jazzy
[0.292s] Level 1:colcon.colcon_core.package_discovery:discover_packages(prefix_path) using defaults
[0.344s] Level 5:colcon.colcon_core.verb:set package 'can_node' build argument 'cmake_args' from command line to 'None'
[0.344s] Level 5:colcon.colcon_core.verb:set package 'can_node' build argument 'cmake_target' from command line to 'None'
[0.344s] Level 5:colcon.colcon_core.verb:set package 'can_node' build argument 'cmake_target_skip_unavailable' from command line to 'False'
[0.344s] Level 5:colcon.colcon_core.verb:set package 'can_node' build argument 'cmake_clean_cache' from command line to 'False'
[0.344s] Level 5:colcon.colcon_core.verb:set package 'can_node' build argument 'cmake_clean_first' from command line to 'False'
[0.344s] Level 5:colcon.colcon_core.verb:set package 'can_node' build argument 'cmake_force_configure' from command line to 'False'
[0.344s] Level 5:colcon.colcon_core.verb:set package 'can_node' build argument 'ament_cmake_args' from command line to 'None'
[0.344s] Level 5:colcon.colcon_core.verb:set package 'can_node' build argument 'catkin_cmake_args' from command line to 'None'
[0.344s] Level 5:colcon.colcon_core.verb:set package 'can_node' build argument 'catkin_skip_building_tests' from command line to 'False'
[0.344s] DEBUG:colcon.colcon_core.verb:Building package 'can_node' with the following arguments: {'ament_cmake_args': None, 'build_base': '/home/DATA/DogRobot/ros2_ws/build/can_node', 'catkin_cmake_args': None, 'catkin_skip_building_tests': False, 'cmake_args': None, 'cmake_clean_cache': False, 'cmake_clean_first': False, 'cmake_force_configure': False, 'cmake_target': None, 'cmake_target_skip_unavailable': False, 'install_base': '/home/DATA/DogRobot/ros2_ws/install/can_node', 'merge_install': False, 'path': '/home/DATA/DogRobot/ros2_ws/src/can_node', 'symlink_install': False, 'test_result_base': None}
[0.344s] Level 5:colcon.colcon_core.verb:set package 'controller' build argument 'cmake_args' from command line to 'None'
[0.344s] Level 5:colcon.colcon_core.verb:set package 'controller' build argument 'cmake_target' from command line to 'None'
[0.344s] Level 5:colcon.colcon_core.verb:set package 'controller' build argument 'cmake_target_skip_unavailable' from command line to 'False'
[0.344s] Level 5:colcon.colcon_core.verb:set package 'controller' build argument 'cmake_clean_cache' from command line to 'False'
[0.344s] Level 5:colcon.colcon_core.verb:set package 'controller' build argument 'cmake_clean_first' from command line to 'False'
[0.344s] Level 5:colcon.colcon_core.verb:set package 'controller' build argument 'cmake_force_configure' from command line to 'False'
[0.344s] Level 5:colcon.colcon_core.verb:set package 'controller' build argument 'ament_cmake_args' from command line to 'None'
[0.344s] Level 5:colcon.colcon_core.verb:set package 'controller' build argument 'catkin_cmake_args' from command line to 'None'
[0.344s] Level 5:colcon.colcon_core.verb:set package 'controller' build argument 'catkin_skip_building_tests' from command line to 'False'
[0.344s] DEBUG:colcon.colcon_core.verb:Building package 'controller' with the following arguments: {'ament_cmake_args': None, 'build_base': '/home/DATA/DogRobot/ros2_ws/build/controller', 'catkin_cmake_args': None, 'catkin_skip_building_tests': False, 'cmake_args': None, 'cmake_clean_cache': False, 'cmake_clean_first': False, 'cmake_force_configure': False, 'cmake_target': None, 'cmake_target_skip_unavailable': False, 'install_base': '/home/DATA/DogRobot/ros2_ws/install/controller', 'merge_install': False, 'path': '/home/DATA/DogRobot/ros2_ws/src/controller', 'symlink_install': False, 'test_result_base': None}
[0.345s] Level 5:colcon.colcon_core.verb:set package 'custom_interfaces' build argument 'cmake_args' from command line to 'None'
[0.345s] Level 5:colcon.colcon_core.verb:set package 'custom_interfaces' build argument 'cmake_target' from command line to 'None'
[0.345s] Level 5:colcon.colcon_core.verb:set package 'custom_interfaces' build argument 'cmake_target_skip_unavailable' from command line to 'False'
[0.345s] Level 5:colcon.colcon_core.verb:set package 'custom_interfaces' build argument 'cmake_clean_cache' from command line to 'False'
[0.345s] Level 5:colcon.colcon_core.verb:set package 'custom_interfaces' build argument 'cmake_clean_first' from command line to 'False'
[0.345s] Level 5:colcon.colcon_core.verb:set package 'custom_interfaces' build argument 'cmake_force_configure' from command line to 'False'
[0.345s] Level 5:colcon.colcon_core.verb:set package 'custom_interfaces' build argument 'ament_cmake_args' from command line to 'None'
[0.345s] Level 5:colcon.colcon_core.verb:set package 'custom_interfaces' build argument 'catkin_cmake_args' from command line to 'None'
[0.345s] Level 5:colcon.colcon_core.verb:set package 'custom_interfaces' build argument 'catkin_skip_building_tests' from command line to 'False'
[0.345s] DEBUG:colcon.colcon_core.verb:Building package 'custom_interfaces' with the following arguments: {'ament_cmake_args': None, 'build_base': '/home/DATA/DogRobot/ros2_ws/build/custom_interfaces', 'catkin_cmake_args': None, 'catkin_skip_building_tests': False, 'cmake_args': None, 'cmake_clean_cache': False, 'cmake_clean_first': False, 'cmake_force_configure': False, 'cmake_target': None, 'cmake_target_skip_unavailable': False, 'install_base': '/home/DATA/DogRobot/ros2_ws/install/custom_interfaces', 'merge_install': False, 'path': '/home/DATA/DogRobot/ros2_ws/src/custom_interfaces', 'symlink_install': False, 'test_result_base': None}
[0.345s] Level 5:colcon.colcon_core.verb:set package 'gamepad_node' build argument 'cmake_args' from command line to 'None'
[0.345s] Level 5:colcon.colcon_core.verb:set package 'gamepad_node' build argument 'cmake_target' from command line to 'None'
[0.345s] Level 5:colcon.colcon_core.verb:set package 'gamepad_node' build argument 'cmake_target_skip_unavailable' from command line to 'False'
[0.345s] Level 5:colcon.colcon_core.verb:set package 'gamepad_node' build argument 'cmake_clean_cache' from command line to 'False'
[0.345s] Level 5:colcon.colcon_core.verb:set package 'gamepad_node' build argument 'cmake_clean_first' from command line to 'False'
[0.345s] Level 5:colcon.colcon_core.verb:set package 'gamepad_node' build argument 'cmake_force_configure' from command line to 'False'
[0.345s] Level 5:colcon.colcon_core.verb:set package 'gamepad_node' build argument 'ament_cmake_args' from command line to 'None'
[0.345s] Level 5:colcon.colcon_core.verb:set package 'gamepad_node' build argument 'catkin_cmake_args' from command line to 'None'
[0.345s] Level 5:colcon.colcon_core.verb:set package 'gamepad_node' build argument 'catkin_skip_building_tests' from command line to 'False'
[0.345s] DEBUG:colcon.colcon_core.verb:Building package 'gamepad_node' with the following arguments: {'ament_cmake_args': None, 'build_base': '/home/DATA/DogRobot/ros2_ws/build/gamepad_node', 'catkin_cmake_args': None, 'catkin_skip_building_tests': False, 'cmake_args': None, 'cmake_clean_cache': False, 'cmake_clean_first': False, 'cmake_force_configure': False, 'cmake_target': None, 'cmake_target_skip_unavailable': False, 'install_base': '/home/DATA/DogRobot/ros2_ws/install/gamepad_node', 'merge_install': False, 'path': '/home/DATA/DogRobot/ros2_ws/src/gamepad_node', 'symlink_install': False, 'test_result_base': None}
[0.346s] INFO:colcon.colcon_core.executor:Executing jobs using 'parallel' executor
[0.346s] DEBUG:colcon.colcon_parallel_executor.executor.parallel:run_until_complete
[0.347s] INFO:colcon.colcon_ros.task.ament_python.build:Building ROS package in '/home/DATA/DogRobot/ros2_ws/src/can_node' with build type 'ament_python'
[0.347s] Level 1:colcon.colcon_core.shell:create_environment_hook('can_node', 'ament_prefix_path')
[0.351s] INFO:colcon.colcon_core.plugin_system:Skipping extension 'colcon_core.shell.bat': Not used on non-Windows systems
[0.352s] INFO:colcon.colcon_core.shell:Creating environment hook '/home/DATA/DogRobot/ros2_ws/install/can_node/share/can_node/hook/ament_prefix_path.ps1'
[0.353s] INFO:colcon.colcon_core.shell:Creating environment descriptor '/home/DATA/DogRobot/ros2_ws/install/can_node/share/can_node/hook/ament_prefix_path.dsv'
[0.353s] INFO:colcon.colcon_core.shell:Creating environment hook '/home/DATA/DogRobot/ros2_ws/install/can_node/share/can_node/hook/ament_prefix_path.sh'
[0.354s] INFO:colcon.colcon_core.shell:Skip shell extension 'powershell' for command environment: Not usable outside of PowerShell
[0.354s] DEBUG:colcon.colcon_core.shell:Skip shell extension 'dsv' for command environment
[0.358s] INFO:colcon.colcon_ros.task.ament_python.build:Building ROS package in '/home/DATA/DogRobot/ros2_ws/src/controller' with build type 'ament_python'
[0.358s] Level 1:colcon.colcon_core.shell:create_environment_hook('controller', 'ament_prefix_path')
[0.358s] INFO:colcon.colcon_core.shell:Creating environment hook '/home/DATA/DogRobot/ros2_ws/install/controller/share/controller/hook/ament_prefix_path.ps1'
[0.359s] INFO:colcon.colcon_core.shell:Creating environment descriptor '/home/DATA/DogRobot/ros2_ws/install/controller/share/controller/hook/ament_prefix_path.dsv'
[0.359s] INFO:colcon.colcon_core.shell:Creating environment hook '/home/DATA/DogRobot/ros2_ws/install/controller/share/controller/hook/ament_prefix_path.sh'
[0.359s] INFO:colcon.colcon_core.shell:Skip shell extension 'powershell' for command environment: Not usable outside of PowerShell
[0.359s] DEBUG:colcon.colcon_core.shell:Skip shell extension 'dsv' for command environment
[0.362s] INFO:colcon.colcon_ros.task.ament_cmake.build:Building ROS package in '/home/DATA/DogRobot/ros2_ws/src/custom_interfaces' with build type 'ament_cmake'
[0.362s] INFO:colcon.colcon_cmake.task.cmake.build:Building CMake package in '/home/DATA/DogRobot/ros2_ws/src/custom_interfaces'
[0.362s] INFO:colcon.colcon_core.shell:Skip shell extension 'powershell' for command environment: Not usable outside of PowerShell
[0.362s] DEBUG:colcon.colcon_core.shell:Skip shell extension 'dsv' for command environment
[0.365s] INFO:colcon.colcon_ros.task.ament_python.build:Building ROS package in '/home/DATA/DogRobot/ros2_ws/src/gamepad_node' with build type 'ament_python'
[0.365s] Level 1:colcon.colcon_core.shell:create_environment_hook('gamepad_node', 'ament_prefix_path')
[0.365s] INFO:colcon.colcon_core.shell:Creating environment hook '/home/DATA/DogRobot/ros2_ws/install/gamepad_node/share/gamepad_node/hook/ament_prefix_path.ps1'
[0.366s] INFO:colcon.colcon_core.shell:Creating environment descriptor '/home/DATA/DogRobot/ros2_ws/install/gamepad_node/share/gamepad_node/hook/ament_prefix_path.dsv'
[0.366s] INFO:colcon.colcon_core.shell:Creating environment hook '/home/DATA/DogRobot/ros2_ws/install/gamepad_node/share/gamepad_node/hook/ament_prefix_path.sh'
[0.367s] INFO:colcon.colcon_core.shell:Skip shell extension 'powershell' for command environment: Not usable outside of PowerShell
[0.367s] DEBUG:colcon.colcon_core.shell:Skip shell extension 'dsv' for command environment
[0.617s] INFO:colcon.colcon_core.task.python.build:Building Python package in '/home/DATA/DogRobot/ros2_ws/src/can_node'
[0.617s] INFO:colcon.colcon_core.shell:Skip shell extension 'powershell' for command environment: Not usable outside of PowerShell
[0.617s] DEBUG:colcon.colcon_core.shell:Skip shell extension 'dsv' for command environment
[0.884s] INFO:colcon.colcon_core.task.python.build:Building Python package in '/home/DATA/DogRobot/ros2_ws/src/controller'
[0.884s] INFO:colcon.colcon_core.shell:Skip shell extension 'powershell' for command environment: Not usable outside of PowerShell
[0.884s] DEBUG:colcon.colcon_core.shell:Skip shell extension 'dsv' for command environment
[0.889s] DEBUG:colcon.colcon_core.event_handler.log_command:Invoking command in '/home/DATA/DogRobot/ros2_ws/build/custom_interfaces': CMAKE_PREFIX_PATH=${CMAKE_PREFIX_PATH}:/opt/ros/jazzy DEBUGINFOD_URLS=https://debuginfod.ubuntu.com /usr/bin/cmake /home/DATA/DogRobot/ros2_ws/src/custom_interfaces -DCMAKE_INSTALL_PREFIX=/home/DATA/DogRobot/ros2_ws/install/custom_interfaces
[1.140s] INFO:colcon.colcon_core.task.python.build:Building Python package in '/home/DATA/DogRobot/ros2_ws/src/gamepad_node'
[1.140s] INFO:colcon.colcon_core.shell:Skip shell extension 'powershell' for command environment: Not usable outside of PowerShell
[1.140s] DEBUG:colcon.colcon_core.shell:Skip shell extension 'dsv' for command environment
[2.050s] DEBUG:colcon.colcon_core.event_handler.log_command:Invoking command in '/home/DATA/DogRobot/ros2_ws/src/gamepad_node': DEBUGINFOD_URLS=https://debuginfod.ubuntu.com PYTHONPATH=/home/DATA/DogRobot/ros2_ws/build/gamepad_node/prefix_override:/usr/lib/python3/dist-packages/colcon_core/task/python/colcon_distutils_commands:/home/DATA/DogRobot/ros2_ws/install/gamepad_node/lib/python3.12/site-packages:${PYTHONPATH} /usr/bin/python3 -W ignore:setup.py install is deprecated setup.py egg_info --egg-base ../../build/gamepad_node build --build-base /home/DATA/DogRobot/ros2_ws/build/gamepad_node/build install --record /home/DATA/DogRobot/ros2_ws/build/gamepad_node/install.log --single-version-externally-managed install_data
[2.056s] DEBUG:colcon.colcon_core.event_handler.log_command:Invoking command in '/home/DATA/DogRobot/ros2_ws/src/can_node': DEBUGINFOD_URLS=https://debuginfod.ubuntu.com PYTHONPATH=/home/DATA/DogRobot/ros2_ws/build/can_node/prefix_override:/usr/lib/python3/dist-packages/colcon_core/task/python/colcon_distutils_commands:/home/DATA/DogRobot/ros2_ws/install/can_node/lib/python3.12/site-packages:${PYTHONPATH} /usr/bin/python3 -W ignore:setup.py install is deprecated setup.py egg_info --egg-base ../../build/can_node build --build-base /home/DATA/DogRobot/ros2_ws/build/can_node/build install --record /home/DATA/DogRobot/ros2_ws/build/can_node/install.log --single-version-externally-managed install_data
[2.059s] DEBUG:colcon.colcon_core.event_handler.log_command:Invoking command in '/home/DATA/DogRobot/ros2_ws/src/controller': DEBUGINFOD_URLS=https://debuginfod.ubuntu.com PYTHONPATH=/home/DATA/DogRobot/ros2_ws/build/controller/prefix_override:/usr/lib/python3/dist-packages/colcon_core/task/python/colcon_distutils_commands:/home/DATA/DogRobot/ros2_ws/install/controller/lib/python3.12/site-packages:${PYTHONPATH} /usr/bin/python3 -W ignore:setup.py install is deprecated setup.py egg_info --egg-base ../../build/controller build --build-base /home/DATA/DogRobot/ros2_ws/build/controller/build install --record /home/DATA/DogRobot/ros2_ws/build/controller/install.log --single-version-externally-managed install_data
[2.742s] DEBUG:colcon.colcon_core.event_handler.log_command:Invoked command in '/home/DATA/DogRobot/ros2_ws/src/gamepad_node' returned '0': DEBUGINFOD_URLS=https://debuginfod.ubuntu.com PYTHONPATH=/home/DATA/DogRobot/ros2_ws/build/gamepad_node/prefix_override:/usr/lib/python3/dist-packages/colcon_core/task/python/colcon_distutils_commands:/home/DATA/DogRobot/ros2_ws/install/gamepad_node/lib/python3.12/site-packages:${PYTHONPATH} /usr/bin/python3 -W ignore:setup.py install is deprecated setup.py egg_info --egg-base ../../build/gamepad_node build --build-base /home/DATA/DogRobot/ros2_ws/build/gamepad_node/build install --record /home/DATA/DogRobot/ros2_ws/build/gamepad_node/install.log --single-version-externally-managed install_data
[2.748s] Level 1:colcon.colcon_core.environment:checking '/home/DATA/DogRobot/ros2_ws/install/gamepad_node' for CMake module files
[2.749s] Level 1:colcon.colcon_core.environment:checking '/home/DATA/DogRobot/ros2_ws/install/gamepad_node' for CMake config files
[2.750s] Level 1:colcon.colcon_core.environment:checking '/home/DATA/DogRobot/ros2_ws/install/gamepad_node/lib'
[2.750s] Level 1:colcon.colcon_core.environment:checking '/home/DATA/DogRobot/ros2_ws/install/gamepad_node/bin'
[2.750s] Level 1:colcon.colcon_core.environment:checking '/home/DATA/DogRobot/ros2_ws/install/gamepad_node/lib/pkgconfig/gamepad_node.pc'
[2.751s] Level 1:colcon.colcon_core.environment:checking '/home/DATA/DogRobot/ros2_ws/install/gamepad_node/lib/python3.12/site-packages'
[2.751s] Level 1:colcon.colcon_core.shell:create_environment_hook('gamepad_node', 'pythonpath')
[2.752s] INFO:colcon.colcon_core.shell:Creating environment hook '/home/DATA/DogRobot/ros2_ws/install/gamepad_node/share/gamepad_node/hook/pythonpath.ps1'
[2.753s] INFO:colcon.colcon_core.shell:Creating environment descriptor '/home/DATA/DogRobot/ros2_ws/install/gamepad_node/share/gamepad_node/hook/pythonpath.dsv'
[2.754s] INFO:colcon.colcon_core.shell:Creating environment hook '/home/DATA/DogRobot/ros2_ws/install/gamepad_node/share/gamepad_node/hook/pythonpath.sh'
[2.755s] Level 1:colcon.colcon_core.environment:checking '/home/DATA/DogRobot/ros2_ws/install/gamepad_node/bin'
[2.755s] Level 1:colcon.colcon_core.environment:create_environment_scripts_only(gamepad_node)
[2.756s] INFO:colcon.colcon_core.shell:Creating package script '/home/DATA/DogRobot/ros2_ws/install/gamepad_node/share/gamepad_node/package.ps1'
[2.759s] INFO:colcon.colcon_core.shell:Creating package descriptor '/home/DATA/DogRobot/ros2_ws/install/gamepad_node/share/gamepad_node/package.dsv'
[2.761s] INFO:colcon.colcon_core.shell:Creating package script '/home/DATA/DogRobot/ros2_ws/install/gamepad_node/share/gamepad_node/package.sh'
[2.762s] INFO:colcon.colcon_core.shell:Creating package script '/home/DATA/DogRobot/ros2_ws/install/gamepad_node/share/gamepad_node/package.bash'
[2.763s] INFO:colcon.colcon_core.shell:Creating package script '/home/DATA/DogRobot/ros2_ws/install/gamepad_node/share/gamepad_node/package.zsh'
[2.764s] Level 1:colcon.colcon_core.environment:create_file_with_runtime_dependencies(/home/DATA/DogRobot/ros2_ws/install/gamepad_node/share/colcon-core/packages/gamepad_node)
[2.799s] Level 1:colcon.colcon_core.environment:checking '/home/DATA/DogRobot/ros2_ws/install/controller' for CMake module files
[2.800s] DEBUG:colcon.colcon_core.event_handler.log_command:Invoked command in '/home/DATA/DogRobot/ros2_ws/src/controller' returned '0': DEBUGINFOD_URLS=https://debuginfod.ubuntu.com PYTHONPATH=/home/DATA/DogRobot/ros2_ws/build/controller/prefix_override:/usr/lib/python3/dist-packages/colcon_core/task/python/colcon_distutils_commands:/home/DATA/DogRobot/ros2_ws/install/controller/lib/python3.12/site-packages:${PYTHONPATH} /usr/bin/python3 -W ignore:setup.py install is deprecated setup.py egg_info --egg-base ../../build/controller build --build-base /home/DATA/DogRobot/ros2_ws/build/controller/build install --record /home/DATA/DogRobot/ros2_ws/build/controller/install.log --single-version-externally-managed install_data
[2.801s] Level 1:colcon.colcon_core.environment:checking '/home/DATA/DogRobot/ros2_ws/install/controller' for CMake config files
[2.802s] Level 1:colcon.colcon_core.environment:checking '/home/DATA/DogRobot/ros2_ws/install/controller/lib'
[2.802s] Level 1:colcon.colcon_core.environment:checking '/home/DATA/DogRobot/ros2_ws/install/controller/bin'
[2.802s] Level 1:colcon.colcon_core.environment:checking '/home/DATA/DogRobot/ros2_ws/install/controller/lib/pkgconfig/controller.pc'
[2.802s] Level 1:colcon.colcon_core.environment:checking '/home/DATA/DogRobot/ros2_ws/install/controller/lib/python3.12/site-packages'
[2.803s] Level 1:colcon.colcon_core.shell:create_environment_hook('controller', 'pythonpath')
[2.803s] INFO:colcon.colcon_core.shell:Creating environment hook '/home/DATA/DogRobot/ros2_ws/install/controller/share/controller/hook/pythonpath.ps1'
[2.804s] INFO:colcon.colcon_core.shell:Creating environment descriptor '/home/DATA/DogRobot/ros2_ws/install/controller/share/controller/hook/pythonpath.dsv'
[2.805s] INFO:colcon.colcon_core.shell:Creating environment hook '/home/DATA/DogRobot/ros2_ws/install/controller/share/controller/hook/pythonpath.sh'
[2.806s] Level 1:colcon.colcon_core.environment:checking '/home/DATA/DogRobot/ros2_ws/install/controller/bin'
[2.807s] Level 1:colcon.colcon_core.environment:create_environment_scripts_only(controller)
[2.807s] INFO:colcon.colcon_core.shell:Creating package script '/home/DATA/DogRobot/ros2_ws/install/controller/share/controller/package.ps1'
[2.808s] INFO:colcon.colcon_core.shell:Creating package descriptor '/home/DATA/DogRobot/ros2_ws/install/controller/share/controller/package.dsv'
[2.809s] INFO:colcon.colcon_core.shell:Creating package script '/home/DATA/DogRobot/ros2_ws/install/controller/share/controller/package.sh'
[2.810s] INFO:colcon.colcon_core.shell:Creating package script '/home/DATA/DogRobot/ros2_ws/install/controller/share/controller/package.bash'
[2.810s] INFO:colcon.colcon_core.shell:Creating package script '/home/DATA/DogRobot/ros2_ws/install/controller/share/controller/package.zsh'
[2.811s] Level 1:colcon.colcon_core.environment:create_file_with_runtime_dependencies(/home/DATA/DogRobot/ros2_ws/install/controller/share/colcon-core/packages/controller)
[2.847s] Level 1:colcon.colcon_core.environment:checking '/home/DATA/DogRobot/ros2_ws/install/can_node' for CMake module files
[2.847s] DEBUG:colcon.colcon_core.event_handler.log_command:Invoked command in '/home/DATA/DogRobot/ros2_ws/src/can_node' returned '0': DEBUGINFOD_URLS=https://debuginfod.ubuntu.com PYTHONPATH=/home/DATA/DogRobot/ros2_ws/build/can_node/prefix_override:/usr/lib/python3/dist-packages/colcon_core/task/python/colcon_distutils_commands:/home/DATA/DogRobot/ros2_ws/install/can_node/lib/python3.12/site-packages:${PYTHONPATH} /usr/bin/python3 -W ignore:setup.py install is deprecated setup.py egg_info --egg-base ../../build/can_node build --build-base /home/DATA/DogRobot/ros2_ws/build/can_node/build install --record /home/DATA/DogRobot/ros2_ws/build/can_node/install.log --single-version-externally-managed install_data
[2.848s] Level 1:colcon.colcon_core.environment:checking '/home/DATA/DogRobot/ros2_ws/install/can_node' for CMake config files
[2.849s] Level 1:colcon.colcon_core.environment:checking '/home/DATA/DogRobot/ros2_ws/install/can_node/lib'
[2.849s] Level 1:colcon.colcon_core.environment:checking '/home/DATA/DogRobot/ros2_ws/install/can_node/bin'
[2.849s] Level 1:colcon.colcon_core.environment:checking '/home/DATA/DogRobot/ros2_ws/install/can_node/lib/pkgconfig/can_node.pc'
[2.849s] Level 1:colcon.colcon_core.environment:checking '/home/DATA/DogRobot/ros2_ws/install/can_node/lib/python3.12/site-packages'
[2.849s] Level 1:colcon.colcon_core.shell:create_environment_hook('can_node', 'pythonpath')
[2.849s] INFO:colcon.colcon_core.shell:Creating environment hook '/home/DATA/DogRobot/ros2_ws/install/can_node/share/can_node/hook/pythonpath.ps1'
[2.850s] INFO:colcon.colcon_core.shell:Creating environment descriptor '/home/DATA/DogRobot/ros2_ws/install/can_node/share/can_node/hook/pythonpath.dsv'
[2.850s] INFO:colcon.colcon_core.shell:Creating environment hook '/home/DATA/DogRobot/ros2_ws/install/can_node/share/can_node/hook/pythonpath.sh'
[2.851s] Level 1:colcon.colcon_core.environment:checking '/home/DATA/DogRobot/ros2_ws/install/can_node/bin'
[2.851s] Level 1:colcon.colcon_core.environment:create_environment_scripts_only(can_node)
[2.851s] INFO:colcon.colcon_core.shell:Creating package script '/home/DATA/DogRobot/ros2_ws/install/can_node/share/can_node/package.ps1'
[2.852s] INFO:colcon.colcon_core.shell:Creating package descriptor '/home/DATA/DogRobot/ros2_ws/install/can_node/share/can_node/package.dsv'
[2.853s] INFO:colcon.colcon_core.shell:Creating package script '/home/DATA/DogRobot/ros2_ws/install/can_node/share/can_node/package.sh'
[2.853s] INFO:colcon.colcon_core.shell:Creating package script '/home/DATA/DogRobot/ros2_ws/install/can_node/share/can_node/package.bash'
[2.854s] INFO:colcon.colcon_core.shell:Creating package script '/home/DATA/DogRobot/ros2_ws/install/can_node/share/can_node/package.zsh'
[2.854s] Level 1:colcon.colcon_core.environment:create_file_with_runtime_dependencies(/home/DATA/DogRobot/ros2_ws/install/can_node/share/colcon-core/packages/can_node)
[4.651s] DEBUG:colcon.colcon_core.event_handler.log_command:Invoked command in '/home/DATA/DogRobot/ros2_ws/build/custom_interfaces' returned '0': CMAKE_PREFIX_PATH=${CMAKE_PREFIX_PATH}:/opt/ros/jazzy DEBUGINFOD_URLS=https://debuginfod.ubuntu.com /usr/bin/cmake /home/DATA/DogRobot/ros2_ws/src/custom_interfaces -DCMAKE_INSTALL_PREFIX=/home/DATA/DogRobot/ros2_ws/install/custom_interfaces
[4.651s] DEBUG:colcon.colcon_core.event_handler.log_command:Invoking command in '/home/DATA/DogRobot/ros2_ws/build/custom_interfaces': CMAKE_PREFIX_PATH=${CMAKE_PREFIX_PATH}:/opt/ros/jazzy DEBUGINFOD_URLS=https://debuginfod.ubuntu.com /usr/bin/cmake --build /home/DATA/DogRobot/ros2_ws/build/custom_interfaces -- -j8 -l8
[7.832s] DEBUG:colcon.colcon_core.event_handler.log_command:Invoked command in '/home/DATA/DogRobot/ros2_ws/build/custom_interfaces' returned '0': CMAKE_PREFIX_PATH=${CMAKE_PREFIX_PATH}:/opt/ros/jazzy DEBUGINFOD_URLS=https://debuginfod.ubuntu.com /usr/bin/cmake --build /home/DATA/DogRobot/ros2_ws/build/custom_interfaces -- -j8 -l8
[7.895s] DEBUG:colcon.colcon_core.event_handler.log_command:Invoking command in '/home/DATA/DogRobot/ros2_ws/build/custom_interfaces': CMAKE_PREFIX_PATH=${CMAKE_PREFIX_PATH}:/opt/ros/jazzy DEBUGINFOD_URLS=https://debuginfod.ubuntu.com /usr/bin/cmake --install /home/DATA/DogRobot/ros2_ws/build/custom_interfaces
[7.967s] Level 1:colcon.colcon_core.environment:create_environment_scripts_only(custom_interfaces)
[7.968s] Level 1:colcon.colcon_core.environment:checking '/home/DATA/DogRobot/ros2_ws/install/custom_interfaces' for CMake module files
[7.968s] DEBUG:colcon.colcon_core.event_handler.log_command:Invoked command in '/home/DATA/DogRobot/ros2_ws/build/custom_interfaces' returned '0': CMAKE_PREFIX_PATH=${CMAKE_PREFIX_PATH}:/opt/ros/jazzy DEBUGINFOD_URLS=https://debuginfod.ubuntu.com /usr/bin/cmake --install /home/DATA/DogRobot/ros2_ws/build/custom_interfaces
[7.969s] Level 1:colcon.colcon_core.environment:checking '/home/DATA/DogRobot/ros2_ws/install/custom_interfaces' for CMake config files
[7.970s] Level 1:colcon.colcon_core.shell:create_environment_hook('custom_interfaces', 'cmake_prefix_path')
[7.970s] INFO:colcon.colcon_core.shell:Creating environment hook '/home/DATA/DogRobot/ros2_ws/install/custom_interfaces/share/custom_interfaces/hook/cmake_prefix_path.ps1'
[7.971s] INFO:colcon.colcon_core.shell:Creating environment descriptor '/home/DATA/DogRobot/ros2_ws/install/custom_interfaces/share/custom_interfaces/hook/cmake_prefix_path.dsv'
[7.971s] INFO:colcon.colcon_core.shell:Creating environment hook '/home/DATA/DogRobot/ros2_ws/install/custom_interfaces/share/custom_interfaces/hook/cmake_prefix_path.sh'
[7.972s] Level 1:colcon.colcon_core.environment:checking '/home/DATA/DogRobot/ros2_ws/install/custom_interfaces/lib'
[7.972s] Level 1:colcon.colcon_core.shell:create_environment_hook('custom_interfaces', 'ld_library_path_lib')
[7.972s] INFO:colcon.colcon_core.shell:Creating environment hook '/home/DATA/DogRobot/ros2_ws/install/custom_interfaces/share/custom_interfaces/hook/ld_library_path_lib.ps1'
[7.973s] INFO:colcon.colcon_core.shell:Creating environment descriptor '/home/DATA/DogRobot/ros2_ws/install/custom_interfaces/share/custom_interfaces/hook/ld_library_path_lib.dsv'
[7.973s] INFO:colcon.colcon_core.shell:Creating environment hook '/home/DATA/DogRobot/ros2_ws/install/custom_interfaces/share/custom_interfaces/hook/ld_library_path_lib.sh'
[7.974s] Level 1:colcon.colcon_core.environment:checking '/home/DATA/DogRobot/ros2_ws/install/custom_interfaces/bin'
[7.974s] Level 1:colcon.colcon_core.environment:checking '/home/DATA/DogRobot/ros2_ws/install/custom_interfaces/lib/pkgconfig/custom_interfaces.pc'
[7.974s] Level 1:colcon.colcon_core.environment:checking '/home/DATA/DogRobot/ros2_ws/install/custom_interfaces/lib/python3.12/site-packages'
[7.974s] Level 1:colcon.colcon_core.shell:create_environment_hook('custom_interfaces', 'pythonpath')
[7.975s] INFO:colcon.colcon_core.shell:Creating environment hook '/home/DATA/DogRobot/ros2_ws/install/custom_interfaces/share/custom_interfaces/hook/pythonpath.ps1'
[7.975s] INFO:colcon.colcon_core.shell:Creating environment descriptor '/home/DATA/DogRobot/ros2_ws/install/custom_interfaces/share/custom_interfaces/hook/pythonpath.dsv'
[7.975s] INFO:colcon.colcon_core.shell:Creating environment hook '/home/DATA/DogRobot/ros2_ws/install/custom_interfaces/share/custom_interfaces/hook/pythonpath.sh'
[7.976s] Level 1:colcon.colcon_core.environment:checking '/home/DATA/DogRobot/ros2_ws/install/custom_interfaces/bin'
[7.976s] INFO:colcon.colcon_core.shell:Creating package script '/home/DATA/DogRobot/ros2_ws/install/custom_interfaces/share/custom_interfaces/package.ps1'
[7.977s] INFO:colcon.colcon_core.shell:Creating package descriptor '/home/DATA/DogRobot/ros2_ws/install/custom_interfaces/share/custom_interfaces/package.dsv'
[7.978s] INFO:colcon.colcon_core.shell:Creating package script '/home/DATA/DogRobot/ros2_ws/install/custom_interfaces/share/custom_interfaces/package.sh'
[7.978s] INFO:colcon.colcon_core.shell:Creating package script '/home/DATA/DogRobot/ros2_ws/install/custom_interfaces/share/custom_interfaces/package.bash'
[7.979s] INFO:colcon.colcon_core.shell:Creating package script '/home/DATA/DogRobot/ros2_ws/install/custom_interfaces/share/custom_interfaces/package.zsh'
[7.979s] Level 1:colcon.colcon_core.environment:create_file_with_runtime_dependencies(/home/DATA/DogRobot/ros2_ws/install/custom_interfaces/share/colcon-core/packages/custom_interfaces)
[8.031s] Level 1:colcon.colcon_core.environment:create_environment_scripts_only(custom_interfaces)
[8.031s] Level 1:colcon.colcon_core.environment:checking '/home/DATA/DogRobot/ros2_ws/install/custom_interfaces' for CMake module files
[8.032s] Level 1:colcon.colcon_core.environment:checking '/home/DATA/DogRobot/ros2_ws/install/custom_interfaces' for CMake config files
[8.032s] Level 1:colcon.colcon_core.shell:create_environment_hook('custom_interfaces', 'cmake_prefix_path')
[8.032s] INFO:colcon.colcon_core.shell:Creating environment hook '/home/DATA/DogRobot/ros2_ws/install/custom_interfaces/share/custom_interfaces/hook/cmake_prefix_path.ps1'
[8.033s] INFO:colcon.colcon_core.shell:Creating environment descriptor '/home/DATA/DogRobot/ros2_ws/install/custom_interfaces/share/custom_interfaces/hook/cmake_prefix_path.dsv'
[8.033s] INFO:colcon.colcon_core.shell:Creating environment hook '/home/DATA/DogRobot/ros2_ws/install/custom_interfaces/share/custom_interfaces/hook/cmake_prefix_path.sh'
[8.034s] Level 1:colcon.colcon_core.environment:checking '/home/DATA/DogRobot/ros2_ws/install/custom_interfaces/lib'
[8.034s] Level 1:colcon.colcon_core.shell:create_environment_hook('custom_interfaces', 'ld_library_path_lib')
[8.034s] INFO:colcon.colcon_core.shell:Creating environment hook '/home/DATA/DogRobot/ros2_ws/install/custom_interfaces/share/custom_interfaces/hook/ld_library_path_lib.ps1'
[8.034s] INFO:colcon.colcon_core.shell:Creating environment descriptor '/home/DATA/DogRobot/ros2_ws/install/custom_interfaces/share/custom_interfaces/hook/ld_library_path_lib.dsv'
[8.035s] INFO:colcon.colcon_core.shell:Creating environment hook '/home/DATA/DogRobot/ros2_ws/install/custom_interfaces/share/custom_interfaces/hook/ld_library_path_lib.sh'
[8.035s] Level 1:colcon.colcon_core.environment:checking '/home/DATA/DogRobot/ros2_ws/install/custom_interfaces/bin'
[8.035s] Level 1:colcon.colcon_core.environment:checking '/home/DATA/DogRobot/ros2_ws/install/custom_interfaces/lib/pkgconfig/custom_interfaces.pc'
[8.035s] Level 1:colcon.colcon_core.environment:checking '/home/DATA/DogRobot/ros2_ws/install/custom_interfaces/lib/python3.12/site-packages'
[8.035s] Level 1:colcon.colcon_core.shell:create_environment_hook('custom_interfaces', 'pythonpath')
[8.036s] INFO:colcon.colcon_core.shell:Creating environment hook '/home/DATA/DogRobot/ros2_ws/install/custom_interfaces/share/custom_interfaces/hook/pythonpath.ps1'
[8.036s] INFO:colcon.colcon_core.shell:Creating environment descriptor '/home/DATA/DogRobot/ros2_ws/install/custom_interfaces/share/custom_interfaces/hook/pythonpath.dsv'
[8.036s] INFO:colcon.colcon_core.shell:Creating environment hook '/home/DATA/DogRobot/ros2_ws/install/custom_interfaces/share/custom_interfaces/hook/pythonpath.sh'
[8.037s] Level 1:colcon.colcon_core.environment:checking '/home/DATA/DogRobot/ros2_ws/install/custom_interfaces/bin'
[8.037s] INFO:colcon.colcon_core.shell:Creating package script '/home/DATA/DogRobot/ros2_ws/install/custom_interfaces/share/custom_interfaces/package.ps1'
[8.037s] INFO:colcon.colcon_core.shell:Creating package descriptor '/home/DATA/DogRobot/ros2_ws/install/custom_interfaces/share/custom_interfaces/package.dsv'
[8.038s] INFO:colcon.colcon_core.shell:Creating package script '/home/DATA/DogRobot/ros2_ws/install/custom_interfaces/share/custom_interfaces/package.sh'
[8.038s] INFO:colcon.colcon_core.shell:Creating package script '/home/DATA/DogRobot/ros2_ws/install/custom_interfaces/share/custom_interfaces/package.bash'
[8.039s] INFO:colcon.colcon_core.shell:Creating package script '/home/DATA/DogRobot/ros2_ws/install/custom_interfaces/share/custom_interfaces/package.zsh'
[8.039s] Level 1:colcon.colcon_core.environment:create_file_with_runtime_dependencies(/home/DATA/DogRobot/ros2_ws/install/custom_interfaces/share/colcon-core/packages/custom_interfaces)
[8.039s] DEBUG:colcon.colcon_parallel_executor.executor.parallel:closing loop
[8.039s] DEBUG:colcon.colcon_parallel_executor.executor.parallel:loop closed
[8.040s] DEBUG:colcon.colcon_parallel_executor.executor.parallel:run_until_complete finished with '0'
[8.040s] DEBUG:colcon.colcon_core.event_reactor:joining thread
[8.048s] INFO:colcon.colcon_core.plugin_system:Skipping extension 'colcon_notification.desktop_notification.terminal_notifier': Not used on non-Darwin systems
[8.048s] INFO:colcon.colcon_core.plugin_system:Skipping extension 'colcon_notification.desktop_notification.win32': Not used on non-Windows systems
[8.048s] INFO:colcon.colcon_notification.desktop_notification:Sending desktop notification using 'notify2'
[8.070s] DEBUG:colcon.colcon_core.event_reactor:joined thread
[8.070s] INFO:colcon.colcon_core.shell:Creating prefix script '/home/DATA/DogRobot/ros2_ws/install/local_setup.ps1'
[8.071s] INFO:colcon.colcon_core.shell:Creating prefix util module '/home/DATA/DogRobot/ros2_ws/install/_local_setup_util_ps1.py'
[8.073s] INFO:colcon.colcon_core.shell:Creating prefix chain script '/home/DATA/DogRobot/ros2_ws/install/setup.ps1'
[8.074s] INFO:colcon.colcon_core.shell:Creating prefix script '/home/DATA/DogRobot/ros2_ws/install/local_setup.sh'
[8.075s] INFO:colcon.colcon_core.shell:Creating prefix util module '/home/DATA/DogRobot/ros2_ws/install/_local_setup_util_sh.py'
[8.076s] INFO:colcon.colcon_core.shell:Creating prefix chain script '/home/DATA/DogRobot/ros2_ws/install/setup.sh'
[8.077s] INFO:colcon.colcon_core.shell:Creating prefix script '/home/DATA/DogRobot/ros2_ws/install/local_setup.bash'
[8.078s] INFO:colcon.colcon_core.shell:Creating prefix chain script '/home/DATA/DogRobot/ros2_ws/install/setup.bash'
[8.079s] INFO:colcon.colcon_core.shell:Creating prefix script '/home/DATA/DogRobot/ros2_ws/install/local_setup.zsh'
[8.080s] INFO:colcon.colcon_core.shell:Creating prefix chain script '/home/DATA/DogRobot/ros2_ws/install/setup.zsh'
