running egg_info
writing ../../build/my_launch_package/my_launch_package.egg-info/PKG-INFO
writing dependency_links to ../../build/my_launch_package/my_launch_package.egg-info/dependency_links.txt
writing requirements to ../../build/my_launch_package/my_launch_package.egg-info/requires.txt
writing top-level names to ../../build/my_launch_package/my_launch_package.egg-info/top_level.txt
reading manifest file '../../build/my_launch_package/my_launch_package.egg-info/SOURCES.txt'
writing manifest file '../../build/my_launch_package/my_launch_package.egg-info/SOURCES.txt'
running build
running build_py
copying my_launch_package/launch.py -> /home/DATA/DogRobot/ros2_ws/build/my_launch_package/build/lib/my_launch_package
running install
running install_lib
copying /home/DATA/DogRobot/ros2_ws/build/my_launch_package/build/lib/my_launch_package/launch.py -> /home/DATA/DogRobot/ros2_ws/install/my_launch_package/lib/python3.12/site-packages/my_launch_package
byte-compiling /home/DATA/DogRobot/ros2_ws/install/my_launch_package/lib/python3.12/site-packages/my_launch_package/launch.py to launch.cpython-312.pyc
running install_data
copying my_launch_package/launch.py -> /home/DATA/DogRobot/ros2_ws/install/my_launch_package/share/my_launch_package/my_launch_package/
running install_egg_info
removing '/home/DATA/DogRobot/ros2_ws/install/my_launch_package/lib/python3.12/site-packages/my_launch_package-0.0.0-py3.12.egg-info' (and everything under it)
Copying ../../build/my_launch_package/my_launch_package.egg-info to /home/DATA/DogRobot/ros2_ws/install/my_launch_package/lib/python3.12/site-packages/my_launch_package-0.0.0-py3.12.egg-info
running install_scripts
writing list of installed files to '/home/DATA/DogRobot/ros2_ws/build/my_launch_package/install.log'
