[1.267s] Invoking command in '/home/DATA/DogRobot/ros2_ws/src/can_node': DEBUGINFOD_URLS=https://debuginfod.ubuntu.com PYTHONPATH=/home/DATA/DogRobot/ros2_ws/build/can_node/prefix_override:/usr/lib/python3/dist-packages/colcon_core/task/python/colcon_distutils_commands:/home/DATA/DogRobot/ros2_ws/install/can_node/lib/python3.12/site-packages:${PYTHONPATH} /usr/bin/python3 -W ignore:setup.py install is deprecated setup.py egg_info --egg-base ../../build/can_node build --build-base /home/DATA/DogRobot/ros2_ws/build/can_node/build install --record /home/DATA/DogRobot/ros2_ws/build/can_node/install.log --single-version-externally-managed install_data
[1.583s] running egg_info
[1.608s] writing ../../build/can_node/can_node.egg-info/PKG-INFO
[1.608s] writing dependency_links to ../../build/can_node/can_node.egg-info/dependency_links.txt
[1.608s] writing entry points to ../../build/can_node/can_node.egg-info/entry_points.txt
[1.609s] writing requirements to ../../build/can_node/can_node.egg-info/requires.txt
[1.609s] writing top-level names to ../../build/can_node/can_node.egg-info/top_level.txt
[1.655s] reading manifest file '../../build/can_node/can_node.egg-info/SOURCES.txt'
[1.656s] writing manifest file '../../build/can_node/can_node.egg-info/SOURCES.txt'
[1.656s] running build
[1.656s] running build_py
[1.656s] copying can_node/publisher.py -> /home/DATA/DogRobot/ros2_ws/build/can_node/build/lib/can_node
[1.657s] copying can_node/subcriber.py -> /home/DATA/DogRobot/ros2_ws/build/can_node/build/lib/can_node
[1.657s] running install
[1.663s] running install_lib
[1.686s] copying /home/DATA/DogRobot/ros2_ws/build/can_node/build/lib/can_node/publisher.py -> /home/DATA/DogRobot/ros2_ws/install/can_node/lib/python3.12/site-packages/can_node
[1.687s] copying /home/DATA/DogRobot/ros2_ws/build/can_node/build/lib/can_node/subcriber.py -> /home/DATA/DogRobot/ros2_ws/install/can_node/lib/python3.12/site-packages/can_node
[1.687s] byte-compiling /home/DATA/DogRobot/ros2_ws/install/can_node/lib/python3.12/site-packages/can_node/publisher.py to publisher.cpython-312.pyc
[1.688s] byte-compiling /home/DATA/DogRobot/ros2_ws/install/can_node/lib/python3.12/site-packages/can_node/subcriber.py to subcriber.cpython-312.pyc
[1.688s] running install_data
[1.688s] running install_egg_info
[1.713s] removing '/home/DATA/DogRobot/ros2_ws/install/can_node/lib/python3.12/site-packages/can_node-0.0.0-py3.12.egg-info' (and everything under it)
[1.713s] Copying ../../build/can_node/can_node.egg-info to /home/DATA/DogRobot/ros2_ws/install/can_node/lib/python3.12/site-packages/can_node-0.0.0-py3.12.egg-info
[1.714s] running install_scripts
[1.863s] Installing listener script to /home/DATA/DogRobot/ros2_ws/install/can_node/lib/can_node
[1.864s] Installing talker script to /home/DATA/DogRobot/ros2_ws/install/can_node/lib/can_node
[1.864s] writing list of installed files to '/home/DATA/DogRobot/ros2_ws/build/can_node/install.log'
[1.927s] Invoked command in '/home/DATA/DogRobot/ros2_ws/src/can_node' returned '0': DEBUGINFOD_URLS=https://debuginfod.ubuntu.com PYTHONPATH=/home/DATA/DogRobot/ros2_ws/build/can_node/prefix_override:/usr/lib/python3/dist-packages/colcon_core/task/python/colcon_distutils_commands:/home/DATA/DogRobot/ros2_ws/install/can_node/lib/python3.12/site-packages:${PYTHONPATH} /usr/bin/python3 -W ignore:setup.py install is deprecated setup.py egg_info --egg-base ../../build/can_node build --build-base /home/DATA/DogRobot/ros2_ws/build/can_node/build install --record /home/DATA/DogRobot/ros2_ws/build/can_node/install.log --single-version-externally-managed install_data
