[0.163s] DEBUG:colcon:Command line arguments: ['/usr/bin/colcon', 'build']
[0.164s] DEBUG:colcon:Parsed command line arguments: Namespace(log_base=None, log_level=None, verb_name='build', build_base='build', install_base='install', merge_install=False, symlink_install=False, test_result_base=None, continue_on_error=False, executor='parallel', parallel_workers=8, event_handlers=None, ignore_user_meta=False, metas=['./colcon.meta'], base_paths=['.'], packages_ignore=None, packages_ignore_regex=None, paths=None, packages_up_to=None, packages_up_to_regex=None, packages_above=None, packages_above_and_dependencies=None, packages_above_depth=None, packages_select_by_dep=None, packages_skip_by_dep=None, packages_skip_up_to=None, packages_select_build_failed=False, packages_skip_build_finished=False, packages_select_test_failures=False, packages_skip_test_passed=False, packages_select=None, packages_skip=None, packages_select_regex=None, packages_skip_regex=None, packages_start=None, packages_end=None, allow_overriding=[], cmake_args=None, cmake_target=None, cmake_target_skip_unavailable=False, cmake_clean_cache=False, cmake_clean_first=False, cmake_force_configure=False, ament_cmake_args=None, catkin_cmake_args=None, catkin_skip_building_tests=False, mixin_files=None, mixin=None, verb_parser=<colcon_mixin.mixin.mixin_argument.MixinArgumentDecorator object at 0x72857c773980>, verb_extension=<colcon_core.verb.build.BuildVerb object at 0x72857d1d82f0>, main=<bound method BuildVerb.main of <colcon_core.verb.build.BuildVerb object at 0x72857d1d82f0>>, mixin_verb=('build',))
[0.221s] Level 1:colcon.colcon_core.package_discovery:discover_packages(colcon_meta) check parameters
[0.221s] Level 1:colcon.colcon_core.package_discovery:discover_packages(recursive) check parameters
[0.221s] Level 1:colcon.colcon_core.package_discovery:discover_packages(ignore) check parameters
[0.221s] Level 1:colcon.colcon_core.package_discovery:discover_packages(path) check parameters
[0.222s] Level 1:colcon.colcon_core.package_discovery:discover_packages(colcon_meta) discover
[0.222s] Level 1:colcon.colcon_core.package_discovery:discover_packages(recursive) discover
[0.222s] INFO:colcon.colcon_core.package_discovery:Crawling recursively for packages in '/home/DATA/Test/DogRobot/ros2_ws'
[0.222s] Level 1:colcon.colcon_core.package_identification:_identify(.) by extensions ['ignore', 'ignore_ament_install']
[0.222s] Level 1:colcon.colcon_core.package_identification:_identify(.) by extension 'ignore'
[0.222s] Level 1:colcon.colcon_core.package_identification:_identify(.) by extension 'ignore_ament_install'
[0.222s] Level 1:colcon.colcon_core.package_identification:_identify(.) by extensions ['colcon_pkg']
[0.223s] Level 1:colcon.colcon_core.package_identification:_identify(.) by extension 'colcon_pkg'
[0.223s] Level 1:colcon.colcon_core.package_identification:_identify(.) by extensions ['colcon_meta']
[0.223s] Level 1:colcon.colcon_core.package_identification:_identify(.) by extension 'colcon_meta'
[0.223s] Level 1:colcon.colcon_core.package_identification:_identify(.) by extensions ['ros']
[0.223s] Level 1:colcon.colcon_core.package_identification:_identify(.) by extension 'ros'
[0.260s] Level 1:colcon.colcon_core.package_identification:_identify(.) by extensions ['cmake', 'python']
[0.260s] Level 1:colcon.colcon_core.package_identification:_identify(.) by extension 'cmake'
[0.260s] Level 1:colcon.colcon_core.package_identification:_identify(.) by extension 'python'
[0.260s] Level 1:colcon.colcon_core.package_identification:_identify(.) by extensions ['python_setup_py']
[0.260s] Level 1:colcon.colcon_core.package_identification:_identify(.) by extension 'python_setup_py'
[0.261s] Level 1:colcon.colcon_core.package_identification:_identify(build) by extensions ['ignore', 'ignore_ament_install']
[0.261s] Level 1:colcon.colcon_core.package_identification:_identify(build) by extension 'ignore'
[0.261s] Level 1:colcon.colcon_core.package_identification:_identify(build) ignored
[0.261s] Level 1:colcon.colcon_core.package_identification:_identify(install) by extensions ['ignore', 'ignore_ament_install']
[0.261s] Level 1:colcon.colcon_core.package_identification:_identify(install) by extension 'ignore'
[0.261s] Level 1:colcon.colcon_core.package_identification:_identify(install) ignored
[0.262s] Level 1:colcon.colcon_core.package_identification:_identify(log) by extensions ['ignore', 'ignore_ament_install']
[0.262s] Level 1:colcon.colcon_core.package_identification:_identify(log) by extension 'ignore'
[0.262s] Level 1:colcon.colcon_core.package_identification:_identify(log) ignored
[0.262s] Level 1:colcon.colcon_core.package_identification:_identify(src) by extensions ['ignore', 'ignore_ament_install']
[0.262s] Level 1:colcon.colcon_core.package_identification:_identify(src) by extension 'ignore'
[0.262s] Level 1:colcon.colcon_core.package_identification:_identify(src) by extension 'ignore_ament_install'
[0.262s] Level 1:colcon.colcon_core.package_identification:_identify(src) by extensions ['colcon_pkg']
[0.262s] Level 1:colcon.colcon_core.package_identification:_identify(src) by extension 'colcon_pkg'
[0.262s] Level 1:colcon.colcon_core.package_identification:_identify(src) by extensions ['colcon_meta']
[0.262s] Level 1:colcon.colcon_core.package_identification:_identify(src) by extension 'colcon_meta'
[0.263s] Level 1:colcon.colcon_core.package_identification:_identify(src) by extensions ['ros']
[0.263s] Level 1:colcon.colcon_core.package_identification:_identify(src) by extension 'ros'
[0.263s] Level 1:colcon.colcon_core.package_identification:_identify(src) by extensions ['cmake', 'python']
[0.263s] Level 1:colcon.colcon_core.package_identification:_identify(src) by extension 'cmake'
[0.263s] Level 1:colcon.colcon_core.package_identification:_identify(src) by extension 'python'
[0.263s] Level 1:colcon.colcon_core.package_identification:_identify(src) by extensions ['python_setup_py']
[0.263s] Level 1:colcon.colcon_core.package_identification:_identify(src) by extension 'python_setup_py'
[0.263s] Level 1:colcon.colcon_core.package_identification:_identify(src/add_integers) by extensions ['ignore', 'ignore_ament_install']
[0.263s] Level 1:colcon.colcon_core.package_identification:_identify(src/add_integers) by extension 'ignore'
[0.263s] Level 1:colcon.colcon_core.package_identification:_identify(src/add_integers) by extension 'ignore_ament_install'
[0.264s] Level 1:colcon.colcon_core.package_identification:_identify(src/add_integers) by extensions ['colcon_pkg']
[0.264s] Level 1:colcon.colcon_core.package_identification:_identify(src/add_integers) by extension 'colcon_pkg'
[0.264s] Level 1:colcon.colcon_core.package_identification:_identify(src/add_integers) by extensions ['colcon_meta']
[0.264s] Level 1:colcon.colcon_core.package_identification:_identify(src/add_integers) by extension 'colcon_meta'
[0.264s] Level 1:colcon.colcon_core.package_identification:_identify(src/add_integers) by extensions ['ros']
[0.264s] Level 1:colcon.colcon_core.package_identification:_identify(src/add_integers) by extension 'ros'
[0.267s] DEBUG:colcon.colcon_core.package_identification:Package 'src/add_integers' with type 'ros.ament_python' and name 'add_integers'
[0.267s] Level 1:colcon.colcon_core.package_identification:_identify(src/can_node) by extensions ['ignore', 'ignore_ament_install']
[0.267s] Level 1:colcon.colcon_core.package_identification:_identify(src/can_node) by extension 'ignore'
[0.267s] Level 1:colcon.colcon_core.package_identification:_identify(src/can_node) by extension 'ignore_ament_install'
[0.268s] Level 1:colcon.colcon_core.package_identification:_identify(src/can_node) by extensions ['colcon_pkg']
[0.268s] Level 1:colcon.colcon_core.package_identification:_identify(src/can_node) by extension 'colcon_pkg'
[0.268s] Level 1:colcon.colcon_core.package_identification:_identify(src/can_node) by extensions ['colcon_meta']
[0.268s] Level 1:colcon.colcon_core.package_identification:_identify(src/can_node) by extension 'colcon_meta'
[0.268s] Level 1:colcon.colcon_core.package_identification:_identify(src/can_node) by extensions ['ros']
[0.268s] Level 1:colcon.colcon_core.package_identification:_identify(src/can_node) by extension 'ros'
[0.269s] DEBUG:colcon.colcon_core.package_identification:Package 'src/can_node' with type 'ros.ament_python' and name 'can_node'
[0.269s] Level 1:colcon.colcon_core.package_identification:_identify(src/controller) by extensions ['ignore', 'ignore_ament_install']
[0.269s] Level 1:colcon.colcon_core.package_identification:_identify(src/controller) by extension 'ignore'
[0.269s] Level 1:colcon.colcon_core.package_identification:_identify(src/controller) by extension 'ignore_ament_install'
[0.269s] Level 1:colcon.colcon_core.package_identification:_identify(src/controller) by extensions ['colcon_pkg']
[0.269s] Level 1:colcon.colcon_core.package_identification:_identify(src/controller) by extension 'colcon_pkg'
[0.269s] Level 1:colcon.colcon_core.package_identification:_identify(src/controller) by extensions ['colcon_meta']
[0.269s] Level 1:colcon.colcon_core.package_identification:_identify(src/controller) by extension 'colcon_meta'
[0.269s] Level 1:colcon.colcon_core.package_identification:_identify(src/controller) by extensions ['ros']
[0.269s] Level 1:colcon.colcon_core.package_identification:_identify(src/controller) by extension 'ros'
[0.270s] DEBUG:colcon.colcon_core.package_identification:Package 'src/controller' with type 'ros.ament_python' and name 'controller'
[0.270s] Level 1:colcon.colcon_core.package_identification:_identify(src/custom_interfaces) by extensions ['ignore', 'ignore_ament_install']
[0.270s] Level 1:colcon.colcon_core.package_identification:_identify(src/custom_interfaces) by extension 'ignore'
[0.271s] Level 1:colcon.colcon_core.package_identification:_identify(src/custom_interfaces) by extension 'ignore_ament_install'
[0.271s] Level 1:colcon.colcon_core.package_identification:_identify(src/custom_interfaces) by extensions ['colcon_pkg']
[0.271s] Level 1:colcon.colcon_core.package_identification:_identify(src/custom_interfaces) by extension 'colcon_pkg'
[0.271s] Level 1:colcon.colcon_core.package_identification:_identify(src/custom_interfaces) by extensions ['colcon_meta']
[0.271s] Level 1:colcon.colcon_core.package_identification:_identify(src/custom_interfaces) by extension 'colcon_meta'
[0.271s] Level 1:colcon.colcon_core.package_identification:_identify(src/custom_interfaces) by extensions ['ros']
[0.271s] Level 1:colcon.colcon_core.package_identification:_identify(src/custom_interfaces) by extension 'ros'
[0.272s] DEBUG:colcon.colcon_core.package_identification:Package 'src/custom_interfaces' with type 'ros.ament_cmake' and name 'custom_interfaces'
[0.272s] Level 1:colcon.colcon_core.package_identification:_identify(src/gamepad_node) by extensions ['ignore', 'ignore_ament_install']
[0.272s] Level 1:colcon.colcon_core.package_identification:_identify(src/gamepad_node) by extension 'ignore'
[0.272s] Level 1:colcon.colcon_core.package_identification:_identify(src/gamepad_node) by extension 'ignore_ament_install'
[0.272s] Level 1:colcon.colcon_core.package_identification:_identify(src/gamepad_node) by extensions ['colcon_pkg']
[0.272s] Level 1:colcon.colcon_core.package_identification:_identify(src/gamepad_node) by extension 'colcon_pkg'
[0.272s] Level 1:colcon.colcon_core.package_identification:_identify(src/gamepad_node) by extensions ['colcon_meta']
[0.272s] Level 1:colcon.colcon_core.package_identification:_identify(src/gamepad_node) by extension 'colcon_meta'
[0.272s] Level 1:colcon.colcon_core.package_identification:_identify(src/gamepad_node) by extensions ['ros']
[0.272s] Level 1:colcon.colcon_core.package_identification:_identify(src/gamepad_node) by extension 'ros'
[0.273s] DEBUG:colcon.colcon_core.package_identification:Package 'src/gamepad_node' with type 'ros.ament_python' and name 'gamepad_node'
[0.273s] Level 1:colcon.colcon_core.package_identification:_identify(src/my_launch_package) by extensions ['ignore', 'ignore_ament_install']
[0.273s] Level 1:colcon.colcon_core.package_identification:_identify(src/my_launch_package) by extension 'ignore'
[0.274s] Level 1:colcon.colcon_core.package_identification:_identify(src/my_launch_package) by extension 'ignore_ament_install'
[0.274s] Level 1:colcon.colcon_core.package_identification:_identify(src/my_launch_package) by extensions ['colcon_pkg']
[0.274s] Level 1:colcon.colcon_core.package_identification:_identify(src/my_launch_package) by extension 'colcon_pkg'
[0.274s] Level 1:colcon.colcon_core.package_identification:_identify(src/my_launch_package) by extensions ['colcon_meta']
[0.274s] Level 1:colcon.colcon_core.package_identification:_identify(src/my_launch_package) by extension 'colcon_meta'
[0.274s] Level 1:colcon.colcon_core.package_identification:_identify(src/my_launch_package) by extensions ['ros']
[0.274s] Level 1:colcon.colcon_core.package_identification:_identify(src/my_launch_package) by extension 'ros'
[0.274s] DEBUG:colcon.colcon_core.package_identification:Package 'src/my_launch_package' with type 'ros.ament_python' and name 'my_launch_package'
[0.275s] Level 1:colcon.colcon_core.package_discovery:discover_packages(recursive) using defaults
[0.275s] Level 1:colcon.colcon_core.package_discovery:discover_packages(ignore) discover
[0.275s] Level 1:colcon.colcon_core.package_discovery:discover_packages(ignore) using defaults
[0.275s] Level 1:colcon.colcon_core.package_discovery:discover_packages(path) discover
[0.275s] Level 1:colcon.colcon_core.package_discovery:discover_packages(path) using defaults
[0.298s] Level 1:colcon.colcon_core.package_discovery:discover_packages(prefix_path) check parameters
[0.298s] Level 1:colcon.colcon_core.package_discovery:discover_packages(prefix_path) discover
[0.301s] DEBUG:colcon.colcon_installed_package_information.package_discovery:Found 6 installed packages in /home/DATA/Test/DogRobot/ros2_ws/install
[0.301s] DEBUG:colcon.colcon_installed_package_information.package_discovery:Found 6 installed packages in /home/DATA/DogRobot/ros2_ws/install
[0.303s] DEBUG:colcon.colcon_installed_package_information.package_discovery:Found 321 installed packages in /opt/ros/jazzy
[0.305s] Level 1:colcon.colcon_core.package_discovery:discover_packages(prefix_path) using defaults
[0.370s] Level 5:colcon.colcon_core.verb:set package 'custom_interfaces' build argument 'cmake_args' from command line to 'None'
[0.370s] Level 5:colcon.colcon_core.verb:set package 'custom_interfaces' build argument 'cmake_target' from command line to 'None'
[0.370s] Level 5:colcon.colcon_core.verb:set package 'custom_interfaces' build argument 'cmake_target_skip_unavailable' from command line to 'False'
[0.370s] Level 5:colcon.colcon_core.verb:set package 'custom_interfaces' build argument 'cmake_clean_cache' from command line to 'False'
[0.370s] Level 5:colcon.colcon_core.verb:set package 'custom_interfaces' build argument 'cmake_clean_first' from command line to 'False'
[0.370s] Level 5:colcon.colcon_core.verb:set package 'custom_interfaces' build argument 'cmake_force_configure' from command line to 'False'
[0.370s] Level 5:colcon.colcon_core.verb:set package 'custom_interfaces' build argument 'ament_cmake_args' from command line to 'None'
[0.370s] Level 5:colcon.colcon_core.verb:set package 'custom_interfaces' build argument 'catkin_cmake_args' from command line to 'None'
[0.370s] Level 5:colcon.colcon_core.verb:set package 'custom_interfaces' build argument 'catkin_skip_building_tests' from command line to 'False'
[0.370s] DEBUG:colcon.colcon_core.verb:Building package 'custom_interfaces' with the following arguments: {'ament_cmake_args': None, 'build_base': '/home/DATA/Test/DogRobot/ros2_ws/build/custom_interfaces', 'catkin_cmake_args': None, 'catkin_skip_building_tests': False, 'cmake_args': None, 'cmake_clean_cache': False, 'cmake_clean_first': False, 'cmake_force_configure': False, 'cmake_target': None, 'cmake_target_skip_unavailable': False, 'install_base': '/home/DATA/Test/DogRobot/ros2_ws/install/custom_interfaces', 'merge_install': False, 'path': '/home/DATA/Test/DogRobot/ros2_ws/src/custom_interfaces', 'symlink_install': False, 'test_result_base': None}
[0.371s] Level 5:colcon.colcon_core.verb:set package 'my_launch_package' build argument 'cmake_args' from command line to 'None'
[0.371s] Level 5:colcon.colcon_core.verb:set package 'my_launch_package' build argument 'cmake_target' from command line to 'None'
[0.371s] Level 5:colcon.colcon_core.verb:set package 'my_launch_package' build argument 'cmake_target_skip_unavailable' from command line to 'False'
[0.371s] Level 5:colcon.colcon_core.verb:set package 'my_launch_package' build argument 'cmake_clean_cache' from command line to 'False'
[0.371s] Level 5:colcon.colcon_core.verb:set package 'my_launch_package' build argument 'cmake_clean_first' from command line to 'False'
[0.371s] Level 5:colcon.colcon_core.verb:set package 'my_launch_package' build argument 'cmake_force_configure' from command line to 'False'
[0.371s] Level 5:colcon.colcon_core.verb:set package 'my_launch_package' build argument 'ament_cmake_args' from command line to 'None'
[0.371s] Level 5:colcon.colcon_core.verb:set package 'my_launch_package' build argument 'catkin_cmake_args' from command line to 'None'
[0.371s] Level 5:colcon.colcon_core.verb:set package 'my_launch_package' build argument 'catkin_skip_building_tests' from command line to 'False'
[0.371s] DEBUG:colcon.colcon_core.verb:Building package 'my_launch_package' with the following arguments: {'ament_cmake_args': None, 'build_base': '/home/DATA/Test/DogRobot/ros2_ws/build/my_launch_package', 'catkin_cmake_args': None, 'catkin_skip_building_tests': False, 'cmake_args': None, 'cmake_clean_cache': False, 'cmake_clean_first': False, 'cmake_force_configure': False, 'cmake_target': None, 'cmake_target_skip_unavailable': False, 'install_base': '/home/DATA/Test/DogRobot/ros2_ws/install/my_launch_package', 'merge_install': False, 'path': '/home/DATA/Test/DogRobot/ros2_ws/src/my_launch_package', 'symlink_install': False, 'test_result_base': None}
[0.372s] Level 5:colcon.colcon_core.verb:set package 'add_integers' build argument 'cmake_args' from command line to 'None'
[0.372s] Level 5:colcon.colcon_core.verb:set package 'add_integers' build argument 'cmake_target' from command line to 'None'
[0.372s] Level 5:colcon.colcon_core.verb:set package 'add_integers' build argument 'cmake_target_skip_unavailable' from command line to 'False'
[0.372s] Level 5:colcon.colcon_core.verb:set package 'add_integers' build argument 'cmake_clean_cache' from command line to 'False'
[0.372s] Level 5:colcon.colcon_core.verb:set package 'add_integers' build argument 'cmake_clean_first' from command line to 'False'
[0.372s] Level 5:colcon.colcon_core.verb:set package 'add_integers' build argument 'cmake_force_configure' from command line to 'False'
[0.372s] Level 5:colcon.colcon_core.verb:set package 'add_integers' build argument 'ament_cmake_args' from command line to 'None'
[0.372s] Level 5:colcon.colcon_core.verb:set package 'add_integers' build argument 'catkin_cmake_args' from command line to 'None'
[0.372s] Level 5:colcon.colcon_core.verb:set package 'add_integers' build argument 'catkin_skip_building_tests' from command line to 'False'
[0.372s] DEBUG:colcon.colcon_core.verb:Building package 'add_integers' with the following arguments: {'ament_cmake_args': None, 'build_base': '/home/DATA/Test/DogRobot/ros2_ws/build/add_integers', 'catkin_cmake_args': None, 'catkin_skip_building_tests': False, 'cmake_args': None, 'cmake_clean_cache': False, 'cmake_clean_first': False, 'cmake_force_configure': False, 'cmake_target': None, 'cmake_target_skip_unavailable': False, 'install_base': '/home/DATA/Test/DogRobot/ros2_ws/install/add_integers', 'merge_install': False, 'path': '/home/DATA/Test/DogRobot/ros2_ws/src/add_integers', 'symlink_install': False, 'test_result_base': None}
[0.372s] Level 5:colcon.colcon_core.verb:set package 'can_node' build argument 'cmake_args' from command line to 'None'
[0.372s] Level 5:colcon.colcon_core.verb:set package 'can_node' build argument 'cmake_target' from command line to 'None'
[0.372s] Level 5:colcon.colcon_core.verb:set package 'can_node' build argument 'cmake_target_skip_unavailable' from command line to 'False'
[0.372s] Level 5:colcon.colcon_core.verb:set package 'can_node' build argument 'cmake_clean_cache' from command line to 'False'
[0.373s] Level 5:colcon.colcon_core.verb:set package 'can_node' build argument 'cmake_clean_first' from command line to 'False'
[0.373s] Level 5:colcon.colcon_core.verb:set package 'can_node' build argument 'cmake_force_configure' from command line to 'False'
[0.373s] Level 5:colcon.colcon_core.verb:set package 'can_node' build argument 'ament_cmake_args' from command line to 'None'
[0.373s] Level 5:colcon.colcon_core.verb:set package 'can_node' build argument 'catkin_cmake_args' from command line to 'None'
[0.373s] Level 5:colcon.colcon_core.verb:set package 'can_node' build argument 'catkin_skip_building_tests' from command line to 'False'
[0.373s] DEBUG:colcon.colcon_core.verb:Building package 'can_node' with the following arguments: {'ament_cmake_args': None, 'build_base': '/home/DATA/Test/DogRobot/ros2_ws/build/can_node', 'catkin_cmake_args': None, 'catkin_skip_building_tests': False, 'cmake_args': None, 'cmake_clean_cache': False, 'cmake_clean_first': False, 'cmake_force_configure': False, 'cmake_target': None, 'cmake_target_skip_unavailable': False, 'install_base': '/home/DATA/Test/DogRobot/ros2_ws/install/can_node', 'merge_install': False, 'path': '/home/DATA/Test/DogRobot/ros2_ws/src/can_node', 'symlink_install': False, 'test_result_base': None}
[0.373s] Level 5:colcon.colcon_core.verb:set package 'gamepad_node' build argument 'cmake_args' from command line to 'None'
[0.373s] Level 5:colcon.colcon_core.verb:set package 'gamepad_node' build argument 'cmake_target' from command line to 'None'
[0.373s] Level 5:colcon.colcon_core.verb:set package 'gamepad_node' build argument 'cmake_target_skip_unavailable' from command line to 'False'
[0.373s] Level 5:colcon.colcon_core.verb:set package 'gamepad_node' build argument 'cmake_clean_cache' from command line to 'False'
[0.373s] Level 5:colcon.colcon_core.verb:set package 'gamepad_node' build argument 'cmake_clean_first' from command line to 'False'
[0.373s] Level 5:colcon.colcon_core.verb:set package 'gamepad_node' build argument 'cmake_force_configure' from command line to 'False'
[0.373s] Level 5:colcon.colcon_core.verb:set package 'gamepad_node' build argument 'ament_cmake_args' from command line to 'None'
[0.373s] Level 5:colcon.colcon_core.verb:set package 'gamepad_node' build argument 'catkin_cmake_args' from command line to 'None'
[0.373s] Level 5:colcon.colcon_core.verb:set package 'gamepad_node' build argument 'catkin_skip_building_tests' from command line to 'False'
[0.373s] DEBUG:colcon.colcon_core.verb:Building package 'gamepad_node' with the following arguments: {'ament_cmake_args': None, 'build_base': '/home/DATA/Test/DogRobot/ros2_ws/build/gamepad_node', 'catkin_cmake_args': None, 'catkin_skip_building_tests': False, 'cmake_args': None, 'cmake_clean_cache': False, 'cmake_clean_first': False, 'cmake_force_configure': False, 'cmake_target': None, 'cmake_target_skip_unavailable': False, 'install_base': '/home/DATA/Test/DogRobot/ros2_ws/install/gamepad_node', 'merge_install': False, 'path': '/home/DATA/Test/DogRobot/ros2_ws/src/gamepad_node', 'symlink_install': False, 'test_result_base': None}
[0.374s] Level 5:colcon.colcon_core.verb:set package 'controller' build argument 'cmake_args' from command line to 'None'
[0.374s] Level 5:colcon.colcon_core.verb:set package 'controller' build argument 'cmake_target' from command line to 'None'
[0.374s] Level 5:colcon.colcon_core.verb:set package 'controller' build argument 'cmake_target_skip_unavailable' from command line to 'False'
[0.374s] Level 5:colcon.colcon_core.verb:set package 'controller' build argument 'cmake_clean_cache' from command line to 'False'
[0.374s] Level 5:colcon.colcon_core.verb:set package 'controller' build argument 'cmake_clean_first' from command line to 'False'
[0.374s] Level 5:colcon.colcon_core.verb:set package 'controller' build argument 'cmake_force_configure' from command line to 'False'
[0.374s] Level 5:colcon.colcon_core.verb:set package 'controller' build argument 'ament_cmake_args' from command line to 'None'
[0.374s] Level 5:colcon.colcon_core.verb:set package 'controller' build argument 'catkin_cmake_args' from command line to 'None'
[0.374s] Level 5:colcon.colcon_core.verb:set package 'controller' build argument 'catkin_skip_building_tests' from command line to 'False'
[0.374s] DEBUG:colcon.colcon_core.verb:Building package 'controller' with the following arguments: {'ament_cmake_args': None, 'build_base': '/home/DATA/Test/DogRobot/ros2_ws/build/controller', 'catkin_cmake_args': None, 'catkin_skip_building_tests': False, 'cmake_args': None, 'cmake_clean_cache': False, 'cmake_clean_first': False, 'cmake_force_configure': False, 'cmake_target': None, 'cmake_target_skip_unavailable': False, 'install_base': '/home/DATA/Test/DogRobot/ros2_ws/install/controller', 'merge_install': False, 'path': '/home/DATA/Test/DogRobot/ros2_ws/src/controller', 'symlink_install': False, 'test_result_base': None}
[0.374s] INFO:colcon.colcon_core.executor:Executing jobs using 'parallel' executor
[0.375s] DEBUG:colcon.colcon_parallel_executor.executor.parallel:run_until_complete
[0.375s] INFO:colcon.colcon_ros.task.ament_cmake.build:Building ROS package in '/home/DATA/Test/DogRobot/ros2_ws/src/custom_interfaces' with build type 'ament_cmake'
[0.375s] INFO:colcon.colcon_cmake.task.cmake.build:Building CMake package in '/home/DATA/Test/DogRobot/ros2_ws/src/custom_interfaces'
[0.378s] INFO:colcon.colcon_core.plugin_system:Skipping extension 'colcon_core.shell.bat': Not used on non-Windows systems
[0.378s] INFO:colcon.colcon_core.shell:Skip shell extension 'powershell' for command environment: Not usable outside of PowerShell
[0.378s] DEBUG:colcon.colcon_core.shell:Skip shell extension 'dsv' for command environment
[0.383s] INFO:colcon.colcon_ros.task.ament_python.build:Building ROS package in '/home/DATA/Test/DogRobot/ros2_ws/src/my_launch_package' with build type 'ament_python'
[0.383s] Level 1:colcon.colcon_core.shell:create_environment_hook('my_launch_package', 'ament_prefix_path')
[0.384s] INFO:colcon.colcon_core.shell:Creating environment hook '/home/DATA/Test/DogRobot/ros2_ws/install/my_launch_package/share/my_launch_package/hook/ament_prefix_path.ps1'
[0.384s] INFO:colcon.colcon_core.shell:Creating environment descriptor '/home/DATA/Test/DogRobot/ros2_ws/install/my_launch_package/share/my_launch_package/hook/ament_prefix_path.dsv'
[0.385s] INFO:colcon.colcon_core.shell:Creating environment hook '/home/DATA/Test/DogRobot/ros2_ws/install/my_launch_package/share/my_launch_package/hook/ament_prefix_path.sh'
[0.385s] INFO:colcon.colcon_core.shell:Skip shell extension 'powershell' for command environment: Not usable outside of PowerShell
[0.385s] DEBUG:colcon.colcon_core.shell:Skip shell extension 'dsv' for command environment
[0.395s] DEBUG:colcon.colcon_core.event_handler.log_command:Invoking command in '/home/DATA/Test/DogRobot/ros2_ws/build/custom_interfaces': CMAKE_PREFIX_PATH=${CMAKE_PREFIX_PATH}:/home/DATA/Test/DogRobot/ros2_ws/install/my_launch_package:/home/DATA/Test/DogRobot/ros2_ws/install/gamepad_node:/home/DATA/Test/DogRobot/ros2_ws/install/controller:/home/DATA/Test/DogRobot/ros2_ws/install/can_node:/home/DATA/Test/DogRobot/ros2_ws/install/add_integers:/home/DATA/DogRobot/ros2_ws/install/my_launch_package:/home/DATA/DogRobot/ros2_ws/install/gamepad_node:/home/DATA/DogRobot/ros2_ws/install/controller:/home/DATA/DogRobot/ros2_ws/install/can_node:/home/DATA/DogRobot/ros2_ws/install/add_integers:/opt/ros/jazzy DEBUGINFOD_URLS=https://debuginfod.ubuntu.com /usr/bin/cmake --build /home/DATA/Test/DogRobot/ros2_ws/build/custom_interfaces -- -j8 -l8
[0.850s] INFO:colcon.colcon_core.task.python.build:Building Python package in '/home/DATA/Test/DogRobot/ros2_ws/src/my_launch_package'
[0.850s] INFO:colcon.colcon_core.shell:Skip shell extension 'powershell' for command environment: Not usable outside of PowerShell
[0.850s] DEBUG:colcon.colcon_core.shell:Skip shell extension 'dsv' for command environment
[2.014s] DEBUG:colcon.colcon_core.event_handler.log_command:Invoking command in '/home/DATA/Test/DogRobot/ros2_ws/src/my_launch_package': DEBUGINFOD_URLS=https://debuginfod.ubuntu.com PYTHONPATH=/home/DATA/Test/DogRobot/ros2_ws/build/my_launch_package/prefix_override:/usr/lib/python3/dist-packages/colcon_core/task/python/colcon_distutils_commands:/home/DATA/Test/DogRobot/ros2_ws/install/my_launch_package/lib/python3.12/site-packages:${PYTHONPATH} /usr/bin/python3 -W ignore:setup.py install is deprecated setup.py egg_info --egg-base ../../build/my_launch_package build --build-base /home/DATA/Test/DogRobot/ros2_ws/build/my_launch_package/build install --record /home/DATA/Test/DogRobot/ros2_ws/build/my_launch_package/install.log --single-version-externally-managed install_data
[3.223s] DEBUG:colcon.colcon_core.event_handler.log_command:Invoked command in '/home/DATA/Test/DogRobot/ros2_ws/src/my_launch_package' returned '0': DEBUGINFOD_URLS=https://debuginfod.ubuntu.com PYTHONPATH=/home/DATA/Test/DogRobot/ros2_ws/build/my_launch_package/prefix_override:/usr/lib/python3/dist-packages/colcon_core/task/python/colcon_distutils_commands:/home/DATA/Test/DogRobot/ros2_ws/install/my_launch_package/lib/python3.12/site-packages:${PYTHONPATH} /usr/bin/python3 -W ignore:setup.py install is deprecated setup.py egg_info --egg-base ../../build/my_launch_package build --build-base /home/DATA/Test/DogRobot/ros2_ws/build/my_launch_package/build install --record /home/DATA/Test/DogRobot/ros2_ws/build/my_launch_package/install.log --single-version-externally-managed install_data
[3.228s] Level 1:colcon.colcon_core.environment:checking '/home/DATA/Test/DogRobot/ros2_ws/install/my_launch_package' for CMake module files
[3.230s] Level 1:colcon.colcon_core.environment:checking '/home/DATA/Test/DogRobot/ros2_ws/install/my_launch_package' for CMake config files
[3.236s] Level 1:colcon.colcon_core.environment:checking '/home/DATA/Test/DogRobot/ros2_ws/install/my_launch_package/lib'
[3.236s] Level 1:colcon.colcon_core.environment:checking '/home/DATA/Test/DogRobot/ros2_ws/install/my_launch_package/bin'
[3.237s] Level 1:colcon.colcon_core.environment:checking '/home/DATA/Test/DogRobot/ros2_ws/install/my_launch_package/lib/pkgconfig/my_launch_package.pc'
[3.237s] Level 1:colcon.colcon_core.environment:checking '/home/DATA/Test/DogRobot/ros2_ws/install/my_launch_package/lib/python3.12/site-packages'
[3.237s] Level 1:colcon.colcon_core.shell:create_environment_hook('my_launch_package', 'pythonpath')
[3.238s] INFO:colcon.colcon_core.shell:Creating environment hook '/home/DATA/Test/DogRobot/ros2_ws/install/my_launch_package/share/my_launch_package/hook/pythonpath.ps1'
[3.245s] INFO:colcon.colcon_core.shell:Creating environment descriptor '/home/DATA/Test/DogRobot/ros2_ws/install/my_launch_package/share/my_launch_package/hook/pythonpath.dsv'
[3.247s] INFO:colcon.colcon_core.shell:Creating environment hook '/home/DATA/Test/DogRobot/ros2_ws/install/my_launch_package/share/my_launch_package/hook/pythonpath.sh'
[3.248s] Level 1:colcon.colcon_core.environment:checking '/home/DATA/Test/DogRobot/ros2_ws/install/my_launch_package/bin'
[3.248s] Level 1:colcon.colcon_core.environment:create_environment_scripts_only(my_launch_package)
[3.250s] INFO:colcon.colcon_core.shell:Creating package script '/home/DATA/Test/DogRobot/ros2_ws/install/my_launch_package/share/my_launch_package/package.ps1'
[3.253s] INFO:colcon.colcon_core.shell:Creating package descriptor '/home/DATA/Test/DogRobot/ros2_ws/install/my_launch_package/share/my_launch_package/package.dsv'
[3.255s] INFO:colcon.colcon_core.shell:Creating package script '/home/DATA/Test/DogRobot/ros2_ws/install/my_launch_package/share/my_launch_package/package.sh'
[3.257s] INFO:colcon.colcon_core.shell:Creating package script '/home/DATA/Test/DogRobot/ros2_ws/install/my_launch_package/share/my_launch_package/package.bash'
[3.260s] INFO:colcon.colcon_core.shell:Creating package script '/home/DATA/Test/DogRobot/ros2_ws/install/my_launch_package/share/my_launch_package/package.zsh'
[3.261s] Level 1:colcon.colcon_core.environment:create_file_with_runtime_dependencies(/home/DATA/Test/DogRobot/ros2_ws/install/my_launch_package/share/colcon-core/packages/my_launch_package)
[6.369s] DEBUG:colcon.colcon_core.event_handler.log_command:Invoked command in '/home/DATA/Test/DogRobot/ros2_ws/build/custom_interfaces' returned '0': CMAKE_PREFIX_PATH=${CMAKE_PREFIX_PATH}:/home/DATA/Test/DogRobot/ros2_ws/install/my_launch_package:/home/DATA/Test/DogRobot/ros2_ws/install/gamepad_node:/home/DATA/Test/DogRobot/ros2_ws/install/controller:/home/DATA/Test/DogRobot/ros2_ws/install/can_node:/home/DATA/Test/DogRobot/ros2_ws/install/add_integers:/home/DATA/DogRobot/ros2_ws/install/my_launch_package:/home/DATA/DogRobot/ros2_ws/install/gamepad_node:/home/DATA/DogRobot/ros2_ws/install/controller:/home/DATA/DogRobot/ros2_ws/install/can_node:/home/DATA/DogRobot/ros2_ws/install/add_integers:/opt/ros/jazzy DEBUGINFOD_URLS=https://debuginfod.ubuntu.com /usr/bin/cmake --build /home/DATA/Test/DogRobot/ros2_ws/build/custom_interfaces -- -j8 -l8
[6.506s] DEBUG:colcon.colcon_core.event_handler.log_command:Invoking command in '/home/DATA/Test/DogRobot/ros2_ws/build/custom_interfaces': CMAKE_PREFIX_PATH=${CMAKE_PREFIX_PATH}:/home/DATA/Test/DogRobot/ros2_ws/install/my_launch_package:/home/DATA/Test/DogRobot/ros2_ws/install/gamepad_node:/home/DATA/Test/DogRobot/ros2_ws/install/controller:/home/DATA/Test/DogRobot/ros2_ws/install/can_node:/home/DATA/Test/DogRobot/ros2_ws/install/add_integers:/home/DATA/DogRobot/ros2_ws/install/my_launch_package:/home/DATA/DogRobot/ros2_ws/install/gamepad_node:/home/DATA/DogRobot/ros2_ws/install/controller:/home/DATA/DogRobot/ros2_ws/install/can_node:/home/DATA/DogRobot/ros2_ws/install/add_integers:/opt/ros/jazzy DEBUGINFOD_URLS=https://debuginfod.ubuntu.com /usr/bin/cmake --install /home/DATA/Test/DogRobot/ros2_ws/build/custom_interfaces
[6.621s] Level 1:colcon.colcon_core.environment:create_environment_scripts_only(custom_interfaces)
[6.622s] Level 1:colcon.colcon_core.environment:checking '/home/DATA/Test/DogRobot/ros2_ws/install/custom_interfaces' for CMake module files
[6.622s] DEBUG:colcon.colcon_core.event_handler.log_command:Invoked command in '/home/DATA/Test/DogRobot/ros2_ws/build/custom_interfaces' returned '0': CMAKE_PREFIX_PATH=${CMAKE_PREFIX_PATH}:/home/DATA/Test/DogRobot/ros2_ws/install/my_launch_package:/home/DATA/Test/DogRobot/ros2_ws/install/gamepad_node:/home/DATA/Test/DogRobot/ros2_ws/install/controller:/home/DATA/Test/DogRobot/ros2_ws/install/can_node:/home/DATA/Test/DogRobot/ros2_ws/install/add_integers:/home/DATA/DogRobot/ros2_ws/install/my_launch_package:/home/DATA/DogRobot/ros2_ws/install/gamepad_node:/home/DATA/DogRobot/ros2_ws/install/controller:/home/DATA/DogRobot/ros2_ws/install/can_node:/home/DATA/DogRobot/ros2_ws/install/add_integers:/opt/ros/jazzy DEBUGINFOD_URLS=https://debuginfod.ubuntu.com /usr/bin/cmake --install /home/DATA/Test/DogRobot/ros2_ws/build/custom_interfaces
[6.624s] Level 1:colcon.colcon_core.environment:checking '/home/DATA/Test/DogRobot/ros2_ws/install/custom_interfaces' for CMake config files
[6.624s] Level 1:colcon.colcon_core.shell:create_environment_hook('custom_interfaces', 'cmake_prefix_path')
[6.625s] INFO:colcon.colcon_core.shell:Creating environment hook '/home/DATA/Test/DogRobot/ros2_ws/install/custom_interfaces/share/custom_interfaces/hook/cmake_prefix_path.ps1'
[6.626s] INFO:colcon.colcon_core.shell:Creating environment descriptor '/home/DATA/Test/DogRobot/ros2_ws/install/custom_interfaces/share/custom_interfaces/hook/cmake_prefix_path.dsv'
[6.626s] INFO:colcon.colcon_core.shell:Creating environment hook '/home/DATA/Test/DogRobot/ros2_ws/install/custom_interfaces/share/custom_interfaces/hook/cmake_prefix_path.sh'
[6.628s] Level 1:colcon.colcon_core.environment:checking '/home/DATA/Test/DogRobot/ros2_ws/install/custom_interfaces/lib'
[6.628s] Level 1:colcon.colcon_core.shell:create_environment_hook('custom_interfaces', 'ld_library_path_lib')
[6.628s] INFO:colcon.colcon_core.shell:Creating environment hook '/home/DATA/Test/DogRobot/ros2_ws/install/custom_interfaces/share/custom_interfaces/hook/ld_library_path_lib.ps1'
[6.629s] INFO:colcon.colcon_core.shell:Creating environment descriptor '/home/DATA/Test/DogRobot/ros2_ws/install/custom_interfaces/share/custom_interfaces/hook/ld_library_path_lib.dsv'
[6.630s] INFO:colcon.colcon_core.shell:Creating environment hook '/home/DATA/Test/DogRobot/ros2_ws/install/custom_interfaces/share/custom_interfaces/hook/ld_library_path_lib.sh'
[6.631s] Level 1:colcon.colcon_core.environment:checking '/home/DATA/Test/DogRobot/ros2_ws/install/custom_interfaces/bin'
[6.631s] Level 1:colcon.colcon_core.environment:checking '/home/DATA/Test/DogRobot/ros2_ws/install/custom_interfaces/lib/pkgconfig/custom_interfaces.pc'
[6.632s] Level 1:colcon.colcon_core.environment:checking '/home/DATA/Test/DogRobot/ros2_ws/install/custom_interfaces/lib/python3.12/site-packages'
[6.632s] Level 1:colcon.colcon_core.shell:create_environment_hook('custom_interfaces', 'pythonpath')
[6.633s] INFO:colcon.colcon_core.shell:Creating environment hook '/home/DATA/Test/DogRobot/ros2_ws/install/custom_interfaces/share/custom_interfaces/hook/pythonpath.ps1'
[6.634s] INFO:colcon.colcon_core.shell:Creating environment descriptor '/home/DATA/Test/DogRobot/ros2_ws/install/custom_interfaces/share/custom_interfaces/hook/pythonpath.dsv'
[6.635s] INFO:colcon.colcon_core.shell:Creating environment hook '/home/DATA/Test/DogRobot/ros2_ws/install/custom_interfaces/share/custom_interfaces/hook/pythonpath.sh'
[6.636s] Level 1:colcon.colcon_core.environment:checking '/home/DATA/Test/DogRobot/ros2_ws/install/custom_interfaces/bin'
[6.637s] INFO:colcon.colcon_core.shell:Creating package script '/home/DATA/Test/DogRobot/ros2_ws/install/custom_interfaces/share/custom_interfaces/package.ps1'
[6.640s] INFO:colcon.colcon_core.shell:Creating package descriptor '/home/DATA/Test/DogRobot/ros2_ws/install/custom_interfaces/share/custom_interfaces/package.dsv'
[6.642s] INFO:colcon.colcon_core.shell:Creating package script '/home/DATA/Test/DogRobot/ros2_ws/install/custom_interfaces/share/custom_interfaces/package.sh'
[6.643s] INFO:colcon.colcon_core.shell:Creating package script '/home/DATA/Test/DogRobot/ros2_ws/install/custom_interfaces/share/custom_interfaces/package.bash'
[6.644s] INFO:colcon.colcon_core.shell:Creating package script '/home/DATA/Test/DogRobot/ros2_ws/install/custom_interfaces/share/custom_interfaces/package.zsh'
[6.644s] Level 1:colcon.colcon_core.environment:create_file_with_runtime_dependencies(/home/DATA/Test/DogRobot/ros2_ws/install/custom_interfaces/share/colcon-core/packages/custom_interfaces)
[6.741s] Level 1:colcon.colcon_core.environment:create_environment_scripts_only(custom_interfaces)
[6.741s] Level 1:colcon.colcon_core.environment:checking '/home/DATA/Test/DogRobot/ros2_ws/install/custom_interfaces' for CMake module files
[6.742s] Level 1:colcon.colcon_core.environment:checking '/home/DATA/Test/DogRobot/ros2_ws/install/custom_interfaces' for CMake config files
[6.742s] Level 1:colcon.colcon_core.shell:create_environment_hook('custom_interfaces', 'cmake_prefix_path')
[6.742s] INFO:colcon.colcon_core.shell:Creating environment hook '/home/DATA/Test/DogRobot/ros2_ws/install/custom_interfaces/share/custom_interfaces/hook/cmake_prefix_path.ps1'
[6.743s] INFO:colcon.colcon_core.shell:Creating environment descriptor '/home/DATA/Test/DogRobot/ros2_ws/install/custom_interfaces/share/custom_interfaces/hook/cmake_prefix_path.dsv'
[6.743s] INFO:colcon.colcon_core.shell:Creating environment hook '/home/DATA/Test/DogRobot/ros2_ws/install/custom_interfaces/share/custom_interfaces/hook/cmake_prefix_path.sh'
[6.744s] Level 1:colcon.colcon_core.environment:checking '/home/DATA/Test/DogRobot/ros2_ws/install/custom_interfaces/lib'
[6.744s] Level 1:colcon.colcon_core.shell:create_environment_hook('custom_interfaces', 'ld_library_path_lib')
[6.745s] INFO:colcon.colcon_core.shell:Creating environment hook '/home/DATA/Test/DogRobot/ros2_ws/install/custom_interfaces/share/custom_interfaces/hook/ld_library_path_lib.ps1'
[6.745s] INFO:colcon.colcon_core.shell:Creating environment descriptor '/home/DATA/Test/DogRobot/ros2_ws/install/custom_interfaces/share/custom_interfaces/hook/ld_library_path_lib.dsv'
[6.746s] INFO:colcon.colcon_core.shell:Creating environment hook '/home/DATA/Test/DogRobot/ros2_ws/install/custom_interfaces/share/custom_interfaces/hook/ld_library_path_lib.sh'
[6.746s] Level 1:colcon.colcon_core.environment:checking '/home/DATA/Test/DogRobot/ros2_ws/install/custom_interfaces/bin'
[6.746s] Level 1:colcon.colcon_core.environment:checking '/home/DATA/Test/DogRobot/ros2_ws/install/custom_interfaces/lib/pkgconfig/custom_interfaces.pc'
[6.747s] Level 1:colcon.colcon_core.environment:checking '/home/DATA/Test/DogRobot/ros2_ws/install/custom_interfaces/lib/python3.12/site-packages'
[6.747s] Level 1:colcon.colcon_core.shell:create_environment_hook('custom_interfaces', 'pythonpath')
[6.747s] INFO:colcon.colcon_core.shell:Creating environment hook '/home/DATA/Test/DogRobot/ros2_ws/install/custom_interfaces/share/custom_interfaces/hook/pythonpath.ps1'
[6.748s] INFO:colcon.colcon_core.shell:Creating environment descriptor '/home/DATA/Test/DogRobot/ros2_ws/install/custom_interfaces/share/custom_interfaces/hook/pythonpath.dsv'
[6.748s] INFO:colcon.colcon_core.shell:Creating environment hook '/home/DATA/Test/DogRobot/ros2_ws/install/custom_interfaces/share/custom_interfaces/hook/pythonpath.sh'
[6.749s] Level 1:colcon.colcon_core.environment:checking '/home/DATA/Test/DogRobot/ros2_ws/install/custom_interfaces/bin'
[6.749s] INFO:colcon.colcon_core.shell:Creating package script '/home/DATA/Test/DogRobot/ros2_ws/install/custom_interfaces/share/custom_interfaces/package.ps1'
[6.750s] INFO:colcon.colcon_core.shell:Creating package descriptor '/home/DATA/Test/DogRobot/ros2_ws/install/custom_interfaces/share/custom_interfaces/package.dsv'
[6.752s] INFO:colcon.colcon_core.shell:Creating package script '/home/DATA/Test/DogRobot/ros2_ws/install/custom_interfaces/share/custom_interfaces/package.sh'
[6.752s] INFO:colcon.colcon_core.shell:Creating package script '/home/DATA/Test/DogRobot/ros2_ws/install/custom_interfaces/share/custom_interfaces/package.bash'
[6.753s] INFO:colcon.colcon_core.shell:Creating package script '/home/DATA/Test/DogRobot/ros2_ws/install/custom_interfaces/share/custom_interfaces/package.zsh'
[6.754s] Level 1:colcon.colcon_core.environment:create_file_with_runtime_dependencies(/home/DATA/Test/DogRobot/ros2_ws/install/custom_interfaces/share/colcon-core/packages/custom_interfaces)
[6.755s] INFO:colcon.colcon_ros.task.ament_python.build:Building ROS package in '/home/DATA/Test/DogRobot/ros2_ws/src/can_node' with build type 'ament_python'
[6.755s] Level 1:colcon.colcon_core.shell:create_environment_hook('can_node', 'ament_prefix_path')
[6.755s] INFO:colcon.colcon_core.shell:Creating environment hook '/home/DATA/Test/DogRobot/ros2_ws/install/can_node/share/can_node/hook/ament_prefix_path.ps1'
[6.758s] INFO:colcon.colcon_core.shell:Creating environment descriptor '/home/DATA/Test/DogRobot/ros2_ws/install/can_node/share/can_node/hook/ament_prefix_path.dsv'
[6.759s] INFO:colcon.colcon_core.shell:Creating environment hook '/home/DATA/Test/DogRobot/ros2_ws/install/can_node/share/can_node/hook/ament_prefix_path.sh'
[6.760s] INFO:colcon.colcon_core.shell:Skip shell extension 'powershell' for command environment: Not usable outside of PowerShell
[6.761s] DEBUG:colcon.colcon_core.shell:Skip shell extension 'dsv' for command environment
[6.768s] INFO:colcon.colcon_ros.task.ament_python.build:Building ROS package in '/home/DATA/Test/DogRobot/ros2_ws/src/add_integers' with build type 'ament_python'
[6.769s] Level 1:colcon.colcon_core.shell:create_environment_hook('add_integers', 'ament_prefix_path')
[6.770s] INFO:colcon.colcon_core.shell:Creating environment hook '/home/DATA/Test/DogRobot/ros2_ws/install/add_integers/share/add_integers/hook/ament_prefix_path.ps1'
[6.771s] INFO:colcon.colcon_core.shell:Creating environment descriptor '/home/DATA/Test/DogRobot/ros2_ws/install/add_integers/share/add_integers/hook/ament_prefix_path.dsv'
[6.772s] INFO:colcon.colcon_core.shell:Creating environment hook '/home/DATA/Test/DogRobot/ros2_ws/install/add_integers/share/add_integers/hook/ament_prefix_path.sh'
[6.773s] INFO:colcon.colcon_core.shell:Skip shell extension 'powershell' for command environment: Not usable outside of PowerShell
[6.773s] DEBUG:colcon.colcon_core.shell:Skip shell extension 'dsv' for command environment
[6.779s] INFO:colcon.colcon_ros.task.ament_python.build:Building ROS package in '/home/DATA/Test/DogRobot/ros2_ws/src/gamepad_node' with build type 'ament_python'
[6.779s] Level 1:colcon.colcon_core.shell:create_environment_hook('gamepad_node', 'ament_prefix_path')
[6.780s] INFO:colcon.colcon_core.shell:Creating environment hook '/home/DATA/Test/DogRobot/ros2_ws/install/gamepad_node/share/gamepad_node/hook/ament_prefix_path.ps1'
[6.780s] INFO:colcon.colcon_core.shell:Creating environment descriptor '/home/DATA/Test/DogRobot/ros2_ws/install/gamepad_node/share/gamepad_node/hook/ament_prefix_path.dsv'
[6.781s] INFO:colcon.colcon_core.shell:Creating environment hook '/home/DATA/Test/DogRobot/ros2_ws/install/gamepad_node/share/gamepad_node/hook/ament_prefix_path.sh'
[6.781s] INFO:colcon.colcon_core.shell:Skip shell extension 'powershell' for command environment: Not usable outside of PowerShell
[6.781s] DEBUG:colcon.colcon_core.shell:Skip shell extension 'dsv' for command environment
[7.160s] INFO:colcon.colcon_core.task.python.build:Building Python package in '/home/DATA/Test/DogRobot/ros2_ws/src/can_node'
[7.160s] INFO:colcon.colcon_core.shell:Skip shell extension 'powershell' for command environment: Not usable outside of PowerShell
[7.160s] DEBUG:colcon.colcon_core.shell:Skip shell extension 'dsv' for command environment
[7.519s] INFO:colcon.colcon_core.task.python.build:Building Python package in '/home/DATA/Test/DogRobot/ros2_ws/src/add_integers'
[7.520s] INFO:colcon.colcon_core.shell:Skip shell extension 'powershell' for command environment: Not usable outside of PowerShell
[7.520s] DEBUG:colcon.colcon_core.shell:Skip shell extension 'dsv' for command environment
[7.888s] INFO:colcon.colcon_core.task.python.build:Building Python package in '/home/DATA/Test/DogRobot/ros2_ws/src/gamepad_node'
[7.888s] INFO:colcon.colcon_core.shell:Skip shell extension 'powershell' for command environment: Not usable outside of PowerShell
[7.888s] DEBUG:colcon.colcon_core.shell:Skip shell extension 'dsv' for command environment
[9.039s] DEBUG:colcon.colcon_core.event_handler.log_command:Invoking command in '/home/DATA/Test/DogRobot/ros2_ws/src/add_integers': DEBUGINFOD_URLS=https://debuginfod.ubuntu.com PYTHONPATH=/home/DATA/Test/DogRobot/ros2_ws/build/add_integers/prefix_override:/usr/lib/python3/dist-packages/colcon_core/task/python/colcon_distutils_commands:/home/DATA/Test/DogRobot/ros2_ws/install/add_integers/lib/python3.12/site-packages:/home/DATA/Test/DogRobot/ros2_ws/install/custom_interfaces/lib/python3.12/site-packages:/home/DATA/Test/DogRobot/ros2_ws/install/my_launch_package/lib/python3.12/site-packages:/home/DATA/Test/DogRobot/ros2_ws/install/gamepad_node/lib/python3.12/site-packages:/home/DATA/Test/DogRobot/ros2_ws/install/controller/lib/python3.12/site-packages:/home/DATA/Test/DogRobot/ros2_ws/install/can_node/lib/python3.12/site-packages:/home/DATA/Test/DogRobot/ros2_ws/install/add_integers/lib/python3.12/site-packages:/home/DATA/DogRobot/ros2_ws/install/my_launch_package/lib/python3.12/site-packages:/home/DATA/DogRobot/ros2_ws/install/gamepad_node/lib/python3.12/site-packages:/home/DATA/DogRobot/ros2_ws/install/controller/lib/python3.12/site-packages:/home/DATA/DogRobot/ros2_ws/install/can_node/lib/python3.12/site-packages:/home/DATA/DogRobot/ros2_ws/install/add_integers/lib/python3.12/site-packages:/home/DATA/DogRobot/ros2_ws/install/custom_interfaces/lib/python3.12/site-packages:/opt/ros/jazzy/lib/python3.12/site-packages /usr/bin/python3 -W ignore:setup.py install is deprecated setup.py egg_info --egg-base ../../build/add_integers build --build-base /home/DATA/Test/DogRobot/ros2_ws/build/add_integers/build install --record /home/DATA/Test/DogRobot/ros2_ws/build/add_integers/install.log --single-version-externally-managed install_data
[9.083s] DEBUG:colcon.colcon_core.event_handler.log_command:Invoking command in '/home/DATA/Test/DogRobot/ros2_ws/src/gamepad_node': DEBUGINFOD_URLS=https://debuginfod.ubuntu.com PYTHONPATH=/home/DATA/Test/DogRobot/ros2_ws/build/gamepad_node/prefix_override:/usr/lib/python3/dist-packages/colcon_core/task/python/colcon_distutils_commands:/home/DATA/Test/DogRobot/ros2_ws/install/gamepad_node/lib/python3.12/site-packages:/home/DATA/Test/DogRobot/ros2_ws/install/custom_interfaces/lib/python3.12/site-packages:/home/DATA/Test/DogRobot/ros2_ws/install/my_launch_package/lib/python3.12/site-packages:/home/DATA/Test/DogRobot/ros2_ws/install/gamepad_node/lib/python3.12/site-packages:/home/DATA/Test/DogRobot/ros2_ws/install/controller/lib/python3.12/site-packages:/home/DATA/Test/DogRobot/ros2_ws/install/can_node/lib/python3.12/site-packages:/home/DATA/Test/DogRobot/ros2_ws/install/add_integers/lib/python3.12/site-packages:/home/DATA/DogRobot/ros2_ws/install/my_launch_package/lib/python3.12/site-packages:/home/DATA/DogRobot/ros2_ws/install/gamepad_node/lib/python3.12/site-packages:/home/DATA/DogRobot/ros2_ws/install/controller/lib/python3.12/site-packages:/home/DATA/DogRobot/ros2_ws/install/can_node/lib/python3.12/site-packages:/home/DATA/DogRobot/ros2_ws/install/add_integers/lib/python3.12/site-packages:/home/DATA/DogRobot/ros2_ws/install/custom_interfaces/lib/python3.12/site-packages:/opt/ros/jazzy/lib/python3.12/site-packages /usr/bin/python3 -W ignore:setup.py install is deprecated setup.py egg_info --egg-base ../../build/gamepad_node build --build-base /home/DATA/Test/DogRobot/ros2_ws/build/gamepad_node/build install --record /home/DATA/Test/DogRobot/ros2_ws/build/gamepad_node/install.log --single-version-externally-managed install_data
[9.092s] DEBUG:colcon.colcon_core.event_handler.log_command:Invoking command in '/home/DATA/Test/DogRobot/ros2_ws/src/can_node': DEBUGINFOD_URLS=https://debuginfod.ubuntu.com PYTHONPATH=/home/DATA/Test/DogRobot/ros2_ws/build/can_node/prefix_override:/usr/lib/python3/dist-packages/colcon_core/task/python/colcon_distutils_commands:/home/DATA/Test/DogRobot/ros2_ws/install/can_node/lib/python3.12/site-packages:/home/DATA/Test/DogRobot/ros2_ws/install/custom_interfaces/lib/python3.12/site-packages:/home/DATA/Test/DogRobot/ros2_ws/install/my_launch_package/lib/python3.12/site-packages:/home/DATA/Test/DogRobot/ros2_ws/install/gamepad_node/lib/python3.12/site-packages:/home/DATA/Test/DogRobot/ros2_ws/install/controller/lib/python3.12/site-packages:/home/DATA/Test/DogRobot/ros2_ws/install/can_node/lib/python3.12/site-packages:/home/DATA/Test/DogRobot/ros2_ws/install/add_integers/lib/python3.12/site-packages:/home/DATA/DogRobot/ros2_ws/install/my_launch_package/lib/python3.12/site-packages:/home/DATA/DogRobot/ros2_ws/install/gamepad_node/lib/python3.12/site-packages:/home/DATA/DogRobot/ros2_ws/install/controller/lib/python3.12/site-packages:/home/DATA/DogRobot/ros2_ws/install/can_node/lib/python3.12/site-packages:/home/DATA/DogRobot/ros2_ws/install/add_integers/lib/python3.12/site-packages:/home/DATA/DogRobot/ros2_ws/install/custom_interfaces/lib/python3.12/site-packages:/opt/ros/jazzy/lib/python3.12/site-packages /usr/bin/python3 -W ignore:setup.py install is deprecated setup.py egg_info --egg-base ../../build/can_node build --build-base /home/DATA/Test/DogRobot/ros2_ws/build/can_node/build install --record /home/DATA/Test/DogRobot/ros2_ws/build/can_node/install.log --single-version-externally-managed install_data
[10.145s] Level 1:colcon.colcon_core.environment:checking '/home/DATA/Test/DogRobot/ros2_ws/install/add_integers' for CMake module files
[10.146s] DEBUG:colcon.colcon_core.event_handler.log_command:Invoked command in '/home/DATA/Test/DogRobot/ros2_ws/src/add_integers' returned '0': DEBUGINFOD_URLS=https://debuginfod.ubuntu.com PYTHONPATH=/home/DATA/Test/DogRobot/ros2_ws/build/add_integers/prefix_override:/usr/lib/python3/dist-packages/colcon_core/task/python/colcon_distutils_commands:/home/DATA/Test/DogRobot/ros2_ws/install/add_integers/lib/python3.12/site-packages:/home/DATA/Test/DogRobot/ros2_ws/install/custom_interfaces/lib/python3.12/site-packages:/home/DATA/Test/DogRobot/ros2_ws/install/my_launch_package/lib/python3.12/site-packages:/home/DATA/Test/DogRobot/ros2_ws/install/gamepad_node/lib/python3.12/site-packages:/home/DATA/Test/DogRobot/ros2_ws/install/controller/lib/python3.12/site-packages:/home/DATA/Test/DogRobot/ros2_ws/install/can_node/lib/python3.12/site-packages:/home/DATA/Test/DogRobot/ros2_ws/install/add_integers/lib/python3.12/site-packages:/home/DATA/DogRobot/ros2_ws/install/my_launch_package/lib/python3.12/site-packages:/home/DATA/DogRobot/ros2_ws/install/gamepad_node/lib/python3.12/site-packages:/home/DATA/DogRobot/ros2_ws/install/controller/lib/python3.12/site-packages:/home/DATA/DogRobot/ros2_ws/install/can_node/lib/python3.12/site-packages:/home/DATA/DogRobot/ros2_ws/install/add_integers/lib/python3.12/site-packages:/home/DATA/DogRobot/ros2_ws/install/custom_interfaces/lib/python3.12/site-packages:/opt/ros/jazzy/lib/python3.12/site-packages /usr/bin/python3 -W ignore:setup.py install is deprecated setup.py egg_info --egg-base ../../build/add_integers build --build-base /home/DATA/Test/DogRobot/ros2_ws/build/add_integers/build install --record /home/DATA/Test/DogRobot/ros2_ws/build/add_integers/install.log --single-version-externally-managed install_data
[10.147s] Level 1:colcon.colcon_core.environment:checking '/home/DATA/Test/DogRobot/ros2_ws/install/add_integers' for CMake config files
[10.148s] Level 1:colcon.colcon_core.environment:checking '/home/DATA/Test/DogRobot/ros2_ws/install/add_integers/lib'
[10.148s] Level 1:colcon.colcon_core.environment:checking '/home/DATA/Test/DogRobot/ros2_ws/install/add_integers/bin'
[10.148s] Level 1:colcon.colcon_core.environment:checking '/home/DATA/Test/DogRobot/ros2_ws/install/add_integers/lib/pkgconfig/add_integers.pc'
[10.149s] Level 1:colcon.colcon_core.environment:checking '/home/DATA/Test/DogRobot/ros2_ws/install/add_integers/lib/python3.12/site-packages'
[10.149s] Level 1:colcon.colcon_core.shell:create_environment_hook('add_integers', 'pythonpath')
[10.150s] INFO:colcon.colcon_core.shell:Creating environment hook '/home/DATA/Test/DogRobot/ros2_ws/install/add_integers/share/add_integers/hook/pythonpath.ps1'
[10.152s] INFO:colcon.colcon_core.shell:Creating environment descriptor '/home/DATA/Test/DogRobot/ros2_ws/install/add_integers/share/add_integers/hook/pythonpath.dsv'
[10.152s] INFO:colcon.colcon_core.shell:Creating environment hook '/home/DATA/Test/DogRobot/ros2_ws/install/add_integers/share/add_integers/hook/pythonpath.sh'
[10.154s] Level 1:colcon.colcon_core.environment:checking '/home/DATA/Test/DogRobot/ros2_ws/install/add_integers/bin'
[10.154s] Level 1:colcon.colcon_core.environment:create_environment_scripts_only(add_integers)
[10.154s] INFO:colcon.colcon_core.shell:Creating package script '/home/DATA/Test/DogRobot/ros2_ws/install/add_integers/share/add_integers/package.ps1'
[10.155s] INFO:colcon.colcon_core.shell:Creating package descriptor '/home/DATA/Test/DogRobot/ros2_ws/install/add_integers/share/add_integers/package.dsv'
[10.156s] INFO:colcon.colcon_core.shell:Creating package script '/home/DATA/Test/DogRobot/ros2_ws/install/add_integers/share/add_integers/package.sh'
[10.157s] INFO:colcon.colcon_core.shell:Creating package script '/home/DATA/Test/DogRobot/ros2_ws/install/add_integers/share/add_integers/package.bash'
[10.157s] INFO:colcon.colcon_core.shell:Creating package script '/home/DATA/Test/DogRobot/ros2_ws/install/add_integers/share/add_integers/package.zsh'
[10.158s] Level 1:colcon.colcon_core.environment:create_file_with_runtime_dependencies(/home/DATA/Test/DogRobot/ros2_ws/install/add_integers/share/colcon-core/packages/add_integers)
[10.283s] Level 1:colcon.colcon_core.environment:checking '/home/DATA/Test/DogRobot/ros2_ws/install/gamepad_node' for CMake module files
[10.284s] DEBUG:colcon.colcon_core.event_handler.log_command:Invoked command in '/home/DATA/Test/DogRobot/ros2_ws/src/gamepad_node' returned '0': DEBUGINFOD_URLS=https://debuginfod.ubuntu.com PYTHONPATH=/home/DATA/Test/DogRobot/ros2_ws/build/gamepad_node/prefix_override:/usr/lib/python3/dist-packages/colcon_core/task/python/colcon_distutils_commands:/home/DATA/Test/DogRobot/ros2_ws/install/gamepad_node/lib/python3.12/site-packages:/home/DATA/Test/DogRobot/ros2_ws/install/custom_interfaces/lib/python3.12/site-packages:/home/DATA/Test/DogRobot/ros2_ws/install/my_launch_package/lib/python3.12/site-packages:/home/DATA/Test/DogRobot/ros2_ws/install/gamepad_node/lib/python3.12/site-packages:/home/DATA/Test/DogRobot/ros2_ws/install/controller/lib/python3.12/site-packages:/home/DATA/Test/DogRobot/ros2_ws/install/can_node/lib/python3.12/site-packages:/home/DATA/Test/DogRobot/ros2_ws/install/add_integers/lib/python3.12/site-packages:/home/DATA/DogRobot/ros2_ws/install/my_launch_package/lib/python3.12/site-packages:/home/DATA/DogRobot/ros2_ws/install/gamepad_node/lib/python3.12/site-packages:/home/DATA/DogRobot/ros2_ws/install/controller/lib/python3.12/site-packages:/home/DATA/DogRobot/ros2_ws/install/can_node/lib/python3.12/site-packages:/home/DATA/DogRobot/ros2_ws/install/add_integers/lib/python3.12/site-packages:/home/DATA/DogRobot/ros2_ws/install/custom_interfaces/lib/python3.12/site-packages:/opt/ros/jazzy/lib/python3.12/site-packages /usr/bin/python3 -W ignore:setup.py install is deprecated setup.py egg_info --egg-base ../../build/gamepad_node build --build-base /home/DATA/Test/DogRobot/ros2_ws/build/gamepad_node/build install --record /home/DATA/Test/DogRobot/ros2_ws/build/gamepad_node/install.log --single-version-externally-managed install_data
[10.285s] Level 1:colcon.colcon_core.environment:checking '/home/DATA/Test/DogRobot/ros2_ws/install/gamepad_node' for CMake config files
[10.286s] Level 1:colcon.colcon_core.environment:checking '/home/DATA/Test/DogRobot/ros2_ws/install/gamepad_node/lib'
[10.286s] Level 1:colcon.colcon_core.environment:checking '/home/DATA/Test/DogRobot/ros2_ws/install/gamepad_node/bin'
[10.286s] Level 1:colcon.colcon_core.environment:checking '/home/DATA/Test/DogRobot/ros2_ws/install/gamepad_node/lib/pkgconfig/gamepad_node.pc'
[10.287s] Level 1:colcon.colcon_core.environment:checking '/home/DATA/Test/DogRobot/ros2_ws/install/gamepad_node/lib/python3.12/site-packages'
[10.287s] Level 1:colcon.colcon_core.shell:create_environment_hook('gamepad_node', 'pythonpath')
[10.288s] INFO:colcon.colcon_core.shell:Creating environment hook '/home/DATA/Test/DogRobot/ros2_ws/install/gamepad_node/share/gamepad_node/hook/pythonpath.ps1'
[10.288s] INFO:colcon.colcon_core.shell:Creating environment descriptor '/home/DATA/Test/DogRobot/ros2_ws/install/gamepad_node/share/gamepad_node/hook/pythonpath.dsv'
[10.289s] INFO:colcon.colcon_core.shell:Creating environment hook '/home/DATA/Test/DogRobot/ros2_ws/install/gamepad_node/share/gamepad_node/hook/pythonpath.sh'
[10.290s] Level 1:colcon.colcon_core.environment:checking '/home/DATA/Test/DogRobot/ros2_ws/install/gamepad_node/bin'
[10.290s] Level 1:colcon.colcon_core.environment:create_environment_scripts_only(gamepad_node)
[10.290s] INFO:colcon.colcon_core.shell:Creating package script '/home/DATA/Test/DogRobot/ros2_ws/install/gamepad_node/share/gamepad_node/package.ps1'
[10.291s] INFO:colcon.colcon_core.shell:Creating package descriptor '/home/DATA/Test/DogRobot/ros2_ws/install/gamepad_node/share/gamepad_node/package.dsv'
[10.292s] INFO:colcon.colcon_core.shell:Creating package script '/home/DATA/Test/DogRobot/ros2_ws/install/gamepad_node/share/gamepad_node/package.sh'
[10.292s] INFO:colcon.colcon_core.shell:Creating package script '/home/DATA/Test/DogRobot/ros2_ws/install/gamepad_node/share/gamepad_node/package.bash'
[10.293s] INFO:colcon.colcon_core.shell:Creating package script '/home/DATA/Test/DogRobot/ros2_ws/install/gamepad_node/share/gamepad_node/package.zsh'
[10.293s] Level 1:colcon.colcon_core.environment:create_file_with_runtime_dependencies(/home/DATA/Test/DogRobot/ros2_ws/install/gamepad_node/share/colcon-core/packages/gamepad_node)
[10.295s] Level 1:colcon.colcon_core.environment:checking '/home/DATA/Test/DogRobot/ros2_ws/install/can_node' for CMake module files
[10.295s] DEBUG:colcon.colcon_core.event_handler.log_command:Invoked command in '/home/DATA/Test/DogRobot/ros2_ws/src/can_node' returned '0': DEBUGINFOD_URLS=https://debuginfod.ubuntu.com PYTHONPATH=/home/DATA/Test/DogRobot/ros2_ws/build/can_node/prefix_override:/usr/lib/python3/dist-packages/colcon_core/task/python/colcon_distutils_commands:/home/DATA/Test/DogRobot/ros2_ws/install/can_node/lib/python3.12/site-packages:/home/DATA/Test/DogRobot/ros2_ws/install/custom_interfaces/lib/python3.12/site-packages:/home/DATA/Test/DogRobot/ros2_ws/install/my_launch_package/lib/python3.12/site-packages:/home/DATA/Test/DogRobot/ros2_ws/install/gamepad_node/lib/python3.12/site-packages:/home/DATA/Test/DogRobot/ros2_ws/install/controller/lib/python3.12/site-packages:/home/DATA/Test/DogRobot/ros2_ws/install/can_node/lib/python3.12/site-packages:/home/DATA/Test/DogRobot/ros2_ws/install/add_integers/lib/python3.12/site-packages:/home/DATA/DogRobot/ros2_ws/install/my_launch_package/lib/python3.12/site-packages:/home/DATA/DogRobot/ros2_ws/install/gamepad_node/lib/python3.12/site-packages:/home/DATA/DogRobot/ros2_ws/install/controller/lib/python3.12/site-packages:/home/DATA/DogRobot/ros2_ws/install/can_node/lib/python3.12/site-packages:/home/DATA/DogRobot/ros2_ws/install/add_integers/lib/python3.12/site-packages:/home/DATA/DogRobot/ros2_ws/install/custom_interfaces/lib/python3.12/site-packages:/opt/ros/jazzy/lib/python3.12/site-packages /usr/bin/python3 -W ignore:setup.py install is deprecated setup.py egg_info --egg-base ../../build/can_node build --build-base /home/DATA/Test/DogRobot/ros2_ws/build/can_node/build install --record /home/DATA/Test/DogRobot/ros2_ws/build/can_node/install.log --single-version-externally-managed install_data
[10.296s] Level 1:colcon.colcon_core.environment:checking '/home/DATA/Test/DogRobot/ros2_ws/install/can_node' for CMake config files
[10.297s] Level 1:colcon.colcon_core.environment:checking '/home/DATA/Test/DogRobot/ros2_ws/install/can_node/lib'
[10.297s] Level 1:colcon.colcon_core.environment:checking '/home/DATA/Test/DogRobot/ros2_ws/install/can_node/bin'
[10.297s] Level 1:colcon.colcon_core.environment:checking '/home/DATA/Test/DogRobot/ros2_ws/install/can_node/lib/pkgconfig/can_node.pc'
[10.298s] Level 1:colcon.colcon_core.environment:checking '/home/DATA/Test/DogRobot/ros2_ws/install/can_node/lib/python3.12/site-packages'
[10.298s] Level 1:colcon.colcon_core.shell:create_environment_hook('can_node', 'pythonpath')
[10.298s] INFO:colcon.colcon_core.shell:Creating environment hook '/home/DATA/Test/DogRobot/ros2_ws/install/can_node/share/can_node/hook/pythonpath.ps1'
[10.299s] INFO:colcon.colcon_core.shell:Creating environment descriptor '/home/DATA/Test/DogRobot/ros2_ws/install/can_node/share/can_node/hook/pythonpath.dsv'
[10.299s] INFO:colcon.colcon_core.shell:Creating environment hook '/home/DATA/Test/DogRobot/ros2_ws/install/can_node/share/can_node/hook/pythonpath.sh'
[10.300s] Level 1:colcon.colcon_core.environment:checking '/home/DATA/Test/DogRobot/ros2_ws/install/can_node/bin'
[10.300s] Level 1:colcon.colcon_core.environment:create_environment_scripts_only(can_node)
[10.300s] INFO:colcon.colcon_core.shell:Creating package script '/home/DATA/Test/DogRobot/ros2_ws/install/can_node/share/can_node/package.ps1'
[10.301s] INFO:colcon.colcon_core.shell:Creating package descriptor '/home/DATA/Test/DogRobot/ros2_ws/install/can_node/share/can_node/package.dsv'
[10.301s] INFO:colcon.colcon_core.shell:Creating package script '/home/DATA/Test/DogRobot/ros2_ws/install/can_node/share/can_node/package.sh'
[10.302s] INFO:colcon.colcon_core.shell:Creating package script '/home/DATA/Test/DogRobot/ros2_ws/install/can_node/share/can_node/package.bash'
[10.303s] INFO:colcon.colcon_core.shell:Creating package script '/home/DATA/Test/DogRobot/ros2_ws/install/can_node/share/can_node/package.zsh'
[10.304s] Level 1:colcon.colcon_core.environment:create_file_with_runtime_dependencies(/home/DATA/Test/DogRobot/ros2_ws/install/can_node/share/colcon-core/packages/can_node)
[10.305s] INFO:colcon.colcon_ros.task.ament_python.build:Building ROS package in '/home/DATA/Test/DogRobot/ros2_ws/src/controller' with build type 'ament_python'
[10.305s] Level 1:colcon.colcon_core.shell:create_environment_hook('controller', 'ament_prefix_path')
[10.306s] INFO:colcon.colcon_core.shell:Creating environment hook '/home/DATA/Test/DogRobot/ros2_ws/install/controller/share/controller/hook/ament_prefix_path.ps1'
[10.308s] INFO:colcon.colcon_core.shell:Creating environment descriptor '/home/DATA/Test/DogRobot/ros2_ws/install/controller/share/controller/hook/ament_prefix_path.dsv'
[10.310s] INFO:colcon.colcon_core.shell:Creating environment hook '/home/DATA/Test/DogRobot/ros2_ws/install/controller/share/controller/hook/ament_prefix_path.sh'
[10.312s] INFO:colcon.colcon_core.shell:Skip shell extension 'powershell' for command environment: Not usable outside of PowerShell
[10.312s] DEBUG:colcon.colcon_core.shell:Skip shell extension 'dsv' for command environment
[10.783s] INFO:colcon.colcon_core.task.python.build:Building Python package in '/home/DATA/Test/DogRobot/ros2_ws/src/controller'
[10.784s] INFO:colcon.colcon_core.shell:Skip shell extension 'powershell' for command environment: Not usable outside of PowerShell
[10.784s] DEBUG:colcon.colcon_core.shell:Skip shell extension 'dsv' for command environment
[11.893s] DEBUG:colcon.colcon_core.event_handler.log_command:Invoking command in '/home/DATA/Test/DogRobot/ros2_ws/src/controller': AMENT_PREFIX_PATH=/home/DATA/Test/DogRobot/ros2_ws/install/can_node:/home/DATA/Test/DogRobot/ros2_ws/install/my_launch_package:/home/DATA/Test/DogRobot/ros2_ws/install/gamepad_node:/home/DATA/Test/DogRobot/ros2_ws/install/controller:/home/DATA/Test/DogRobot/ros2_ws/install/add_integers:/home/DATA/Test/DogRobot/ros2_ws/install/custom_interfaces:/home/DATA/DogRobot/ros2_ws/install/my_launch_package:/home/DATA/DogRobot/ros2_ws/install/gamepad_node:/home/DATA/DogRobot/ros2_ws/install/controller:/home/DATA/DogRobot/ros2_ws/install/can_node:/home/DATA/DogRobot/ros2_ws/install/add_integers:/home/DATA/DogRobot/ros2_ws/install/custom_interfaces:/opt/ros/jazzy DEBUGINFOD_URLS=https://debuginfod.ubuntu.com PYTHONPATH=/home/DATA/Test/DogRobot/ros2_ws/build/controller/prefix_override:/usr/lib/python3/dist-packages/colcon_core/task/python/colcon_distutils_commands:/home/DATA/Test/DogRobot/ros2_ws/install/controller/lib/python3.12/site-packages:/home/DATA/Test/DogRobot/ros2_ws/install/can_node/lib/python3.12/site-packages:/home/DATA/Test/DogRobot/ros2_ws/install/custom_interfaces/lib/python3.12/site-packages:/home/DATA/Test/DogRobot/ros2_ws/install/my_launch_package/lib/python3.12/site-packages:/home/DATA/Test/DogRobot/ros2_ws/install/gamepad_node/lib/python3.12/site-packages:/home/DATA/Test/DogRobot/ros2_ws/install/controller/lib/python3.12/site-packages:/home/DATA/Test/DogRobot/ros2_ws/install/add_integers/lib/python3.12/site-packages:/home/DATA/DogRobot/ros2_ws/install/my_launch_package/lib/python3.12/site-packages:/home/DATA/DogRobot/ros2_ws/install/gamepad_node/lib/python3.12/site-packages:/home/DATA/DogRobot/ros2_ws/install/controller/lib/python3.12/site-packages:/home/DATA/DogRobot/ros2_ws/install/can_node/lib/python3.12/site-packages:/home/DATA/DogRobot/ros2_ws/install/add_integers/lib/python3.12/site-packages:/home/DATA/DogRobot/ros2_ws/install/custom_interfaces/lib/python3.12/site-packages:/opt/ros/jazzy/lib/python3.12/site-packages /usr/bin/python3 -W ignore:setup.py install is deprecated setup.py egg_info --egg-base ../../build/controller build --build-base /home/DATA/Test/DogRobot/ros2_ws/build/controller/build install --record /home/DATA/Test/DogRobot/ros2_ws/build/controller/install.log --single-version-externally-managed install_data
[12.838s] Level 1:colcon.colcon_core.environment:checking '/home/DATA/Test/DogRobot/ros2_ws/install/controller' for CMake module files
[12.839s] DEBUG:colcon.colcon_core.event_handler.log_command:Invoked command in '/home/DATA/Test/DogRobot/ros2_ws/src/controller' returned '0': AMENT_PREFIX_PATH=/home/DATA/Test/DogRobot/ros2_ws/install/can_node:/home/DATA/Test/DogRobot/ros2_ws/install/my_launch_package:/home/DATA/Test/DogRobot/ros2_ws/install/gamepad_node:/home/DATA/Test/DogRobot/ros2_ws/install/controller:/home/DATA/Test/DogRobot/ros2_ws/install/add_integers:/home/DATA/Test/DogRobot/ros2_ws/install/custom_interfaces:/home/DATA/DogRobot/ros2_ws/install/my_launch_package:/home/DATA/DogRobot/ros2_ws/install/gamepad_node:/home/DATA/DogRobot/ros2_ws/install/controller:/home/DATA/DogRobot/ros2_ws/install/can_node:/home/DATA/DogRobot/ros2_ws/install/add_integers:/home/DATA/DogRobot/ros2_ws/install/custom_interfaces:/opt/ros/jazzy DEBUGINFOD_URLS=https://debuginfod.ubuntu.com PYTHONPATH=/home/DATA/Test/DogRobot/ros2_ws/build/controller/prefix_override:/usr/lib/python3/dist-packages/colcon_core/task/python/colcon_distutils_commands:/home/DATA/Test/DogRobot/ros2_ws/install/controller/lib/python3.12/site-packages:/home/DATA/Test/DogRobot/ros2_ws/install/can_node/lib/python3.12/site-packages:/home/DATA/Test/DogRobot/ros2_ws/install/custom_interfaces/lib/python3.12/site-packages:/home/DATA/Test/DogRobot/ros2_ws/install/my_launch_package/lib/python3.12/site-packages:/home/DATA/Test/DogRobot/ros2_ws/install/gamepad_node/lib/python3.12/site-packages:/home/DATA/Test/DogRobot/ros2_ws/install/controller/lib/python3.12/site-packages:/home/DATA/Test/DogRobot/ros2_ws/install/add_integers/lib/python3.12/site-packages:/home/DATA/DogRobot/ros2_ws/install/my_launch_package/lib/python3.12/site-packages:/home/DATA/DogRobot/ros2_ws/install/gamepad_node/lib/python3.12/site-packages:/home/DATA/DogRobot/ros2_ws/install/controller/lib/python3.12/site-packages:/home/DATA/DogRobot/ros2_ws/install/can_node/lib/python3.12/site-packages:/home/DATA/DogRobot/ros2_ws/install/add_integers/lib/python3.12/site-packages:/home/DATA/DogRobot/ros2_ws/install/custom_interfaces/lib/python3.12/site-packages:/opt/ros/jazzy/lib/python3.12/site-packages /usr/bin/python3 -W ignore:setup.py install is deprecated setup.py egg_info --egg-base ../../build/controller build --build-base /home/DATA/Test/DogRobot/ros2_ws/build/controller/build install --record /home/DATA/Test/DogRobot/ros2_ws/build/controller/install.log --single-version-externally-managed install_data
[12.839s] Level 1:colcon.colcon_core.environment:checking '/home/DATA/Test/DogRobot/ros2_ws/install/controller' for CMake config files
[12.840s] Level 1:colcon.colcon_core.environment:checking '/home/DATA/Test/DogRobot/ros2_ws/install/controller/lib'
[12.840s] Level 1:colcon.colcon_core.environment:checking '/home/DATA/Test/DogRobot/ros2_ws/install/controller/bin'
[12.840s] Level 1:colcon.colcon_core.environment:checking '/home/DATA/Test/DogRobot/ros2_ws/install/controller/lib/pkgconfig/controller.pc'
[12.840s] Level 1:colcon.colcon_core.environment:checking '/home/DATA/Test/DogRobot/ros2_ws/install/controller/lib/python3.12/site-packages'
[12.840s] Level 1:colcon.colcon_core.shell:create_environment_hook('controller', 'pythonpath')
[12.841s] INFO:colcon.colcon_core.shell:Creating environment hook '/home/DATA/Test/DogRobot/ros2_ws/install/controller/share/controller/hook/pythonpath.ps1'
[12.841s] INFO:colcon.colcon_core.shell:Creating environment descriptor '/home/DATA/Test/DogRobot/ros2_ws/install/controller/share/controller/hook/pythonpath.dsv'
[12.842s] INFO:colcon.colcon_core.shell:Creating environment hook '/home/DATA/Test/DogRobot/ros2_ws/install/controller/share/controller/hook/pythonpath.sh'
[12.843s] Level 1:colcon.colcon_core.environment:checking '/home/DATA/Test/DogRobot/ros2_ws/install/controller/bin'
[12.843s] Level 1:colcon.colcon_core.environment:create_environment_scripts_only(controller)
[12.843s] INFO:colcon.colcon_core.shell:Creating package script '/home/DATA/Test/DogRobot/ros2_ws/install/controller/share/controller/package.ps1'
[12.844s] INFO:colcon.colcon_core.shell:Creating package descriptor '/home/DATA/Test/DogRobot/ros2_ws/install/controller/share/controller/package.dsv'
[12.845s] INFO:colcon.colcon_core.shell:Creating package script '/home/DATA/Test/DogRobot/ros2_ws/install/controller/share/controller/package.sh'
[12.845s] INFO:colcon.colcon_core.shell:Creating package script '/home/DATA/Test/DogRobot/ros2_ws/install/controller/share/controller/package.bash'
[12.846s] INFO:colcon.colcon_core.shell:Creating package script '/home/DATA/Test/DogRobot/ros2_ws/install/controller/share/controller/package.zsh'
[12.847s] Level 1:colcon.colcon_core.environment:create_file_with_runtime_dependencies(/home/DATA/Test/DogRobot/ros2_ws/install/controller/share/colcon-core/packages/controller)
[12.847s] DEBUG:colcon.colcon_parallel_executor.executor.parallel:closing loop
[12.847s] DEBUG:colcon.colcon_parallel_executor.executor.parallel:loop closed
[12.848s] DEBUG:colcon.colcon_parallel_executor.executor.parallel:run_until_complete finished with '0'
[12.849s] DEBUG:colcon.colcon_core.event_reactor:joining thread
[12.862s] INFO:colcon.colcon_core.plugin_system:Skipping extension 'colcon_notification.desktop_notification.terminal_notifier': Not used on non-Darwin systems
[12.862s] INFO:colcon.colcon_core.plugin_system:Skipping extension 'colcon_notification.desktop_notification.win32': Not used on non-Windows systems
[12.862s] INFO:colcon.colcon_notification.desktop_notification:Sending desktop notification using 'notify2'
[12.887s] DEBUG:colcon.colcon_core.event_reactor:joined thread
[12.888s] INFO:colcon.colcon_core.shell:Creating prefix script '/home/DATA/Test/DogRobot/ros2_ws/install/local_setup.ps1'
[12.889s] INFO:colcon.colcon_core.shell:Creating prefix util module '/home/DATA/Test/DogRobot/ros2_ws/install/_local_setup_util_ps1.py'
[12.891s] INFO:colcon.colcon_core.shell:Creating prefix chain script '/home/DATA/Test/DogRobot/ros2_ws/install/setup.ps1'
[12.893s] INFO:colcon.colcon_core.shell:Creating prefix script '/home/DATA/Test/DogRobot/ros2_ws/install/local_setup.sh'
[12.894s] INFO:colcon.colcon_core.shell:Creating prefix util module '/home/DATA/Test/DogRobot/ros2_ws/install/_local_setup_util_sh.py'
[12.895s] INFO:colcon.colcon_core.shell:Creating prefix chain script '/home/DATA/Test/DogRobot/ros2_ws/install/setup.sh'
[12.897s] INFO:colcon.colcon_core.shell:Creating prefix script '/home/DATA/Test/DogRobot/ros2_ws/install/local_setup.bash'
[12.898s] INFO:colcon.colcon_core.shell:Creating prefix chain script '/home/DATA/Test/DogRobot/ros2_ws/install/setup.bash'
[12.900s] INFO:colcon.colcon_core.shell:Creating prefix script '/home/DATA/Test/DogRobot/ros2_ws/install/local_setup.zsh'
[12.900s] INFO:colcon.colcon_core.shell:Creating prefix chain script '/home/DATA/Test/DogRobot/ros2_ws/install/setup.zsh'
