[2.024s] Invoking command in '/home/DATA/DogRobot/ros2_ws/src/gamepad_node': DEBUGINFOD_URLS=https://debuginfod.ubuntu.com PYTHONPATH=/home/DATA/DogRobot/ros2_ws/build/gamepad_node/prefix_override:/usr/lib/python3/dist-packages/colcon_core/task/python/colcon_distutils_commands:/home/DATA/DogRobot/ros2_ws/install/gamepad_node/lib/python3.12/site-packages:${PYTHONPATH} /usr/bin/python3 -W ignore:setup.py install is deprecated setup.py egg_info --egg-base ../../build/gamepad_node build --build-base /home/DATA/DogRobot/ros2_ws/build/gamepad_node/build install --record /home/DATA/DogRobot/ros2_ws/build/gamepad_node/install.log --single-version-externally-managed install_data
[2.354s] running egg_info
[2.377s] writing ../../build/gamepad_node/gamepad_node.egg-info/PKG-INFO
[2.377s] writing dependency_links to ../../build/gamepad_node/gamepad_node.egg-info/dependency_links.txt
[2.377s] writing entry points to ../../build/gamepad_node/gamepad_node.egg-info/entry_points.txt
[2.378s] writing requirements to ../../build/gamepad_node/gamepad_node.egg-info/requires.txt
[2.378s] writing top-level names to ../../build/gamepad_node/gamepad_node.egg-info/top_level.txt
[2.440s] reading manifest file '../../build/gamepad_node/gamepad_node.egg-info/SOURCES.txt'
[2.440s] writing manifest file '../../build/gamepad_node/gamepad_node.egg-info/SOURCES.txt'
[2.440s] running build
[2.440s] running build_py
[2.440s] running install
[2.451s] running install_lib
[2.490s] running install_data
[2.490s] running install_egg_info
[2.525s] removing '/home/DATA/DogRobot/ros2_ws/install/gamepad_node/lib/python3.12/site-packages/gamepad_node-0.0.0-py3.12.egg-info' (and everything under it)
[2.525s] Copying ../../build/gamepad_node/gamepad_node.egg-info to /home/DATA/DogRobot/ros2_ws/install/gamepad_node/lib/python3.12/site-packages/gamepad_node-0.0.0-py3.12.egg-info
[2.526s] running install_scripts
[2.744s] Installing joy script to /home/DATA/DogRobot/ros2_ws/install/gamepad_node/lib/gamepad_node
[2.744s] writing list of installed files to '/home/DATA/DogRobot/ros2_ws/build/gamepad_node/install.log'
[2.839s] Invoked command in '/home/DATA/DogRobot/ros2_ws/src/gamepad_node' returned '0': DEBUGINFOD_URLS=https://debuginfod.ubuntu.com PYTHONPATH=/home/DATA/DogRobot/ros2_ws/build/gamepad_node/prefix_override:/usr/lib/python3/dist-packages/colcon_core/task/python/colcon_distutils_commands:/home/DATA/DogRobot/ros2_ws/install/gamepad_node/lib/python3.12/site-packages:${PYTHONPATH} /usr/bin/python3 -W ignore:setup.py install is deprecated setup.py egg_info --egg-base ../../build/gamepad_node build --build-base /home/DATA/DogRobot/ros2_ws/build/gamepad_node/build install --record /home/DATA/DogRobot/ros2_ws/build/gamepad_node/install.log --single-version-externally-managed install_data
