[1.685s] Invoking command in '/home/DATA/DogRobot/ros2_ws/src/my_launch_package': DEBUGINFOD_URLS=https://debuginfod.ubuntu.com PYTHONPATH=/home/DATA/DogRobot/ros2_ws/build/my_launch_package/prefix_override:/usr/lib/python3/dist-packages/colcon_core/task/python/colcon_distutils_commands:/home/DATA/DogRobot/ros2_ws/install/my_launch_package/lib/python3.12/site-packages:${PYTHONPATH} /usr/bin/python3 -W ignore:setup.py install is deprecated setup.py egg_info --egg-base ../../build/my_launch_package build --build-base /home/DATA/DogRobot/ros2_ws/build/my_launch_package/build install --record /home/DATA/DogRobot/ros2_ws/build/my_launch_package/install.log --single-version-externally-managed install_data
[2.102s] running egg_info
[2.103s] creating ../../build/my_launch_package/my_launch_package.egg-info
[2.131s] writing ../../build/my_launch_package/my_launch_package.egg-info/PKG-INFO
[2.131s] writing dependency_links to ../../build/my_launch_package/my_launch_package.egg-info/dependency_links.txt
[2.131s] writing requirements to ../../build/my_launch_package/my_launch_package.egg-info/requires.txt
[2.132s] writing top-level names to ../../build/my_launch_package/my_launch_package.egg-info/top_level.txt
[2.132s] writing manifest file '../../build/my_launch_package/my_launch_package.egg-info/SOURCES.txt'
[2.192s] reading manifest file '../../build/my_launch_package/my_launch_package.egg-info/SOURCES.txt'
[2.193s] writing manifest file '../../build/my_launch_package/my_launch_package.egg-info/SOURCES.txt'
[2.193s] running build
[2.193s] running build_py
[2.193s] creating /home/DATA/DogRobot/ros2_ws/build/my_launch_package/build
[2.194s] creating /home/DATA/DogRobot/ros2_ws/build/my_launch_package/build/lib
[2.194s] creating /home/DATA/DogRobot/ros2_ws/build/my_launch_package/build/lib/my_launch_package
[2.194s] copying my_launch_package/launch.py -> /home/DATA/DogRobot/ros2_ws/build/my_launch_package/build/lib/my_launch_package
[2.194s] copying my_launch_package/__init__.py -> /home/DATA/DogRobot/ros2_ws/build/my_launch_package/build/lib/my_launch_package
[2.194s] running install
[2.202s] running install_lib
[2.232s] creating /home/DATA/DogRobot/ros2_ws/install/my_launch_package/lib/python3.12/site-packages/my_launch_package
[2.232s] copying /home/DATA/DogRobot/ros2_ws/build/my_launch_package/build/lib/my_launch_package/launch.py -> /home/DATA/DogRobot/ros2_ws/install/my_launch_package/lib/python3.12/site-packages/my_launch_package
[2.232s] copying /home/DATA/DogRobot/ros2_ws/build/my_launch_package/build/lib/my_launch_package/__init__.py -> /home/DATA/DogRobot/ros2_ws/install/my_launch_package/lib/python3.12/site-packages/my_launch_package
[2.232s] byte-compiling /home/DATA/DogRobot/ros2_ws/install/my_launch_package/lib/python3.12/site-packages/my_launch_package/launch.py to launch.cpython-312.pyc
[2.233s] byte-compiling /home/DATA/DogRobot/ros2_ws/install/my_launch_package/lib/python3.12/site-packages/my_launch_package/__init__.py to __init__.cpython-312.pyc
[2.233s] running install_data
[2.233s] creating /home/DATA/DogRobot/ros2_ws/install/my_launch_package/share/ament_index
[2.233s] creating /home/DATA/DogRobot/ros2_ws/install/my_launch_package/share/ament_index/resource_index
[2.233s] creating /home/DATA/DogRobot/ros2_ws/install/my_launch_package/share/ament_index/resource_index/packages
[2.234s] copying resource/my_launch_package -> /home/DATA/DogRobot/ros2_ws/install/my_launch_package/share/ament_index/resource_index/packages
[2.234s] copying package.xml -> /home/DATA/DogRobot/ros2_ws/install/my_launch_package/share/my_launch_package
[2.234s] creating /home/DATA/DogRobot/ros2_ws/install/my_launch_package/share/my_launch_package/my_launch_package
[2.234s] copying my_launch_package/launch.py -> /home/DATA/DogRobot/ros2_ws/install/my_launch_package/share/my_launch_package/my_launch_package/
[2.234s] running install_egg_info
[2.263s] Copying ../../build/my_launch_package/my_launch_package.egg-info to /home/DATA/DogRobot/ros2_ws/install/my_launch_package/lib/python3.12/site-packages/my_launch_package-0.0.0-py3.12.egg-info
[2.263s] running install_scripts
[2.484s] writing list of installed files to '/home/DATA/DogRobot/ros2_ws/build/my_launch_package/install.log'
[2.542s] Invoked command in '/home/DATA/DogRobot/ros2_ws/src/my_launch_package' returned '0': DEBUGINFOD_URLS=https://debuginfod.ubuntu.com PYTHONPATH=/home/DATA/DogRobot/ros2_ws/build/my_launch_package/prefix_override:/usr/lib/python3/dist-packages/colcon_core/task/python/colcon_distutils_commands:/home/DATA/DogRobot/ros2_ws/install/my_launch_package/lib/python3.12/site-packages:${PYTHONPATH} /usr/bin/python3 -W ignore:setup.py install is deprecated setup.py egg_info --egg-base ../../build/my_launch_package build --build-base /home/DATA/DogRobot/ros2_ws/build/my_launch_package/build install --record /home/DATA/DogRobot/ros2_ws/build/my_launch_package/install.log --single-version-externally-managed install_data
