[3.727s] Invoking command in '/home/DATA/DogRobot/ros2_ws/src/my_launch_package': DEBUGINFOD_URLS=https://debuginfod.ubuntu.com PYTHONPATH=/home/DATA/DogRobot/ros2_ws/build/my_launch_package/prefix_override:/usr/lib/python3/dist-packages/colcon_core/task/python/colcon_distutils_commands:/home/DATA/DogRobot/ros2_ws/install/my_launch_package/lib/python3.12/site-packages:${PYTHONPATH} /usr/bin/python3 -W ignore:setup.py install is deprecated setup.py egg_info --egg-base ../../build/my_launch_package build --build-base /home/DATA/DogRobot/ros2_ws/build/my_launch_package/build install --record /home/DATA/DogRobot/ros2_ws/build/my_launch_package/install.log --single-version-externally-managed install_data
[4.322s] running egg_info
[4.323s] creating ../../build/my_launch_package/my_launch_package.egg-info
[4.371s] writing ../../build/my_launch_package/my_launch_package.egg-info/PKG-INFO
[4.372s] writing dependency_links to ../../build/my_launch_package/my_launch_package.egg-info/dependency_links.txt
[4.372s] writing requirements to ../../build/my_launch_package/my_launch_package.egg-info/requires.txt
[4.372s] writing top-level names to ../../build/my_launch_package/my_launch_package.egg-info/top_level.txt
[4.372s] writing manifest file '../../build/my_launch_package/my_launch_package.egg-info/SOURCES.txt'
[4.478s] reading manifest file '../../build/my_launch_package/my_launch_package.egg-info/SOURCES.txt'
[4.479s] writing manifest file '../../build/my_launch_package/my_launch_package.egg-info/SOURCES.txt'
[4.479s] running build
[4.479s] running build_py
[4.480s] creating /home/DATA/DogRobot/ros2_ws/build/my_launch_package/build
[4.480s] creating /home/DATA/DogRobot/ros2_ws/build/my_launch_package/build/lib
[4.482s] creating /home/DATA/DogRobot/ros2_ws/build/my_launch_package/build/lib/my_launch_package
[4.483s] copying my_launch_package/__init__.py -> /home/DATA/DogRobot/ros2_ws/build/my_launch_package/build/lib/my_launch_package
[4.483s] copying my_launch_package/launch.py -> /home/DATA/DogRobot/ros2_ws/build/my_launch_package/build/lib/my_launch_package
[4.483s] running install
[4.499s] running install_lib
[4.562s] creating /home/DATA/DogRobot/ros2_ws/install/my_launch_package/lib/python3.12/site-packages/my_launch_package
[4.564s] copying /home/DATA/DogRobot/ros2_ws/build/my_launch_package/build/lib/my_launch_package/__init__.py -> /home/DATA/DogRobot/ros2_ws/install/my_launch_package/lib/python3.12/site-packages/my_launch_package
[4.568s] copying /home/DATA/DogRobot/ros2_ws/build/my_launch_package/build/lib/my_launch_package/launch.py -> /home/DATA/DogRobot/ros2_ws/install/my_launch_package/lib/python3.12/site-packages/my_launch_package
[4.568s] byte-compiling /home/DATA/DogRobot/ros2_ws/install/my_launch_package/lib/python3.12/site-packages/my_launch_package/__init__.py to __init__.cpython-312.pyc
[4.568s] byte-compiling /home/DATA/DogRobot/ros2_ws/install/my_launch_package/lib/python3.12/site-packages/my_launch_package/launch.py to launch.cpython-312.pyc
[4.569s] running install_data
[4.571s] creating /home/DATA/DogRobot/ros2_ws/install/my_launch_package/share/ament_index
[4.572s] creating /home/DATA/DogRobot/ros2_ws/install/my_launch_package/share/ament_index/resource_index
[4.572s] creating /home/DATA/DogRobot/ros2_ws/install/my_launch_package/share/ament_index/resource_index/packages
[4.574s] copying resource/my_launch_package -> /home/DATA/DogRobot/ros2_ws/install/my_launch_package/share/ament_index/resource_index/packages
[4.575s] copying package.xml -> /home/DATA/DogRobot/ros2_ws/install/my_launch_package/share/my_launch_package
[4.575s] creating /home/DATA/DogRobot/ros2_ws/install/my_launch_package/share/my_launch_package/my_launch_package
[4.575s] copying my_launch_package/launch.py -> /home/DATA/DogRobot/ros2_ws/install/my_launch_package/share/my_launch_package/my_launch_package/
[4.575s] running install_egg_info
[4.606s] Copying ../../build/my_launch_package/my_launch_package.egg-info to /home/DATA/DogRobot/ros2_ws/install/my_launch_package/lib/python3.12/site-packages/my_launch_package-0.0.0-py3.12.egg-info
[4.606s] running install_scripts
[4.859s] writing list of installed files to '/home/DATA/DogRobot/ros2_ws/build/my_launch_package/install.log'
[4.984s] Invoked command in '/home/DATA/DogRobot/ros2_ws/src/my_launch_package' returned '0': DEBUGINFOD_URLS=https://debuginfod.ubuntu.com PYTHONPATH=/home/DATA/DogRobot/ros2_ws/build/my_launch_package/prefix_override:/usr/lib/python3/dist-packages/colcon_core/task/python/colcon_distutils_commands:/home/DATA/DogRobot/ros2_ws/install/my_launch_package/lib/python3.12/site-packages:${PYTHONPATH} /usr/bin/python3 -W ignore:setup.py install is deprecated setup.py egg_info --egg-base ../../build/my_launch_package build --build-base /home/DATA/DogRobot/ros2_ws/build/my_launch_package/build install --record /home/DATA/DogRobot/ros2_ws/build/my_launch_package/install.log --single-version-externally-managed install_data
