[2.372s] Invoking command in '/home/DATA/DogRobot/ros2_ws/src/controller': AMENT_PREFIX_PATH=/home/DATA/DogRobot/ros2_ws/install/can_node:/home/DATA/DogRobot/ros2_ws/install/my_launch_package:/home/DATA/DogRobot/ros2_ws/install/gamepad_node:/home/DATA/DogRobot/ros2_ws/install/controller:/home/DATA/DogRobot/ros2_ws/install/add_integers:/home/DATA/DogRobot/ros2_ws/install/custom_interfaces:/opt/ros/jazzy DEBUGINFOD_URLS=https://debuginfod.ubuntu.com PYTHONPATH=/home/DATA/DogRobot/ros2_ws/build/controller/prefix_override:/usr/lib/python3/dist-packages/colcon_core/task/python/colcon_distutils_commands:/home/DATA/DogRobot/ros2_ws/install/controller/lib/python3.12/site-packages:/home/DATA/DogRobot/ros2_ws/install/can_node/lib/python3.12/site-packages:/home/DATA/DogRobot/ros2_ws/install/custom_interfaces/lib/python3.12/site-packages:/home/DATA/DogRobot/ros2_ws/install/my_launch_package/lib/python3.12/site-packages:/home/DATA/DogRobot/ros2_ws/install/gamepad_node/lib/python3.12/site-packages:/home/DATA/DogRobot/ros2_ws/install/controller/lib/python3.12/site-packages:/home/DATA/DogRobot/ros2_ws/install/add_integers/lib/python3.12/site-packages:/opt/ros/jazzy/lib/python3.12/site-packages /usr/bin/python3 -W ignore:setup.py install is deprecated setup.py egg_info --egg-base ../../build/controller build --build-base /home/DATA/DogRobot/ros2_ws/build/controller/build install --record /home/DATA/DogRobot/ros2_ws/build/controller/install.log --single-version-externally-managed install_data
[4.802s] running egg_info
[4.831s] writing ../../build/controller/controller.egg-info/PKG-INFO
[4.832s] writing dependency_links to ../../build/controller/controller.egg-info/dependency_links.txt
[4.832s] writing entry points to ../../build/controller/controller.egg-info/entry_points.txt
[4.833s] writing requirements to ../../build/controller/controller.egg-info/requires.txt
[4.833s] writing top-level names to ../../build/controller/controller.egg-info/top_level.txt
[4.883s] reading manifest file '../../build/controller/controller.egg-info/SOURCES.txt'
[4.884s] writing manifest file '../../build/controller/controller.egg-info/SOURCES.txt'
[4.885s] running build
[4.885s] running build_py
[4.885s] copying controller/convertAngle2Position.py -> /home/DATA/DogRobot/ros2_ws/build/controller/build/lib/controller
[4.886s] running install
[4.892s] running install_lib
[4.916s] copying /home/DATA/DogRobot/ros2_ws/build/controller/build/lib/controller/convertAngle2Position.py -> /home/DATA/DogRobot/ros2_ws/install/controller/lib/python3.12/site-packages/controller
[4.919s] byte-compiling /home/DATA/DogRobot/ros2_ws/install/controller/lib/python3.12/site-packages/controller/convertAngle2Position.py to convertAngle2Position.cpython-312.pyc
[4.919s] running install_data
[4.919s] running install_egg_info
[4.943s] removing '/home/DATA/DogRobot/ros2_ws/install/controller/lib/python3.12/site-packages/controller-0.0.0-py3.12.egg-info' (and everything under it)
[4.945s] Copying ../../build/controller/controller.egg-info to /home/DATA/DogRobot/ros2_ws/install/controller/lib/python3.12/site-packages/controller-0.0.0-py3.12.egg-info
[4.947s] running install_scripts
[5.114s] Installing control script to /home/DATA/DogRobot/ros2_ws/install/controller/lib/controller
[5.116s] writing list of installed files to '/home/DATA/DogRobot/ros2_ws/build/controller/install.log'
[5.155s] Invoked command in '/home/DATA/DogRobot/ros2_ws/src/controller' returned '0': AMENT_PREFIX_PATH=/home/DATA/DogRobot/ros2_ws/install/can_node:/home/DATA/DogRobot/ros2_ws/install/my_launch_package:/home/DATA/DogRobot/ros2_ws/install/gamepad_node:/home/DATA/DogRobot/ros2_ws/install/controller:/home/DATA/DogRobot/ros2_ws/install/add_integers:/home/DATA/DogRobot/ros2_ws/install/custom_interfaces:/opt/ros/jazzy DEBUGINFOD_URLS=https://debuginfod.ubuntu.com PYTHONPATH=/home/DATA/DogRobot/ros2_ws/build/controller/prefix_override:/usr/lib/python3/dist-packages/colcon_core/task/python/colcon_distutils_commands:/home/DATA/DogRobot/ros2_ws/install/controller/lib/python3.12/site-packages:/home/DATA/DogRobot/ros2_ws/install/can_node/lib/python3.12/site-packages:/home/DATA/DogRobot/ros2_ws/install/custom_interfaces/lib/python3.12/site-packages:/home/DATA/DogRobot/ros2_ws/install/my_launch_package/lib/python3.12/site-packages:/home/DATA/DogRobot/ros2_ws/install/gamepad_node/lib/python3.12/site-packages:/home/DATA/DogRobot/ros2_ws/install/controller/lib/python3.12/site-packages:/home/DATA/DogRobot/ros2_ws/install/add_integers/lib/python3.12/site-packages:/opt/ros/jazzy/lib/python3.12/site-packages /usr/bin/python3 -W ignore:setup.py install is deprecated setup.py egg_info --egg-base ../../build/controller build --build-base /home/DATA/DogRobot/ros2_ws/build/controller/build install --record /home/DATA/DogRobot/ros2_ws/build/controller/install.log --single-version-externally-managed install_data
