[3.710s] Invoking command in '/home/DATA/DogRobot/ros2_ws/src/can_node': DEBUGINFOD_URLS=https://debuginfod.ubuntu.com PYTHONPATH=/home/DATA/DogRobot/ros2_ws/build/can_node/prefix_override:/usr/lib/python3/dist-packages/colcon_core/task/python/colcon_distutils_commands:/home/DATA/DogRobot/ros2_ws/install/can_node/lib/python3.12/site-packages:${PYTHONPATH} /usr/bin/python3 -W ignore:setup.py install is deprecated setup.py egg_info --egg-base ../../build/can_node build --build-base /home/DATA/DogRobot/ros2_ws/build/can_node/build install --record /home/DATA/DogRobot/ros2_ws/build/can_node/install.log --single-version-externally-managed install_data
[4.422s] running egg_info
[4.423s] creating ../../build/can_node/can_node.egg-info
[4.489s] writing ../../build/can_node/can_node.egg-info/PKG-INFO
[4.490s] writing dependency_links to ../../build/can_node/can_node.egg-info/dependency_links.txt
[4.490s] writing entry points to ../../build/can_node/can_node.egg-info/entry_points.txt
[4.490s] writing requirements to ../../build/can_node/can_node.egg-info/requires.txt
[4.490s] writing top-level names to ../../build/can_node/can_node.egg-info/top_level.txt
[4.491s] writing manifest file '../../build/can_node/can_node.egg-info/SOURCES.txt'
[4.597s] reading manifest file '../../build/can_node/can_node.egg-info/SOURCES.txt'
[4.598s] writing manifest file '../../build/can_node/can_node.egg-info/SOURCES.txt'
[4.598s] running build
[4.598s] running build_py
[4.598s] creating /home/DATA/DogRobot/ros2_ws/build/can_node/build
[4.599s] creating /home/DATA/DogRobot/ros2_ws/build/can_node/build/lib
[4.600s] creating /home/DATA/DogRobot/ros2_ws/build/can_node/build/lib/can_node
[4.600s] copying can_node/publisher.py -> /home/DATA/DogRobot/ros2_ws/build/can_node/build/lib/can_node
[4.600s] copying can_node/__init__.py -> /home/DATA/DogRobot/ros2_ws/build/can_node/build/lib/can_node
[4.600s] copying can_node/subcriber.py -> /home/DATA/DogRobot/ros2_ws/build/can_node/build/lib/can_node
[4.600s] copying can_node/can_controller.py -> /home/DATA/DogRobot/ros2_ws/build/can_node/build/lib/can_node
[4.601s] running install
[4.612s] running install_lib
[4.641s] creating /home/DATA/DogRobot/ros2_ws/install/can_node/lib/python3.12/site-packages/can_node
[4.641s] copying /home/DATA/DogRobot/ros2_ws/build/can_node/build/lib/can_node/publisher.py -> /home/DATA/DogRobot/ros2_ws/install/can_node/lib/python3.12/site-packages/can_node
[4.641s] copying /home/DATA/DogRobot/ros2_ws/build/can_node/build/lib/can_node/__init__.py -> /home/DATA/DogRobot/ros2_ws/install/can_node/lib/python3.12/site-packages/can_node
[4.641s] copying /home/DATA/DogRobot/ros2_ws/build/can_node/build/lib/can_node/subcriber.py -> /home/DATA/DogRobot/ros2_ws/install/can_node/lib/python3.12/site-packages/can_node
[4.641s] copying /home/DATA/DogRobot/ros2_ws/build/can_node/build/lib/can_node/can_controller.py -> /home/DATA/DogRobot/ros2_ws/install/can_node/lib/python3.12/site-packages/can_node
[4.642s] byte-compiling /home/DATA/DogRobot/ros2_ws/install/can_node/lib/python3.12/site-packages/can_node/publisher.py to publisher.cpython-312.pyc
[4.645s] byte-compiling /home/DATA/DogRobot/ros2_ws/install/can_node/lib/python3.12/site-packages/can_node/__init__.py to __init__.cpython-312.pyc
[4.645s] byte-compiling /home/DATA/DogRobot/ros2_ws/install/can_node/lib/python3.12/site-packages/can_node/subcriber.py to subcriber.cpython-312.pyc
[4.647s] byte-compiling /home/DATA/DogRobot/ros2_ws/install/can_node/lib/python3.12/site-packages/can_node/can_controller.py to can_controller.cpython-312.pyc
[4.649s] running install_data
[4.649s] creating /home/DATA/DogRobot/ros2_ws/install/can_node/share/ament_index
[4.649s] creating /home/DATA/DogRobot/ros2_ws/install/can_node/share/ament_index/resource_index
[4.650s] creating /home/DATA/DogRobot/ros2_ws/install/can_node/share/ament_index/resource_index/packages
[4.650s] copying resource/can_node -> /home/DATA/DogRobot/ros2_ws/install/can_node/share/ament_index/resource_index/packages
[4.650s] copying package.xml -> /home/DATA/DogRobot/ros2_ws/install/can_node/share/can_node
[4.650s] running install_egg_info
[4.678s] Copying ../../build/can_node/can_node.egg-info to /home/DATA/DogRobot/ros2_ws/install/can_node/lib/python3.12/site-packages/can_node-0.0.0-py3.12.egg-info
[4.679s] running install_scripts
[4.853s] Installing listener script to /home/DATA/DogRobot/ros2_ws/install/can_node/lib/can_node
[4.854s] Installing talker script to /home/DATA/DogRobot/ros2_ws/install/can_node/lib/can_node
[4.856s] writing list of installed files to '/home/DATA/DogRobot/ros2_ws/build/can_node/install.log'
[5.221s] Invoked command in '/home/DATA/DogRobot/ros2_ws/src/can_node' returned '0': DEBUGINFOD_URLS=https://debuginfod.ubuntu.com PYTHONPATH=/home/DATA/DogRobot/ros2_ws/build/can_node/prefix_override:/usr/lib/python3/dist-packages/colcon_core/task/python/colcon_distutils_commands:/home/DATA/DogRobot/ros2_ws/install/can_node/lib/python3.12/site-packages:${PYTHONPATH} /usr/bin/python3 -W ignore:setup.py install is deprecated setup.py egg_info --egg-base ../../build/can_node build --build-base /home/DATA/DogRobot/ros2_ws/build/can_node/build install --record /home/DATA/DogRobot/ros2_ws/build/can_node/install.log --single-version-externally-managed install_data
